[ 2017-04-11T22:13:14+08:00 ] ::1 /myBS/
INFO: [ app_init ] --START--
INFO: Run Behavior\BuildLiteBehavior [ RunTime:0.000036s ]
INFO: [ app_init ] --END-- [ RunTime:0.000781s ]
INFO: [ app_begin ] --START--
INFO: Run Behavior\ReadHtmlCacheBehavior [ RunTime:0.001163s ]
INFO: [ app_begin ] --END-- [ RunTime:0.001297s ]
SQL: SHOW COLUMNS FROM `jj_class` [ RunTime:0.0528s ]
SQL: SHOW COLUMNS FROM `jj_goods` [ RunTime:0.2550s ]
SQL: SHOW COLUMNS FROM `jj_banner` [ RunTime:0.0465s ]
SQL: SELECT * FROM `jj_banner` WHERE ( position='å¤§å±' ) LIMIT 1   [ RunTime:0.0010s ]
SQL: SELECT * FROM `jj_banner` WHERE ( position='å®¢åŽ…' ) LIMIT 1   [ RunTime:0.0007s ]
SQL: SELECT * FROM `jj_banner` WHERE ( position='å§å®¤' ) LIMIT 1   [ RunTime:0.0007s ]
SQL: SELECT * FROM `jj_banner` WHERE ( position='åŽ¨æˆ¿' ) LIMIT 1   [ RunTime:0.0007s ]
SQL: SELECT * FROM `jj_banner` WHERE ( position='é¤åŽ…' ) LIMIT 1   [ RunTime:0.0007s ]
SQL: SELECT * FROM `jj_banner` WHERE ( position='æµ´å®¤' ) LIMIT 1   [ RunTime:0.0008s ]
SQL: SELECT * FROM `jj_class`  [ RunTime:0.0040s ]
SQL: SELECT `title` FROM `jj_class` WHERE ( `id` > 44 AND `id` < 80  )  [ RunTime:0.0029s ]
SQL: SELECT `title` FROM `jj_class` WHERE ( `id` > 79 AND `id` < 122  )  [ RunTime:0.0012s ]
SQL: SELECT `title` FROM `jj_class` WHERE ( `id` > 121 AND `id` < 149  )  [ RunTime:0.0012s ]
SQL: SELECT `title` FROM `jj_class` WHERE ( `id` > 148 AND `id` < 175  )  [ RunTime:0.0012s ]
SQL: SELECT `title` FROM `jj_class` WHERE ( `id` > 174 AND `id` < 198  )  [ RunTime:0.0012s ]
SQL: SELECT * FROM `jj_goods` WHERE `title` = 'å¸ƒè‰ºæ²™å‘' AND `index_show` = 1 ORDER BY id desc  [ RunTime:0.0025s ]
SQL: SELECT * FROM `jj_goods` WHERE `title` = 'çš®æ²™å‘å’Œäººé€ é©æ²™å‘' AND `index_show` = 1 ORDER BY id desc  [ RunTime:0.0015s ]
SQL: SELECT * FROM `jj_goods` WHERE `title` = 'æ²™å‘åºŠ' AND `index_show` = 1 ORDER BY id desc  [ RunTime:0.0015s ]
SQL: SELECT * FROM `jj_goods` WHERE `title` = 'ç»„åˆæ²™å‘' AND `index_show` = 1 ORDER BY id desc  [ RunTime:0.0024s ]
SQL: SELECT * FROM `jj_goods` WHERE `title` = 'è´µå¦ƒæ¤…' AND `index_show` = 1 ORDER BY id desc  [ RunTime:0.0023s ]
SQL: SELECT * FROM `jj_goods` WHERE `title` = 'è„šè¹¬å’ŒçŸ®å‡³' AND `index_show` = 1 ORDER BY id desc  [ RunTime:0.0018s ]
SQL: SELECT * FROM `jj_goods` WHERE `title` = 'å•äººæ²™å‘å’Œæ‰¶æ‰‹æ¤…' AND `index_show` = 1 ORDER BY id desc  [ RunTime:0.0029s ]
SQL: SELECT * FROM `jj_goods` WHERE `title` = 'å¤‡ç”¨æ²™å‘å¥—' AND `index_show` = 1 ORDER BY id desc  [ RunTime:0.0014s ]
SQL: SELECT * FROM `jj_goods` WHERE `title` = 'ä¹¦æŸœ' AND `index_show` = 1 ORDER BY id desc  [ RunTime:0.0012s ]
SQL: SELECT * FROM `jj_goods` WHERE `title` = 'å‚¨ç‰©ç³»åˆ—' AND `index_show` = 1 ORDER BY id desc  [ RunTime:0.0012s ]
SQL: SELECT * FROM `jj_goods` WHERE `title` = 'ææž¶å•å…ƒ' AND `index_show` = 1 ORDER BY id desc  [ RunTime:0.0012s ]
SQL: SELECT * FROM `jj_goods` WHERE `title` = 'è¿žå£ææ¿' AND `index_show` = 1 ORDER BY id desc  [ RunTime:0.0014s ]
SQL: SELECT * FROM `jj_goods` WHERE `title` = 'æ©±æŸœå’Œå±•ç¤ºæŸœ' AND `index_show` = 1 ORDER BY id desc  [ RunTime:0.0014s ]
SQL: SELECT * FROM `jj_goods` WHERE `title` = 'å‚¨ç‰©ç›’å’Œå‚¨ç‰©ç¯®' AND `index_show` = 1 ORDER BY id desc  [ RunTime:0.0016s ]
SQL: SELECT * FROM `jj_goods` WHERE `title` = 'é¤è¾¹æŸœå’Œé•¿å‡ ' AND `index_show` = 1 ORDER BY id desc  [ RunTime:0.0014s ]
SQL: SELECT * FROM `jj_goods` WHERE `title` = 'LEDç¯å…·' AND `index_show` = 1 ORDER BY id desc  [ RunTime:0.0018s ]
SQL: SELECT * FROM `jj_goods` WHERE `title` = 'å°ç¯' AND `index_show` = 1 ORDER BY id desc  [ RunTime:0.0021s ]
SQL: SELECT * FROM `jj_goods` WHERE `title` = 'è½åœ°ç¯' AND `index_show` = 1 ORDER BY id desc  [ RunTime:0.0014s ]
SQL: SELECT * FROM `jj_goods` WHERE `title` = 'é¡¶ç¯' AND `index_show` = 1 ORDER BY id desc  [ RunTime:0.0012s ]
SQL: SELECT * FROM `jj_goods` WHERE `title` = 'å†…ç½®ç…§æ˜Ž' AND `index_show` = 1 ORDER BY id desc  [ RunTime:0.0013s ]
SQL: SELECT * FROM `jj_goods` WHERE `title` = 'å£ç¯' AND `index_show` = 1 ORDER BY id desc  [ RunTime:0.0014s ]
SQL: SELECT * FROM `jj_goods` WHERE `title` = 'å°„ç¯' AND `index_show` = 1 ORDER BY id desc  [ RunTime:0.0018s ]
SQL: SELECT * FROM `jj_goods` WHERE `title` = 'ç¯ç½©ã€ç¯åº§å’Œç”µçº¿' AND `index_show` = 1 ORDER BY id desc  [ RunTime:0.0018s ]
SQL: SELECT * FROM `jj_goods` WHERE `title` = 'ç¯æ³¡å’Œé…ä»¶' AND `index_show` = 1 ORDER BY id desc  [ RunTime:0.0012s ]
SQL: SELECT * FROM `jj_goods` WHERE `title` = 'åœ°æ¯¯' AND `index_show` = 1 ORDER BY id desc  [ RunTime:0.0012s ]
SQL: SELECT * FROM `jj_goods` WHERE `title` = 'é åž«å’Œé åž«å¥—' AND `index_show` = 1 ORDER BY id desc  [ RunTime:0.0012s ]
SQL: SELECT * FROM `jj_goods` WHERE `title` = 'çª—å¸˜æ†å’Œè½¨é“' AND `index_show` = 1 ORDER BY id desc  [ RunTime:0.0015s ]
SQL: SELECT * FROM `jj_goods` WHERE `title` = 'çª—å¸˜å’Œç™¾å¶å¸˜' AND `index_show` = 1 ORDER BY id desc  [ RunTime:0.0013s ]
SQL: SELECT * FROM `jj_goods` WHERE `title` = 'æ¯¯å­å’Œä¼‘é—²æ¯¯' AND `index_show` = 1 ORDER BY id desc  [ RunTime:0.0029s ]
SQL: SELECT * FROM `jj_goods` WHERE `title` = 'å¸ƒæ–™å’Œç¼çº«ç”¨å“' AND `index_show` = 1 ORDER BY id desc  [ RunTime:0.0014s ]
SQL: SELECT * FROM `jj_goods` WHERE `title` = 'ç”µè§†æŸœ' AND `index_show` = 1 ORDER BY id desc  [ RunTime:0.0012s ]
SQL: SELECT * FROM `jj_goods` WHERE `title` = 'ç”µè§†åŠè§†å¬è®¾å¤‡å‚¨ç‰©' AND `index_show` = 1 ORDER BY id desc  [ RunTime:0.0013s ]
SQL: SELECT * FROM `jj_goods` WHERE `title` = 'èŒ¶å‡ ' AND `index_show` = 1 ORDER BY id desc  [ RunTime:0.0012s ]
SQL: SELECT * FROM `jj_goods` WHERE `title` = 'è¾¹æ¡Œ' AND `index_show` = 1 ORDER BY id desc  [ RunTime:0.0013s ]
SQL: SELECT * FROM `jj_goods` WHERE `title` = 'è§†å¬ç”¨å“å‚¨ç‰©å°' AND `index_show` = 1 ORDER BY id desc  [ RunTime:0.0012s ]
SQL: SELECT * FROM `jj_goods` WHERE `title` = 'åŒäººåºŠ' AND `index_show` = 1 ORDER BY id desc  [ RunTime:0.0024s ]
SQL: SELECT * FROM `jj_goods` WHERE `title` = 'å•äººåºŠ' AND `index_show` = 1 ORDER BY id desc  [ RunTime:0.0020s ]
SQL: SELECT * FROM `jj_goods` WHERE `title` = 'é«˜æž¶åºŠå’ŒåŒå±‚åºŠ' AND `index_show` = 1 ORDER BY id desc  [ RunTime:0.0017s ]
SQL: SELECT * FROM `jj_goods` WHERE `title` = 'å®¢åºŠå’Œåå§ä¸¤ç”¨åºŠ' AND `index_show` = 1 ORDER BY id desc  [ RunTime:0.0014s ]
SQL: SELECT * FROM `jj_goods` WHERE `title` = 'åºŠå¤´æ¿' AND `index_show` = 1 ORDER BY id desc  [ RunTime:0.0015s ]
SQL: SELECT * FROM `jj_goods` WHERE `title` = 'åºŠè¾¹æ¡Œ' AND `index_show` = 1 ORDER BY id desc  [ RunTime:0.0012s ]
SQL: SELECT * FROM `jj_goods` WHERE `title` = 'åºŠç”¨å‚¨ç‰©ä»¶' AND `index_show` = 1 ORDER BY id desc  [ RunTime:0.0015s ]
SQL: SELECT * FROM `jj_goods` WHERE `title` = 'æ³¡æ²«å’Œä¹³èƒ¶åºŠåž«' AND `index_show` = 1 ORDER BY id desc  [ RunTime:0.0014s ]
SQL: SELECT * FROM `jj_goods` WHERE `title` = 'å¼¹ç°§åºŠåž«' AND `index_show` = 1 ORDER BY id desc  [ RunTime:0.0016s ]
SQL: SELECT * FROM `jj_goods` WHERE `title` = 'æœ¨æ¡åºŠæ¿' AND `index_show` = 1 ORDER BY id desc  [ RunTime:0.0028s ]
SQL: SELECT * FROM `jj_goods` WHERE `title` = 'åºŠè¤¥' AND `index_show` = 1 ORDER BY id desc  [ RunTime:0.0013s ]
SQL: SELECT * FROM `jj_goods` WHERE `title` = 'åºŠåž«ä¿æŠ¤å¥—å’Œæž•å¥—' AND `index_show` = 1 ORDER BY id desc  [ RunTime:0.0012s ]
SQL: SELECT * FROM `jj_goods` WHERE `title` = 'è¡£æŸœ' AND `index_show` = 1 ORDER BY id desc  [ RunTime:0.0013s ]
SQL: SELECT * FROM `jj_goods` WHERE `title` = 'å›ºå®šå¼è¡£æŸœ' AND `index_show` = 1 ORDER BY id desc  [ RunTime:0.0015s ]
SQL: SELECT * FROM `jj_goods` WHERE `title` = 'å¼€æ”¾å¼è¡£æŸœ' AND `index_show` = 1 ORDER BY id desc  [ RunTime:0.0018s ]
SQL: SELECT * FROM `jj_goods` WHERE `title` = 'æŠ½å±‰æŸœ' AND `index_show` = 1 ORDER BY id desc  [ RunTime:0.0021s ]
SQL: SELECT * FROM `jj_goods` WHERE `title` = 'å¼€æ”¾å¼è¡£ç±»å‚¨ç‰©ç³»åˆ—' AND `index_show` = 1 ORDER BY id desc  [ RunTime:0.0020s ]
SQL: SELECT * FROM `jj_goods` WHERE `title` = 'åºŠç”¨å‚¨ç‰©ä»¶' AND `index_show` = 1 ORDER BY id desc  [ RunTime:0.0012s ]
SQL: SELECT * FROM `jj_goods` WHERE `title` = 'è¡£ç‰©å‚¨è—ä»¶' AND `index_show` = 1 ORDER BY id desc  [ RunTime:0.0012s ]
SQL: SELECT * FROM `jj_goods` WHERE `title` = 'æŒ‚é’©å’Œè¡£æž¶' AND `index_show` = 1 ORDER BY id desc  [ RunTime:0.0015s ]
SQL: SELECT * FROM `jj_goods` WHERE `title` = 'è¿žå£ææ¿' AND `index_show` = 1 ORDER BY id desc  [ RunTime:0.0014s ]
SQL: SELECT * FROM `jj_goods` WHERE `title` = 'æ¢³å¦†å°' AND `index_show` = 1 ORDER BY id desc  [ RunTime:0.0022s ]
SQL: SELECT * FROM `jj_goods` WHERE `title` = 'LEDç¯å…·' AND `index_show` = 1 ORDER BY id desc  [ RunTime:0.0014s ]
SQL: SELECT * FROM `jj_goods` WHERE `title` = 'å°ç¯' AND `index_show` = 1 ORDER BY id desc  [ RunTime:0.0012s ]
SQL: SELECT * FROM `jj_goods` WHERE `title` = 'è½åœ°ç¯' AND `index_show` = 1 ORDER BY id desc  [ RunTime:0.0012s ]
SQL: SELECT * FROM `jj_goods` WHERE `title` = 'é¡¶ç¯' AND `index_show` = 1 ORDER BY id desc  [ RunTime:0.0012s ]
SQL: SELECT * FROM `jj_goods` WHERE `title` = 'å†…ç½®ç…§æ˜Ž' AND `index_show` = 1 ORDER BY id desc  [ RunTime:0.0021s ]
SQL: SELECT * FROM `jj_goods` WHERE `title` = 'å£ç¯' AND `index_show` = 1 ORDER BY id desc  [ RunTime:0.0019s ]
SQL: SELECT * FROM `jj_goods` WHERE `title` = 'å°„ç¯' AND `index_show` = 1 ORDER BY id desc  [ RunTime:0.0021s ]
SQL: SELECT * FROM `jj_goods` WHERE `title` = 'ç¯ç½©ã€ç¯åº§å’Œç”µçº¿' AND `index_show` = 1 ORDER BY id desc  [ RunTime:0.0019s ]
SQL: SELECT * FROM `jj_goods` WHERE `title` = 'ç¯æ³¡å’Œé…ä»¶' AND `index_show` = 1 ORDER BY id desc  [ RunTime:0.0016s ]
SQL: SELECT * FROM `jj_goods` WHERE `title` = 'åºŠä¸Šç”¨å“' AND `index_show` = 1 ORDER BY id desc  [ RunTime:0.0015s ]
SQL: SELECT * FROM `jj_goods` WHERE `title` = 'è¢«å­' AND `index_show` = 1 ORDER BY id desc  [ RunTime:0.0022s ]
SQL: SELECT * FROM `jj_goods` WHERE `title` = 'æž•å¤´' AND `index_show` = 1 ORDER BY id desc  [ RunTime:0.0019s ]
SQL: SELECT * FROM `jj_goods` WHERE `title` = 'åºŠç½©' AND `index_show` = 1 ORDER BY id desc  [ RunTime:0.0022s ]
SQL: SELECT * FROM `jj_goods` WHERE `title` = 'åœ°æ¯¯' AND `index_show` = 1 ORDER BY id desc  [ RunTime:0.0016s ]
SQL: SELECT * FROM `jj_goods` WHERE `title` = 'æ¯¯å­å’Œä¼‘é—²æ¯¯' AND `index_show` = 1 ORDER BY id desc  [ RunTime:0.0016s ]
SQL: SELECT * FROM `jj_goods` WHERE `title` = 'é åž«å’Œé åž«å¥—' AND `index_show` = 1 ORDER BY id desc  [ RunTime:0.0015s ]
SQL: SELECT * FROM `jj_goods` WHERE `title` = 'çª—å¸˜å’Œç™¾å¶å¸˜' AND `index_show` = 1 ORDER BY id desc  [ RunTime:0.0025s ]
SQL: SELECT * FROM `jj_goods` WHERE `title` = 'çª—å¸˜æ†å’Œè½¨é“' AND `index_show` = 1 ORDER BY id desc  [ RunTime:0.0014s ]
SQL: SELECT * FROM `jj_goods` WHERE `title` = 'å¸ƒæ–™å’Œç¼çº«ç”¨å“' AND `index_show` = 1 ORDER BY id desc  [ RunTime:0.0012s ]
SQL: SELECT * FROM `jj_goods` WHERE `title` = 'é•œå­' AND `index_show` = 1 ORDER BY id desc  [ RunTime:0.0011s ]
SQL: SELECT * FROM `jj_goods` WHERE `title` = 'é—¨' AND `index_show` = 1 ORDER BY id desc  [ RunTime:0.0011s ]
SQL: SELECT * FROM `jj_goods` WHERE `title` = 'æŠ½å±‰å‰æ¿' AND `index_show` = 1 ORDER BY id desc  [ RunTime:0.0011s ]
SQL: SELECT * FROM `jj_goods` WHERE `title` = 'å£æŸœ' AND `index_show` = 1 ORDER BY id desc  [ RunTime:0.0012s ]
SQL: SELECT * FROM `jj_goods` WHERE `title` = 'é«˜æŸœ' AND `index_show` = 1 ORDER BY id desc  [ RunTime:0.0017s ]
SQL: SELECT * FROM `jj_goods` WHERE `title` = 'å†…ç½®ç”µå™¨å‚¨è—æŸœ' AND `index_show` = 1 ORDER BY id desc  [ RunTime:0.0013s ]
SQL: SELECT * FROM `jj_goods` WHERE `title` = 'å°æ¿å’Œè£…é¥°æ¡' AND `index_show` = 1 ORDER BY id desc  [ RunTime:0.0017s ]
SQL: SELECT * FROM `jj_goods` WHERE `title` = 'æ¡†æž¶ï¼ŒæŒ‚å¹²ï¼Œæ”¯è…¿å’Œåº•åº§' AND `index_show` = 1 ORDER BY id desc  [ RunTime:0.0024s ]
SQL: SELECT * FROM `jj_goods` WHERE `title` = 'ææ¿å’ŒæŠ½å±‰' AND `index_show` = 1 ORDER BY id desc  [ RunTime:0.0016s ]
SQL: SELECT * FROM `jj_goods` WHERE `title` = 'æŠ½å±‰éš”æ®µ' AND `index_show` = 1 ORDER BY id desc  [ RunTime:0.0013s ]
SQL: SELECT * FROM `jj_goods` WHERE `title` = 'æ¸…æ´æ”¶çº³ä»¶' AND `index_show` = 1 ORDER BY id desc  [ RunTime:0.0018s ]
SQL: SELECT * FROM `jj_goods` WHERE `title` = 'åžƒåœ¾åˆ†ç±»' AND `index_show` = 1 ORDER BY id desc  [ RunTime:0.0018s ]
SQL: SELECT * FROM `jj_goods` WHERE `title` = 'åˆå¶å’Œé˜»å°¼' AND `index_show` = 1 ORDER BY id desc  [ RunTime:0.0021s ]
SQL: SELECT * FROM `jj_goods` WHERE `title` = 'çƒ¤ç®±' AND `index_show` = 1 ORDER BY id desc  [ RunTime:0.0017s ]
SQL: SELECT * FROM `jj_goods` WHERE `title` = 'ç¶å…·' AND `index_show` = 1 ORDER BY id desc  [ RunTime:0.0012s ]
SQL: SELECT * FROM `jj_goods` WHERE `title` = 'å†°ç®±å’Œå†°æŸœ' AND `index_show` = 1 ORDER BY id desc  [ RunTime:0.0014s ]
SQL: SELECT * FROM `jj_goods` WHERE `title` = 'æŠ½æ²¹çƒŸæœºå’Œæ»¤å™¨' AND `index_show` = 1 ORDER BY id desc  [ RunTime:0.0012s ]
SQL: SELECT * FROM `jj_goods` WHERE `title` = 'åŽ¨æˆ¿æ“ä½œå°' AND `index_show` = 1 ORDER BY id desc  [ RunTime:0.0019s ]
SQL: SELECT * FROM `jj_goods` WHERE `title` = 'æ“ä½œå°é…ä»¶' AND `index_show` = 1 ORDER BY id desc  [ RunTime:0.0016s ]
SQL: SELECT * FROM `jj_goods` WHERE `title` = 'æ°´æ§½é™„ä»¶' AND `index_show` = 1 ORDER BY id desc  [ RunTime:0.0018s ]
SQL: SELECT * FROM `jj_goods` WHERE `title` = 'æ··åˆåž‹æ°´é¾™å¤´' AND `index_show` = 1 ORDER BY id desc  [ RunTime:0.0012s ]
SQL: SELECT * FROM `jj_goods` WHERE `title` = 'æ°´æ§½' AND `index_show` = 1 ORDER BY id desc  [ RunTime:0.0012s ]
SQL: SELECT * FROM `jj_goods` WHERE `title` = 'å¢™é¢å‚¨è—ä»¶' AND `index_show` = 1 ORDER BY id desc  [ RunTime:0.0012s ]
SQL: SELECT * FROM `jj_goods` WHERE `title` = 'è¿žå£ææ¿' AND `index_show` = 1 ORDER BY id desc  [ RunTime:0.0014s ]
SQL: SELECT * FROM `jj_goods` WHERE `title` = 'åŽ¨æˆ¿å²›å’Œæ‰‹æŽ¨è½¦' AND `index_show` = 1 ORDER BY id desc  [ RunTime:0.0017s ]
SQL: SELECT * FROM `jj_goods` WHERE `title` = 'è¸è„šå‡³å’Œæ¢¯å­' AND `index_show` = 1 ORDER BY id desc  [ RunTime:0.0012s ]
SQL: SELECT * FROM `jj_goods` WHERE `title` = 'é£Ÿå“å‚¨è—å®¤' AND `index_show` = 1 ORDER BY id desc  [ RunTime:0.0011s ]
SQL: SELECT * FROM `jj_goods` WHERE `title` = 'æ‹‰æ‰‹å’Œæ‹‰é’®' AND `index_show` = 1 ORDER BY id desc  [ RunTime:0.0013s ]
SQL: SELECT * FROM `jj_goods` WHERE `title` = '4äººåº§' AND `index_show` = 1 ORDER BY id desc  [ RunTime:0.0011s ]
SQL: SELECT * FROM `jj_goods` WHERE `title` = '6äººåº§' AND `index_show` = 1 ORDER BY id desc  [ RunTime:0.0012s ]
SQL: SELECT * FROM `jj_goods` WHERE `title` = '10äººåº§' AND `index_show` = 1 ORDER BY id desc  [ RunTime:0.0010s ]
SQL: SELECT * FROM `jj_goods` WHERE `title` = 'å¯åŠ é•¿æ¡Œ' AND `index_show` = 1 ORDER BY id desc  [ RunTime:0.0015s ]
SQL: SELECT * FROM `jj_goods` WHERE `title` = 'è¿žå£æ¡Œ' AND `index_show` = 1 ORDER BY id desc  [ RunTime:0.0012s ]
SQL: SELECT * FROM `jj_goods` WHERE `title` = 'é¤æ¡Œæ¡Œé¢å’Œåº•æž¶' AND `index_show` = 1 ORDER BY id desc  [ RunTime:0.0014s ]
SQL: SELECT * FROM `jj_goods` WHERE `title` = 'é¤æ¤…åº•æž¶' AND `index_show` = 1 ORDER BY id desc  [ RunTime:0.0015s ]
SQL: SELECT * FROM `jj_goods` WHERE `title` = 'é¤æ¤…å£³' AND `index_show` = 1 ORDER BY id desc  [ RunTime:0.0011s ]
SQL: SELECT * FROM `jj_goods` WHERE `title` = 'é¤æ¤…' AND `index_show` = 1 ORDER BY id desc  [ RunTime:0.0012s ]
SQL: SELECT * FROM `jj_goods` WHERE `title` = 'è½¯åž«å¼é¤æ¤…' AND `index_show` = 1 ORDER BY id desc  [ RunTime:0.0012s ]
SQL: SELECT * FROM `jj_goods` WHERE `title` = 'æŠ˜å æ¤…' AND `index_show` = 1 ORDER BY id desc  [ RunTime:0.0011s ]
SQL: SELECT * FROM `jj_goods` WHERE `title` = 'æ¤…å¥—' AND `index_show` = 1 ORDER BY id desc  [ RunTime:0.0014s ]
SQL: SELECT * FROM `jj_goods` WHERE `title` = 'é¤æ¡Œæ¤…çµ„2äººåº§' AND `index_show` = 1 ORDER BY id desc  [ RunTime:0.0013s ]
SQL: SELECT * FROM `jj_goods` WHERE `title` = 'é¤æ¡Œæ¤…çµ„4äººåº§' AND `index_show` = 1 ORDER BY id desc  [ RunTime:0.0016s ]
SQL: SELECT * FROM `jj_goods` WHERE `title` = 'é¤æ¡Œæ¤…çµ„6äººåº§' AND `index_show` = 1 ORDER BY id desc  [ RunTime:0.0011s ]
SQL: SELECT * FROM `jj_goods` WHERE `title` = 'æ©±æŸœ' AND `index_show` = 1 ORDER BY id desc  [ RunTime:0.0010s ]
SQL: SELECT * FROM `jj_goods` WHERE `title` = 'å±•ç¤ºæŸœ' AND `index_show` = 1 ORDER BY id desc  [ RunTime:0.0010s ]
SQL: SELECT * FROM `jj_goods` WHERE `title` = 'é¤å…·æŸœ' AND `index_show` = 1 ORDER BY id desc  [ RunTime:0.0012s ]
SQL: SELECT * FROM `jj_goods` WHERE `title` = 'å§æ¡Œ' AND `index_show` = 1 ORDER BY id desc  [ RunTime:0.0011s ]
SQL: SELECT * FROM `jj_goods` WHERE `title` = 'å§æ¤…' AND `index_show` = 1 ORDER BY id desc  [ RunTime:0.0012s ]
SQL: SELECT * FROM `jj_goods` WHERE `title` = 'å‡³å­' AND `index_show` = 1 ORDER BY id desc  [ RunTime:0.0011s ]
SQL: SELECT * FROM `jj_goods` WHERE `title` = 'é•¿å‡³' AND `index_show` = 1 ORDER BY id desc  [ RunTime:0.0017s ]
SQL: SELECT * FROM `jj_goods` WHERE `title` = 'å’–å•¡é¦†æ¤…å­' AND `index_show` = 1 ORDER BY id desc  [ RunTime:0.0012s ]
SQL: SELECT * FROM `jj_goods` WHERE `title` = 'å’–å•¡é¦†æ¡Œå­' AND `index_show` = 1 ORDER BY id desc  [ RunTime:0.0014s ]
SQL: SELECT * FROM `jj_goods` WHERE `title` = 'é«˜è„šæ¤…' AND `index_show` = 1 ORDER BY id desc  [ RunTime:0.0017s ]
SQL: SELECT * FROM `jj_goods` WHERE `title` = 'å„¿ç«¥æ¤…' AND `index_show` = 1 ORDER BY id desc  [ RunTime:0.0014s ]
SQL: SELECT * FROM `jj_goods` WHERE `title` = 'æ´—è„¸æ± æŸœ' AND `index_show` = 1 ORDER BY id desc  [ RunTime:0.0013s ]
SQL: SELECT * FROM `jj_goods` WHERE `title` = 'æ´—è„¸æ± åº•æŸœ' AND `index_show` = 1 ORDER BY id desc  [ RunTime:0.0012s ]
SQL: SELECT * FROM `jj_goods` WHERE `title` = 'é«˜æŸœ' AND `index_show` = 1 ORDER BY id desc  [ RunTime:0.0012s ]
SQL: SELECT * FROM `jj_goods` WHERE `title` = 'é•œæŸœ' AND `index_show` = 1 ORDER BY id desc  [ RunTime:0.0013s ]
SQL: SELECT * FROM `jj_goods` WHERE `title` = 'è¿žå£æŸœ' AND `index_show` = 1 ORDER BY id desc  [ RunTime:0.0012s ]
SQL: SELECT * FROM `jj_goods` WHERE `title` = 'æµ´å®¤è„šå‡³å’Œé•¿å‡³' AND `index_show` = 1 ORDER BY id desc  [ RunTime:0.0012s ]
SQL: SELECT * FROM `jj_goods` WHERE `title` = 'ææž¶å•å…ƒ' AND `index_show` = 1 ORDER BY id desc  [ RunTime:0.0012s ]
SQL: SELECT * FROM `jj_goods` WHERE `title` = 'æµ´å®¤æŽ¨è½¦' AND `index_show` = 1 ORDER BY id desc  [ RunTime:0.0018s ]
SQL: SELECT * FROM `jj_goods` WHERE `title` = 'æµ´å®¤é•œ' AND `index_show` = 1 ORDER BY id desc  [ RunTime:0.0013s ]
SQL: SELECT * FROM `jj_goods` WHERE `title` = 'é•œæŸœ' AND `index_show` = 1 ORDER BY id desc  [ RunTime:0.0012s ]
SQL: SELECT * FROM `jj_goods` WHERE `title` = 'æ¢³å¦†é•œ' AND `index_show` = 1 ORDER BY id desc  [ RunTime:0.0013s ]
SQL: SELECT * FROM `jj_goods` WHERE `title` = 'æ¯›å·¾' AND `index_show` = 1 ORDER BY id desc  [ RunTime:0.0015s ]
SQL: SELECT * FROM `jj_goods` WHERE `title` = 'æµ´å®¤é˜²æ»‘åž«' AND `index_show` = 1 ORDER BY id desc  [ RunTime:0.0015s ]
SQL: SELECT * FROM `jj_goods` WHERE `title` = 'æµ´å¸˜' AND `index_show` = 1 ORDER BY id desc  [ RunTime:0.0012s ]
SQL: SELECT * FROM `jj_goods` WHERE `title` = 'æ´—è„¸æ± é…ä»¶' AND `index_show` = 1 ORDER BY id desc  [ RunTime:0.0013s ]
SQL: SELECT * FROM `jj_goods` WHERE `title` = 'æ¯›å·¾æž¶' AND `index_show` = 1 ORDER BY id desc  [ RunTime:0.0012s ]
SQL: SELECT * FROM `jj_goods` WHERE `title` = 'æ²æµ´é…ä»¶' AND `index_show` = 1 ORDER BY id desc  [ RunTime:0.0013s ]
SQL: SELECT * FROM `jj_goods` WHERE `title` = 'æµ´å®¤é…ä»¶' AND `index_show` = 1 ORDER BY id desc  [ RunTime:0.0013s ]
SQL: SELECT * FROM `jj_goods` WHERE `title` = 'ææ¿' AND `index_show` = 1 ORDER BY id desc  [ RunTime:0.0012s ]
SQL: SELECT * FROM `jj_goods` WHERE `title` = 'å†…éƒ¨æ”¶è—ä»¶' AND `index_show` = 1 ORDER BY id desc  [ RunTime:0.0014s ]
SQL: SELECT * FROM `jj_goods` WHERE `title` = 'æµ´å®¤ç…§æ˜Ž' AND `index_show` = 1 ORDER BY id desc  [ RunTime:0.0012s ]
SQL: SELECT * FROM `jj_goods` WHERE `title` = 'æ´—è„¸æ± ' AND `index_show` = 1 ORDER BY id desc  [ RunTime:0.0013s ]
SQL: SELECT * FROM `jj_goods` WHERE `title` = 'æ°´é¾™å¤´' AND `index_show` = 1 ORDER BY id desc  [ RunTime:0.0014s ]
NOTIC: [8] Undefined index: cart D:\XAMPP\htdocs\myBS\J-home\Home\Controller\IndexController.class.php ç¬¬ 63 è¡Œ.
INFO: [ view_parse ] --START--
INFO: [ template_filter ] --START--
INFO: Run Behavior\ContentReplaceBehavior [ RunTime:0.000776s ]
INFO: [ template_filter ] --END-- [ RunTime:0.000979s ]
INFO: Run Behavior\ParseTemplateBehavior [ RunTime:0.140015s ]
INFO: [ view_parse ] --END-- [ RunTime:0.140294s ]
INFO: [ view_filter ] --START--
INFO: Run Behavior\WriteHtmlCacheBehavior [ RunTime:0.001474s ]
INFO: [ view_filter ] --END-- [ RunTime:0.001665s ]
INFO: [ app_end ] --START--
INFO: Run Behavior\ShowPageTraceBehavior [ RunTime:0.002684s ]
INFO: [ app_end ] --END-- [ RunTime:0.003006s ]

[ 2017-04-11T22:13:45+08:00 ] ::1 /myBS/
INFO: [ app_init ] --START--
INFO: Run Behavior\BuildLiteBehavior [ RunTime:0.000016s ]
INFO: [ app_init ] --END-- [ RunTime:0.000351s ]
INFO: [ app_begin ] --START--
INFO: Run Behavior\ReadHtmlCacheBehavior [ RunTime:0.000635s ]
INFO: [ app_begin ] --END-- [ RunTime:0.000715s ]
NOTIC: [2] PDO::__construct() [<a href='pdo.--construct'>pdo.--construct</a>]: [2002] ÓÉÓÚÄ¿±ê¼ÆËã»ú»ý¼«¾Ü¾ø£¬ÎÞ·¨Á¬½Ó¡£
 (trying to connect via tcp://localhost:8080:3306) D:\XAMPP\htdocs\myBS\ThinkPHP\Library\Think\Db\Driver.class.php ç¬¬ 103 è¡Œ.
ERR: SQLSTATE[HY000] [2002] ÓÉÓÚÄ¿±ê¼ÆËã»ú»ý¼«¾Ü¾ø£¬ÎÞ·¨Á¬½Ó¡£


[ 2017-04-11T22:13:58+08:00 ] ::1 /myBS/
INFO: [ app_init ] --START--
INFO: Run Behavior\BuildLiteBehavior [ RunTime:0.000051s ]
INFO: [ app_init ] --END-- [ RunTime:0.000908s ]
INFO: [ app_begin ] --START--
INFO: Run Behavior\ReadHtmlCacheBehavior [ RunTime:0.000848s ]
INFO: [ app_begin ] --END-- [ RunTime:0.001041s ]
SQL: SHOW COLUMNS FROM `jj_class` [ RunTime:0.0092s ]
SQL: SHOW COLUMNS FROM `jj_goods` [ RunTime:0.0112s ]
SQL: SHOW COLUMNS FROM `jj_banner` [ RunTime:0.0090s ]
SQL: SELECT * FROM `jj_banner` WHERE ( position='å¤§å±' ) LIMIT 1   [ RunTime:0.0009s ]
SQL: SELECT * FROM `jj_banner` WHERE ( position='å®¢åŽ…' ) LIMIT 1   [ RunTime:0.0008s ]
SQL: SELECT * FROM `jj_banner` WHERE ( position='å§å®¤' ) LIMIT 1   [ RunTime:0.0008s ]
SQL: SELECT * FROM `jj_banner` WHERE ( position='åŽ¨æˆ¿' ) LIMIT 1   [ RunTime:0.0007s ]
SQL: SELECT * FROM `jj_banner` WHERE ( position='é¤åŽ…' ) LIMIT 1   [ RunTime:0.0007s ]
SQL: SELECT * FROM `jj_banner` WHERE ( position='æµ´å®¤' ) LIMIT 1   [ RunTime:0.0007s ]
SQL: SELECT * FROM `jj_class`  [ RunTime:0.0035s ]
SQL: SELECT `title` FROM `jj_class` WHERE ( `id` > 44 AND `id` < 80  )  [ RunTime:0.0029s ]
SQL: SELECT `title` FROM `jj_class` WHERE ( `id` > 79 AND `id` < 122  )  [ RunTime:0.0011s ]
SQL: SELECT `title` FROM `jj_class` WHERE ( `id` > 121 AND `id` < 149  )  [ RunTime:0.0015s ]
SQL: SELECT `title` FROM `jj_class` WHERE ( `id` > 148 AND `id` < 175  )  [ RunTime:0.0012s ]
SQL: SELECT `title` FROM `jj_class` WHERE ( `id` > 174 AND `id` < 198  )  [ RunTime:0.0013s ]
SQL: SELECT * FROM `jj_goods` WHERE `title` = 'å¸ƒè‰ºæ²™å‘' AND `index_show` = 1 ORDER BY id desc  [ RunTime:0.0018s ]
SQL: SELECT * FROM `jj_goods` WHERE `title` = 'çš®æ²™å‘å’Œäººé€ é©æ²™å‘' AND `index_show` = 1 ORDER BY id desc  [ RunTime:0.0012s ]
SQL: SELECT * FROM `jj_goods` WHERE `title` = 'æ²™å‘åºŠ' AND `index_show` = 1 ORDER BY id desc  [ RunTime:0.0012s ]
SQL: SELECT * FROM `jj_goods` WHERE `title` = 'ç»„åˆæ²™å‘' AND `index_show` = 1 ORDER BY id desc  [ RunTime:0.0021s ]
SQL: SELECT * FROM `jj_goods` WHERE `title` = 'è´µå¦ƒæ¤…' AND `index_show` = 1 ORDER BY id desc  [ RunTime:0.0015s ]
SQL: SELECT * FROM `jj_goods` WHERE `title` = 'è„šè¹¬å’ŒçŸ®å‡³' AND `index_show` = 1 ORDER BY id desc  [ RunTime:0.0034s ]
SQL: SELECT * FROM `jj_goods` WHERE `title` = 'å•äººæ²™å‘å’Œæ‰¶æ‰‹æ¤…' AND `index_show` = 1 ORDER BY id desc  [ RunTime:0.0019s ]
SQL: SELECT * FROM `jj_goods` WHERE `title` = 'å¤‡ç”¨æ²™å‘å¥—' AND `index_show` = 1 ORDER BY id desc  [ RunTime:0.0017s ]
SQL: SELECT * FROM `jj_goods` WHERE `title` = 'ä¹¦æŸœ' AND `index_show` = 1 ORDER BY id desc  [ RunTime:0.0017s ]
SQL: SELECT * FROM `jj_goods` WHERE `title` = 'å‚¨ç‰©ç³»åˆ—' AND `index_show` = 1 ORDER BY id desc  [ RunTime:0.0019s ]
SQL: SELECT * FROM `jj_goods` WHERE `title` = 'ææž¶å•å…ƒ' AND `index_show` = 1 ORDER BY id desc  [ RunTime:0.0017s ]
SQL: SELECT * FROM `jj_goods` WHERE `title` = 'è¿žå£ææ¿' AND `index_show` = 1 ORDER BY id desc  [ RunTime:0.0023s ]
SQL: SELECT * FROM `jj_goods` WHERE `title` = 'æ©±æŸœå’Œå±•ç¤ºæŸœ' AND `index_show` = 1 ORDER BY id desc  [ RunTime:0.0017s ]
SQL: SELECT * FROM `jj_goods` WHERE `title` = 'å‚¨ç‰©ç›’å’Œå‚¨ç‰©ç¯®' AND `index_show` = 1 ORDER BY id desc  [ RunTime:0.0016s ]
SQL: SELECT * FROM `jj_goods` WHERE `title` = 'é¤è¾¹æŸœå’Œé•¿å‡ ' AND `index_show` = 1 ORDER BY id desc  [ RunTime:0.0016s ]
SQL: SELECT * FROM `jj_goods` WHERE `title` = 'LEDç¯å…·' AND `index_show` = 1 ORDER BY id desc  [ RunTime:0.0018s ]
SQL: SELECT * FROM `jj_goods` WHERE `title` = 'å°ç¯' AND `index_show` = 1 ORDER BY id desc  [ RunTime:0.0014s ]
SQL: SELECT * FROM `jj_goods` WHERE `title` = 'è½åœ°ç¯' AND `index_show` = 1 ORDER BY id desc  [ RunTime:0.0022s ]
SQL: SELECT * FROM `jj_goods` WHERE `title` = 'é¡¶ç¯' AND `index_show` = 1 ORDER BY id desc  [ RunTime:0.0013s ]
SQL: SELECT * FROM `jj_goods` WHERE `title` = 'å†…ç½®ç…§æ˜Ž' AND `index_show` = 1 ORDER BY id desc  [ RunTime:0.0012s ]
SQL: SELECT * FROM `jj_goods` WHERE `title` = 'å£ç¯' AND `index_show` = 1 ORDER BY id desc  [ RunTime:0.0012s ]
SQL: SELECT * FROM `jj_goods` WHERE `title` = 'å°„ç¯' AND `index_show` = 1 ORDER BY id desc  [ RunTime:0.0012s ]
SQL: SELECT * FROM `jj_goods` WHERE `title` = 'ç¯ç½©ã€ç¯åº§å’Œç”µçº¿' AND `index_show` = 1 ORDER BY id desc  [ RunTime:0.0013s ]
SQL: SELECT * FROM `jj_goods` WHERE `title` = 'ç¯æ³¡å’Œé…ä»¶' AND `index_show` = 1 ORDER BY id desc  [ RunTime:0.0014s ]
SQL: SELECT * FROM `jj_goods` WHERE `title` = 'åœ°æ¯¯' AND `index_show` = 1 ORDER BY id desc  [ RunTime:0.0017s ]
SQL: SELECT * FROM `jj_goods` WHERE `title` = 'é åž«å’Œé åž«å¥—' AND `index_show` = 1 ORDER BY id desc  [ RunTime:0.0025s ]
SQL: SELECT * FROM `jj_goods` WHERE `title` = 'çª—å¸˜æ†å’Œè½¨é“' AND `index_show` = 1 ORDER BY id desc  [ RunTime:0.0014s ]
SQL: SELECT * FROM `jj_goods` WHERE `title` = 'çª—å¸˜å’Œç™¾å¶å¸˜' AND `index_show` = 1 ORDER BY id desc  [ RunTime:0.0012s ]
SQL: SELECT * FROM `jj_goods` WHERE `title` = 'æ¯¯å­å’Œä¼‘é—²æ¯¯' AND `index_show` = 1 ORDER BY id desc  [ RunTime:0.0013s ]
SQL: SELECT * FROM `jj_goods` WHERE `title` = 'å¸ƒæ–™å’Œç¼çº«ç”¨å“' AND `index_show` = 1 ORDER BY id desc  [ RunTime:0.0014s ]
SQL: SELECT * FROM `jj_goods` WHERE `title` = 'ç”µè§†æŸœ' AND `index_show` = 1 ORDER BY id desc  [ RunTime:0.0019s ]
SQL: SELECT * FROM `jj_goods` WHERE `title` = 'ç”µè§†åŠè§†å¬è®¾å¤‡å‚¨ç‰©' AND `index_show` = 1 ORDER BY id desc  [ RunTime:0.0020s ]
SQL: SELECT * FROM `jj_goods` WHERE `title` = 'èŒ¶å‡ ' AND `index_show` = 1 ORDER BY id desc  [ RunTime:0.0013s ]
SQL: SELECT * FROM `jj_goods` WHERE `title` = 'è¾¹æ¡Œ' AND `index_show` = 1 ORDER BY id desc  [ RunTime:0.0014s ]
SQL: SELECT * FROM `jj_goods` WHERE `title` = 'è§†å¬ç”¨å“å‚¨ç‰©å°' AND `index_show` = 1 ORDER BY id desc  [ RunTime:0.0013s ]
SQL: SELECT * FROM `jj_goods` WHERE `title` = 'åŒäººåºŠ' AND `index_show` = 1 ORDER BY id desc  [ RunTime:0.0013s ]
SQL: SELECT * FROM `jj_goods` WHERE `title` = 'å•äººåºŠ' AND `index_show` = 1 ORDER BY id desc  [ RunTime:0.0013s ]
SQL: SELECT * FROM `jj_goods` WHERE `title` = 'é«˜æž¶åºŠå’ŒåŒå±‚åºŠ' AND `index_show` = 1 ORDER BY id desc  [ RunTime:0.0019s ]
SQL: SELECT * FROM `jj_goods` WHERE `title` = 'å®¢åºŠå’Œåå§ä¸¤ç”¨åºŠ' AND `index_show` = 1 ORDER BY id desc  [ RunTime:0.0019s ]
SQL: SELECT * FROM `jj_goods` WHERE `title` = 'åºŠå¤´æ¿' AND `index_show` = 1 ORDER BY id desc  [ RunTime:0.0014s ]
SQL: SELECT * FROM `jj_goods` WHERE `title` = 'åºŠè¾¹æ¡Œ' AND `index_show` = 1 ORDER BY id desc  [ RunTime:0.0012s ]
SQL: SELECT * FROM `jj_goods` WHERE `title` = 'åºŠç”¨å‚¨ç‰©ä»¶' AND `index_show` = 1 ORDER BY id desc  [ RunTime:0.0012s ]
SQL: SELECT * FROM `jj_goods` WHERE `title` = 'æ³¡æ²«å’Œä¹³èƒ¶åºŠåž«' AND `index_show` = 1 ORDER BY id desc  [ RunTime:0.0013s ]
SQL: SELECT * FROM `jj_goods` WHERE `title` = 'å¼¹ç°§åºŠåž«' AND `index_show` = 1 ORDER BY id desc  [ RunTime:0.0017s ]
SQL: SELECT * FROM `jj_goods` WHERE `title` = 'æœ¨æ¡åºŠæ¿' AND `index_show` = 1 ORDER BY id desc  [ RunTime:0.0020s ]
SQL: SELECT * FROM `jj_goods` WHERE `title` = 'åºŠè¤¥' AND `index_show` = 1 ORDER BY id desc  [ RunTime:0.0013s ]
SQL: SELECT * FROM `jj_goods` WHERE `title` = 'åºŠåž«ä¿æŠ¤å¥—å’Œæž•å¥—' AND `index_show` = 1 ORDER BY id desc  [ RunTime:0.0012s ]
SQL: SELECT * FROM `jj_goods` WHERE `title` = 'è¡£æŸœ' AND `index_show` = 1 ORDER BY id desc  [ RunTime:0.0012s ]
SQL: SELECT * FROM `jj_goods` WHERE `title` = 'å›ºå®šå¼è¡£æŸœ' AND `index_show` = 1 ORDER BY id desc  [ RunTime:0.0012s ]
SQL: SELECT * FROM `jj_goods` WHERE `title` = 'å¼€æ”¾å¼è¡£æŸœ' AND `index_show` = 1 ORDER BY id desc  [ RunTime:0.0012s ]
SQL: SELECT * FROM `jj_goods` WHERE `title` = 'æŠ½å±‰æŸœ' AND `index_show` = 1 ORDER BY id desc  [ RunTime:0.0023s ]
SQL: SELECT * FROM `jj_goods` WHERE `title` = 'å¼€æ”¾å¼è¡£ç±»å‚¨ç‰©ç³»åˆ—' AND `index_show` = 1 ORDER BY id desc  [ RunTime:0.0021s ]
SQL: SELECT * FROM `jj_goods` WHERE `title` = 'åºŠç”¨å‚¨ç‰©ä»¶' AND `index_show` = 1 ORDER BY id desc  [ RunTime:0.0015s ]
SQL: SELECT * FROM `jj_goods` WHERE `title` = 'è¡£ç‰©å‚¨è—ä»¶' AND `index_show` = 1 ORDER BY id desc  [ RunTime:0.0013s ]
SQL: SELECT * FROM `jj_goods` WHERE `title` = 'æŒ‚é’©å’Œè¡£æž¶' AND `index_show` = 1 ORDER BY id desc  [ RunTime:0.0012s ]
SQL: SELECT * FROM `jj_goods` WHERE `title` = 'è¿žå£ææ¿' AND `index_show` = 1 ORDER BY id desc  [ RunTime:0.0012s ]
SQL: SELECT * FROM `jj_goods` WHERE `title` = 'æ¢³å¦†å°' AND `index_show` = 1 ORDER BY id desc  [ RunTime:0.0017s ]
SQL: SELECT * FROM `jj_goods` WHERE `title` = 'LEDç¯å…·' AND `index_show` = 1 ORDER BY id desc  [ RunTime:0.0015s ]
SQL: SELECT * FROM `jj_goods` WHERE `title` = 'å°ç¯' AND `index_show` = 1 ORDER BY id desc  [ RunTime:0.0014s ]
SQL: SELECT * FROM `jj_goods` WHERE `title` = 'è½åœ°ç¯' AND `index_show` = 1 ORDER BY id desc  [ RunTime:0.0024s ]
SQL: SELECT * FROM `jj_goods` WHERE `title` = 'é¡¶ç¯' AND `index_show` = 1 ORDER BY id desc  [ RunTime:0.0014s ]
SQL: SELECT * FROM `jj_goods` WHERE `title` = 'å†…ç½®ç…§æ˜Ž' AND `index_show` = 1 ORDER BY id desc  [ RunTime:0.0012s ]
SQL: SELECT * FROM `jj_goods` WHERE `title` = 'å£ç¯' AND `index_show` = 1 ORDER BY id desc  [ RunTime:0.0012s ]
SQL: SELECT * FROM `jj_goods` WHERE `title` = 'å°„ç¯' AND `index_show` = 1 ORDER BY id desc  [ RunTime:0.0014s ]
SQL: SELECT * FROM `jj_goods` WHERE `title` = 'ç¯ç½©ã€ç¯åº§å’Œç”µçº¿' AND `index_show` = 1 ORDER BY id desc  [ RunTime:0.0017s ]
SQL: SELECT * FROM `jj_goods` WHERE `title` = 'ç¯æ³¡å’Œé…ä»¶' AND `index_show` = 1 ORDER BY id desc  [ RunTime:0.0016s ]
SQL: SELECT * FROM `jj_goods` WHERE `title` = 'åºŠä¸Šç”¨å“' AND `index_show` = 1 ORDER BY id desc  [ RunTime:0.0017s ]
SQL: SELECT * FROM `jj_goods` WHERE `title` = 'è¢«å­' AND `index_show` = 1 ORDER BY id desc  [ RunTime:0.0013s ]
SQL: SELECT * FROM `jj_goods` WHERE `title` = 'æž•å¤´' AND `index_show` = 1 ORDER BY id desc  [ RunTime:0.0013s ]
SQL: SELECT * FROM `jj_goods` WHERE `title` = 'åºŠç½©' AND `index_show` = 1 ORDER BY id desc  [ RunTime:0.0012s ]
SQL: SELECT * FROM `jj_goods` WHERE `title` = 'åœ°æ¯¯' AND `index_show` = 1 ORDER BY id desc  [ RunTime:0.0012s ]
SQL: SELECT * FROM `jj_goods` WHERE `title` = 'æ¯¯å­å’Œä¼‘é—²æ¯¯' AND `index_show` = 1 ORDER BY id desc  [ RunTime:0.0016s ]
SQL: SELECT * FROM `jj_goods` WHERE `title` = 'é åž«å’Œé åž«å¥—' AND `index_show` = 1 ORDER BY id desc  [ RunTime:0.0013s ]
SQL: SELECT * FROM `jj_goods` WHERE `title` = 'çª—å¸˜å’Œç™¾å¶å¸˜' AND `index_show` = 1 ORDER BY id desc  [ RunTime:0.0021s ]
SQL: SELECT * FROM `jj_goods` WHERE `title` = 'çª—å¸˜æ†å’Œè½¨é“' AND `index_show` = 1 ORDER BY id desc  [ RunTime:0.0013s ]
SQL: SELECT * FROM `jj_goods` WHERE `title` = 'å¸ƒæ–™å’Œç¼çº«ç”¨å“' AND `index_show` = 1 ORDER BY id desc  [ RunTime:0.0013s ]
SQL: SELECT * FROM `jj_goods` WHERE `title` = 'é•œå­' AND `index_show` = 1 ORDER BY id desc  [ RunTime:0.0012s ]
SQL: SELECT * FROM `jj_goods` WHERE `title` = 'é—¨' AND `index_show` = 1 ORDER BY id desc  [ RunTime:0.0012s ]
SQL: SELECT * FROM `jj_goods` WHERE `title` = 'æŠ½å±‰å‰æ¿' AND `index_show` = 1 ORDER BY id desc  [ RunTime:0.0016s ]
SQL: SELECT * FROM `jj_goods` WHERE `title` = 'å£æŸœ' AND `index_show` = 1 ORDER BY id desc  [ RunTime:0.0018s ]
SQL: SELECT * FROM `jj_goods` WHERE `title` = 'é«˜æŸœ' AND `index_show` = 1 ORDER BY id desc  [ RunTime:0.0017s ]
SQL: SELECT * FROM `jj_goods` WHERE `title` = 'å†…ç½®ç”µå™¨å‚¨è—æŸœ' AND `index_show` = 1 ORDER BY id desc  [ RunTime:0.0014s ]
SQL: SELECT * FROM `jj_goods` WHERE `title` = 'å°æ¿å’Œè£…é¥°æ¡' AND `index_show` = 1 ORDER BY id desc  [ RunTime:0.0013s ]
SQL: SELECT * FROM `jj_goods` WHERE `title` = 'æ¡†æž¶ï¼ŒæŒ‚å¹²ï¼Œæ”¯è…¿å’Œåº•åº§' AND `index_show` = 1 ORDER BY id desc  [ RunTime:0.0015s ]
SQL: SELECT * FROM `jj_goods` WHERE `title` = 'ææ¿å’ŒæŠ½å±‰' AND `index_show` = 1 ORDER BY id desc  [ RunTime:0.0013s ]
SQL: SELECT * FROM `jj_goods` WHERE `title` = 'æŠ½å±‰éš”æ®µ' AND `index_show` = 1 ORDER BY id desc  [ RunTime:0.0017s ]
SQL: SELECT * FROM `jj_goods` WHERE `title` = 'æ¸…æ´æ”¶çº³ä»¶' AND `index_show` = 1 ORDER BY id desc  [ RunTime:0.0017s ]
SQL: SELECT * FROM `jj_goods` WHERE `title` = 'åžƒåœ¾åˆ†ç±»' AND `index_show` = 1 ORDER BY id desc  [ RunTime:0.0012s ]
SQL: SELECT * FROM `jj_goods` WHERE `title` = 'åˆå¶å’Œé˜»å°¼' AND `index_show` = 1 ORDER BY id desc  [ RunTime:0.0012s ]
SQL: SELECT * FROM `jj_goods` WHERE `title` = 'çƒ¤ç®±' AND `index_show` = 1 ORDER BY id desc  [ RunTime:0.0013s ]
SQL: SELECT * FROM `jj_goods` WHERE `title` = 'ç¶å…·' AND `index_show` = 1 ORDER BY id desc  [ RunTime:0.0012s ]
SQL: SELECT * FROM `jj_goods` WHERE `title` = 'å†°ç®±å’Œå†°æŸœ' AND `index_show` = 1 ORDER BY id desc  [ RunTime:0.0013s ]
SQL: SELECT * FROM `jj_goods` WHERE `title` = 'æŠ½æ²¹çƒŸæœºå’Œæ»¤å™¨' AND `index_show` = 1 ORDER BY id desc  [ RunTime:0.0012s ]
SQL: SELECT * FROM `jj_goods` WHERE `title` = 'åŽ¨æˆ¿æ“ä½œå°' AND `index_show` = 1 ORDER BY id desc  [ RunTime:0.0014s ]
SQL: SELECT * FROM `jj_goods` WHERE `title` = 'æ“ä½œå°é…ä»¶' AND `index_show` = 1 ORDER BY id desc  [ RunTime:0.0012s ]
SQL: SELECT * FROM `jj_goods` WHERE `title` = 'æ°´æ§½é™„ä»¶' AND `index_show` = 1 ORDER BY id desc  [ RunTime:0.0012s ]
SQL: SELECT * FROM `jj_goods` WHERE `title` = 'æ··åˆåž‹æ°´é¾™å¤´' AND `index_show` = 1 ORDER BY id desc  [ RunTime:0.0012s ]
SQL: SELECT * FROM `jj_goods` WHERE `title` = 'æ°´æ§½' AND `index_show` = 1 ORDER BY id desc  [ RunTime:0.0012s ]
SQL: SELECT * FROM `jj_goods` WHERE `title` = 'å¢™é¢å‚¨è—ä»¶' AND `index_show` = 1 ORDER BY id desc  [ RunTime:0.0012s ]
SQL: SELECT * FROM `jj_goods` WHERE `title` = 'è¿žå£ææ¿' AND `index_show` = 1 ORDER BY id desc  [ RunTime:0.0012s ]
SQL: SELECT * FROM `jj_goods` WHERE `title` = 'åŽ¨æˆ¿å²›å’Œæ‰‹æŽ¨è½¦' AND `index_show` = 1 ORDER BY id desc  [ RunTime:0.0025s ]
SQL: SELECT * FROM `jj_goods` WHERE `title` = 'è¸è„šå‡³å’Œæ¢¯å­' AND `index_show` = 1 ORDER BY id desc  [ RunTime:0.0014s ]
SQL: SELECT * FROM `jj_goods` WHERE `title` = 'é£Ÿå“å‚¨è—å®¤' AND `index_show` = 1 ORDER BY id desc  [ RunTime:0.0013s ]
SQL: SELECT * FROM `jj_goods` WHERE `title` = 'æ‹‰æ‰‹å’Œæ‹‰é’®' AND `index_show` = 1 ORDER BY id desc  [ RunTime:0.0013s ]
SQL: SELECT * FROM `jj_goods` WHERE `title` = '4äººåº§' AND `index_show` = 1 ORDER BY id desc  [ RunTime:0.0013s ]
SQL: SELECT * FROM `jj_goods` WHERE `title` = '6äººåº§' AND `index_show` = 1 ORDER BY id desc  [ RunTime:0.0014s ]
SQL: SELECT * FROM `jj_goods` WHERE `title` = '10äººåº§' AND `index_show` = 1 ORDER BY id desc  [ RunTime:0.0012s ]
SQL: SELECT * FROM `jj_goods` WHERE `title` = 'å¯åŠ é•¿æ¡Œ' AND `index_show` = 1 ORDER BY id desc  [ RunTime:0.0012s ]
SQL: SELECT * FROM `jj_goods` WHERE `title` = 'è¿žå£æ¡Œ' AND `index_show` = 1 ORDER BY id desc  [ RunTime:0.0012s ]
SQL: SELECT * FROM `jj_goods` WHERE `title` = 'é¤æ¡Œæ¡Œé¢å’Œåº•æž¶' AND `index_show` = 1 ORDER BY id desc  [ RunTime:0.0012s ]
SQL: SELECT * FROM `jj_goods` WHERE `title` = 'é¤æ¤…åº•æž¶' AND `index_show` = 1 ORDER BY id desc  [ RunTime:0.0012s ]
SQL: SELECT * FROM `jj_goods` WHERE `title` = 'é¤æ¤…å£³' AND `index_show` = 1 ORDER BY id desc  [ RunTime:0.0012s ]
SQL: SELECT * FROM `jj_goods` WHERE `title` = 'é¤æ¤…' AND `index_show` = 1 ORDER BY id desc  [ RunTime:0.0014s ]
SQL: SELECT * FROM `jj_goods` WHERE `title` = 'è½¯åž«å¼é¤æ¤…' AND `index_show` = 1 ORDER BY id desc  [ RunTime:0.0014s ]
SQL: SELECT * FROM `jj_goods` WHERE `title` = 'æŠ˜å æ¤…' AND `index_show` = 1 ORDER BY id desc  [ RunTime:0.0013s ]
SQL: SELECT * FROM `jj_goods` WHERE `title` = 'æ¤…å¥—' AND `index_show` = 1 ORDER BY id desc  [ RunTime:0.0015s ]
SQL: SELECT * FROM `jj_goods` WHERE `title` = 'é¤æ¡Œæ¤…çµ„2äººåº§' AND `index_show` = 1 ORDER BY id desc  [ RunTime:0.0013s ]
SQL: SELECT * FROM `jj_goods` WHERE `title` = 'é¤æ¡Œæ¤…çµ„4äººåº§' AND `index_show` = 1 ORDER BY id desc  [ RunTime:0.0016s ]
SQL: SELECT * FROM `jj_goods` WHERE `title` = 'é¤æ¡Œæ¤…çµ„6äººåº§' AND `index_show` = 1 ORDER BY id desc  [ RunTime:0.0012s ]
SQL: SELECT * FROM `jj_goods` WHERE `title` = 'æ©±æŸœ' AND `index_show` = 1 ORDER BY id desc  [ RunTime:0.0012s ]
SQL: SELECT * FROM `jj_goods` WHERE `title` = 'å±•ç¤ºæŸœ' AND `index_show` = 1 ORDER BY id desc  [ RunTime:0.0013s ]
SQL: SELECT * FROM `jj_goods` WHERE `title` = 'é¤å…·æŸœ' AND `index_show` = 1 ORDER BY id desc  [ RunTime:0.0012s ]
SQL: SELECT * FROM `jj_goods` WHERE `title` = 'å§æ¡Œ' AND `index_show` = 1 ORDER BY id desc  [ RunTime:0.0012s ]
SQL: SELECT * FROM `jj_goods` WHERE `title` = 'å§æ¤…' AND `index_show` = 1 ORDER BY id desc  [ RunTime:0.0012s ]
SQL: SELECT * FROM `jj_goods` WHERE `title` = 'å‡³å­' AND `index_show` = 1 ORDER BY id desc  [ RunTime:0.0012s ]
SQL: SELECT * FROM `jj_goods` WHERE `title` = 'é•¿å‡³' AND `index_show` = 1 ORDER BY id desc  [ RunTime:0.0016s ]
SQL: SELECT * FROM `jj_goods` WHERE `title` = 'å’–å•¡é¦†æ¤…å­' AND `index_show` = 1 ORDER BY id desc  [ RunTime:0.0014s ]
SQL: SELECT * FROM `jj_goods` WHERE `title` = 'å’–å•¡é¦†æ¡Œå­' AND `index_show` = 1 ORDER BY id desc  [ RunTime:0.0015s ]
SQL: SELECT * FROM `jj_goods` WHERE `title` = 'é«˜è„šæ¤…' AND `index_show` = 1 ORDER BY id desc  [ RunTime:0.0015s ]
SQL: SELECT * FROM `jj_goods` WHERE `title` = 'å„¿ç«¥æ¤…' AND `index_show` = 1 ORDER BY id desc  [ RunTime:0.0016s ]
SQL: SELECT * FROM `jj_goods` WHERE `title` = 'æ´—è„¸æ± æŸœ' AND `index_show` = 1 ORDER BY id desc  [ RunTime:0.0019s ]
SQL: SELECT * FROM `jj_goods` WHERE `title` = 'æ´—è„¸æ± åº•æŸœ' AND `index_show` = 1 ORDER BY id desc  [ RunTime:0.0017s ]
SQL: SELECT * FROM `jj_goods` WHERE `title` = 'é«˜æŸœ' AND `index_show` = 1 ORDER BY id desc  [ RunTime:0.0018s ]
SQL: SELECT * FROM `jj_goods` WHERE `title` = 'é•œæŸœ' AND `index_show` = 1 ORDER BY id desc  [ RunTime:0.0015s ]
SQL: SELECT * FROM `jj_goods` WHERE `title` = 'è¿žå£æŸœ' AND `index_show` = 1 ORDER BY id desc  [ RunTime:0.0015s ]
SQL: SELECT * FROM `jj_goods` WHERE `title` = 'æµ´å®¤è„šå‡³å’Œé•¿å‡³' AND `index_show` = 1 ORDER BY id desc  [ RunTime:0.0013s ]
SQL: SELECT * FROM `jj_goods` WHERE `title` = 'ææž¶å•å…ƒ' AND `index_show` = 1 ORDER BY id desc  [ RunTime:0.0012s ]
SQL: SELECT * FROM `jj_goods` WHERE `title` = 'æµ´å®¤æŽ¨è½¦' AND `index_show` = 1 ORDER BY id desc  [ RunTime:0.0012s ]
SQL: SELECT * FROM `jj_goods` WHERE `title` = 'æµ´å®¤é•œ' AND `index_show` = 1 ORDER BY id desc  [ RunTime:0.0012s ]
SQL: SELECT * FROM `jj_goods` WHERE `title` = 'é•œæŸœ' AND `index_show` = 1 ORDER BY id desc  [ RunTime:0.0013s ]
SQL: SELECT * FROM `jj_goods` WHERE `title` = 'æ¢³å¦†é•œ' AND `index_show` = 1 ORDER BY id desc  [ RunTime:0.0013s ]
SQL: SELECT * FROM `jj_goods` WHERE `title` = 'æ¯›å·¾' AND `index_show` = 1 ORDER BY id desc  [ RunTime:0.0013s ]
SQL: SELECT * FROM `jj_goods` WHERE `title` = 'æµ´å®¤é˜²æ»‘åž«' AND `index_show` = 1 ORDER BY id desc  [ RunTime:0.0014s ]
SQL: SELECT * FROM `jj_goods` WHERE `title` = 'æµ´å¸˜' AND `index_show` = 1 ORDER BY id desc  [ RunTime:0.0016s ]
SQL: SELECT * FROM `jj_goods` WHERE `title` = 'æ´—è„¸æ± é…ä»¶' AND `index_show` = 1 ORDER BY id desc  [ RunTime:0.0016s ]
SQL: SELECT * FROM `jj_goods` WHERE `title` = 'æ¯›å·¾æž¶' AND `index_show` = 1 ORDER BY id desc  [ RunTime:0.0012s ]
SQL: SELECT * FROM `jj_goods` WHERE `title` = 'æ²æµ´é…ä»¶' AND `index_show` = 1 ORDER BY id desc  [ RunTime:0.0012s ]
SQL: SELECT * FROM `jj_goods` WHERE `title` = 'æµ´å®¤é…ä»¶' AND `index_show` = 1 ORDER BY id desc  [ RunTime:0.0018s ]
SQL: SELECT * FROM `jj_goods` WHERE `title` = 'ææ¿' AND `index_show` = 1 ORDER BY id desc  [ RunTime:0.0013s ]
SQL: SELECT * FROM `jj_goods` WHERE `title` = 'å†…éƒ¨æ”¶è—ä»¶' AND `index_show` = 1 ORDER BY id desc  [ RunTime:0.0012s ]
SQL: SELECT * FROM `jj_goods` WHERE `title` = 'æµ´å®¤ç…§æ˜Ž' AND `index_show` = 1 ORDER BY id desc  [ RunTime:0.0012s ]
SQL: SELECT * FROM `jj_goods` WHERE `title` = 'æ´—è„¸æ± ' AND `index_show` = 1 ORDER BY id desc  [ RunTime:0.0013s ]
SQL: SELECT * FROM `jj_goods` WHERE `title` = 'æ°´é¾™å¤´' AND `index_show` = 1 ORDER BY id desc  [ RunTime:0.0013s ]
NOTIC: [8] Undefined index: cart D:\XAMPP\htdocs\myBS\J-home\Home\Controller\IndexController.class.php ç¬¬ 63 è¡Œ.
INFO: [ view_parse ] --START--
INFO: [ template_filter ] --START--
INFO: Run Behavior\ContentReplaceBehavior [ RunTime:0.000781s ]
INFO: [ template_filter ] --END-- [ RunTime:0.000986s ]
INFO: Run Behavior\ParseTemplateBehavior [ RunTime:0.134626s ]
INFO: [ view_parse ] --END-- [ RunTime:0.134847s ]
INFO: [ view_filter ] --START--
INFO: Run Behavior\WriteHtmlCacheBehavior [ RunTime:0.001077s ]
INFO: [ view_filter ] --END-- [ RunTime:0.001244s ]
INFO: [ app_end ] --START--
INFO: Run Behavior\ShowPageTraceBehavior [ RunTime:0.003870s ]
INFO: [ app_end ] --END-- [ RunTime:0.004561s ]

[ 2017-04-11T23:43:41+08:00 ] ::1 /myBS/
INFO: [ app_init ] --START--
INFO: Run Behavior\BuildLiteBehavior [ RunTime:0.000022s ]
INFO: [ app_init ] --END-- [ RunTime:0.000802s ]
INFO: [ app_begin ] --START--
INFO: Run Behavior\ReadHtmlCacheBehavior [ RunTime:0.001070s ]
INFO: [ app_begin ] --END-- [ RunTime:0.001210s ]
SQL: SHOW COLUMNS FROM `jj_class` [ RunTime:0.1928s ]
SQL: SHOW COLUMNS FROM `jj_goods` [ RunTime:0.0077s ]
SQL: SHOW COLUMNS FROM `jj_banner` [ RunTime:0.0069s ]
SQL: SELECT * FROM `jj_banner` WHERE ( position='å¤§å±' ) LIMIT 1   [ RunTime:0.0007s ]
SQL: SELECT * FROM `jj_banner` WHERE ( position='å®¢åŽ…' ) LIMIT 1   [ RunTime:0.0004s ]
SQL: SELECT * FROM `jj_banner` WHERE ( position='å§å®¤' ) LIMIT 1   [ RunTime:0.0007s ]
SQL: SELECT * FROM `jj_banner` WHERE ( position='åŽ¨æˆ¿' ) LIMIT 1   [ RunTime:0.0005s ]
SQL: SELECT * FROM `jj_banner` WHERE ( position='é¤åŽ…' ) LIMIT 1   [ RunTime:0.0005s ]
SQL: SELECT * FROM `jj_banner` WHERE ( position='æµ´å®¤' ) LIMIT 1   [ RunTime:0.0005s ]
SQL: SELECT * FROM `jj_class`  [ RunTime:0.0019s ]
SQL: SELECT `title` FROM `jj_class` WHERE ( `id` > 44 AND `id` < 80  )  [ RunTime:0.0017s ]
SQL: SELECT `title` FROM `jj_class` WHERE ( `id` > 79 AND `id` < 122  )  [ RunTime:0.0012s ]
SQL: SELECT `title` FROM `jj_class` WHERE ( `id` > 121 AND `id` < 149  )  [ RunTime:0.0011s ]
SQL: SELECT `title` FROM `jj_class` WHERE ( `id` > 148 AND `id` < 175  )  [ RunTime:0.0008s ]
SQL: SELECT `title` FROM `jj_class` WHERE ( `id` > 174 AND `id` < 198  )  [ RunTime:0.0007s ]
SQL: SELECT * FROM `jj_goods` WHERE `title` = 'å¸ƒè‰ºæ²™å‘' AND `index_show` = 1 ORDER BY id desc  [ RunTime:0.0011s ]
SQL: SELECT * FROM `jj_goods` WHERE `title` = 'çš®æ²™å‘å’Œäººé€ é©æ²™å‘' AND `index_show` = 1 ORDER BY id desc  [ RunTime:0.0009s ]
SQL: SELECT * FROM `jj_goods` WHERE `title` = 'æ²™å‘åºŠ' AND `index_show` = 1 ORDER BY id desc  [ RunTime:0.0008s ]
SQL: SELECT * FROM `jj_goods` WHERE `title` = 'ç»„åˆæ²™å‘' AND `index_show` = 1 ORDER BY id desc  [ RunTime:0.0012s ]
SQL: SELECT * FROM `jj_goods` WHERE `title` = 'è´µå¦ƒæ¤…' AND `index_show` = 1 ORDER BY id desc  [ RunTime:0.0008s ]
SQL: SELECT * FROM `jj_goods` WHERE `title` = 'è„šè¹¬å’ŒçŸ®å‡³' AND `index_show` = 1 ORDER BY id desc  [ RunTime:0.0008s ]
SQL: SELECT * FROM `jj_goods` WHERE `title` = 'å•äººæ²™å‘å’Œæ‰¶æ‰‹æ¤…' AND `index_show` = 1 ORDER BY id desc  [ RunTime:0.0013s ]
SQL: SELECT * FROM `jj_goods` WHERE `title` = 'å¤‡ç”¨æ²™å‘å¥—' AND `index_show` = 1 ORDER BY id desc  [ RunTime:0.0008s ]
SQL: SELECT * FROM `jj_goods` WHERE `title` = 'ä¹¦æŸœ' AND `index_show` = 1 ORDER BY id desc  [ RunTime:0.0005s ]
SQL: SELECT * FROM `jj_goods` WHERE `title` = 'å‚¨ç‰©ç³»åˆ—' AND `index_show` = 1 ORDER BY id desc  [ RunTime:0.0004s ]
SQL: SELECT * FROM `jj_goods` WHERE `title` = 'ææž¶å•å…ƒ' AND `index_show` = 1 ORDER BY id desc  [ RunTime:0.0005s ]
SQL: SELECT * FROM `jj_goods` WHERE `title` = 'è¿žå£ææ¿' AND `index_show` = 1 ORDER BY id desc  [ RunTime:0.0005s ]
SQL: SELECT * FROM `jj_goods` WHERE `title` = 'æ©±æŸœå’Œå±•ç¤ºæŸœ' AND `index_show` = 1 ORDER BY id desc  [ RunTime:0.0004s ]
SQL: SELECT * FROM `jj_goods` WHERE `title` = 'å‚¨ç‰©ç›’å’Œå‚¨ç‰©ç¯®' AND `index_show` = 1 ORDER BY id desc  [ RunTime:0.0005s ]
SQL: SELECT * FROM `jj_goods` WHERE `title` = 'é¤è¾¹æŸœå’Œé•¿å‡ ' AND `index_show` = 1 ORDER BY id desc  [ RunTime:0.0004s ]
SQL: SELECT * FROM `jj_goods` WHERE `title` = 'LEDç¯å…·' AND `index_show` = 1 ORDER BY id desc  [ RunTime:0.0004s ]
SQL: SELECT * FROM `jj_goods` WHERE `title` = 'å°ç¯' AND `index_show` = 1 ORDER BY id desc  [ RunTime:0.0004s ]
SQL: SELECT * FROM `jj_goods` WHERE `title` = 'è½åœ°ç¯' AND `index_show` = 1 ORDER BY id desc  [ RunTime:0.0006s ]
SQL: SELECT * FROM `jj_goods` WHERE `title` = 'é¡¶ç¯' AND `index_show` = 1 ORDER BY id desc  [ RunTime:0.0005s ]
SQL: SELECT * FROM `jj_goods` WHERE `title` = 'å†…ç½®ç…§æ˜Ž' AND `index_show` = 1 ORDER BY id desc  [ RunTime:0.0005s ]
SQL: SELECT * FROM `jj_goods` WHERE `title` = 'å£ç¯' AND `index_show` = 1 ORDER BY id desc  [ RunTime:0.0005s ]
SQL: SELECT * FROM `jj_goods` WHERE `title` = 'å°„ç¯' AND `index_show` = 1 ORDER BY id desc  [ RunTime:0.0005s ]
SQL: SELECT * FROM `jj_goods` WHERE `title` = 'ç¯ç½©ã€ç¯åº§å’Œç”µçº¿' AND `index_show` = 1 ORDER BY id desc  [ RunTime:0.0004s ]
SQL: SELECT * FROM `jj_goods` WHERE `title` = 'ç¯æ³¡å’Œé…ä»¶' AND `index_show` = 1 ORDER BY id desc  [ RunTime:0.0004s ]
SQL: SELECT * FROM `jj_goods` WHERE `title` = 'åœ°æ¯¯' AND `index_show` = 1 ORDER BY id desc  [ RunTime:0.0005s ]
SQL: SELECT * FROM `jj_goods` WHERE `title` = 'é åž«å’Œé åž«å¥—' AND `index_show` = 1 ORDER BY id desc  [ RunTime:0.0006s ]
SQL: SELECT * FROM `jj_goods` WHERE `title` = 'çª—å¸˜æ†å’Œè½¨é“' AND `index_show` = 1 ORDER BY id desc  [ RunTime:0.0006s ]
SQL: SELECT * FROM `jj_goods` WHERE `title` = 'çª—å¸˜å’Œç™¾å¶å¸˜' AND `index_show` = 1 ORDER BY id desc  [ RunTime:0.0005s ]
SQL: SELECT * FROM `jj_goods` WHERE `title` = 'æ¯¯å­å’Œä¼‘é—²æ¯¯' AND `index_show` = 1 ORDER BY id desc  [ RunTime:0.0006s ]
SQL: SELECT * FROM `jj_goods` WHERE `title` = 'å¸ƒæ–™å’Œç¼çº«ç”¨å“' AND `index_show` = 1 ORDER BY id desc  [ RunTime:0.0006s ]
SQL: SELECT * FROM `jj_goods` WHERE `title` = 'ç”µè§†æŸœ' AND `index_show` = 1 ORDER BY id desc  [ RunTime:0.0005s ]
SQL: SELECT * FROM `jj_goods` WHERE `title` = 'ç”µè§†åŠè§†å¬è®¾å¤‡å‚¨ç‰©' AND `index_show` = 1 ORDER BY id desc  [ RunTime:0.0006s ]
SQL: SELECT * FROM `jj_goods` WHERE `title` = 'èŒ¶å‡ ' AND `index_show` = 1 ORDER BY id desc  [ RunTime:0.0006s ]
SQL: SELECT * FROM `jj_goods` WHERE `title` = 'è¾¹æ¡Œ' AND `index_show` = 1 ORDER BY id desc  [ RunTime:0.0006s ]
SQL: SELECT * FROM `jj_goods` WHERE `title` = 'è§†å¬ç”¨å“å‚¨ç‰©å°' AND `index_show` = 1 ORDER BY id desc  [ RunTime:0.0006s ]
SQL: SELECT * FROM `jj_goods` WHERE `title` = 'åŒäººåºŠ' AND `index_show` = 1 ORDER BY id desc  [ RunTime:0.0007s ]
SQL: SELECT * FROM `jj_goods` WHERE `title` = 'å•äººåºŠ' AND `index_show` = 1 ORDER BY id desc  [ RunTime:0.0006s ]
SQL: SELECT * FROM `jj_goods` WHERE `title` = 'é«˜æž¶åºŠå’ŒåŒå±‚åºŠ' AND `index_show` = 1 ORDER BY id desc  [ RunTime:0.0007s ]
SQL: SELECT * FROM `jj_goods` WHERE `title` = 'å®¢åºŠå’Œåå§ä¸¤ç”¨åºŠ' AND `index_show` = 1 ORDER BY id desc  [ RunTime:0.0007s ]
SQL: SELECT * FROM `jj_goods` WHERE `title` = 'åºŠå¤´æ¿' AND `index_show` = 1 ORDER BY id desc  [ RunTime:0.0006s ]
SQL: SELECT * FROM `jj_goods` WHERE `title` = 'åºŠè¾¹æ¡Œ' AND `index_show` = 1 ORDER BY id desc  [ RunTime:0.0007s ]
SQL: SELECT * FROM `jj_goods` WHERE `title` = 'åºŠç”¨å‚¨ç‰©ä»¶' AND `index_show` = 1 ORDER BY id desc  [ RunTime:0.0006s ]
SQL: SELECT * FROM `jj_goods` WHERE `title` = 'æ³¡æ²«å’Œä¹³èƒ¶åºŠåž«' AND `index_show` = 1 ORDER BY id desc  [ RunTime:0.0007s ]
SQL: SELECT * FROM `jj_goods` WHERE `title` = 'å¼¹ç°§åºŠåž«' AND `index_show` = 1 ORDER BY id desc  [ RunTime:0.0009s ]
SQL: SELECT * FROM `jj_goods` WHERE `title` = 'æœ¨æ¡åºŠæ¿' AND `index_show` = 1 ORDER BY id desc  [ RunTime:0.0005s ]
SQL: SELECT * FROM `jj_goods` WHERE `title` = 'åºŠè¤¥' AND `index_show` = 1 ORDER BY id desc  [ RunTime:0.0006s ]
SQL: SELECT * FROM `jj_goods` WHERE `title` = 'åºŠåž«ä¿æŠ¤å¥—å’Œæž•å¥—' AND `index_show` = 1 ORDER BY id desc  [ RunTime:0.0006s ]
SQL: SELECT * FROM `jj_goods` WHERE `title` = 'è¡£æŸœ' AND `index_show` = 1 ORDER BY id desc  [ RunTime:0.0006s ]
SQL: SELECT * FROM `jj_goods` WHERE `title` = 'å›ºå®šå¼è¡£æŸœ' AND `index_show` = 1 ORDER BY id desc  [ RunTime:0.0005s ]
SQL: SELECT * FROM `jj_goods` WHERE `title` = 'å¼€æ”¾å¼è¡£æŸœ' AND `index_show` = 1 ORDER BY id desc  [ RunTime:0.0005s ]
SQL: SELECT * FROM `jj_goods` WHERE `title` = 'æŠ½å±‰æŸœ' AND `index_show` = 1 ORDER BY id desc  [ RunTime:0.0004s ]
SQL: SELECT * FROM `jj_goods` WHERE `title` = 'å¼€æ”¾å¼è¡£ç±»å‚¨ç‰©ç³»åˆ—' AND `index_show` = 1 ORDER BY id desc  [ RunTime:0.0004s ]
SQL: SELECT * FROM `jj_goods` WHERE `title` = 'åºŠç”¨å‚¨ç‰©ä»¶' AND `index_show` = 1 ORDER BY id desc  [ RunTime:0.0004s ]
SQL: SELECT * FROM `jj_goods` WHERE `title` = 'è¡£ç‰©å‚¨è—ä»¶' AND `index_show` = 1 ORDER BY id desc  [ RunTime:0.0005s ]
SQL: SELECT * FROM `jj_goods` WHERE `title` = 'æŒ‚é’©å’Œè¡£æž¶' AND `index_show` = 1 ORDER BY id desc  [ RunTime:0.0004s ]
SQL: SELECT * FROM `jj_goods` WHERE `title` = 'è¿žå£ææ¿' AND `index_show` = 1 ORDER BY id desc  [ RunTime:0.0005s ]
SQL: SELECT * FROM `jj_goods` WHERE `title` = 'æ¢³å¦†å°' AND `index_show` = 1 ORDER BY id desc  [ RunTime:0.0006s ]
SQL: SELECT * FROM `jj_goods` WHERE `title` = 'LEDç¯å…·' AND `index_show` = 1 ORDER BY id desc  [ RunTime:0.0008s ]
SQL: SELECT * FROM `jj_goods` WHERE `title` = 'å°ç¯' AND `index_show` = 1 ORDER BY id desc  [ RunTime:0.0010s ]
SQL: SELECT * FROM `jj_goods` WHERE `title` = 'è½åœ°ç¯' AND `index_show` = 1 ORDER BY id desc  [ RunTime:0.0007s ]
SQL: SELECT * FROM `jj_goods` WHERE `title` = 'é¡¶ç¯' AND `index_show` = 1 ORDER BY id desc  [ RunTime:0.0005s ]
SQL: SELECT * FROM `jj_goods` WHERE `title` = 'å†…ç½®ç…§æ˜Ž' AND `index_show` = 1 ORDER BY id desc  [ RunTime:0.0007s ]
SQL: SELECT * FROM `jj_goods` WHERE `title` = 'å£ç¯' AND `index_show` = 1 ORDER BY id desc  [ RunTime:0.0006s ]
SQL: SELECT * FROM `jj_goods` WHERE `title` = 'å°„ç¯' AND `index_show` = 1 ORDER BY id desc  [ RunTime:0.0005s ]
SQL: SELECT * FROM `jj_goods` WHERE `title` = 'ç¯ç½©ã€ç¯åº§å’Œç”µçº¿' AND `index_show` = 1 ORDER BY id desc  [ RunTime:0.0005s ]
SQL: SELECT * FROM `jj_goods` WHERE `title` = 'ç¯æ³¡å’Œé…ä»¶' AND `index_show` = 1 ORDER BY id desc  [ RunTime:0.0006s ]
SQL: SELECT * FROM `jj_goods` WHERE `title` = 'åºŠä¸Šç”¨å“' AND `index_show` = 1 ORDER BY id desc  [ RunTime:0.0006s ]
SQL: SELECT * FROM `jj_goods` WHERE `title` = 'è¢«å­' AND `index_show` = 1 ORDER BY id desc  [ RunTime:0.0006s ]
SQL: SELECT * FROM `jj_goods` WHERE `title` = 'æž•å¤´' AND `index_show` = 1 ORDER BY id desc  [ RunTime:0.0006s ]
SQL: SELECT * FROM `jj_goods` WHERE `title` = 'åºŠç½©' AND `index_show` = 1 ORDER BY id desc  [ RunTime:0.0006s ]
SQL: SELECT * FROM `jj_goods` WHERE `title` = 'åœ°æ¯¯' AND `index_show` = 1 ORDER BY id desc  [ RunTime:0.0006s ]
SQL: SELECT * FROM `jj_goods` WHERE `title` = 'æ¯¯å­å’Œä¼‘é—²æ¯¯' AND `index_show` = 1 ORDER BY id desc  [ RunTime:0.0006s ]
SQL: SELECT * FROM `jj_goods` WHERE `title` = 'é åž«å’Œé åž«å¥—' AND `index_show` = 1 ORDER BY id desc  [ RunTime:0.0006s ]
SQL: SELECT * FROM `jj_goods` WHERE `title` = 'çª—å¸˜å’Œç™¾å¶å¸˜' AND `index_show` = 1 ORDER BY id desc  [ RunTime:0.0007s ]
SQL: SELECT * FROM `jj_goods` WHERE `title` = 'çª—å¸˜æ†å’Œè½¨é“' AND `index_show` = 1 ORDER BY id desc  [ RunTime:0.0005s ]
SQL: SELECT * FROM `jj_goods` WHERE `title` = 'å¸ƒæ–™å’Œç¼çº«ç”¨å“' AND `index_show` = 1 ORDER BY id desc  [ RunTime:0.0004s ]
SQL: SELECT * FROM `jj_goods` WHERE `title` = 'é•œå­' AND `index_show` = 1 ORDER BY id desc  [ RunTime:0.0005s ]
SQL: SELECT * FROM `jj_goods` WHERE `title` = 'é—¨' AND `index_show` = 1 ORDER BY id desc  [ RunTime:0.0005s ]
SQL: SELECT * FROM `jj_goods` WHERE `title` = 'æŠ½å±‰å‰æ¿' AND `index_show` = 1 ORDER BY id desc  [ RunTime:0.0006s ]
SQL: SELECT * FROM `jj_goods` WHERE `title` = 'å£æŸœ' AND `index_show` = 1 ORDER BY id desc  [ RunTime:0.0004s ]
SQL: SELECT * FROM `jj_goods` WHERE `title` = 'é«˜æŸœ' AND `index_show` = 1 ORDER BY id desc  [ RunTime:0.0006s ]
SQL: SELECT * FROM `jj_goods` WHERE `title` = 'å†…ç½®ç”µå™¨å‚¨è—æŸœ' AND `index_show` = 1 ORDER BY id desc  [ RunTime:0.0005s ]
SQL: SELECT * FROM `jj_goods` WHERE `title` = 'å°æ¿å’Œè£…é¥°æ¡' AND `index_show` = 1 ORDER BY id desc  [ RunTime:0.0005s ]
SQL: SELECT * FROM `jj_goods` WHERE `title` = 'æ¡†æž¶ï¼ŒæŒ‚å¹²ï¼Œæ”¯è…¿å’Œåº•åº§' AND `index_show` = 1 ORDER BY id desc  [ RunTime:0.0006s ]
SQL: SELECT * FROM `jj_goods` WHERE `title` = 'ææ¿å’ŒæŠ½å±‰' AND `index_show` = 1 ORDER BY id desc  [ RunTime:0.0007s ]
SQL: SELECT * FROM `jj_goods` WHERE `title` = 'æŠ½å±‰éš”æ®µ' AND `index_show` = 1 ORDER BY id desc  [ RunTime:0.0006s ]
SQL: SELECT * FROM `jj_goods` WHERE `title` = 'æ¸…æ´æ”¶çº³ä»¶' AND `index_show` = 1 ORDER BY id desc  [ RunTime:0.0006s ]
SQL: SELECT * FROM `jj_goods` WHERE `title` = 'åžƒåœ¾åˆ†ç±»' AND `index_show` = 1 ORDER BY id desc  [ RunTime:0.0006s ]
SQL: SELECT * FROM `jj_goods` WHERE `title` = 'åˆå¶å’Œé˜»å°¼' AND `index_show` = 1 ORDER BY id desc  [ RunTime:0.0006s ]
SQL: SELECT * FROM `jj_goods` WHERE `title` = 'çƒ¤ç®±' AND `index_show` = 1 ORDER BY id desc  [ RunTime:0.0009s ]
SQL: SELECT * FROM `jj_goods` WHERE `title` = 'ç¶å…·' AND `index_show` = 1 ORDER BY id desc  [ RunTime:0.0006s ]
SQL: SELECT * FROM `jj_goods` WHERE `title` = 'å†°ç®±å’Œå†°æŸœ' AND `index_show` = 1 ORDER BY id desc  [ RunTime:0.0008s ]
SQL: SELECT * FROM `jj_goods` WHERE `title` = 'æŠ½æ²¹çƒŸæœºå’Œæ»¤å™¨' AND `index_show` = 1 ORDER BY id desc  [ RunTime:0.0006s ]
SQL: SELECT * FROM `jj_goods` WHERE `title` = 'åŽ¨æˆ¿æ“ä½œå°' AND `index_show` = 1 ORDER BY id desc  [ RunTime:0.0005s ]
SQL: SELECT * FROM `jj_goods` WHERE `title` = 'æ“ä½œå°é…ä»¶' AND `index_show` = 1 ORDER BY id desc  [ RunTime:0.0004s ]
SQL: SELECT * FROM `jj_goods` WHERE `title` = 'æ°´æ§½é™„ä»¶' AND `index_show` = 1 ORDER BY id desc  [ RunTime:0.0006s ]
SQL: SELECT * FROM `jj_goods` WHERE `title` = 'æ··åˆåž‹æ°´é¾™å¤´' AND `index_show` = 1 ORDER BY id desc  [ RunTime:0.0006s ]
SQL: SELECT * FROM `jj_goods` WHERE `title` = 'æ°´æ§½' AND `index_show` = 1 ORDER BY id desc  [ RunTime:0.0007s ]
SQL: SELECT * FROM `jj_goods` WHERE `title` = 'å¢™é¢å‚¨è—ä»¶' AND `index_show` = 1 ORDER BY id desc  [ RunTime:0.0007s ]
SQL: SELECT * FROM `jj_goods` WHERE `title` = 'è¿žå£ææ¿' AND `index_show` = 1 ORDER BY id desc  [ RunTime:0.0006s ]
SQL: SELECT * FROM `jj_goods` WHERE `title` = 'åŽ¨æˆ¿å²›å’Œæ‰‹æŽ¨è½¦' AND `index_show` = 1 ORDER BY id desc  [ RunTime:0.0007s ]
SQL: SELECT * FROM `jj_goods` WHERE `title` = 'è¸è„šå‡³å’Œæ¢¯å­' AND `index_show` = 1 ORDER BY id desc  [ RunTime:0.0006s ]
SQL: SELECT * FROM `jj_goods` WHERE `title` = 'é£Ÿå“å‚¨è—å®¤' AND `index_show` = 1 ORDER BY id desc  [ RunTime:0.0006s ]
SQL: SELECT * FROM `jj_goods` WHERE `title` = 'æ‹‰æ‰‹å’Œæ‹‰é’®' AND `index_show` = 1 ORDER BY id desc  [ RunTime:0.0006s ]
SQL: SELECT * FROM `jj_goods` WHERE `title` = '4äººåº§' AND `index_show` = 1 ORDER BY id desc  [ RunTime:0.0006s ]
SQL: SELECT * FROM `jj_goods` WHERE `title` = '6äººåº§' AND `index_show` = 1 ORDER BY id desc  [ RunTime:0.0007s ]
SQL: SELECT * FROM `jj_goods` WHERE `title` = '10äººåº§' AND `index_show` = 1 ORDER BY id desc  [ RunTime:0.0006s ]
SQL: SELECT * FROM `jj_goods` WHERE `title` = 'å¯åŠ é•¿æ¡Œ' AND `index_show` = 1 ORDER BY id desc  [ RunTime:0.0007s ]
SQL: SELECT * FROM `jj_goods` WHERE `title` = 'è¿žå£æ¡Œ' AND `index_show` = 1 ORDER BY id desc  [ RunTime:0.0006s ]
SQL: SELECT * FROM `jj_goods` WHERE `title` = 'é¤æ¡Œæ¡Œé¢å’Œåº•æž¶' AND `index_show` = 1 ORDER BY id desc  [ RunTime:0.0007s ]
SQL: SELECT * FROM `jj_goods` WHERE `title` = 'é¤æ¤…åº•æž¶' AND `index_show` = 1 ORDER BY id desc  [ RunTime:0.0006s ]
SQL: SELECT * FROM `jj_goods` WHERE `title` = 'é¤æ¤…å£³' AND `index_show` = 1 ORDER BY id desc  [ RunTime:0.0005s ]
SQL: SELECT * FROM `jj_goods` WHERE `title` = 'é¤æ¤…' AND `index_show` = 1 ORDER BY id desc  [ RunTime:0.0005s ]
SQL: SELECT * FROM `jj_goods` WHERE `title` = 'è½¯åž«å¼é¤æ¤…' AND `index_show` = 1 ORDER BY id desc  [ RunTime:0.0005s ]
SQL: SELECT * FROM `jj_goods` WHERE `title` = 'æŠ˜å æ¤…' AND `index_show` = 1 ORDER BY id desc  [ RunTime:0.0007s ]
SQL: SELECT * FROM `jj_goods` WHERE `title` = 'æ¤…å¥—' AND `index_show` = 1 ORDER BY id desc  [ RunTime:0.0006s ]
SQL: SELECT * FROM `jj_goods` WHERE `title` = 'é¤æ¡Œæ¤…çµ„2äººåº§' AND `index_show` = 1 ORDER BY id desc  [ RunTime:0.0006s ]
SQL: SELECT * FROM `jj_goods` WHERE `title` = 'é¤æ¡Œæ¤…çµ„4äººåº§' AND `index_show` = 1 ORDER BY id desc  [ RunTime:0.0006s ]
SQL: SELECT * FROM `jj_goods` WHERE `title` = 'é¤æ¡Œæ¤…çµ„6äººåº§' AND `index_show` = 1 ORDER BY id desc  [ RunTime:0.0006s ]
SQL: SELECT * FROM `jj_goods` WHERE `title` = 'æ©±æŸœ' AND `index_show` = 1 ORDER BY id desc  [ RunTime:0.0006s ]
SQL: SELECT * FROM `jj_goods` WHERE `title` = 'å±•ç¤ºæŸœ' AND `index_show` = 1 ORDER BY id desc  [ RunTime:0.0006s ]
SQL: SELECT * FROM `jj_goods` WHERE `title` = 'é¤å…·æŸœ' AND `index_show` = 1 ORDER BY id desc  [ RunTime:0.0008s ]
SQL: SELECT * FROM `jj_goods` WHERE `title` = 'å§æ¡Œ' AND `index_show` = 1 ORDER BY id desc  [ RunTime:0.0005s ]
SQL: SELECT * FROM `jj_goods` WHERE `title` = 'å§æ¤…' AND `index_show` = 1 ORDER BY id desc  [ RunTime:0.0006s ]
SQL: SELECT * FROM `jj_goods` WHERE `title` = 'å‡³å­' AND `index_show` = 1 ORDER BY id desc  [ RunTime:0.0005s ]
SQL: SELECT * FROM `jj_goods` WHERE `title` = 'é•¿å‡³' AND `index_show` = 1 ORDER BY id desc  [ RunTime:0.0004s ]
SQL: SELECT * FROM `jj_goods` WHERE `title` = 'å’–å•¡é¦†æ¤…å­' AND `index_show` = 1 ORDER BY id desc  [ RunTime:0.0004s ]
SQL: SELECT * FROM `jj_goods` WHERE `title` = 'å’–å•¡é¦†æ¡Œå­' AND `index_show` = 1 ORDER BY id desc  [ RunTime:0.0005s ]
SQL: SELECT * FROM `jj_goods` WHERE `title` = 'é«˜è„šæ¤…' AND `index_show` = 1 ORDER BY id desc  [ RunTime:0.0005s ]
SQL: SELECT * FROM `jj_goods` WHERE `title` = 'å„¿ç«¥æ¤…' AND `index_show` = 1 ORDER BY id desc  [ RunTime:0.0006s ]
SQL: SELECT * FROM `jj_goods` WHERE `title` = 'æ´—è„¸æ± æŸœ' AND `index_show` = 1 ORDER BY id desc  [ RunTime:0.0006s ]
SQL: SELECT * FROM `jj_goods` WHERE `title` = 'æ´—è„¸æ± åº•æŸœ' AND `index_show` = 1 ORDER BY id desc  [ RunTime:0.0006s ]
SQL: SELECT * FROM `jj_goods` WHERE `title` = 'é«˜æŸœ' AND `index_show` = 1 ORDER BY id desc  [ RunTime:0.0006s ]
SQL: SELECT * FROM `jj_goods` WHERE `title` = 'é•œæŸœ' AND `index_show` = 1 ORDER BY id desc  [ RunTime:0.0008s ]
SQL: SELECT * FROM `jj_goods` WHERE `title` = 'è¿žå£æŸœ' AND `index_show` = 1 ORDER BY id desc  [ RunTime:0.0004s ]
SQL: SELECT * FROM `jj_goods` WHERE `title` = 'æµ´å®¤è„šå‡³å’Œé•¿å‡³' AND `index_show` = 1 ORDER BY id desc  [ RunTime:0.0004s ]
SQL: SELECT * FROM `jj_goods` WHERE `title` = 'ææž¶å•å…ƒ' AND `index_show` = 1 ORDER BY id desc  [ RunTime:0.0005s ]
SQL: SELECT * FROM `jj_goods` WHERE `title` = 'æµ´å®¤æŽ¨è½¦' AND `index_show` = 1 ORDER BY id desc  [ RunTime:0.0006s ]
SQL: SELECT * FROM `jj_goods` WHERE `title` = 'æµ´å®¤é•œ' AND `index_show` = 1 ORDER BY id desc  [ RunTime:0.0006s ]
SQL: SELECT * FROM `jj_goods` WHERE `title` = 'é•œæŸœ' AND `index_show` = 1 ORDER BY id desc  [ RunTime:0.0006s ]
SQL: SELECT * FROM `jj_goods` WHERE `title` = 'æ¢³å¦†é•œ' AND `index_show` = 1 ORDER BY id desc  [ RunTime:0.0007s ]
SQL: SELECT * FROM `jj_goods` WHERE `title` = 'æ¯›å·¾' AND `index_show` = 1 ORDER BY id desc  [ RunTime:0.0007s ]
SQL: SELECT * FROM `jj_goods` WHERE `title` = 'æµ´å®¤é˜²æ»‘åž«' AND `index_show` = 1 ORDER BY id desc  [ RunTime:0.0006s ]
SQL: SELECT * FROM `jj_goods` WHERE `title` = 'æµ´å¸˜' AND `index_show` = 1 ORDER BY id desc  [ RunTime:0.0004s ]
SQL: SELECT * FROM `jj_goods` WHERE `title` = 'æ´—è„¸æ± é…ä»¶' AND `index_show` = 1 ORDER BY id desc  [ RunTime:0.0004s ]
SQL: SELECT * FROM `jj_goods` WHERE `title` = 'æ¯›å·¾æž¶' AND `index_show` = 1 ORDER BY id desc  [ RunTime:0.0005s ]
SQL: SELECT * FROM `jj_goods` WHERE `title` = 'æ²æµ´é…ä»¶' AND `index_show` = 1 ORDER BY id desc  [ RunTime:0.0006s ]
SQL: SELECT * FROM `jj_goods` WHERE `title` = 'æµ´å®¤é…ä»¶' AND `index_show` = 1 ORDER BY id desc  [ RunTime:0.0006s ]
SQL: SELECT * FROM `jj_goods` WHERE `title` = 'ææ¿' AND `index_show` = 1 ORDER BY id desc  [ RunTime:0.0006s ]
SQL: SELECT * FROM `jj_goods` WHERE `title` = 'å†…éƒ¨æ”¶è—ä»¶' AND `index_show` = 1 ORDER BY id desc  [ RunTime:0.0006s ]
SQL: SELECT * FROM `jj_goods` WHERE `title` = 'æµ´å®¤ç…§æ˜Ž' AND `index_show` = 1 ORDER BY id desc  [ RunTime:0.0006s ]
SQL: SELECT * FROM `jj_goods` WHERE `title` = 'æ´—è„¸æ± ' AND `index_show` = 1 ORDER BY id desc  [ RunTime:0.0007s ]
SQL: SELECT * FROM `jj_goods` WHERE `title` = 'æ°´é¾™å¤´' AND `index_show` = 1 ORDER BY id desc  [ RunTime:0.0006s ]
NOTIC: [8] Undefined index: cart D:\XAMPP\htdocs\myBS\J-home\Home\Controller\IndexController.class.php ç¬¬ 63 è¡Œ.
INFO: [ view_parse ] --START--
INFO: [ template_filter ] --START--
INFO: Run Behavior\ContentReplaceBehavior [ RunTime:0.000276s ]
INFO: [ template_filter ] --END-- [ RunTime:0.000346s ]
INFO: Run Behavior\ParseTemplateBehavior [ RunTime:0.039286s ]
INFO: [ view_parse ] --END-- [ RunTime:0.039405s ]
INFO: [ view_filter ] --START--
INFO: Run Behavior\WriteHtmlCacheBehavior [ RunTime:0.000459s ]
INFO: [ view_filter ] --END-- [ RunTime:0.000526s ]
INFO: [ app_end ] --START--
INFO: Run Behavior\ShowPageTraceBehavior [ RunTime:0.000861s ]
INFO: [ app_end ] --END-- [ RunTime:0.000966s ]

