[ 2017-03-17T08:11:31+08:00 ] ::1 /myBS/
INFO: [ app_init ] --START--
INFO: Run Behavior\BuildLiteBehavior [ RunTime:0.000057s ]
INFO: [ app_init ] --END-- [ RunTime:0.077807s ]
INFO: [ app_begin ] --START--
INFO: Run Behavior\ReadHtmlCacheBehavior [ RunTime:0.002310s ]
INFO: [ app_begin ] --END-- [ RunTime:0.002548s ]
SQL: SHOW COLUMNS FROM `jj_class` [ RunTime:0.3846s ]
SQL: SHOW COLUMNS FROM `jj_goods` [ RunTime:0.0272s ]
SQL: SHOW COLUMNS FROM `jj_banner` [ RunTime:0.0695s ]
SQL: SELECT * FROM `jj_banner` WHERE ( position='大屏' ) LIMIT 1   [ RunTime:0.0994s ]
SQL: SELECT * FROM `jj_banner` WHERE ( position='客厅' ) LIMIT 1   [ RunTime:0.0355s ]
SQL: SELECT * FROM `jj_banner` WHERE ( position='卧室' ) LIMIT 1   [ RunTime:0.0005s ]
SQL: SELECT * FROM `jj_banner` WHERE ( position='厨房' ) LIMIT 1   [ RunTime:0.0005s ]
SQL: SELECT * FROM `jj_banner` WHERE ( position='餐厅' ) LIMIT 1   [ RunTime:0.0007s ]
SQL: SELECT * FROM `jj_banner` WHERE ( position='浴室' ) LIMIT 1   [ RunTime:0.0007s ]
SQL: SELECT * FROM `jj_class`  [ RunTime:0.1260s ]
SQL: SELECT `title` FROM `jj_class` WHERE ( `id` > 44 AND `id` < 80  )  [ RunTime:0.0651s ]
SQL: SELECT * FROM `jj_goods` WHERE `title` = '布艺沙发' AND `index_show` = 1 ORDER BY id desc  [ RunTime:0.0878s ]
SQL: SELECT * FROM `jj_goods` WHERE `title` = '皮沙发和人造革沙发' AND `index_show` = 1 ORDER BY id desc  [ RunTime:0.0010s ]
SQL: SELECT * FROM `jj_goods` WHERE `title` = '沙发床' AND `index_show` = 1 ORDER BY id desc  [ RunTime:0.0009s ]
SQL: SELECT * FROM `jj_goods` WHERE `title` = '组合沙发' AND `index_show` = 1 ORDER BY id desc  [ RunTime:0.0022s ]
SQL: SELECT * FROM `jj_goods` WHERE `title` = '贵妃椅' AND `index_show` = 1 ORDER BY id desc  [ RunTime:0.0011s ]
SQL: SELECT * FROM `jj_goods` WHERE `title` = '脚蹬和矮凳' AND `index_show` = 1 ORDER BY id desc  [ RunTime:0.0010s ]
SQL: SELECT * FROM `jj_goods` WHERE `title` = '单人沙发和扶手椅' AND `index_show` = 1 ORDER BY id desc  [ RunTime:0.0011s ]
SQL: SELECT * FROM `jj_goods` WHERE `title` = '备用沙发套' AND `index_show` = 1 ORDER BY id desc  [ RunTime:0.0009s ]
SQL: SELECT * FROM `jj_goods` WHERE `title` = '书柜' AND `index_show` = 1 ORDER BY id desc  [ RunTime:0.0009s ]
SQL: SELECT * FROM `jj_goods` WHERE `title` = '储物系列' AND `index_show` = 1 ORDER BY id desc  [ RunTime:0.0009s ]
SQL: SELECT * FROM `jj_goods` WHERE `title` = '搁架单元' AND `index_show` = 1 ORDER BY id desc  [ RunTime:0.0009s ]
SQL: SELECT * FROM `jj_goods` WHERE `title` = '连壁搁板' AND `index_show` = 1 ORDER BY id desc  [ RunTime:0.0009s ]
SQL: SELECT * FROM `jj_goods` WHERE `title` = '橱柜和展示柜' AND `index_show` = 1 ORDER BY id desc  [ RunTime:0.0012s ]
SQL: SELECT * FROM `jj_goods` WHERE `title` = '储物盒和储物篮' AND `index_show` = 1 ORDER BY id desc  [ RunTime:0.0016s ]
SQL: SELECT * FROM `jj_goods` WHERE `title` = '餐边柜和长几' AND `index_show` = 1 ORDER BY id desc  [ RunTime:0.0010s ]
SQL: SELECT * FROM `jj_goods` WHERE `title` = 'LED灯具' AND `index_show` = 1 ORDER BY id desc  [ RunTime:0.0009s ]
SQL: SELECT * FROM `jj_goods` WHERE `title` = '台灯' AND `index_show` = 1 ORDER BY id desc  [ RunTime:0.0009s ]
SQL: SELECT * FROM `jj_goods` WHERE `title` = '落地灯' AND `index_show` = 1 ORDER BY id desc  [ RunTime:0.0009s ]
SQL: SELECT * FROM `jj_goods` WHERE `title` = '顶灯' AND `index_show` = 1 ORDER BY id desc  [ RunTime:0.0010s ]
SQL: SELECT * FROM `jj_goods` WHERE `title` = '内置照明' AND `index_show` = 1 ORDER BY id desc  [ RunTime:0.0009s ]
SQL: SELECT * FROM `jj_goods` WHERE `title` = '壁灯' AND `index_show` = 1 ORDER BY id desc  [ RunTime:0.0010s ]
SQL: SELECT * FROM `jj_goods` WHERE `title` = '射灯' AND `index_show` = 1 ORDER BY id desc  [ RunTime:0.0009s ]
SQL: SELECT * FROM `jj_goods` WHERE `title` = '灯罩、灯座和电线' AND `index_show` = 1 ORDER BY id desc  [ RunTime:0.0012s ]
SQL: SELECT * FROM `jj_goods` WHERE `title` = '灯泡和配件' AND `index_show` = 1 ORDER BY id desc  [ RunTime:0.0010s ]
SQL: SELECT * FROM `jj_goods` WHERE `title` = '地毯' AND `index_show` = 1 ORDER BY id desc  [ RunTime:0.0009s ]
SQL: SELECT * FROM `jj_goods` WHERE `title` = '靠垫和靠垫套' AND `index_show` = 1 ORDER BY id desc  [ RunTime:0.0010s ]
SQL: SELECT * FROM `jj_goods` WHERE `title` = '窗帘杆和轨道' AND `index_show` = 1 ORDER BY id desc  [ RunTime:0.0010s ]
SQL: SELECT * FROM `jj_goods` WHERE `title` = '窗帘和百叶帘' AND `index_show` = 1 ORDER BY id desc  [ RunTime:0.0010s ]
SQL: SELECT * FROM `jj_goods` WHERE `title` = '毯子和休闲毯' AND `index_show` = 1 ORDER BY id desc  [ RunTime:0.0010s ]
SQL: SELECT * FROM `jj_goods` WHERE `title` = '布料和缝纫用品' AND `index_show` = 1 ORDER BY id desc  [ RunTime:0.0010s ]
SQL: SELECT * FROM `jj_goods` WHERE `title` = '电视柜' AND `index_show` = 1 ORDER BY id desc  [ RunTime:0.0012s ]
SQL: SELECT * FROM `jj_goods` WHERE `title` = '电视及视听设备储物' AND `index_show` = 1 ORDER BY id desc  [ RunTime:0.0011s ]
SQL: SELECT * FROM `jj_goods` WHERE `title` = '茶几' AND `index_show` = 1 ORDER BY id desc  [ RunTime:0.0016s ]
SQL: SELECT * FROM `jj_goods` WHERE `title` = '边桌' AND `index_show` = 1 ORDER BY id desc  [ RunTime:0.0012s ]
SQL: SELECT * FROM `jj_goods` WHERE `title` = '视听用品储物台' AND `index_show` = 1 ORDER BY id desc  [ RunTime:0.0010s ]
NOTIC: [8] Undefined index: cart D:\XAMPP\htdocs\myBS\J-home\Home\Controller\IndexController.class.php 第 39 行.
INFO: [ view_parse ] --START--
INFO: [ template_filter ] --START--
INFO: Run Behavior\ContentReplaceBehavior [ RunTime:0.000716s ]
INFO: [ template_filter ] --END-- [ RunTime:0.000918s ]
INFO: Run Behavior\ParseTemplateBehavior [ RunTime:0.280842s ]
INFO: [ view_parse ] --END-- [ RunTime:0.281122s ]
INFO: [ view_filter ] --START--
INFO: Run Behavior\WriteHtmlCacheBehavior [ RunTime:0.025535s ]
INFO: [ view_filter ] --END-- [ RunTime:0.025782s ]
INFO: [ app_end ] --START--
INFO: Run Behavior\ShowPageTraceBehavior [ RunTime:0.019480s ]
INFO: [ app_end ] --END-- [ RunTime:0.019807s ]

[ 2017-03-17T10:25:16+08:00 ] ::1 /myBS/
INFO: [ app_init ] --START--
INFO: Run Behavior\BuildLiteBehavior [ RunTime:0.000069s ]
INFO: [ app_init ] --END-- [ RunTime:0.079357s ]
INFO: [ app_begin ] --START--
INFO: Run Behavior\ReadHtmlCacheBehavior [ RunTime:0.002309s ]
INFO: [ app_begin ] --END-- [ RunTime:0.002552s ]
SQL: SHOW COLUMNS FROM `jj_class` [ RunTime:0.1489s ]
SQL: SHOW COLUMNS FROM `jj_goods` [ RunTime:0.0817s ]
SQL: SHOW COLUMNS FROM `jj_banner` [ RunTime:0.0472s ]
SQL: SELECT * FROM `jj_banner` WHERE ( position='大屏' ) LIMIT 1   [ RunTime:0.0672s ]
SQL: SELECT * FROM `jj_banner` WHERE ( position='客厅' ) LIMIT 1   [ RunTime:0.0364s ]
SQL: SELECT * FROM `jj_banner` WHERE ( position='卧室' ) LIMIT 1   [ RunTime:0.0003s ]
SQL: SELECT * FROM `jj_banner` WHERE ( position='厨房' ) LIMIT 1   [ RunTime:0.0002s ]
SQL: SELECT * FROM `jj_banner` WHERE ( position='餐厅' ) LIMIT 1   [ RunTime:0.0004s ]
SQL: SELECT * FROM `jj_banner` WHERE ( position='浴室' ) LIMIT 1   [ RunTime:0.0004s ]
SQL: SELECT * FROM `jj_class`  [ RunTime:0.0188s ]
SQL: SELECT `title` FROM `jj_class` WHERE ( `id` > 44 AND `id` < 80  )  [ RunTime:0.0008s ]
SQL: SELECT * FROM `jj_goods` WHERE `title` = '布艺沙发' AND `index_show` = 1 ORDER BY id desc  [ RunTime:0.0782s ]
SQL: SELECT * FROM `jj_goods` WHERE `title` = '皮沙发和人造革沙发' AND `index_show` = 1 ORDER BY id desc  [ RunTime:0.0004s ]
SQL: SELECT * FROM `jj_goods` WHERE `title` = '沙发床' AND `index_show` = 1 ORDER BY id desc  [ RunTime:0.0003s ]
SQL: SELECT * FROM `jj_goods` WHERE `title` = '组合沙发' AND `index_show` = 1 ORDER BY id desc  [ RunTime:0.0221s ]
SQL: SELECT * FROM `jj_goods` WHERE `title` = '贵妃椅' AND `index_show` = 1 ORDER BY id desc  [ RunTime:0.0004s ]
SQL: SELECT * FROM `jj_goods` WHERE `title` = '脚蹬和矮凳' AND `index_show` = 1 ORDER BY id desc  [ RunTime:0.0003s ]
SQL: SELECT * FROM `jj_goods` WHERE `title` = '单人沙发和扶手椅' AND `index_show` = 1 ORDER BY id desc  [ RunTime:0.0003s ]
SQL: SELECT * FROM `jj_goods` WHERE `title` = '备用沙发套' AND `index_show` = 1 ORDER BY id desc  [ RunTime:0.0003s ]
SQL: SELECT * FROM `jj_goods` WHERE `title` = '书柜' AND `index_show` = 1 ORDER BY id desc  [ RunTime:0.0004s ]
SQL: SELECT * FROM `jj_goods` WHERE `title` = '储物系列' AND `index_show` = 1 ORDER BY id desc  [ RunTime:0.0005s ]
SQL: SELECT * FROM `jj_goods` WHERE `title` = '搁架单元' AND `index_show` = 1 ORDER BY id desc  [ RunTime:0.0005s ]
SQL: SELECT * FROM `jj_goods` WHERE `title` = '连壁搁板' AND `index_show` = 1 ORDER BY id desc  [ RunTime:0.0004s ]
SQL: SELECT * FROM `jj_goods` WHERE `title` = '橱柜和展示柜' AND `index_show` = 1 ORDER BY id desc  [ RunTime:0.0004s ]
SQL: SELECT * FROM `jj_goods` WHERE `title` = '储物盒和储物篮' AND `index_show` = 1 ORDER BY id desc  [ RunTime:0.0004s ]
SQL: SELECT * FROM `jj_goods` WHERE `title` = '餐边柜和长几' AND `index_show` = 1 ORDER BY id desc  [ RunTime:0.0003s ]
SQL: SELECT * FROM `jj_goods` WHERE `title` = 'LED灯具' AND `index_show` = 1 ORDER BY id desc  [ RunTime:0.0003s ]
SQL: SELECT * FROM `jj_goods` WHERE `title` = '台灯' AND `index_show` = 1 ORDER BY id desc  [ RunTime:0.0003s ]
SQL: SELECT * FROM `jj_goods` WHERE `title` = '落地灯' AND `index_show` = 1 ORDER BY id desc  [ RunTime:0.0003s ]
SQL: SELECT * FROM `jj_goods` WHERE `title` = '顶灯' AND `index_show` = 1 ORDER BY id desc  [ RunTime:0.0003s ]
SQL: SELECT * FROM `jj_goods` WHERE `title` = '内置照明' AND `index_show` = 1 ORDER BY id desc  [ RunTime:0.0003s ]
SQL: SELECT * FROM `jj_goods` WHERE `title` = '壁灯' AND `index_show` = 1 ORDER BY id desc  [ RunTime:0.0003s ]
SQL: SELECT * FROM `jj_goods` WHERE `title` = '射灯' AND `index_show` = 1 ORDER BY id desc  [ RunTime:0.0003s ]
SQL: SELECT * FROM `jj_goods` WHERE `title` = '灯罩、灯座和电线' AND `index_show` = 1 ORDER BY id desc  [ RunTime:0.0003s ]
SQL: SELECT * FROM `jj_goods` WHERE `title` = '灯泡和配件' AND `index_show` = 1 ORDER BY id desc  [ RunTime:0.0003s ]
SQL: SELECT * FROM `jj_goods` WHERE `title` = '地毯' AND `index_show` = 1 ORDER BY id desc  [ RunTime:0.0003s ]
SQL: SELECT * FROM `jj_goods` WHERE `title` = '靠垫和靠垫套' AND `index_show` = 1 ORDER BY id desc  [ RunTime:0.0003s ]
SQL: SELECT * FROM `jj_goods` WHERE `title` = '窗帘杆和轨道' AND `index_show` = 1 ORDER BY id desc  [ RunTime:0.0003s ]
SQL: SELECT * FROM `jj_goods` WHERE `title` = '窗帘和百叶帘' AND `index_show` = 1 ORDER BY id desc  [ RunTime:0.0003s ]
SQL: SELECT * FROM `jj_goods` WHERE `title` = '毯子和休闲毯' AND `index_show` = 1 ORDER BY id desc  [ RunTime:0.0003s ]
SQL: SELECT * FROM `jj_goods` WHERE `title` = '布料和缝纫用品' AND `index_show` = 1 ORDER BY id desc  [ RunTime:0.0004s ]
SQL: SELECT * FROM `jj_goods` WHERE `title` = '电视柜' AND `index_show` = 1 ORDER BY id desc  [ RunTime:0.0004s ]
SQL: SELECT * FROM `jj_goods` WHERE `title` = '电视及视听设备储物' AND `index_show` = 1 ORDER BY id desc  [ RunTime:0.0004s ]
SQL: SELECT * FROM `jj_goods` WHERE `title` = '茶几' AND `index_show` = 1 ORDER BY id desc  [ RunTime:0.0005s ]
SQL: SELECT * FROM `jj_goods` WHERE `title` = '边桌' AND `index_show` = 1 ORDER BY id desc  [ RunTime:0.0003s ]
SQL: SELECT * FROM `jj_goods` WHERE `title` = '视听用品储物台' AND `index_show` = 1 ORDER BY id desc  [ RunTime:0.0004s ]
NOTIC: [8] Undefined index: cart D:\XAMPP\htdocs\myBS\J-home\Home\Controller\IndexController.class.php 第 39 行.
INFO: [ view_parse ] --START--
INFO: [ template_filter ] --START--
INFO: Run Behavior\ContentReplaceBehavior [ RunTime:0.000502s ]
INFO: [ template_filter ] --END-- [ RunTime:0.000737s ]
INFO: Run Behavior\ParseTemplateBehavior [ RunTime:0.428934s ]
INFO: [ view_parse ] --END-- [ RunTime:0.429177s ]
INFO: [ view_filter ] --START--
INFO: Run Behavior\WriteHtmlCacheBehavior [ RunTime:0.053543s ]
INFO: [ view_filter ] --END-- [ RunTime:0.053700s ]
INFO: [ app_end ] --START--
INFO: Run Behavior\ShowPageTraceBehavior [ RunTime:0.118032s ]
INFO: [ app_end ] --END-- [ RunTime:0.118322s ]

[ 2017-03-17T10:25:49+08:00 ] ::1 /myBS/index.php/About/about.html
INFO: [ app_init ] --START--
INFO: Run Behavior\BuildLiteBehavior [ RunTime:0.000019s ]
INFO: [ app_init ] --END-- [ RunTime:0.000420s ]
INFO: [ app_begin ] --START--
INFO: Run Behavior\ReadHtmlCacheBehavior [ RunTime:0.000672s ]
INFO: [ app_begin ] --END-- [ RunTime:0.000751s ]
NOTIC: [8] Undefined index: cart D:\XAMPP\htdocs\myBS\J-home\Home\Controller\AboutController.class.php 第 6 行.
INFO: [ view_parse ] --START--
INFO: [ template_filter ] --START--
INFO: Run Behavior\ContentReplaceBehavior [ RunTime:0.000389s ]
INFO: [ template_filter ] --END-- [ RunTime:0.000763s ]
INFO: Run Behavior\ParseTemplateBehavior [ RunTime:0.050187s ]
INFO: [ view_parse ] --END-- [ RunTime:0.050422s ]
INFO: [ view_filter ] --START--
INFO: Run Behavior\WriteHtmlCacheBehavior [ RunTime:0.000993s ]
INFO: [ view_filter ] --END-- [ RunTime:0.001162s ]
INFO: [ app_end ] --START--
INFO: Run Behavior\ShowPageTraceBehavior [ RunTime:0.003511s ]
INFO: [ app_end ] --END-- [ RunTime:0.003801s ]

[ 2017-03-17T10:25:53+08:00 ] ::1 /myBS/index.php/Index/index.html
INFO: [ app_init ] --START--
INFO: Run Behavior\BuildLiteBehavior [ RunTime:0.000016s ]
INFO: [ app_init ] --END-- [ RunTime:0.000320s ]
INFO: [ app_begin ] --START--
INFO: Run Behavior\ReadHtmlCacheBehavior [ RunTime:0.000560s ]
INFO: [ app_begin ] --END-- [ RunTime:0.000674s ]
SQL: SHOW COLUMNS FROM `jj_class` [ RunTime:0.0100s ]
SQL: SHOW COLUMNS FROM `jj_goods` [ RunTime:0.0109s ]
SQL: SHOW COLUMNS FROM `jj_banner` [ RunTime:0.0093s ]
SQL: SELECT * FROM `jj_banner` WHERE ( position='大屏' ) LIMIT 1   [ RunTime:0.0010s ]
SQL: SELECT * FROM `jj_banner` WHERE ( position='客厅' ) LIMIT 1   [ RunTime:0.0008s ]
SQL: SELECT * FROM `jj_banner` WHERE ( position='卧室' ) LIMIT 1   [ RunTime:0.0008s ]
SQL: SELECT * FROM `jj_banner` WHERE ( position='厨房' ) LIMIT 1   [ RunTime:0.0008s ]
SQL: SELECT * FROM `jj_banner` WHERE ( position='餐厅' ) LIMIT 1   [ RunTime:0.0009s ]
SQL: SELECT * FROM `jj_banner` WHERE ( position='浴室' ) LIMIT 1   [ RunTime:0.0009s ]
SQL: SELECT * FROM `jj_class`  [ RunTime:0.0034s ]
SQL: SELECT `title` FROM `jj_class` WHERE ( `id` > 44 AND `id` < 80  )  [ RunTime:0.0018s ]
SQL: SELECT * FROM `jj_goods` WHERE `title` = '布艺沙发' AND `index_show` = 1 ORDER BY id desc  [ RunTime:0.0014s ]
SQL: SELECT * FROM `jj_goods` WHERE `title` = '皮沙发和人造革沙发' AND `index_show` = 1 ORDER BY id desc  [ RunTime:0.0010s ]
SQL: SELECT * FROM `jj_goods` WHERE `title` = '沙发床' AND `index_show` = 1 ORDER BY id desc  [ RunTime:0.0012s ]
SQL: SELECT * FROM `jj_goods` WHERE `title` = '组合沙发' AND `index_show` = 1 ORDER BY id desc  [ RunTime:0.0020s ]
SQL: SELECT * FROM `jj_goods` WHERE `title` = '贵妃椅' AND `index_show` = 1 ORDER BY id desc  [ RunTime:0.0011s ]
SQL: SELECT * FROM `jj_goods` WHERE `title` = '脚蹬和矮凳' AND `index_show` = 1 ORDER BY id desc  [ RunTime:0.0009s ]
SQL: SELECT * FROM `jj_goods` WHERE `title` = '单人沙发和扶手椅' AND `index_show` = 1 ORDER BY id desc  [ RunTime:0.0010s ]
SQL: SELECT * FROM `jj_goods` WHERE `title` = '备用沙发套' AND `index_show` = 1 ORDER BY id desc  [ RunTime:0.0012s ]
SQL: SELECT * FROM `jj_goods` WHERE `title` = '书柜' AND `index_show` = 1 ORDER BY id desc  [ RunTime:0.0009s ]
SQL: SELECT * FROM `jj_goods` WHERE `title` = '储物系列' AND `index_show` = 1 ORDER BY id desc  [ RunTime:0.0009s ]
SQL: SELECT * FROM `jj_goods` WHERE `title` = '搁架单元' AND `index_show` = 1 ORDER BY id desc  [ RunTime:0.0012s ]
SQL: SELECT * FROM `jj_goods` WHERE `title` = '连壁搁板' AND `index_show` = 1 ORDER BY id desc  [ RunTime:0.0014s ]
SQL: SELECT * FROM `jj_goods` WHERE `title` = '橱柜和展示柜' AND `index_show` = 1 ORDER BY id desc  [ RunTime:0.0010s ]
SQL: SELECT * FROM `jj_goods` WHERE `title` = '储物盒和储物篮' AND `index_show` = 1 ORDER BY id desc  [ RunTime:0.0009s ]
SQL: SELECT * FROM `jj_goods` WHERE `title` = '餐边柜和长几' AND `index_show` = 1 ORDER BY id desc  [ RunTime:0.0009s ]
SQL: SELECT * FROM `jj_goods` WHERE `title` = 'LED灯具' AND `index_show` = 1 ORDER BY id desc  [ RunTime:0.0010s ]
SQL: SELECT * FROM `jj_goods` WHERE `title` = '台灯' AND `index_show` = 1 ORDER BY id desc  [ RunTime:0.0010s ]
SQL: SELECT * FROM `jj_goods` WHERE `title` = '落地灯' AND `index_show` = 1 ORDER BY id desc  [ RunTime:0.0012s ]
SQL: SELECT * FROM `jj_goods` WHERE `title` = '顶灯' AND `index_show` = 1 ORDER BY id desc  [ RunTime:0.0009s ]
SQL: SELECT * FROM `jj_goods` WHERE `title` = '内置照明' AND `index_show` = 1 ORDER BY id desc  [ RunTime:0.0009s ]
SQL: SELECT * FROM `jj_goods` WHERE `title` = '壁灯' AND `index_show` = 1 ORDER BY id desc  [ RunTime:0.0010s ]
SQL: SELECT * FROM `jj_goods` WHERE `title` = '射灯' AND `index_show` = 1 ORDER BY id desc  [ RunTime:0.0009s ]
SQL: SELECT * FROM `jj_goods` WHERE `title` = '灯罩、灯座和电线' AND `index_show` = 1 ORDER BY id desc  [ RunTime:0.0010s ]
SQL: SELECT * FROM `jj_goods` WHERE `title` = '灯泡和配件' AND `index_show` = 1 ORDER BY id desc  [ RunTime:0.0010s ]
SQL: SELECT * FROM `jj_goods` WHERE `title` = '地毯' AND `index_show` = 1 ORDER BY id desc  [ RunTime:0.0010s ]
SQL: SELECT * FROM `jj_goods` WHERE `title` = '靠垫和靠垫套' AND `index_show` = 1 ORDER BY id desc  [ RunTime:0.0010s ]
SQL: SELECT * FROM `jj_goods` WHERE `title` = '窗帘杆和轨道' AND `index_show` = 1 ORDER BY id desc  [ RunTime:0.0010s ]
SQL: SELECT * FROM `jj_goods` WHERE `title` = '窗帘和百叶帘' AND `index_show` = 1 ORDER BY id desc  [ RunTime:0.0011s ]
SQL: SELECT * FROM `jj_goods` WHERE `title` = '毯子和休闲毯' AND `index_show` = 1 ORDER BY id desc  [ RunTime:0.0011s ]
SQL: SELECT * FROM `jj_goods` WHERE `title` = '布料和缝纫用品' AND `index_show` = 1 ORDER BY id desc  [ RunTime:0.0013s ]
SQL: SELECT * FROM `jj_goods` WHERE `title` = '电视柜' AND `index_show` = 1 ORDER BY id desc  [ RunTime:0.0011s ]
SQL: SELECT * FROM `jj_goods` WHERE `title` = '电视及视听设备储物' AND `index_show` = 1 ORDER BY id desc  [ RunTime:0.0009s ]
SQL: SELECT * FROM `jj_goods` WHERE `title` = '茶几' AND `index_show` = 1 ORDER BY id desc  [ RunTime:0.0009s ]
SQL: SELECT * FROM `jj_goods` WHERE `title` = '边桌' AND `index_show` = 1 ORDER BY id desc  [ RunTime:0.0009s ]
SQL: SELECT * FROM `jj_goods` WHERE `title` = '视听用品储物台' AND `index_show` = 1 ORDER BY id desc  [ RunTime:0.0009s ]
NOTIC: [8] Undefined index: cart D:\XAMPP\htdocs\myBS\J-home\Home\Controller\IndexController.class.php 第 39 行.
INFO: [ view_parse ] --START--
INFO: [ template_filter ] --START--
INFO: Run Behavior\ContentReplaceBehavior [ RunTime:0.000702s ]
INFO: [ template_filter ] --END-- [ RunTime:0.000911s ]
INFO: Run Behavior\ParseTemplateBehavior [ RunTime:0.108924s ]
INFO: [ view_parse ] --END-- [ RunTime:0.109149s ]
INFO: [ view_filter ] --START--
INFO: Run Behavior\WriteHtmlCacheBehavior [ RunTime:0.000846s ]
INFO: [ view_filter ] --END-- [ RunTime:0.001011s ]
INFO: [ app_end ] --START--
INFO: Run Behavior\ShowPageTraceBehavior [ RunTime:0.004532s ]
INFO: [ app_end ] --END-- [ RunTime:0.004892s ]

[ 2017-03-17T10:25:57+08:00 ] ::1 /myBS/index.php/List/lglist/room/%E5%AE%A2%E5%8E%85.html
INFO: [ app_init ] --START--
INFO: Run Behavior\BuildLiteBehavior [ RunTime:0.000016s ]
INFO: [ app_init ] --END-- [ RunTime:0.000352s ]
INFO: [ app_begin ] --START--
INFO: Run Behavior\ReadHtmlCacheBehavior [ RunTime:0.000419s ]
INFO: [ app_begin ] --END-- [ RunTime:0.000481s ]
SQL: SHOW COLUMNS FROM `jj_class` [ RunTime:0.0099s ]
SQL: SELECT * FROM `jj_class` WHERE ( title='客厅' ) LIMIT 1   [ RunTime:0.0008s ]
SQL: SELECT * FROM `jj_class`  [ RunTime:0.0026s ]
NOTIC: [8] Undefined index: cart D:\XAMPP\htdocs\myBS\J-home\Home\Controller\ListController.class.php 第 24 行.
INFO: [ view_parse ] --START--
INFO: [ template_filter ] --START--
INFO: Run Behavior\ContentReplaceBehavior [ RunTime:0.000323s ]
INFO: [ template_filter ] --END-- [ RunTime:0.000537s ]
INFO: Run Behavior\ParseTemplateBehavior [ RunTime:0.094469s ]
INFO: [ view_parse ] --END-- [ RunTime:0.094721s ]
INFO: [ view_filter ] --START--
INFO: Run Behavior\WriteHtmlCacheBehavior [ RunTime:0.000751s ]
INFO: [ view_filter ] --END-- [ RunTime:0.000923s ]
INFO: [ app_end ] --START--
INFO: Run Behavior\ShowPageTraceBehavior [ RunTime:0.002857s ]
INFO: [ app_end ] --END-- [ RunTime:0.003872s ]

[ 2017-03-17T10:26:04+08:00 ] ::1 /myBS/index.php/List/mdlist/title/%E5%B8%83%E8%89%BA%E6%B2%99%E5%8F%91.html
INFO: [ app_init ] --START--
INFO: Run Behavior\BuildLiteBehavior [ RunTime:0.000016s ]
INFO: [ app_init ] --END-- [ RunTime:0.000324s ]
INFO: [ app_begin ] --START--
INFO: Run Behavior\ReadHtmlCacheBehavior [ RunTime:0.000572s ]
INFO: [ app_begin ] --END-- [ RunTime:0.000706s ]
SQL: SHOW COLUMNS FROM `jj_list` [ RunTime:0.0616s ]
SQL: SHOW COLUMNS FROM `jj_goods` [ RunTime:0.0115s ]
SQL: SHOW COLUMNS FROM `jj_class` [ RunTime:0.0085s ]
SQL: SELECT * FROM `jj_list` WHERE ( title='布艺沙发' ) LIMIT 1   [ RunTime:0.0321s ]
SQL: SELECT * FROM `jj_goods` WHERE ( title='布艺沙发' )  [ RunTime:0.0022s ]
SQL: SELECT `pid` FROM `jj_class` WHERE ( title='布艺沙发' ) LIMIT 1   [ RunTime:0.0008s ]
SQL: SELECT * FROM `jj_class` WHERE ( id='6' ) LIMIT 1   [ RunTime:0.0009s ]
SQL: SELECT * FROM `jj_class` WHERE ( id='1' ) LIMIT 1   [ RunTime:0.0008s ]
NOTIC: [8] Undefined index: cart D:\XAMPP\htdocs\myBS\J-home\Home\Controller\ListController.class.php 第 49 行.
INFO: [ view_parse ] --START--
INFO: [ template_filter ] --START--
INFO: Run Behavior\ContentReplaceBehavior [ RunTime:0.000324s ]
INFO: [ template_filter ] --END-- [ RunTime:0.000612s ]
INFO: Run Behavior\ParseTemplateBehavior [ RunTime:0.080583s ]
INFO: [ view_parse ] --END-- [ RunTime:0.080856s ]
INFO: [ view_filter ] --START--
INFO: Run Behavior\WriteHtmlCacheBehavior [ RunTime:0.000799s ]
INFO: [ view_filter ] --END-- [ RunTime:0.000961s ]
INFO: [ app_end ] --START--
INFO: Run Behavior\ShowPageTraceBehavior [ RunTime:0.001863s ]
INFO: [ app_end ] --END-- [ RunTime:0.002124s ]

[ 2017-03-17T10:26:08+08:00 ] ::1 /myBS/index.php/Goods/good/name/%E5%A5%87%E7%BB%B4.html
INFO: [ app_init ] --START--
INFO: Run Behavior\BuildLiteBehavior [ RunTime:0.000016s ]
INFO: [ app_init ] --END-- [ RunTime:0.000318s ]
INFO: [ app_begin ] --START--
INFO: Run Behavior\ReadHtmlCacheBehavior [ RunTime:0.000418s ]
INFO: [ app_begin ] --END-- [ RunTime:0.000480s ]
SQL: SHOW COLUMNS FROM `jj_goods` [ RunTime:0.0090s ]
SQL: SHOW COLUMNS FROM `jj_class` [ RunTime:0.0087s ]
SQL: SHOW COLUMNS FROM `jj_goods_img` [ RunTime:0.0786s ]
SQL: SELECT * FROM `jj_goods` WHERE ( name='奇维' ) LIMIT 1   [ RunTime:0.0012s ]
SQL: SELECT `title` FROM `jj_goods` WHERE ( name='奇维' ) LIMIT 1   [ RunTime:0.0007s ]
SQL: SELECT `pid` FROM `jj_class` WHERE ( title='布艺沙发' ) LIMIT 1   [ RunTime:0.0009s ]
SQL: SELECT * FROM `jj_class` WHERE ( id='6' ) LIMIT 1   [ RunTime:0.0007s ]
SQL: SELECT * FROM `jj_class` WHERE ( id='1' ) LIMIT 1   [ RunTime:0.0007s ]
SQL: SELECT `title`,`img` FROM `jj_class` WHERE ( pid='6' ) LIMIT 0,6   [ RunTime:0.0213s ]
SQL: SELECT `id` FROM `jj_goods` WHERE ( name='奇维' ) LIMIT 1   [ RunTime:0.0008s ]
SQL: SELECT `pic1`,`pic2`,`pic3`,`pic4`,`pic5`,`pic6`,`pic7` FROM `jj_goods_img` WHERE ( id='2' )  [ RunTime:0.0152s ]
SQL: SELECT `guige1_text` FROM `jj_goods` WHERE ( name='奇维' ) LIMIT 1   [ RunTime:0.0008s ]
SQL: SELECT `guige2_text` FROM `jj_goods` WHERE ( name='奇维' ) LIMIT 1   [ RunTime:0.0010s ]
SQL: SELECT `guige3_text` FROM `jj_goods` WHERE ( name='奇维' ) LIMIT 1   [ RunTime:0.0010s ]
NOTIC: [8] Undefined index: cart D:\XAMPP\htdocs\myBS\J-home\Home\Controller\GoodsController.class.php 第 46 行.
INFO: [ view_parse ] --START--
INFO: [ template_filter ] --START--
INFO: Run Behavior\ContentReplaceBehavior [ RunTime:0.000607s ]
INFO: [ template_filter ] --END-- [ RunTime:0.000866s ]
INFO: Run Behavior\ParseTemplateBehavior [ RunTime:0.066417s ]
INFO: [ view_parse ] --END-- [ RunTime:0.066661s ]
INFO: [ view_filter ] --START--
INFO: Run Behavior\WriteHtmlCacheBehavior [ RunTime:0.000785s ]
INFO: [ view_filter ] --END-- [ RunTime:0.000945s ]
INFO: [ app_end ] --START--
INFO: Run Behavior\ShowPageTraceBehavior [ RunTime:0.002802s ]
INFO: [ app_end ] --END-- [ RunTime:0.003070s ]

[ 2017-03-17T10:26:13+08:00 ] ::1 /myBS/index.php/Goods/show_bill.html
INFO: [ app_init ] --START--
INFO: Run Behavior\BuildLiteBehavior [ RunTime:0.000015s ]
INFO: [ app_init ] --END-- [ RunTime:0.000356s ]
INFO: [ app_begin ] --START--
INFO: Run Behavior\ReadHtmlCacheBehavior [ RunTime:0.000517s ]
INFO: [ app_begin ] --END-- [ RunTime:0.000576s ]

[ 2017-03-17T10:26:17+08:00 ] ::1 /myBS/index.php/List/mdlist/title/%E5%B8%83%E8%89%BA%E6%B2%99%E5%8F%91.html
INFO: [ app_init ] --START--
INFO: Run Behavior\BuildLiteBehavior [ RunTime:0.000032s ]
INFO: [ app_init ] --END-- [ RunTime:0.000660s ]
INFO: [ app_begin ] --START--
INFO: Run Behavior\ReadHtmlCacheBehavior [ RunTime:0.000845s ]
INFO: [ app_begin ] --END-- [ RunTime:0.000973s ]
SQL: SHOW COLUMNS FROM `jj_list` [ RunTime:0.0084s ]
SQL: SHOW COLUMNS FROM `jj_goods` [ RunTime:0.0089s ]
SQL: SHOW COLUMNS FROM `jj_class` [ RunTime:0.0098s ]
SQL: SELECT * FROM `jj_list` WHERE ( title='布艺沙发' ) LIMIT 1   [ RunTime:0.0009s ]
SQL: SELECT * FROM `jj_goods` WHERE ( title='布艺沙发' )  [ RunTime:0.0018s ]
SQL: SELECT `pid` FROM `jj_class` WHERE ( title='布艺沙发' ) LIMIT 1   [ RunTime:0.0007s ]
SQL: SELECT * FROM `jj_class` WHERE ( id='6' ) LIMIT 1   [ RunTime:0.0007s ]
SQL: SELECT * FROM `jj_class` WHERE ( id='1' ) LIMIT 1   [ RunTime:0.0010s ]
INFO: [ view_parse ] --START--
INFO: [ template_filter ] --START--
INFO: Run Behavior\ContentReplaceBehavior [ RunTime:0.000309s ]
INFO: [ template_filter ] --END-- [ RunTime:0.000514s ]
INFO: Run Behavior\ParseTemplateBehavior [ RunTime:0.033989s ]
INFO: [ view_parse ] --END-- [ RunTime:0.034214s ]
INFO: [ view_filter ] --START--
INFO: Run Behavior\WriteHtmlCacheBehavior [ RunTime:0.001104s ]
INFO: [ view_filter ] --END-- [ RunTime:0.001269s ]
INFO: [ app_end ] --START--
INFO: Run Behavior\ShowPageTraceBehavior [ RunTime:0.002509s ]
INFO: [ app_end ] --END-- [ RunTime:0.002788s ]

[ 2017-03-17T10:26:18+08:00 ] ::1 /myBS/index.php/Goods/bill.html
INFO: [ app_init ] --START--
INFO: Run Behavior\BuildLiteBehavior [ RunTime:0.000017s ]
INFO: [ app_init ] --END-- [ RunTime:0.000321s ]
INFO: [ app_begin ] --START--
INFO: Run Behavior\ReadHtmlCacheBehavior [ RunTime:0.000430s ]
INFO: [ app_begin ] --END-- [ RunTime:0.000493s ]
INFO: [ view_parse ] --START--
INFO: [ template_filter ] --START--
INFO: Run Behavior\ContentReplaceBehavior [ RunTime:0.000336s ]
INFO: [ template_filter ] --END-- [ RunTime:0.000502s ]
INFO: Run Behavior\ParseTemplateBehavior [ RunTime:0.071742s ]
INFO: [ view_parse ] --END-- [ RunTime:0.071881s ]
INFO: [ view_filter ] --START--
INFO: Run Behavior\WriteHtmlCacheBehavior [ RunTime:0.000574s ]
INFO: [ view_filter ] --END-- [ RunTime:0.000701s ]
INFO: [ app_end ] --START--
INFO: Run Behavior\ShowPageTraceBehavior [ RunTime:0.001597s ]
INFO: [ app_end ] --END-- [ RunTime:0.001812s ]

[ 2017-03-17T10:27:13+08:00 ] ::1 /myBS/
INFO: [ app_init ] --START--
INFO: Run Behavior\BuildLiteBehavior [ RunTime:0.000021s ]
INFO: [ app_init ] --END-- [ RunTime:0.000382s ]
INFO: [ app_begin ] --START--
INFO: Run Behavior\ReadHtmlCacheBehavior [ RunTime:0.000436s ]
INFO: [ app_begin ] --END-- [ RunTime:0.000499s ]
SQL: SHOW COLUMNS FROM `jj_class` [ RunTime:0.0087s ]
SQL: SHOW COLUMNS FROM `jj_goods` [ RunTime:0.0101s ]
SQL: SHOW COLUMNS FROM `jj_banner` [ RunTime:0.0099s ]
SQL: SELECT * FROM `jj_banner` WHERE ( position='大屏' ) LIMIT 1   [ RunTime:0.0009s ]
SQL: SELECT * FROM `jj_banner` WHERE ( position='客厅' ) LIMIT 1   [ RunTime:0.0007s ]
SQL: SELECT * FROM `jj_banner` WHERE ( position='卧室' ) LIMIT 1   [ RunTime:0.0007s ]
SQL: SELECT * FROM `jj_banner` WHERE ( position='厨房' ) LIMIT 1   [ RunTime:0.0007s ]
SQL: SELECT * FROM `jj_banner` WHERE ( position='餐厅' ) LIMIT 1   [ RunTime:0.0007s ]
SQL: SELECT * FROM `jj_banner` WHERE ( position='浴室' ) LIMIT 1   [ RunTime:0.0007s ]
SQL: SELECT * FROM `jj_class`  [ RunTime:0.0029s ]
SQL: SELECT `title` FROM `jj_class` WHERE ( `id` > 44 AND `id` < 80  )  [ RunTime:0.0022s ]
SQL: SELECT * FROM `jj_goods` WHERE `title` = '布艺沙发' AND `index_show` = 1 ORDER BY id desc  [ RunTime:0.0013s ]
SQL: SELECT * FROM `jj_goods` WHERE `title` = '皮沙发和人造革沙发' AND `index_show` = 1 ORDER BY id desc  [ RunTime:0.0009s ]
SQL: SELECT * FROM `jj_goods` WHERE `title` = '沙发床' AND `index_show` = 1 ORDER BY id desc  [ RunTime:0.0009s ]
SQL: SELECT * FROM `jj_goods` WHERE `title` = '组合沙发' AND `index_show` = 1 ORDER BY id desc  [ RunTime:0.0017s ]
SQL: SELECT * FROM `jj_goods` WHERE `title` = '贵妃椅' AND `index_show` = 1 ORDER BY id desc  [ RunTime:0.0011s ]
SQL: SELECT * FROM `jj_goods` WHERE `title` = '脚蹬和矮凳' AND `index_show` = 1 ORDER BY id desc  [ RunTime:0.0010s ]
SQL: SELECT * FROM `jj_goods` WHERE `title` = '单人沙发和扶手椅' AND `index_show` = 1 ORDER BY id desc  [ RunTime:0.0010s ]
SQL: SELECT * FROM `jj_goods` WHERE `title` = '备用沙发套' AND `index_show` = 1 ORDER BY id desc  [ RunTime:0.0010s ]
SQL: SELECT * FROM `jj_goods` WHERE `title` = '书柜' AND `index_show` = 1 ORDER BY id desc  [ RunTime:0.0010s ]
SQL: SELECT * FROM `jj_goods` WHERE `title` = '储物系列' AND `index_show` = 1 ORDER BY id desc  [ RunTime:0.0013s ]
SQL: SELECT * FROM `jj_goods` WHERE `title` = '搁架单元' AND `index_show` = 1 ORDER BY id desc  [ RunTime:0.0010s ]
SQL: SELECT * FROM `jj_goods` WHERE `title` = '连壁搁板' AND `index_show` = 1 ORDER BY id desc  [ RunTime:0.0009s ]
SQL: SELECT * FROM `jj_goods` WHERE `title` = '橱柜和展示柜' AND `index_show` = 1 ORDER BY id desc  [ RunTime:0.0009s ]
SQL: SELECT * FROM `jj_goods` WHERE `title` = '储物盒和储物篮' AND `index_show` = 1 ORDER BY id desc  [ RunTime:0.0010s ]
SQL: SELECT * FROM `jj_goods` WHERE `title` = '餐边柜和长几' AND `index_show` = 1 ORDER BY id desc  [ RunTime:0.0011s ]
SQL: SELECT * FROM `jj_goods` WHERE `title` = 'LED灯具' AND `index_show` = 1 ORDER BY id desc  [ RunTime:0.0010s ]
SQL: SELECT * FROM `jj_goods` WHERE `title` = '台灯' AND `index_show` = 1 ORDER BY id desc  [ RunTime:0.0009s ]
SQL: SELECT * FROM `jj_goods` WHERE `title` = '落地灯' AND `index_show` = 1 ORDER BY id desc  [ RunTime:0.0009s ]
SQL: SELECT * FROM `jj_goods` WHERE `title` = '顶灯' AND `index_show` = 1 ORDER BY id desc  [ RunTime:0.0009s ]
SQL: SELECT * FROM `jj_goods` WHERE `title` = '内置照明' AND `index_show` = 1 ORDER BY id desc  [ RunTime:0.0009s ]
SQL: SELECT * FROM `jj_goods` WHERE `title` = '壁灯' AND `index_show` = 1 ORDER BY id desc  [ RunTime:0.0009s ]
SQL: SELECT * FROM `jj_goods` WHERE `title` = '射灯' AND `index_show` = 1 ORDER BY id desc  [ RunTime:0.0009s ]
SQL: SELECT * FROM `jj_goods` WHERE `title` = '灯罩、灯座和电线' AND `index_show` = 1 ORDER BY id desc  [ RunTime:0.0009s ]
SQL: SELECT * FROM `jj_goods` WHERE `title` = '灯泡和配件' AND `index_show` = 1 ORDER BY id desc  [ RunTime:0.0011s ]
SQL: SELECT * FROM `jj_goods` WHERE `title` = '地毯' AND `index_show` = 1 ORDER BY id desc  [ RunTime:0.0009s ]
SQL: SELECT * FROM `jj_goods` WHERE `title` = '靠垫和靠垫套' AND `index_show` = 1 ORDER BY id desc  [ RunTime:0.0009s ]
SQL: SELECT * FROM `jj_goods` WHERE `title` = '窗帘杆和轨道' AND `index_show` = 1 ORDER BY id desc  [ RunTime:0.0009s ]
SQL: SELECT * FROM `jj_goods` WHERE `title` = '窗帘和百叶帘' AND `index_show` = 1 ORDER BY id desc  [ RunTime:0.0009s ]
SQL: SELECT * FROM `jj_goods` WHERE `title` = '毯子和休闲毯' AND `index_show` = 1 ORDER BY id desc  [ RunTime:0.0009s ]
SQL: SELECT * FROM `jj_goods` WHERE `title` = '布料和缝纫用品' AND `index_show` = 1 ORDER BY id desc  [ RunTime:0.0009s ]
SQL: SELECT * FROM `jj_goods` WHERE `title` = '电视柜' AND `index_show` = 1 ORDER BY id desc  [ RunTime:0.0009s ]
SQL: SELECT * FROM `jj_goods` WHERE `title` = '电视及视听设备储物' AND `index_show` = 1 ORDER BY id desc  [ RunTime:0.0009s ]
SQL: SELECT * FROM `jj_goods` WHERE `title` = '茶几' AND `index_show` = 1 ORDER BY id desc  [ RunTime:0.0009s ]
SQL: SELECT * FROM `jj_goods` WHERE `title` = '边桌' AND `index_show` = 1 ORDER BY id desc  [ RunTime:0.0014s ]
SQL: SELECT * FROM `jj_goods` WHERE `title` = '视听用品储物台' AND `index_show` = 1 ORDER BY id desc  [ RunTime:0.0012s ]
INFO: [ view_parse ] --START--
INFO: [ template_filter ] --START--
INFO: Run Behavior\ContentReplaceBehavior [ RunTime:0.000463s ]
INFO: [ template_filter ] --END-- [ RunTime:0.000599s ]
INFO: Run Behavior\ParseTemplateBehavior [ RunTime:0.089996s ]
INFO: [ view_parse ] --END-- [ RunTime:0.090173s ]
INFO: [ view_filter ] --START--
INFO: Run Behavior\WriteHtmlCacheBehavior [ RunTime:0.000547s ]
INFO: [ view_filter ] --END-- [ RunTime:0.000654s ]
INFO: [ app_end ] --START--
INFO: Run Behavior\ShowPageTraceBehavior [ RunTime:0.001297s ]
INFO: [ app_end ] --END-- [ RunTime:0.001447s ]

[ 2017-03-17T10:27:18+08:00 ] ::1 /myBS/index.php/About/about.html
INFO: [ app_init ] --START--
INFO: Run Behavior\BuildLiteBehavior [ RunTime:0.000016s ]
INFO: [ app_init ] --END-- [ RunTime:0.000317s ]
INFO: [ app_begin ] --START--
INFO: Run Behavior\ReadHtmlCacheBehavior [ RunTime:0.000419s ]
INFO: [ app_begin ] --END-- [ RunTime:0.000481s ]
INFO: [ view_parse ] --START--
INFO: [ template_filter ] --START--
INFO: Run Behavior\ContentReplaceBehavior [ RunTime:0.000121s ]
INFO: [ template_filter ] --END-- [ RunTime:0.000204s ]
INFO: Run Behavior\ParseTemplateBehavior [ RunTime:0.007484s ]
INFO: [ view_parse ] --END-- [ RunTime:0.007547s ]
INFO: [ view_filter ] --START--
INFO: Run Behavior\WriteHtmlCacheBehavior [ RunTime:0.000215s ]
INFO: [ view_filter ] --END-- [ RunTime:0.000267s ]
INFO: [ app_end ] --START--
INFO: Run Behavior\ShowPageTraceBehavior [ RunTime:0.000546s ]
INFO: [ app_end ] --END-- [ RunTime:0.000630s ]

[ 2017-03-17T10:27:27+08:00 ] ::1 /myBS/index.php/Design/design.html
INFO: [ app_init ] --START--
INFO: Run Behavior\BuildLiteBehavior [ RunTime:0.000016s ]
INFO: [ app_init ] --END-- [ RunTime:0.000316s ]
INFO: [ app_begin ] --START--
INFO: Run Behavior\ReadHtmlCacheBehavior [ RunTime:0.000969s ]
INFO: [ app_begin ] --END-- [ RunTime:0.001064s ]
SQL: SHOW COLUMNS FROM `jj_design` [ RunTime:0.0089s ]
SQL: SELECT * FROM `jj_design`  [ RunTime:0.0036s ]
INFO: [ view_parse ] --START--
INFO: [ template_filter ] --START--
INFO: Run Behavior\ContentReplaceBehavior [ RunTime:0.000363s ]
INFO: [ template_filter ] --END-- [ RunTime:0.000572s ]
INFO: Run Behavior\ParseTemplateBehavior [ RunTime:0.074092s ]
INFO: [ view_parse ] --END-- [ RunTime:0.074422s ]
INFO: [ view_filter ] --START--
INFO: Run Behavior\WriteHtmlCacheBehavior [ RunTime:0.000978s ]
INFO: [ view_filter ] --END-- [ RunTime:0.001163s ]
INFO: [ app_end ] --START--
INFO: Run Behavior\ShowPageTraceBehavior [ RunTime:0.001964s ]
INFO: [ app_end ] --END-- [ RunTime:0.002182s ]

[ 2017-03-17T15:13:36+08:00 ] ::1 /myBS/
INFO: [ app_init ] --START--
INFO: Run Behavior\BuildLiteBehavior [ RunTime:0.000019s ]
INFO: [ app_init ] --END-- [ RunTime:0.000451s ]
INFO: [ app_begin ] --START--
INFO: Run Behavior\ReadHtmlCacheBehavior [ RunTime:0.000752s ]
INFO: [ app_begin ] --END-- [ RunTime:0.000815s ]
SQL: SHOW COLUMNS FROM `jj_class` [ RunTime:0.0040s ]
SQL: SHOW COLUMNS FROM `jj_goods` [ RunTime:0.0041s ]
SQL: SHOW COLUMNS FROM `jj_banner` [ RunTime:0.0051s ]
SQL: SELECT * FROM `jj_banner` WHERE ( position='大屏' ) LIMIT 1   [ RunTime:0.0004s ]
SQL: SELECT * FROM `jj_banner` WHERE ( position='客厅' ) LIMIT 1   [ RunTime:0.0003s ]
SQL: SELECT * FROM `jj_banner` WHERE ( position='卧室' ) LIMIT 1   [ RunTime:0.0003s ]
SQL: SELECT * FROM `jj_banner` WHERE ( position='厨房' ) LIMIT 1   [ RunTime:0.0004s ]
SQL: SELECT * FROM `jj_banner` WHERE ( position='餐厅' ) LIMIT 1   [ RunTime:0.0004s ]
SQL: SELECT * FROM `jj_banner` WHERE ( position='浴室' ) LIMIT 1   [ RunTime:0.0004s ]
SQL: SELECT * FROM `jj_class`  [ RunTime:0.0009s ]
SQL: SELECT `title` FROM `jj_class` WHERE ( `id` > 44 AND `id` < 80  )  [ RunTime:0.0006s ]
SQL: SELECT * FROM `jj_goods` WHERE `title` = '布艺沙发' AND `index_show` = 1 ORDER BY id desc  [ RunTime:0.0005s ]
SQL: SELECT * FROM `jj_goods` WHERE `title` = '皮沙发和人造革沙发' AND `index_show` = 1 ORDER BY id desc  [ RunTime:0.0005s ]
SQL: SELECT * FROM `jj_goods` WHERE `title` = '沙发床' AND `index_show` = 1 ORDER BY id desc  [ RunTime:0.0006s ]
SQL: SELECT * FROM `jj_goods` WHERE `title` = '组合沙发' AND `index_show` = 1 ORDER BY id desc  [ RunTime:0.0010s ]
SQL: SELECT * FROM `jj_goods` WHERE `title` = '贵妃椅' AND `index_show` = 1 ORDER BY id desc  [ RunTime:0.0005s ]
SQL: SELECT * FROM `jj_goods` WHERE `title` = '脚蹬和矮凳' AND `index_show` = 1 ORDER BY id desc  [ RunTime:0.0007s ]
SQL: SELECT * FROM `jj_goods` WHERE `title` = '单人沙发和扶手椅' AND `index_show` = 1 ORDER BY id desc  [ RunTime:0.0005s ]
SQL: SELECT * FROM `jj_goods` WHERE `title` = '备用沙发套' AND `index_show` = 1 ORDER BY id desc  [ RunTime:0.0003s ]
SQL: SELECT * FROM `jj_goods` WHERE `title` = '书柜' AND `index_show` = 1 ORDER BY id desc  [ RunTime:0.0004s ]
SQL: SELECT * FROM `jj_goods` WHERE `title` = '储物系列' AND `index_show` = 1 ORDER BY id desc  [ RunTime:0.0004s ]
SQL: SELECT * FROM `jj_goods` WHERE `title` = '搁架单元' AND `index_show` = 1 ORDER BY id desc  [ RunTime:0.0004s ]
SQL: SELECT * FROM `jj_goods` WHERE `title` = '连壁搁板' AND `index_show` = 1 ORDER BY id desc  [ RunTime:0.0005s ]
SQL: SELECT * FROM `jj_goods` WHERE `title` = '橱柜和展示柜' AND `index_show` = 1 ORDER BY id desc  [ RunTime:0.0005s ]
SQL: SELECT * FROM `jj_goods` WHERE `title` = '储物盒和储物篮' AND `index_show` = 1 ORDER BY id desc  [ RunTime:0.0005s ]
SQL: SELECT * FROM `jj_goods` WHERE `title` = '餐边柜和长几' AND `index_show` = 1 ORDER BY id desc  [ RunTime:0.0005s ]
SQL: SELECT * FROM `jj_goods` WHERE `title` = 'LED灯具' AND `index_show` = 1 ORDER BY id desc  [ RunTime:0.0005s ]
SQL: SELECT * FROM `jj_goods` WHERE `title` = '台灯' AND `index_show` = 1 ORDER BY id desc  [ RunTime:0.0004s ]
SQL: SELECT * FROM `jj_goods` WHERE `title` = '落地灯' AND `index_show` = 1 ORDER BY id desc  [ RunTime:0.0005s ]
SQL: SELECT * FROM `jj_goods` WHERE `title` = '顶灯' AND `index_show` = 1 ORDER BY id desc  [ RunTime:0.0005s ]
SQL: SELECT * FROM `jj_goods` WHERE `title` = '内置照明' AND `index_show` = 1 ORDER BY id desc  [ RunTime:0.0005s ]
SQL: SELECT * FROM `jj_goods` WHERE `title` = '壁灯' AND `index_show` = 1 ORDER BY id desc  [ RunTime:0.0005s ]
SQL: SELECT * FROM `jj_goods` WHERE `title` = '射灯' AND `index_show` = 1 ORDER BY id desc  [ RunTime:0.0005s ]
SQL: SELECT * FROM `jj_goods` WHERE `title` = '灯罩、灯座和电线' AND `index_show` = 1 ORDER BY id desc  [ RunTime:0.0005s ]
SQL: SELECT * FROM `jj_goods` WHERE `title` = '灯泡和配件' AND `index_show` = 1 ORDER BY id desc  [ RunTime:0.0005s ]
SQL: SELECT * FROM `jj_goods` WHERE `title` = '地毯' AND `index_show` = 1 ORDER BY id desc  [ RunTime:0.0007s ]
SQL: SELECT * FROM `jj_goods` WHERE `title` = '靠垫和靠垫套' AND `index_show` = 1 ORDER BY id desc  [ RunTime:0.0005s ]
SQL: SELECT * FROM `jj_goods` WHERE `title` = '窗帘杆和轨道' AND `index_show` = 1 ORDER BY id desc  [ RunTime:0.0004s ]
SQL: SELECT * FROM `jj_goods` WHERE `title` = '窗帘和百叶帘' AND `index_show` = 1 ORDER BY id desc  [ RunTime:0.0003s ]
SQL: SELECT * FROM `jj_goods` WHERE `title` = '毯子和休闲毯' AND `index_show` = 1 ORDER BY id desc  [ RunTime:0.0003s ]
SQL: SELECT * FROM `jj_goods` WHERE `title` = '布料和缝纫用品' AND `index_show` = 1 ORDER BY id desc  [ RunTime:0.0003s ]
SQL: SELECT * FROM `jj_goods` WHERE `title` = '电视柜' AND `index_show` = 1 ORDER BY id desc  [ RunTime:0.0004s ]
SQL: SELECT * FROM `jj_goods` WHERE `title` = '电视及视听设备储物' AND `index_show` = 1 ORDER BY id desc  [ RunTime:0.0004s ]
SQL: SELECT * FROM `jj_goods` WHERE `title` = '茶几' AND `index_show` = 1 ORDER BY id desc  [ RunTime:0.0005s ]
SQL: SELECT * FROM `jj_goods` WHERE `title` = '边桌' AND `index_show` = 1 ORDER BY id desc  [ RunTime:0.0005s ]
SQL: SELECT * FROM `jj_goods` WHERE `title` = '视听用品储物台' AND `index_show` = 1 ORDER BY id desc  [ RunTime:0.0005s ]
NOTIC: [8] Undefined index: cart D:\XAMPP\htdocs\myBS\J-home\Home\Controller\IndexController.class.php 第 39 行.
INFO: [ view_parse ] --START--
INFO: [ template_filter ] --START--
INFO: Run Behavior\ContentReplaceBehavior [ RunTime:0.000218s ]
INFO: [ template_filter ] --END-- [ RunTime:0.000284s ]
INFO: Run Behavior\ParseTemplateBehavior [ RunTime:0.034393s ]
INFO: [ view_parse ] --END-- [ RunTime:0.034488s ]
INFO: [ view_filter ] --START--
INFO: Run Behavior\WriteHtmlCacheBehavior [ RunTime:0.000977s ]
INFO: [ view_filter ] --END-- [ RunTime:0.001040s ]
INFO: [ app_end ] --START--
INFO: Run Behavior\ShowPageTraceBehavior [ RunTime:0.001090s ]
INFO: [ app_end ] --END-- [ RunTime:0.001181s ]

[ 2017-03-17T15:14:42+08:00 ] ::1 /myBS/index.php/List/lglist/room/%E5%AE%A2%E5%8E%85.html
INFO: [ app_init ] --START--
INFO: Run Behavior\BuildLiteBehavior [ RunTime:0.000016s ]
INFO: [ app_init ] --END-- [ RunTime:0.000359s ]
INFO: [ app_begin ] --START--
INFO: Run Behavior\ReadHtmlCacheBehavior [ RunTime:0.000679s ]
INFO: [ app_begin ] --END-- [ RunTime:0.000744s ]
SQL: SHOW COLUMNS FROM `jj_class` [ RunTime:0.0116s ]
SQL: SELECT * FROM `jj_class` WHERE ( title='客厅' ) LIMIT 1   [ RunTime:0.0011s ]
SQL: SELECT * FROM `jj_class`  [ RunTime:0.0032s ]
NOTIC: [8] Undefined index: cart D:\XAMPP\htdocs\myBS\J-home\Home\Controller\ListController.class.php 第 24 行.
INFO: [ view_parse ] --START--
INFO: [ template_filter ] --START--
INFO: Run Behavior\ContentReplaceBehavior [ RunTime:0.000202s ]
INFO: [ template_filter ] --END-- [ RunTime:0.000332s ]
INFO: Run Behavior\ParseTemplateBehavior [ RunTime:0.036880s ]
INFO: [ view_parse ] --END-- [ RunTime:0.037045s ]
INFO: [ view_filter ] --START--
INFO: Run Behavior\WriteHtmlCacheBehavior [ RunTime:0.000985s ]
INFO: [ view_filter ] --END-- [ RunTime:0.001094s ]
INFO: [ app_end ] --START--
INFO: Run Behavior\ShowPageTraceBehavior [ RunTime:0.002405s ]
INFO: [ app_end ] --END-- [ RunTime:0.002621s ]

[ 2017-03-17T15:14:47+08:00 ] ::1 /myBS/index.php/List/mdlist/title/%E5%B8%83%E8%89%BA%E6%B2%99%E5%8F%91.html
INFO: [ app_init ] --START--
INFO: Run Behavior\BuildLiteBehavior [ RunTime:0.000016s ]
INFO: [ app_init ] --END-- [ RunTime:0.000359s ]
INFO: [ app_begin ] --START--
INFO: Run Behavior\ReadHtmlCacheBehavior [ RunTime:0.000718s ]
INFO: [ app_begin ] --END-- [ RunTime:0.000784s ]
SQL: SHOW COLUMNS FROM `jj_list` [ RunTime:0.0113s ]
SQL: SHOW COLUMNS FROM `jj_goods` [ RunTime:0.0112s ]
SQL: SHOW COLUMNS FROM `jj_class` [ RunTime:0.0094s ]
SQL: SELECT * FROM `jj_list` WHERE ( title='布艺沙发' ) LIMIT 1   [ RunTime:0.0009s ]
SQL: SELECT * FROM `jj_goods` WHERE ( title='布艺沙发' )  [ RunTime:0.0020s ]
SQL: SELECT `pid` FROM `jj_class` WHERE ( title='布艺沙发' ) LIMIT 1   [ RunTime:0.0007s ]
SQL: SELECT * FROM `jj_class` WHERE ( id='6' ) LIMIT 1   [ RunTime:0.0007s ]
SQL: SELECT * FROM `jj_class` WHERE ( id='1' ) LIMIT 1   [ RunTime:0.0007s ]
NOTIC: [8] Undefined index: cart D:\XAMPP\htdocs\myBS\J-home\Home\Controller\ListController.class.php 第 49 行.
INFO: [ view_parse ] --START--
INFO: [ template_filter ] --START--
INFO: Run Behavior\ContentReplaceBehavior [ RunTime:0.000310s ]
INFO: [ template_filter ] --END-- [ RunTime:0.000512s ]
INFO: Run Behavior\ParseTemplateBehavior [ RunTime:0.035331s ]
INFO: [ view_parse ] --END-- [ RunTime:0.035547s ]
INFO: [ view_filter ] --START--
INFO: Run Behavior\WriteHtmlCacheBehavior [ RunTime:0.001626s ]
INFO: [ view_filter ] --END-- [ RunTime:0.001794s ]
INFO: [ app_end ] --START--
INFO: Run Behavior\ShowPageTraceBehavior [ RunTime:0.006083s ]
INFO: [ app_end ] --END-- [ RunTime:0.006927s ]

[ 2017-03-17T15:14:57+08:00 ] ::1 /myBS/index.php/Goods/good/name/%E6%B3%B0%E8%BE%BE%E5%BC%97%E6%96%AF.html
INFO: [ app_init ] --START--
INFO: Run Behavior\BuildLiteBehavior [ RunTime:0.000029s ]
INFO: [ app_init ] --END-- [ RunTime:0.000873s ]
INFO: [ app_begin ] --START--
INFO: Run Behavior\ReadHtmlCacheBehavior [ RunTime:0.001241s ]
INFO: [ app_begin ] --END-- [ RunTime:0.001369s ]
SQL: SHOW COLUMNS FROM `jj_goods` [ RunTime:0.0089s ]
SQL: SHOW COLUMNS FROM `jj_class` [ RunTime:0.0088s ]
SQL: SHOW COLUMNS FROM `jj_goods_img` [ RunTime:0.0106s ]
SQL: SELECT * FROM `jj_goods` WHERE ( name='泰达弗斯' ) LIMIT 1   [ RunTime:0.0013s ]
SQL: SELECT `title` FROM `jj_goods` WHERE ( name='泰达弗斯' ) LIMIT 1   [ RunTime:0.0008s ]
SQL: SELECT `pid` FROM `jj_class` WHERE ( title='布艺沙发' ) LIMIT 1   [ RunTime:0.0011s ]
SQL: SELECT * FROM `jj_class` WHERE ( id='6' ) LIMIT 1   [ RunTime:0.0007s ]
SQL: SELECT * FROM `jj_class` WHERE ( id='1' ) LIMIT 1   [ RunTime:0.0007s ]
SQL: SELECT `title`,`img` FROM `jj_class` WHERE ( pid='6' ) LIMIT 0,6   [ RunTime:0.0008s ]
SQL: SELECT `id` FROM `jj_goods` WHERE ( name='泰达弗斯' ) LIMIT 1   [ RunTime:0.0007s ]
SQL: SELECT `pic1`,`pic2`,`pic3`,`pic4`,`pic5`,`pic6`,`pic7` FROM `jj_goods_img` WHERE ( id='8' )  [ RunTime:0.0008s ]
SQL: SELECT `guige1_text` FROM `jj_goods` WHERE ( name='泰达弗斯' ) LIMIT 1   [ RunTime:0.0007s ]
SQL: SELECT `guige2_text` FROM `jj_goods` WHERE ( name='泰达弗斯' ) LIMIT 1   [ RunTime:0.0007s ]
SQL: SELECT `guige3_text` FROM `jj_goods` WHERE ( name='泰达弗斯' ) LIMIT 1   [ RunTime:0.0007s ]
NOTIC: [8] Undefined index: cart D:\XAMPP\htdocs\myBS\J-home\Home\Controller\GoodsController.class.php 第 46 行.
INFO: [ view_parse ] --START--
INFO: [ template_filter ] --START--
INFO: Run Behavior\ContentReplaceBehavior [ RunTime:0.000525s ]
INFO: [ template_filter ] --END-- [ RunTime:0.000732s ]
INFO: Run Behavior\ParseTemplateBehavior [ RunTime:0.060468s ]
INFO: [ view_parse ] --END-- [ RunTime:0.060695s ]
INFO: [ view_filter ] --START--
INFO: Run Behavior\WriteHtmlCacheBehavior [ RunTime:0.001604s ]
INFO: [ view_filter ] --END-- [ RunTime:0.001775s ]
INFO: [ app_end ] --START--
INFO: Run Behavior\ShowPageTraceBehavior [ RunTime:0.003243s ]
INFO: [ app_end ] --END-- [ RunTime:0.003513s ]

[ 2017-03-17T15:15:14+08:00 ] ::1 /myBS/index.php/Index/index.html
INFO: [ app_init ] --START--
INFO: Run Behavior\BuildLiteBehavior [ RunTime:0.000016s ]
INFO: [ app_init ] --END-- [ RunTime:0.000394s ]
INFO: [ app_begin ] --START--
INFO: Run Behavior\ReadHtmlCacheBehavior [ RunTime:0.000630s ]
INFO: [ app_begin ] --END-- [ RunTime:0.000696s ]
SQL: SHOW COLUMNS FROM `jj_class` [ RunTime:0.0090s ]
SQL: SHOW COLUMNS FROM `jj_goods` [ RunTime:0.0100s ]
SQL: SHOW COLUMNS FROM `jj_banner` [ RunTime:0.0099s ]
SQL: SELECT * FROM `jj_banner` WHERE ( position='大屏' ) LIMIT 1   [ RunTime:0.0009s ]
SQL: SELECT * FROM `jj_banner` WHERE ( position='客厅' ) LIMIT 1   [ RunTime:0.0009s ]
SQL: SELECT * FROM `jj_banner` WHERE ( position='卧室' ) LIMIT 1   [ RunTime:0.0008s ]
SQL: SELECT * FROM `jj_banner` WHERE ( position='厨房' ) LIMIT 1   [ RunTime:0.0007s ]
SQL: SELECT * FROM `jj_banner` WHERE ( position='餐厅' ) LIMIT 1   [ RunTime:0.0008s ]
SQL: SELECT * FROM `jj_banner` WHERE ( position='浴室' ) LIMIT 1   [ RunTime:0.0008s ]
SQL: SELECT * FROM `jj_class`  [ RunTime:0.0030s ]
SQL: SELECT `title` FROM `jj_class` WHERE ( `id` > 44 AND `id` < 80  )  [ RunTime:0.0017s ]
SQL: SELECT * FROM `jj_goods` WHERE `title` = '布艺沙发' AND `index_show` = 1 ORDER BY id desc  [ RunTime:0.0014s ]
SQL: SELECT * FROM `jj_goods` WHERE `title` = '皮沙发和人造革沙发' AND `index_show` = 1 ORDER BY id desc  [ RunTime:0.0009s ]
SQL: SELECT * FROM `jj_goods` WHERE `title` = '沙发床' AND `index_show` = 1 ORDER BY id desc  [ RunTime:0.0009s ]
SQL: SELECT * FROM `jj_goods` WHERE `title` = '组合沙发' AND `index_show` = 1 ORDER BY id desc  [ RunTime:0.0017s ]
SQL: SELECT * FROM `jj_goods` WHERE `title` = '贵妃椅' AND `index_show` = 1 ORDER BY id desc  [ RunTime:0.0009s ]
SQL: SELECT * FROM `jj_goods` WHERE `title` = '脚蹬和矮凳' AND `index_show` = 1 ORDER BY id desc  [ RunTime:0.0009s ]
SQL: SELECT * FROM `jj_goods` WHERE `title` = '单人沙发和扶手椅' AND `index_show` = 1 ORDER BY id desc  [ RunTime:0.0010s ]
SQL: SELECT * FROM `jj_goods` WHERE `title` = '备用沙发套' AND `index_show` = 1 ORDER BY id desc  [ RunTime:0.0009s ]
SQL: SELECT * FROM `jj_goods` WHERE `title` = '书柜' AND `index_show` = 1 ORDER BY id desc  [ RunTime:0.0010s ]
SQL: SELECT * FROM `jj_goods` WHERE `title` = '储物系列' AND `index_show` = 1 ORDER BY id desc  [ RunTime:0.0010s ]
SQL: SELECT * FROM `jj_goods` WHERE `title` = '搁架单元' AND `index_show` = 1 ORDER BY id desc  [ RunTime:0.0009s ]
SQL: SELECT * FROM `jj_goods` WHERE `title` = '连壁搁板' AND `index_show` = 1 ORDER BY id desc  [ RunTime:0.0009s ]
SQL: SELECT * FROM `jj_goods` WHERE `title` = '橱柜和展示柜' AND `index_show` = 1 ORDER BY id desc  [ RunTime:0.0011s ]
SQL: SELECT * FROM `jj_goods` WHERE `title` = '储物盒和储物篮' AND `index_show` = 1 ORDER BY id desc  [ RunTime:0.0015s ]
SQL: SELECT * FROM `jj_goods` WHERE `title` = '餐边柜和长几' AND `index_show` = 1 ORDER BY id desc  [ RunTime:0.0010s ]
SQL: SELECT * FROM `jj_goods` WHERE `title` = 'LED灯具' AND `index_show` = 1 ORDER BY id desc  [ RunTime:0.0009s ]
SQL: SELECT * FROM `jj_goods` WHERE `title` = '台灯' AND `index_show` = 1 ORDER BY id desc  [ RunTime:0.0009s ]
SQL: SELECT * FROM `jj_goods` WHERE `title` = '落地灯' AND `index_show` = 1 ORDER BY id desc  [ RunTime:0.0010s ]
SQL: SELECT * FROM `jj_goods` WHERE `title` = '顶灯' AND `index_show` = 1 ORDER BY id desc  [ RunTime:0.0010s ]
SQL: SELECT * FROM `jj_goods` WHERE `title` = '内置照明' AND `index_show` = 1 ORDER BY id desc  [ RunTime:0.0009s ]
SQL: SELECT * FROM `jj_goods` WHERE `title` = '壁灯' AND `index_show` = 1 ORDER BY id desc  [ RunTime:0.0009s ]
SQL: SELECT * FROM `jj_goods` WHERE `title` = '射灯' AND `index_show` = 1 ORDER BY id desc  [ RunTime:0.0009s ]
SQL: SELECT * FROM `jj_goods` WHERE `title` = '灯罩、灯座和电线' AND `index_show` = 1 ORDER BY id desc  [ RunTime:0.0009s ]
SQL: SELECT * FROM `jj_goods` WHERE `title` = '灯泡和配件' AND `index_show` = 1 ORDER BY id desc  [ RunTime:0.0009s ]
SQL: SELECT * FROM `jj_goods` WHERE `title` = '地毯' AND `index_show` = 1 ORDER BY id desc  [ RunTime:0.0009s ]
SQL: SELECT * FROM `jj_goods` WHERE `title` = '靠垫和靠垫套' AND `index_show` = 1 ORDER BY id desc  [ RunTime:0.0010s ]
SQL: SELECT * FROM `jj_goods` WHERE `title` = '窗帘杆和轨道' AND `index_show` = 1 ORDER BY id desc  [ RunTime:0.0010s ]
SQL: SELECT * FROM `jj_goods` WHERE `title` = '窗帘和百叶帘' AND `index_show` = 1 ORDER BY id desc  [ RunTime:0.0010s ]
SQL: SELECT * FROM `jj_goods` WHERE `title` = '毯子和休闲毯' AND `index_show` = 1 ORDER BY id desc  [ RunTime:0.0009s ]
SQL: SELECT * FROM `jj_goods` WHERE `title` = '布料和缝纫用品' AND `index_show` = 1 ORDER BY id desc  [ RunTime:0.0009s ]
SQL: SELECT * FROM `jj_goods` WHERE `title` = '电视柜' AND `index_show` = 1 ORDER BY id desc  [ RunTime:0.0009s ]
SQL: SELECT * FROM `jj_goods` WHERE `title` = '电视及视听设备储物' AND `index_show` = 1 ORDER BY id desc  [ RunTime:0.0011s ]
SQL: SELECT * FROM `jj_goods` WHERE `title` = '茶几' AND `index_show` = 1 ORDER BY id desc  [ RunTime:0.0010s ]
SQL: SELECT * FROM `jj_goods` WHERE `title` = '边桌' AND `index_show` = 1 ORDER BY id desc  [ RunTime:0.0009s ]
SQL: SELECT * FROM `jj_goods` WHERE `title` = '视听用品储物台' AND `index_show` = 1 ORDER BY id desc  [ RunTime:0.0010s ]
NOTIC: [8] Undefined index: cart D:\XAMPP\htdocs\myBS\J-home\Home\Controller\IndexController.class.php 第 39 行.
INFO: [ view_parse ] --START--
INFO: [ template_filter ] --START--
INFO: Run Behavior\ContentReplaceBehavior [ RunTime:0.000698s ]
INFO: [ template_filter ] --END-- [ RunTime:0.000901s ]
INFO: Run Behavior\ParseTemplateBehavior [ RunTime:0.121707s ]
INFO: [ view_parse ] --END-- [ RunTime:0.121928s ]
INFO: [ view_filter ] --START--
INFO: Run Behavior\WriteHtmlCacheBehavior [ RunTime:0.001947s ]
INFO: [ view_filter ] --END-- [ RunTime:0.002142s ]
INFO: [ app_end ] --START--
INFO: Run Behavior\ShowPageTraceBehavior [ RunTime:0.003193s ]
INFO: [ app_end ] --END-- [ RunTime:0.003565s ]

