[ 2017-02-24T11:37:01+08:00 ] ::1 /myBS/index.php/Goods/show_bill.html
INFO: [ app_init ] --START--
INFO: Run Behavior\BuildLiteBehavior [ RunTime:0.000016s ]
INFO: [ app_init ] --END-- [ RunTime:0.000441s ]
INFO: [ app_begin ] --START--
INFO: Run Behavior\ReadHtmlCacheBehavior [ RunTime:0.001845s ]
INFO: [ app_begin ] --END-- [ RunTime:0.002032s ]

[ 2017-02-24T11:37:10+08:00 ] ::1 /myBS/index.php/Goods/good/name/%E9%98%BF%E5%B0%94%E5%8D%91%E6%96%AF.html
INFO: [ app_init ] --START--
INFO: Run Behavior\BuildLiteBehavior [ RunTime:0.000016s ]
INFO: [ app_init ] --END-- [ RunTime:0.000392s ]
INFO: [ app_begin ] --START--
INFO: Run Behavior\ReadHtmlCacheBehavior [ RunTime:0.000554s ]
INFO: [ app_begin ] --END-- [ RunTime:0.000619s ]

[ 2017-02-24T11:37:20+08:00 ] ::1 /myBS/index.php/Goods/good/name/%E9%98%BF%E5%B0%94%E5%8D%91%E6%96%AF.html
INFO: [ app_init ] --START--
INFO: Run Behavior\BuildLiteBehavior [ RunTime:0.000017s ]
INFO: [ app_init ] --END-- [ RunTime:0.000425s ]
INFO: [ app_begin ] --START--
INFO: Run Behavior\ReadHtmlCacheBehavior [ RunTime:0.000530s ]
INFO: [ app_begin ] --END-- [ RunTime:0.000615s ]
SQL: SHOW COLUMNS FROM `jj_goods` [ RunTime:0.0400s ]
SQL: SELECT * FROM `jj_goods` WHERE ( name='阿尔卑斯' ) LIMIT 1   [ RunTime:0.0012s ]
SQL: SELECT `guige1_text` FROM `jj_goods` WHERE ( name='阿尔卑斯' ) LIMIT 1   [ RunTime:0.0010s ]
SQL: SELECT `guige2_text` FROM `jj_goods` WHERE ( name='阿尔卑斯' ) LIMIT 1   [ RunTime:0.0008s ]
SQL: SELECT `guige3_text` FROM `jj_goods` WHERE ( name='阿尔卑斯' ) LIMIT 1   [ RunTime:0.0010s ]
INFO: [ view_parse ] --START--
INFO: [ template_filter ] --START--
INFO: Run Behavior\ContentReplaceBehavior [ RunTime:0.000261s ]
INFO: [ template_filter ] --END-- [ RunTime:0.000391s ]
NOTIC: [8] Undefined variable: bill D:\XAMPP\htdocs\myBS\J-home\Runtime\Cache\Home\a7da9d5dc348fcf418aeb320b3d95f2c.php 第 44 行.
NOTIC: [8] Undefined variable: bill D:\XAMPP\htdocs\myBS\J-home\Runtime\Cache\Home\a7da9d5dc348fcf418aeb320b3d95f2c.php 第 78 行.
INFO: Run Behavior\ParseTemplateBehavior [ RunTime:0.036257s ]
INFO: [ view_parse ] --END-- [ RunTime:0.036461s ]
INFO: [ view_filter ] --START--
INFO: Run Behavior\WriteHtmlCacheBehavior [ RunTime:0.000706s ]
INFO: [ view_filter ] --END-- [ RunTime:0.000807s ]
INFO: [ app_end ] --START--
INFO: Run Behavior\ShowPageTraceBehavior [ RunTime:0.001345s ]
INFO: [ app_end ] --END-- [ RunTime:0.001473s ]

[ 2017-02-24T11:37:22+08:00 ] ::1 /myBS/index.php/Goods/show_bill.html
INFO: [ app_init ] --START--
INFO: Run Behavior\BuildLiteBehavior [ RunTime:0.000016s ]
INFO: [ app_init ] --END-- [ RunTime:0.000388s ]
INFO: [ app_begin ] --START--
INFO: Run Behavior\ReadHtmlCacheBehavior [ RunTime:0.001341s ]
INFO: [ app_begin ] --END-- [ RunTime:0.001503s ]

[ 2017-02-24T11:37:24+08:00 ] ::1 /myBS/index.php/Goods/bill.html
INFO: [ app_init ] --START--
INFO: Run Behavior\BuildLiteBehavior [ RunTime:0.000016s ]
INFO: [ app_init ] --END-- [ RunTime:0.000339s ]
INFO: [ app_begin ] --START--
INFO: Run Behavior\ReadHtmlCacheBehavior [ RunTime:0.000426s ]
INFO: [ app_begin ] --END-- [ RunTime:0.000508s ]
INFO: [ view_parse ] --START--
INFO: [ template_filter ] --START--
INFO: Run Behavior\ContentReplaceBehavior [ RunTime:0.000102s ]
INFO: [ template_filter ] --END-- [ RunTime:0.000169s ]
NOTIC: [8] Undefined index: badge D:\XAMPP\htdocs\myBS\J-home\Runtime\Cache\Home\0d88b0d55d5ca09955cf01e59db3eced.php 第 44 行.
NOTIC: [8] Undefined index: name D:\XAMPP\htdocs\myBS\J-home\Runtime\Cache\Home\0d88b0d55d5ca09955cf01e59db3eced.php 第 54 行.
NOTIC: [8] Undefined index: name D:\XAMPP\htdocs\myBS\J-home\Runtime\Cache\Home\0d88b0d55d5ca09955cf01e59db3eced.php 第 70 行.
NOTIC: [8] Undefined index: price D:\XAMPP\htdocs\myBS\J-home\Runtime\Cache\Home\0d88b0d55d5ca09955cf01e59db3eced.php 第 71 行.
NOTIC: [8] Undefined index: num D:\XAMPP\htdocs\myBS\J-home\Runtime\Cache\Home\0d88b0d55d5ca09955cf01e59db3eced.php 第 72 行.
INFO: Run Behavior\ParseTemplateBehavior [ RunTime:0.009136s ]
INFO: [ view_parse ] --END-- [ RunTime:0.009208s ]
INFO: [ view_filter ] --START--
INFO: Run Behavior\WriteHtmlCacheBehavior [ RunTime:0.000428s ]
INFO: [ view_filter ] --END-- [ RunTime:0.000489s ]
INFO: [ app_end ] --START--
INFO: Run Behavior\ShowPageTraceBehavior [ RunTime:0.000698s ]
INFO: [ app_end ] --END-- [ RunTime:0.000785s ]

[ 2017-02-24T11:37:31+08:00 ] ::1 /myBS/index.php/Goods/bill.html
INFO: [ app_init ] --START--
INFO: Run Behavior\BuildLiteBehavior [ RunTime:0.000016s ]
INFO: [ app_init ] --END-- [ RunTime:0.000319s ]
INFO: [ app_begin ] --START--
INFO: Run Behavior\ReadHtmlCacheBehavior [ RunTime:0.000526s ]
INFO: [ app_begin ] --END-- [ RunTime:0.000596s ]
INFO: [ view_parse ] --START--
INFO: [ template_filter ] --START--
INFO: Run Behavior\ContentReplaceBehavior [ RunTime:0.000178s ]
INFO: [ template_filter ] --END-- [ RunTime:0.000277s ]
NOTIC: [8] Undefined index: badge D:\XAMPP\htdocs\myBS\J-home\Runtime\Cache\Home\0d88b0d55d5ca09955cf01e59db3eced.php 第 44 行.
NOTIC: [8] Undefined index: name D:\XAMPP\htdocs\myBS\J-home\Runtime\Cache\Home\0d88b0d55d5ca09955cf01e59db3eced.php 第 54 行.
NOTIC: [8] Undefined index: name D:\XAMPP\htdocs\myBS\J-home\Runtime\Cache\Home\0d88b0d55d5ca09955cf01e59db3eced.php 第 70 行.
NOTIC: [8] Undefined index: price D:\XAMPP\htdocs\myBS\J-home\Runtime\Cache\Home\0d88b0d55d5ca09955cf01e59db3eced.php 第 71 行.
NOTIC: [8] Undefined index: num D:\XAMPP\htdocs\myBS\J-home\Runtime\Cache\Home\0d88b0d55d5ca09955cf01e59db3eced.php 第 72 行.
INFO: Run Behavior\ParseTemplateBehavior [ RunTime:0.008328s ]
INFO: [ view_parse ] --END-- [ RunTime:0.008395s ]
INFO: [ view_filter ] --START--
INFO: Run Behavior\WriteHtmlCacheBehavior [ RunTime:0.000229s ]
INFO: [ view_filter ] --END-- [ RunTime:0.000278s ]
INFO: [ app_end ] --START--
INFO: Run Behavior\ShowPageTraceBehavior [ RunTime:0.000620s ]
INFO: [ app_end ] --END-- [ RunTime:0.000713s ]

[ 2017-02-24T11:37:35+08:00 ] ::1 /myBS/index.php/Goods/good/name/%E6%B1%89%E6%9F%8F%E6%9E%97.html
INFO: [ app_init ] --START--
INFO: Run Behavior\BuildLiteBehavior [ RunTime:0.000016s ]
INFO: [ app_init ] --END-- [ RunTime:0.000317s ]
INFO: [ app_begin ] --START--
INFO: Run Behavior\ReadHtmlCacheBehavior [ RunTime:0.000450s ]
INFO: [ app_begin ] --END-- [ RunTime:0.000511s ]
SQL: SHOW COLUMNS FROM `jj_goods` [ RunTime:0.0087s ]
SQL: SELECT * FROM `jj_goods` WHERE ( name='汉柏林' ) LIMIT 1   [ RunTime:0.0015s ]
SQL: SELECT `guige1_text` FROM `jj_goods` WHERE ( name='汉柏林' ) LIMIT 1   [ RunTime:0.0008s ]
SQL: SELECT `guige2_text` FROM `jj_goods` WHERE ( name='汉柏林' ) LIMIT 1   [ RunTime:0.0008s ]
SQL: SELECT `guige3_text` FROM `jj_goods` WHERE ( name='汉柏林' ) LIMIT 1   [ RunTime:0.0007s ]
INFO: [ view_parse ] --START--
INFO: [ template_filter ] --START--
INFO: Run Behavior\ContentReplaceBehavior [ RunTime:0.000157s ]
INFO: [ template_filter ] --END-- [ RunTime:0.000239s ]
NOTIC: [8] Undefined variable: bill D:\XAMPP\htdocs\myBS\J-home\Runtime\Cache\Home\a7da9d5dc348fcf418aeb320b3d95f2c.php 第 44 行.
NOTIC: [8] Undefined variable: bill D:\XAMPP\htdocs\myBS\J-home\Runtime\Cache\Home\a7da9d5dc348fcf418aeb320b3d95f2c.php 第 78 行.
INFO: Run Behavior\ParseTemplateBehavior [ RunTime:0.029386s ]
INFO: [ view_parse ] --END-- [ RunTime:0.029554s ]
INFO: [ view_filter ] --START--
INFO: Run Behavior\WriteHtmlCacheBehavior [ RunTime:0.000348s ]
INFO: [ view_filter ] --END-- [ RunTime:0.000427s ]
INFO: [ app_end ] --START--
INFO: Run Behavior\ShowPageTraceBehavior [ RunTime:0.000839s ]
INFO: [ app_end ] --END-- [ RunTime:0.000976s ]

[ 2017-02-24T11:37:36+08:00 ] ::1 /myBS/index.php/Goods/show_bill.html
INFO: [ app_init ] --START--
INFO: Run Behavior\BuildLiteBehavior [ RunTime:0.000018s ]
INFO: [ app_init ] --END-- [ RunTime:0.000390s ]
INFO: [ app_begin ] --START--
INFO: Run Behavior\ReadHtmlCacheBehavior [ RunTime:0.000518s ]
INFO: [ app_begin ] --END-- [ RunTime:0.000588s ]

[ 2017-02-24T11:37:38+08:00 ] ::1 /myBS/index.php/Goods/bill.html
INFO: [ app_init ] --START--
INFO: Run Behavior\BuildLiteBehavior [ RunTime:0.000016s ]
INFO: [ app_init ] --END-- [ RunTime:0.000347s ]
INFO: [ app_begin ] --START--
INFO: Run Behavior\ReadHtmlCacheBehavior [ RunTime:0.000442s ]
INFO: [ app_begin ] --END-- [ RunTime:0.000503s ]
INFO: [ view_parse ] --START--
INFO: [ template_filter ] --START--
INFO: Run Behavior\ContentReplaceBehavior [ RunTime:0.000099s ]
INFO: [ template_filter ] --END-- [ RunTime:0.000161s ]
NOTIC: [8] Undefined index: badge D:\XAMPP\htdocs\myBS\J-home\Runtime\Cache\Home\0d88b0d55d5ca09955cf01e59db3eced.php 第 44 行.
NOTIC: [8] Undefined index: name D:\XAMPP\htdocs\myBS\J-home\Runtime\Cache\Home\0d88b0d55d5ca09955cf01e59db3eced.php 第 54 行.
NOTIC: [8] Undefined index: name D:\XAMPP\htdocs\myBS\J-home\Runtime\Cache\Home\0d88b0d55d5ca09955cf01e59db3eced.php 第 70 行.
NOTIC: [8] Undefined index: price D:\XAMPP\htdocs\myBS\J-home\Runtime\Cache\Home\0d88b0d55d5ca09955cf01e59db3eced.php 第 71 行.
NOTIC: [8] Undefined index: num D:\XAMPP\htdocs\myBS\J-home\Runtime\Cache\Home\0d88b0d55d5ca09955cf01e59db3eced.php 第 72 行.
INFO: Run Behavior\ParseTemplateBehavior [ RunTime:0.007453s ]
INFO: [ view_parse ] --END-- [ RunTime:0.007509s ]
INFO: [ view_filter ] --START--
INFO: Run Behavior\WriteHtmlCacheBehavior [ RunTime:0.000211s ]
INFO: [ view_filter ] --END-- [ RunTime:0.000259s ]
INFO: [ app_end ] --START--
INFO: Run Behavior\ShowPageTraceBehavior [ RunTime:0.000768s ]
INFO: [ app_end ] --END-- [ RunTime:0.000881s ]

[ 2017-02-24T11:50:42+08:00 ] ::1 /myBS/index.php/Goods/good/name/%E6%B1%89%E6%9F%8F%E6%9E%97.html
INFO: [ app_init ] --START--
INFO: Run Behavior\BuildLiteBehavior [ RunTime:0.000016s ]
INFO: [ app_init ] --END-- [ RunTime:0.000386s ]
INFO: [ app_begin ] --START--
INFO: Run Behavior\ReadHtmlCacheBehavior [ RunTime:0.000545s ]
INFO: [ app_begin ] --END-- [ RunTime:0.000608s ]
SQL: SHOW COLUMNS FROM `jj_goods` [ RunTime:0.0092s ]
SQL: SELECT * FROM `jj_goods` WHERE ( name='汉柏林' ) LIMIT 1   [ RunTime:0.0011s ]
SQL: SELECT `guige1_text` FROM `jj_goods` WHERE ( name='汉柏林' ) LIMIT 1   [ RunTime:0.0007s ]
SQL: SELECT `guige2_text` FROM `jj_goods` WHERE ( name='汉柏林' ) LIMIT 1   [ RunTime:0.0008s ]
SQL: SELECT `guige3_text` FROM `jj_goods` WHERE ( name='汉柏林' ) LIMIT 1   [ RunTime:0.0008s ]
INFO: [ view_parse ] --START--
INFO: [ template_filter ] --START--
INFO: Run Behavior\ContentReplaceBehavior [ RunTime:0.000130s ]
INFO: [ template_filter ] --END-- [ RunTime:0.000197s ]
NOTIC: [8] Undefined variable: bill D:\XAMPP\htdocs\myBS\J-home\Runtime\Cache\Home\a7da9d5dc348fcf418aeb320b3d95f2c.php 第 44 行.
NOTIC: [8] Undefined variable: bill D:\XAMPP\htdocs\myBS\J-home\Runtime\Cache\Home\a7da9d5dc348fcf418aeb320b3d95f2c.php 第 78 行.
INFO: Run Behavior\ParseTemplateBehavior [ RunTime:0.022871s ]
INFO: [ view_parse ] --END-- [ RunTime:0.023003s ]
INFO: [ view_filter ] --START--
INFO: Run Behavior\WriteHtmlCacheBehavior [ RunTime:0.000305s ]
INFO: [ view_filter ] --END-- [ RunTime:0.000355s ]
INFO: [ app_end ] --START--
INFO: Run Behavior\ShowPageTraceBehavior [ RunTime:0.000643s ]
INFO: [ app_end ] --END-- [ RunTime:0.000733s ]

[ 2017-02-24T11:50:43+08:00 ] ::1 /myBS/index.php/Goods/show_bill.html
INFO: [ app_init ] --START--
INFO: Run Behavior\BuildLiteBehavior [ RunTime:0.000016s ]
INFO: [ app_init ] --END-- [ RunTime:0.000400s ]
INFO: [ app_begin ] --START--
INFO: Run Behavior\ReadHtmlCacheBehavior [ RunTime:0.000506s ]
INFO: [ app_begin ] --END-- [ RunTime:0.000565s ]
NOTIC: [8] Undefined index: 汉柏林 D:\XAMPP\htdocs\myBS\J-home\Home\Controller\GoodsController.class.php 第 47 行.
NOTIC: [8] Undefined index: 三人沙发 D:\XAMPP\htdocs\myBS\J-home\Home\Controller\GoodsController.class.php 第 47 行.
NOTIC: [8] Undefined index: 2999 D:\XAMPP\htdocs\myBS\J-home\Home\Controller\GoodsController.class.php 第 47 行.
NOTIC: [8] Undefined index: 6565 D:\XAMPP\htdocs\myBS\J-home\Home\Controller\GoodsController.class.php 第 47 行.
NOTIC: [8] Undefined index: 打的费 D:\XAMPP\htdocs\myBS\J-home\Home\Controller\GoodsController.class.php 第 47 行.
NOTIC: [8] Undefined index: 黄色 D:\XAMPP\htdocs\myBS\J-home\Home\Controller\GoodsController.class.php 第 47 行.
NOTIC: [8] Undefined index: 1 D:\XAMPP\htdocs\myBS\J-home\Home\Controller\GoodsController.class.php 第 47 行.
NOTIC: [8] Undefined index: 0 D:\XAMPP\htdocs\myBS\J-home\Home\Controller\GoodsController.class.php 第 47 行.

[ 2017-02-24T11:50:45+08:00 ] ::1 /myBS/index.php/Goods/bill.html
INFO: [ app_init ] --START--
INFO: Run Behavior\BuildLiteBehavior [ RunTime:0.000018s ]
INFO: [ app_init ] --END-- [ RunTime:0.000360s ]
INFO: [ app_begin ] --START--
INFO: Run Behavior\ReadHtmlCacheBehavior [ RunTime:0.000483s ]
INFO: [ app_begin ] --END-- [ RunTime:0.000553s ]
INFO: [ view_parse ] --START--
INFO: [ template_filter ] --START--
INFO: Run Behavior\ContentReplaceBehavior [ RunTime:0.000179s ]
INFO: [ template_filter ] --END-- [ RunTime:0.000301s ]
INFO: Run Behavior\ParseTemplateBehavior [ RunTime:0.013169s ]
INFO: [ view_parse ] --END-- [ RunTime:0.013254s ]
INFO: [ view_filter ] --START--
INFO: Run Behavior\WriteHtmlCacheBehavior [ RunTime:0.000382s ]
INFO: [ view_filter ] --END-- [ RunTime:0.000440s ]
INFO: [ app_end ] --START--
INFO: Run Behavior\ShowPageTraceBehavior [ RunTime:0.000825s ]
INFO: [ app_end ] --END-- [ RunTime:0.000929s ]

[ 2017-02-24T11:50:54+08:00 ] ::1 /myBS/index.php/Goods/good/name/%E9%98%BF%E5%B0%94%E5%8D%91%E6%96%AF.html
INFO: [ app_init ] --START--
INFO: Run Behavior\BuildLiteBehavior [ RunTime:0.000016s ]
INFO: [ app_init ] --END-- [ RunTime:0.000350s ]
INFO: [ app_begin ] --START--
INFO: Run Behavior\ReadHtmlCacheBehavior [ RunTime:0.000714s ]
INFO: [ app_begin ] --END-- [ RunTime:0.000838s ]
SQL: SHOW COLUMNS FROM `jj_goods` [ RunTime:0.0099s ]
SQL: SELECT * FROM `jj_goods` WHERE ( name='阿尔卑斯' ) LIMIT 1   [ RunTime:0.0011s ]
SQL: SELECT `guige1_text` FROM `jj_goods` WHERE ( name='阿尔卑斯' ) LIMIT 1   [ RunTime:0.0007s ]
SQL: SELECT `guige2_text` FROM `jj_goods` WHERE ( name='阿尔卑斯' ) LIMIT 1   [ RunTime:0.0007s ]
SQL: SELECT `guige3_text` FROM `jj_goods` WHERE ( name='阿尔卑斯' ) LIMIT 1   [ RunTime:0.0007s ]
INFO: [ view_parse ] --START--
INFO: [ template_filter ] --START--
INFO: Run Behavior\ContentReplaceBehavior [ RunTime:0.000427s ]
INFO: [ template_filter ] --END-- [ RunTime:0.000640s ]
NOTIC: [8] Undefined variable: bill D:\XAMPP\htdocs\myBS\J-home\Runtime\Cache\Home\a7da9d5dc348fcf418aeb320b3d95f2c.php 第 44 行.
NOTIC: [8] Undefined variable: bill D:\XAMPP\htdocs\myBS\J-home\Runtime\Cache\Home\a7da9d5dc348fcf418aeb320b3d95f2c.php 第 78 行.
INFO: Run Behavior\ParseTemplateBehavior [ RunTime:0.038778s ]
INFO: [ view_parse ] --END-- [ RunTime:0.038981s ]
INFO: [ view_filter ] --START--
INFO: Run Behavior\WriteHtmlCacheBehavior [ RunTime:0.000917s ]
INFO: [ view_filter ] --END-- [ RunTime:0.001089s ]
INFO: [ app_end ] --START--
INFO: Run Behavior\ShowPageTraceBehavior [ RunTime:0.001434s ]
INFO: [ app_end ] --END-- [ RunTime:0.001541s ]

[ 2017-02-24T11:50:55+08:00 ] ::1 /myBS/index.php/Goods/show_bill.html
INFO: [ app_init ] --START--
INFO: Run Behavior\BuildLiteBehavior [ RunTime:0.000020s ]
INFO: [ app_init ] --END-- [ RunTime:0.000502s ]
INFO: [ app_begin ] --START--
INFO: Run Behavior\ReadHtmlCacheBehavior [ RunTime:0.000622s ]
INFO: [ app_begin ] --END-- [ RunTime:0.000726s ]
NOTIC: [8] Undefined index: 阿尔卑斯 D:\XAMPP\htdocs\myBS\J-home\Home\Controller\GoodsController.class.php 第 47 行.
NOTIC: [8] Undefined index: 双人沙发 D:\XAMPP\htdocs\myBS\J-home\Home\Controller\GoodsController.class.php 第 47 行.
NOTIC: [8] Undefined index: 1999 D:\XAMPP\htdocs\myBS\J-home\Home\Controller\GoodsController.class.php 第 47 行.
NOTIC: [8] Undefined index: 569896 D:\XAMPP\htdocs\myBS\J-home\Home\Controller\GoodsController.class.php 第 47 行.
NOTIC: [8] Undefined index: 59*85 D:\XAMPP\htdocs\myBS\J-home\Home\Controller\GoodsController.class.php 第 47 行.
NOTIC: [8] Undefined index: 红色 D:\XAMPP\htdocs\myBS\J-home\Home\Controller\GoodsController.class.php 第 47 行.
NOTIC: [8] Undefined index: 啊哈哈啊哈 D:\XAMPP\htdocs\myBS\J-home\Home\Controller\GoodsController.class.php 第 47 行.
NOTIC: [8] Undefined index: 1 D:\XAMPP\htdocs\myBS\J-home\Home\Controller\GoodsController.class.php 第 47 行.
NOTIC: [8] Undefined index: 0 D:\XAMPP\htdocs\myBS\J-home\Home\Controller\GoodsController.class.php 第 47 行.

[ 2017-02-24T11:50:57+08:00 ] ::1 /myBS/index.php/Goods/bill.html
INFO: [ app_init ] --START--
INFO: Run Behavior\BuildLiteBehavior [ RunTime:0.000016s ]
INFO: [ app_init ] --END-- [ RunTime:0.000349s ]
INFO: [ app_begin ] --START--
INFO: Run Behavior\ReadHtmlCacheBehavior [ RunTime:0.000441s ]
INFO: [ app_begin ] --END-- [ RunTime:0.000504s ]
INFO: [ view_parse ] --START--
INFO: [ template_filter ] --START--
INFO: Run Behavior\ContentReplaceBehavior [ RunTime:0.000103s ]
INFO: [ template_filter ] --END-- [ RunTime:0.000173s ]
INFO: Run Behavior\ParseTemplateBehavior [ RunTime:0.007904s ]
INFO: [ view_parse ] --END-- [ RunTime:0.007967s ]
INFO: [ view_filter ] --START--
INFO: Run Behavior\WriteHtmlCacheBehavior [ RunTime:0.000222s ]
INFO: [ view_filter ] --END-- [ RunTime:0.000271s ]
INFO: [ app_end ] --START--
INFO: Run Behavior\ShowPageTraceBehavior [ RunTime:0.000593s ]
INFO: [ app_end ] --END-- [ RunTime:0.000682s ]

[ 2017-02-24T11:53:07+08:00 ] ::1 /myBS/
INFO: [ app_init ] --START--
INFO: Run Behavior\BuildLiteBehavior [ RunTime:0.000016s ]
INFO: [ app_init ] --END-- [ RunTime:0.000398s ]
INFO: [ app_begin ] --START--
INFO: Run Behavior\ReadHtmlCacheBehavior [ RunTime:0.000544s ]
INFO: [ app_begin ] --END-- [ RunTime:0.000640s ]
SQL: SHOW COLUMNS FROM `jj_class` [ RunTime:0.0039s ]
SQL: SELECT * FROM `jj_class`  [ RunTime:0.0006s ]
INFO: [ view_parse ] --START--
INFO: [ template_filter ] --START--
INFO: Run Behavior\ContentReplaceBehavior [ RunTime:0.000245s ]
INFO: [ template_filter ] --END-- [ RunTime:0.000360s ]
NOTIC: [8] Undefined variable: bill D:\XAMPP\htdocs\myBS\J-home\Runtime\Cache\Home\c205b3a1e192b3036e06cd6a22599a7e.php 第 43 行.
NOTIC: [8] Undefined index: 10 D:\XAMPP\htdocs\myBS\J-home\Runtime\Cache\Home\c205b3a1e192b3036e06cd6a22599a7e.php 第 93 行.
NOTIC: [8] Undefined index: 11 D:\XAMPP\htdocs\myBS\J-home\Runtime\Cache\Home\c205b3a1e192b3036e06cd6a22599a7e.php 第 93 行.
INFO: Run Behavior\ParseTemplateBehavior [ RunTime:0.016463s ]
INFO: [ view_parse ] --END-- [ RunTime:0.016538s ]
INFO: [ view_filter ] --START--
INFO: Run Behavior\WriteHtmlCacheBehavior [ RunTime:0.000333s ]
INFO: [ view_filter ] --END-- [ RunTime:0.000395s ]
INFO: [ app_end ] --START--
INFO: Run Behavior\ShowPageTraceBehavior [ RunTime:0.000520s ]
INFO: [ app_end ] --END-- [ RunTime:0.000580s ]

[ 2017-02-24T11:53:08+08:00 ] ::1 /myBS/
INFO: [ app_init ] --START--
INFO: Run Behavior\BuildLiteBehavior [ RunTime:0.000026s ]
INFO: [ app_init ] --END-- [ RunTime:0.000428s ]
INFO: [ app_begin ] --START--
INFO: Run Behavior\ReadHtmlCacheBehavior [ RunTime:0.000514s ]
INFO: [ app_begin ] --END-- [ RunTime:0.000577s ]
SQL: SHOW COLUMNS FROM `jj_class` [ RunTime:0.0091s ]
SQL: SELECT * FROM `jj_class`  [ RunTime:0.0016s ]
INFO: [ view_parse ] --START--
INFO: [ template_filter ] --START--
INFO: Run Behavior\ContentReplaceBehavior [ RunTime:0.000631s ]
INFO: [ template_filter ] --END-- [ RunTime:0.000837s ]
NOTIC: [8] Undefined variable: bill D:\XAMPP\htdocs\myBS\J-home\Runtime\Cache\Home\c205b3a1e192b3036e06cd6a22599a7e.php 第 43 行.
NOTIC: [8] Undefined index: 10 D:\XAMPP\htdocs\myBS\J-home\Runtime\Cache\Home\c205b3a1e192b3036e06cd6a22599a7e.php 第 93 行.
NOTIC: [8] Undefined index: 11 D:\XAMPP\htdocs\myBS\J-home\Runtime\Cache\Home\c205b3a1e192b3036e06cd6a22599a7e.php 第 93 行.
INFO: Run Behavior\ParseTemplateBehavior [ RunTime:0.051585s ]
INFO: [ view_parse ] --END-- [ RunTime:0.051742s ]
INFO: [ view_filter ] --START--
INFO: Run Behavior\WriteHtmlCacheBehavior [ RunTime:0.000679s ]
INFO: [ view_filter ] --END-- [ RunTime:0.000797s ]
INFO: [ app_end ] --START--
INFO: Run Behavior\ShowPageTraceBehavior [ RunTime:0.001399s ]
INFO: [ app_end ] --END-- [ RunTime:0.001586s ]

[ 2017-02-24T11:53:11+08:00 ] ::1 /myBS/index.php/List/lglist/room/%E5%AE%A2%E5%8E%85.html
INFO: [ app_init ] --START--
INFO: Run Behavior\BuildLiteBehavior [ RunTime:0.000023s ]
INFO: [ app_init ] --END-- [ RunTime:0.000349s ]
INFO: [ app_begin ] --START--
INFO: Run Behavior\ReadHtmlCacheBehavior [ RunTime:0.000645s ]
INFO: [ app_begin ] --END-- [ RunTime:0.000759s ]
SQL: SHOW COLUMNS FROM `jj_class` [ RunTime:0.0092s ]
SQL: SELECT * FROM `jj_class` WHERE ( title='客厅' ) LIMIT 1   [ RunTime:0.0011s ]
SQL: SELECT * FROM `jj_class`  [ RunTime:0.0015s ]
INFO: [ view_parse ] --START--
INFO: [ template_filter ] --START--
INFO: Run Behavior\ContentReplaceBehavior [ RunTime:0.000219s ]
INFO: [ template_filter ] --END-- [ RunTime:0.000340s ]
NOTIC: [8] Undefined variable: bill D:\XAMPP\htdocs\myBS\J-home\Runtime\Cache\Home\b5e78cad774133738cdf21e73c2e5b9e.php 第 44 行.
NOTIC: [8] Undefined index: 10 D:\XAMPP\htdocs\myBS\J-home\Runtime\Cache\Home\b5e78cad774133738cdf21e73c2e5b9e.php 第 66 行.
NOTIC: [8] Undefined index: 11 D:\XAMPP\htdocs\myBS\J-home\Runtime\Cache\Home\b5e78cad774133738cdf21e73c2e5b9e.php 第 66 行.
INFO: Run Behavior\ParseTemplateBehavior [ RunTime:0.024499s ]
INFO: [ view_parse ] --END-- [ RunTime:0.024656s ]
INFO: [ view_filter ] --START--
INFO: Run Behavior\WriteHtmlCacheBehavior [ RunTime:0.000420s ]
INFO: [ view_filter ] --END-- [ RunTime:0.000509s ]
INFO: [ app_end ] --START--
INFO: Run Behavior\ShowPageTraceBehavior [ RunTime:0.000970s ]
INFO: [ app_end ] --END-- [ RunTime:0.001288s ]

[ 2017-02-24T11:53:19+08:00 ] ::1 /myBS/index.php/List/mdlist/title/%E5%B8%83%E8%89%BA%E6%B2%99%E5%8F%91.html
INFO: [ app_init ] --START--
INFO: Run Behavior\BuildLiteBehavior [ RunTime:0.000016s ]
INFO: [ app_init ] --END-- [ RunTime:0.000319s ]
INFO: [ app_begin ] --START--
INFO: Run Behavior\ReadHtmlCacheBehavior [ RunTime:0.000421s ]
INFO: [ app_begin ] --END-- [ RunTime:0.000481s ]
SQL: SHOW COLUMNS FROM `jj_list` [ RunTime:0.0100s ]
SQL: SHOW COLUMNS FROM `jj_goods` [ RunTime:0.0107s ]
SQL: SELECT * FROM `jj_list` WHERE ( title='布艺沙发' ) LIMIT 1   [ RunTime:0.0009s ]
SQL: SELECT * FROM `jj_goods` WHERE ( title='布艺沙发' )  [ RunTime:0.0010s ]
INFO: [ view_parse ] --START--
INFO: [ template_filter ] --START--
INFO: Run Behavior\ContentReplaceBehavior [ RunTime:0.000197s ]
INFO: [ template_filter ] --END-- [ RunTime:0.000325s ]
NOTIC: [8] Undefined variable: bill D:\XAMPP\htdocs\myBS\J-home\Runtime\Cache\Home\dd6ef9fc4666f7a74ad05681f0884ba2.php 第 44 行.
INFO: Run Behavior\ParseTemplateBehavior [ RunTime:0.016471s ]
INFO: [ view_parse ] --END-- [ RunTime:0.016597s ]
INFO: [ view_filter ] --START--
INFO: Run Behavior\WriteHtmlCacheBehavior [ RunTime:0.000438s ]
INFO: [ view_filter ] --END-- [ RunTime:0.000541s ]
INFO: [ app_end ] --START--
INFO: Run Behavior\ShowPageTraceBehavior [ RunTime:0.000889s ]
INFO: [ app_end ] --END-- [ RunTime:0.001015s ]

[ 2017-02-24T11:53:42+08:00 ] ::1 /myBS/index.php/Goods/good/name/%E9%98%BF%E5%B0%94%E5%8D%91%E6%96%AF.html
INFO: [ app_init ] --START--
INFO: Run Behavior\BuildLiteBehavior [ RunTime:0.000027s ]
INFO: [ app_init ] --END-- [ RunTime:0.000534s ]
INFO: [ app_begin ] --START--
INFO: Run Behavior\ReadHtmlCacheBehavior [ RunTime:0.000673s ]
INFO: [ app_begin ] --END-- [ RunTime:0.000790s ]
SQL: SHOW COLUMNS FROM `jj_goods` [ RunTime:0.0046s ]
SQL: SELECT * FROM `jj_goods` WHERE ( name='阿尔卑斯' ) LIMIT 1   [ RunTime:0.0005s ]
SQL: SELECT `guige1_text` FROM `jj_goods` WHERE ( name='阿尔卑斯' ) LIMIT 1   [ RunTime:0.0003s ]
SQL: SELECT `guige2_text` FROM `jj_goods` WHERE ( name='阿尔卑斯' ) LIMIT 1   [ RunTime:0.0003s ]
SQL: SELECT `guige3_text` FROM `jj_goods` WHERE ( name='阿尔卑斯' ) LIMIT 1   [ RunTime:0.0003s ]
INFO: [ view_parse ] --START--
INFO: [ template_filter ] --START--
INFO: Run Behavior\ContentReplaceBehavior [ RunTime:0.000225s ]
INFO: [ template_filter ] --END-- [ RunTime:0.000355s ]
NOTIC: [8] Undefined variable: bill D:\XAMPP\htdocs\myBS\J-home\Runtime\Cache\Home\a7da9d5dc348fcf418aeb320b3d95f2c.php 第 44 行.
NOTIC: [8] Undefined variable: bill D:\XAMPP\htdocs\myBS\J-home\Runtime\Cache\Home\a7da9d5dc348fcf418aeb320b3d95f2c.php 第 78 行.
INFO: Run Behavior\ParseTemplateBehavior [ RunTime:0.015150s ]
INFO: [ view_parse ] --END-- [ RunTime:0.015245s ]
INFO: [ view_filter ] --START--
INFO: Run Behavior\WriteHtmlCacheBehavior [ RunTime:0.000333s ]
INFO: [ view_filter ] --END-- [ RunTime:0.000408s ]
INFO: [ app_end ] --START--
INFO: Run Behavior\ShowPageTraceBehavior [ RunTime:0.000758s ]
INFO: [ app_end ] --END-- [ RunTime:0.000867s ]

[ 2017-02-24T11:53:44+08:00 ] ::1 /myBS/index.php/Goods/show_bill.html
INFO: [ app_init ] --START--
INFO: Run Behavior\BuildLiteBehavior [ RunTime:0.000020s ]
INFO: [ app_init ] --END-- [ RunTime:0.000418s ]
INFO: [ app_begin ] --START--
INFO: Run Behavior\ReadHtmlCacheBehavior [ RunTime:0.000451s ]
INFO: [ app_begin ] --END-- [ RunTime:0.000507s ]

[ 2017-02-24T11:53:46+08:00 ] ::1 /myBS/index.php/Goods/bill.html
INFO: [ app_init ] --START--
INFO: Run Behavior\BuildLiteBehavior [ RunTime:0.000015s ]
INFO: [ app_init ] --END-- [ RunTime:0.000315s ]
INFO: [ app_begin ] --START--
INFO: Run Behavior\ReadHtmlCacheBehavior [ RunTime:0.000444s ]
INFO: [ app_begin ] --END-- [ RunTime:0.000505s ]
NOTIC: [8] Undefined index: 阿尔卑斯 D:\XAMPP\htdocs\myBS\J-home\Home\Controller\GoodsController.class.php 第 34 行.
NOTIC: [8] Undefined index: 双人沙发 D:\XAMPP\htdocs\myBS\J-home\Home\Controller\GoodsController.class.php 第 34 行.
NOTIC: [8] Undefined index: 1999 D:\XAMPP\htdocs\myBS\J-home\Home\Controller\GoodsController.class.php 第 34 行.
NOTIC: [8] Undefined index: 569896 D:\XAMPP\htdocs\myBS\J-home\Home\Controller\GoodsController.class.php 第 34 行.
NOTIC: [8] Undefined index: 59*85 D:\XAMPP\htdocs\myBS\J-home\Home\Controller\GoodsController.class.php 第 34 行.
NOTIC: [8] Undefined index: 红色 D:\XAMPP\htdocs\myBS\J-home\Home\Controller\GoodsController.class.php 第 34 行.
NOTIC: [8] Undefined index: 啊哈哈啊哈 D:\XAMPP\htdocs\myBS\J-home\Home\Controller\GoodsController.class.php 第 34 行.
NOTIC: [8] Undefined index: 1 D:\XAMPP\htdocs\myBS\J-home\Home\Controller\GoodsController.class.php 第 34 行.
NOTIC: [8] Undefined index: 0 D:\XAMPP\htdocs\myBS\J-home\Home\Controller\GoodsController.class.php 第 34 行.
INFO: [ view_parse ] --START--
INFO: [ template_filter ] --START--
INFO: Run Behavior\ContentReplaceBehavior [ RunTime:0.000101s ]
INFO: [ template_filter ] --END-- [ RunTime:0.000164s ]
INFO: Run Behavior\ParseTemplateBehavior [ RunTime:0.007622s ]
INFO: [ view_parse ] --END-- [ RunTime:0.007684s ]
INFO: [ view_filter ] --START--
INFO: Run Behavior\WriteHtmlCacheBehavior [ RunTime:0.000215s ]
INFO: [ view_filter ] --END-- [ RunTime:0.000263s ]
INFO: [ app_end ] --START--
INFO: Run Behavior\ShowPageTraceBehavior [ RunTime:0.000762s ]
INFO: [ app_end ] --END-- [ RunTime:0.000873s ]

[ 2017-02-24T11:53:51+08:00 ] ::1 /myBS/index.php/Goods/good/name/%E6%B1%89%E6%9F%8F%E6%9E%97.html
INFO: [ app_init ] --START--
INFO: Run Behavior\BuildLiteBehavior [ RunTime:0.000015s ]
INFO: [ app_init ] --END-- [ RunTime:0.000348s ]
INFO: [ app_begin ] --START--
INFO: Run Behavior\ReadHtmlCacheBehavior [ RunTime:0.000479s ]
INFO: [ app_begin ] --END-- [ RunTime:0.000541s ]
SQL: SHOW COLUMNS FROM `jj_goods` [ RunTime:0.0096s ]
SQL: SELECT * FROM `jj_goods` WHERE ( name='汉柏林' ) LIMIT 1   [ RunTime:0.0015s ]
SQL: SELECT `guige1_text` FROM `jj_goods` WHERE ( name='汉柏林' ) LIMIT 1   [ RunTime:0.0008s ]
SQL: SELECT `guige2_text` FROM `jj_goods` WHERE ( name='汉柏林' ) LIMIT 1   [ RunTime:0.0007s ]
SQL: SELECT `guige3_text` FROM `jj_goods` WHERE ( name='汉柏林' ) LIMIT 1   [ RunTime:0.0007s ]
INFO: [ view_parse ] --START--
INFO: [ template_filter ] --START--
INFO: Run Behavior\ContentReplaceBehavior [ RunTime:0.000417s ]
INFO: [ template_filter ] --END-- [ RunTime:0.000610s ]
NOTIC: [8] Undefined variable: bill D:\XAMPP\htdocs\myBS\J-home\Runtime\Cache\Home\a7da9d5dc348fcf418aeb320b3d95f2c.php 第 44 行.
NOTIC: [8] Undefined variable: bill D:\XAMPP\htdocs\myBS\J-home\Runtime\Cache\Home\a7da9d5dc348fcf418aeb320b3d95f2c.php 第 78 行.
INFO: Run Behavior\ParseTemplateBehavior [ RunTime:0.034725s ]
INFO: [ view_parse ] --END-- [ RunTime:0.034873s ]
INFO: [ view_filter ] --START--
INFO: Run Behavior\WriteHtmlCacheBehavior [ RunTime:0.000417s ]
INFO: [ view_filter ] --END-- [ RunTime:0.000513s ]
INFO: [ app_end ] --START--
INFO: Run Behavior\ShowPageTraceBehavior [ RunTime:0.000964s ]
INFO: [ app_end ] --END-- [ RunTime:0.001104s ]

[ 2017-02-24T11:53:52+08:00 ] ::1 /myBS/index.php/Goods/show_bill.html
INFO: [ app_init ] --START--
INFO: Run Behavior\BuildLiteBehavior [ RunTime:0.000023s ]
INFO: [ app_init ] --END-- [ RunTime:0.000889s ]
INFO: [ app_begin ] --START--
INFO: Run Behavior\ReadHtmlCacheBehavior [ RunTime:0.000499s ]
INFO: [ app_begin ] --END-- [ RunTime:0.000566s ]

[ 2017-02-24T11:53:54+08:00 ] ::1 /myBS/index.php/Goods/bill.html
INFO: [ app_init ] --START--
INFO: Run Behavior\BuildLiteBehavior [ RunTime:0.000017s ]
INFO: [ app_init ] --END-- [ RunTime:0.000356s ]
INFO: [ app_begin ] --START--
INFO: Run Behavior\ReadHtmlCacheBehavior [ RunTime:0.000472s ]
INFO: [ app_begin ] --END-- [ RunTime:0.000540s ]
NOTIC: [8] Undefined index: 汉柏林 D:\XAMPP\htdocs\myBS\J-home\Home\Controller\GoodsController.class.php 第 34 行.
NOTIC: [8] Undefined index: 三人沙发 D:\XAMPP\htdocs\myBS\J-home\Home\Controller\GoodsController.class.php 第 34 行.
NOTIC: [8] Undefined index: 2999 D:\XAMPP\htdocs\myBS\J-home\Home\Controller\GoodsController.class.php 第 34 行.
NOTIC: [8] Undefined index: 6565 D:\XAMPP\htdocs\myBS\J-home\Home\Controller\GoodsController.class.php 第 34 行.
NOTIC: [8] Undefined index: 打的费 D:\XAMPP\htdocs\myBS\J-home\Home\Controller\GoodsController.class.php 第 34 行.
NOTIC: [8] Undefined index: 黄色 D:\XAMPP\htdocs\myBS\J-home\Home\Controller\GoodsController.class.php 第 34 行.
NOTIC: [8] Undefined index: 1 D:\XAMPP\htdocs\myBS\J-home\Home\Controller\GoodsController.class.php 第 34 行.
NOTIC: [8] Undefined index: 0 D:\XAMPP\htdocs\myBS\J-home\Home\Controller\GoodsController.class.php 第 34 行.
INFO: [ view_parse ] --START--
INFO: [ template_filter ] --START--
INFO: Run Behavior\ContentReplaceBehavior [ RunTime:0.000102s ]
INFO: [ template_filter ] --END-- [ RunTime:0.000170s ]
INFO: Run Behavior\ParseTemplateBehavior [ RunTime:0.007910s ]
INFO: [ view_parse ] --END-- [ RunTime:0.007975s ]
INFO: [ view_filter ] --START--
INFO: Run Behavior\WriteHtmlCacheBehavior [ RunTime:0.000222s ]
INFO: [ view_filter ] --END-- [ RunTime:0.000270s ]
INFO: [ app_end ] --START--
INFO: Run Behavior\ShowPageTraceBehavior [ RunTime:0.000585s ]
INFO: [ app_end ] --END-- [ RunTime:0.000674s ]

[ 2017-02-24T12:11:15+08:00 ] ::1 /myBS/index.php/Goods/good/name/%E6%B1%89%E6%9F%8F%E6%9E%97.html
INFO: [ app_init ] --START--
INFO: Run Behavior\BuildLiteBehavior [ RunTime:0.000025s ]
INFO: [ app_init ] --END-- [ RunTime:0.000480s ]
INFO: [ app_begin ] --START--
INFO: Run Behavior\ReadHtmlCacheBehavior [ RunTime:0.001151s ]
INFO: [ app_begin ] --END-- [ RunTime:0.001292s ]
SQL: SHOW COLUMNS FROM `jj_goods` [ RunTime:0.0122s ]
SQL: SELECT * FROM `jj_goods` WHERE ( name='汉柏林' ) LIMIT 1   [ RunTime:0.0014s ]
SQL: SELECT `guige1_text` FROM `jj_goods` WHERE ( name='汉柏林' ) LIMIT 1   [ RunTime:0.0009s ]
SQL: SELECT `guige2_text` FROM `jj_goods` WHERE ( name='汉柏林' ) LIMIT 1   [ RunTime:0.0008s ]
SQL: SELECT `guige3_text` FROM `jj_goods` WHERE ( name='汉柏林' ) LIMIT 1   [ RunTime:0.0007s ]
INFO: [ view_parse ] --START--
INFO: [ template_filter ] --START--
INFO: Run Behavior\ContentReplaceBehavior [ RunTime:0.000258s ]
INFO: [ template_filter ] --END-- [ RunTime:0.000385s ]
NOTIC: [8] Undefined variable: bill D:\XAMPP\htdocs\myBS\J-home\Runtime\Cache\Home\a7da9d5dc348fcf418aeb320b3d95f2c.php 第 44 行.
NOTIC: [8] Undefined variable: bill D:\XAMPP\htdocs\myBS\J-home\Runtime\Cache\Home\a7da9d5dc348fcf418aeb320b3d95f2c.php 第 78 行.
INFO: Run Behavior\ParseTemplateBehavior [ RunTime:0.033702s ]
INFO: [ view_parse ] --END-- [ RunTime:0.033895s ]
INFO: [ view_filter ] --START--
INFO: Run Behavior\WriteHtmlCacheBehavior [ RunTime:0.000633s ]
INFO: [ view_filter ] --END-- [ RunTime:0.000739s ]
INFO: [ app_end ] --START--
INFO: Run Behavior\ShowPageTraceBehavior [ RunTime:0.001311s ]
INFO: [ app_end ] --END-- [ RunTime:0.001444s ]

[ 2017-02-24T12:11:17+08:00 ] ::1 /myBS/index.php/Goods/show_bill.html
INFO: [ app_init ] --START--
INFO: Run Behavior\BuildLiteBehavior [ RunTime:0.000018s ]
INFO: [ app_init ] --END-- [ RunTime:0.000424s ]
INFO: [ app_begin ] --START--
INFO: Run Behavior\ReadHtmlCacheBehavior [ RunTime:0.000569s ]
INFO: [ app_begin ] --END-- [ RunTime:0.000632s ]
INFO: [ app_end ] --START--
INFO: Run Behavior\ShowPageTraceBehavior [ RunTime:0.000517s ]
INFO: [ app_end ] --END-- [ RunTime:0.000579s ]

[ 2017-02-24T12:11:18+08:00 ] ::1 /myBS/index.php/Goods/bill.html
INFO: [ app_init ] --START--
INFO: Run Behavior\BuildLiteBehavior [ RunTime:0.000016s ]
INFO: [ app_init ] --END-- [ RunTime:0.000316s ]
INFO: [ app_begin ] --START--
INFO: Run Behavior\ReadHtmlCacheBehavior [ RunTime:0.000421s ]
INFO: [ app_begin ] --END-- [ RunTime:0.000481s ]
NOTIC: [8] Undefined index: 汉柏林 D:\XAMPP\htdocs\myBS\J-home\Home\Controller\GoodsController.class.php 第 37 行.
NOTIC: [8] Undefined index: 三人沙发 D:\XAMPP\htdocs\myBS\J-home\Home\Controller\GoodsController.class.php 第 37 行.
NOTIC: [8] Undefined index: 2999 D:\XAMPP\htdocs\myBS\J-home\Home\Controller\GoodsController.class.php 第 37 行.
NOTIC: [8] Undefined index: 6565 D:\XAMPP\htdocs\myBS\J-home\Home\Controller\GoodsController.class.php 第 37 行.
NOTIC: [8] Undefined index: 打的费 D:\XAMPP\htdocs\myBS\J-home\Home\Controller\GoodsController.class.php 第 37 行.
NOTIC: [8] Undefined index: 黄色 D:\XAMPP\htdocs\myBS\J-home\Home\Controller\GoodsController.class.php 第 37 行.
NOTIC: [8] Undefined index: 1 D:\XAMPP\htdocs\myBS\J-home\Home\Controller\GoodsController.class.php 第 37 行.
NOTIC: [8] Undefined index: 0 D:\XAMPP\htdocs\myBS\J-home\Home\Controller\GoodsController.class.php 第 37 行.
INFO: [ view_parse ] --START--
INFO: [ template_filter ] --START--
INFO: Run Behavior\ContentReplaceBehavior [ RunTime:0.000180s ]
INFO: [ template_filter ] --END-- [ RunTime:0.000289s ]
INFO: Run Behavior\ParseTemplateBehavior [ RunTime:0.009699s ]
INFO: [ view_parse ] --END-- [ RunTime:0.009766s ]
INFO: [ view_filter ] --START--
INFO: Run Behavior\WriteHtmlCacheBehavior [ RunTime:0.000304s ]
INFO: [ view_filter ] --END-- [ RunTime:0.000354s ]
INFO: [ app_end ] --START--
INFO: Run Behavior\ShowPageTraceBehavior [ RunTime:0.000586s ]
INFO: [ app_end ] --END-- [ RunTime:0.000676s ]

[ 2017-02-24T12:11:22+08:00 ] ::1 /myBS/index.php/Goods/good/name/%E9%98%BF%E5%B0%94%E5%8D%91%E6%96%AF.html
INFO: [ app_init ] --START--
INFO: Run Behavior\BuildLiteBehavior [ RunTime:0.000016s ]
INFO: [ app_init ] --END-- [ RunTime:0.000341s ]
INFO: [ app_begin ] --START--
INFO: Run Behavior\ReadHtmlCacheBehavior [ RunTime:0.000417s ]
INFO: [ app_begin ] --END-- [ RunTime:0.000478s ]
SQL: SHOW COLUMNS FROM `jj_goods` [ RunTime:0.0068s ]
SQL: SELECT * FROM `jj_goods` WHERE ( name='阿尔卑斯' ) LIMIT 1   [ RunTime:0.0005s ]
SQL: SELECT `guige1_text` FROM `jj_goods` WHERE ( name='阿尔卑斯' ) LIMIT 1   [ RunTime:0.0003s ]
SQL: SELECT `guige2_text` FROM `jj_goods` WHERE ( name='阿尔卑斯' ) LIMIT 1   [ RunTime:0.0003s ]
SQL: SELECT `guige3_text` FROM `jj_goods` WHERE ( name='阿尔卑斯' ) LIMIT 1   [ RunTime:0.0003s ]
INFO: [ view_parse ] --START--
INFO: [ template_filter ] --START--
INFO: Run Behavior\ContentReplaceBehavior [ RunTime:0.000153s ]
INFO: [ template_filter ] --END-- [ RunTime:0.000236s ]
NOTIC: [8] Undefined variable: bill D:\XAMPP\htdocs\myBS\J-home\Runtime\Cache\Home\a7da9d5dc348fcf418aeb320b3d95f2c.php 第 44 行.
NOTIC: [8] Undefined variable: bill D:\XAMPP\htdocs\myBS\J-home\Runtime\Cache\Home\a7da9d5dc348fcf418aeb320b3d95f2c.php 第 78 行.
INFO: Run Behavior\ParseTemplateBehavior [ RunTime:0.012394s ]
INFO: [ view_parse ] --END-- [ RunTime:0.012463s ]
INFO: [ view_filter ] --START--
INFO: Run Behavior\WriteHtmlCacheBehavior [ RunTime:0.000276s ]
INFO: [ view_filter ] --END-- [ RunTime:0.000330s ]
INFO: [ app_end ] --START--
INFO: Run Behavior\ShowPageTraceBehavior [ RunTime:0.000726s ]
INFO: [ app_end ] --END-- [ RunTime:0.000830s ]

[ 2017-02-24T12:11:23+08:00 ] ::1 /myBS/index.php/Goods/show_bill.html
INFO: [ app_init ] --START--
INFO: Run Behavior\BuildLiteBehavior [ RunTime:0.000016s ]
INFO: [ app_init ] --END-- [ RunTime:0.000350s ]
INFO: [ app_begin ] --START--
INFO: Run Behavior\ReadHtmlCacheBehavior [ RunTime:0.000453s ]
INFO: [ app_begin ] --END-- [ RunTime:0.000514s ]
INFO: [ app_end ] --START--
INFO: Run Behavior\ShowPageTraceBehavior [ RunTime:0.001245s ]
INFO: [ app_end ] --END-- [ RunTime:0.001391s ]

[ 2017-02-24T12:11:37+08:00 ] ::1 /myBS/index.php/List/mdlist/title/%E5%B8%83%E8%89%BA%E6%B2%99%E5%8F%91.html
INFO: [ app_init ] --START--
INFO: Run Behavior\BuildLiteBehavior [ RunTime:0.000018s ]
INFO: [ app_init ] --END-- [ RunTime:0.000515s ]
INFO: [ app_begin ] --START--
INFO: Run Behavior\ReadHtmlCacheBehavior [ RunTime:0.000464s ]
INFO: [ app_begin ] --END-- [ RunTime:0.000526s ]
SQL: SHOW COLUMNS FROM `jj_list` [ RunTime:0.0045s ]
SQL: SHOW COLUMNS FROM `jj_goods` [ RunTime:0.0051s ]
SQL: SELECT * FROM `jj_list` WHERE ( title='布艺沙发' ) LIMIT 1   [ RunTime:0.0004s ]
SQL: SELECT * FROM `jj_goods` WHERE ( title='布艺沙发' )  [ RunTime:0.0003s ]
INFO: [ view_parse ] --START--
INFO: [ template_filter ] --START--
INFO: Run Behavior\ContentReplaceBehavior [ RunTime:0.000101s ]
INFO: [ template_filter ] --END-- [ RunTime:0.000188s ]
NOTIC: [8] Undefined variable: bill D:\XAMPP\htdocs\myBS\J-home\Runtime\Cache\Home\dd6ef9fc4666f7a74ad05681f0884ba2.php 第 44 行.
INFO: Run Behavior\ParseTemplateBehavior [ RunTime:0.008413s ]
INFO: [ view_parse ] --END-- [ RunTime:0.008479s ]
INFO: [ view_filter ] --START--
INFO: Run Behavior\WriteHtmlCacheBehavior [ RunTime:0.000243s ]
INFO: [ view_filter ] --END-- [ RunTime:0.000292s ]
INFO: [ app_end ] --START--
INFO: Run Behavior\ShowPageTraceBehavior [ RunTime:0.000448s ]
INFO: [ app_end ] --END-- [ RunTime:0.000499s ]

[ 2017-02-24T12:11:38+08:00 ] ::1 /myBS/index.php/Goods/good/name/%E9%98%BF%E5%B0%94%E5%8D%91%E6%96%AF.html
INFO: [ app_init ] --START--
INFO: Run Behavior\BuildLiteBehavior [ RunTime:0.000020s ]
INFO: [ app_init ] --END-- [ RunTime:0.000440s ]
INFO: [ app_begin ] --START--
INFO: Run Behavior\ReadHtmlCacheBehavior [ RunTime:0.000524s ]
INFO: [ app_begin ] --END-- [ RunTime:0.000591s ]
SQL: SHOW COLUMNS FROM `jj_goods` [ RunTime:0.0531s ]
SQL: SELECT * FROM `jj_goods` WHERE ( name='阿尔卑斯' ) LIMIT 1   [ RunTime:0.0006s ]
SQL: SELECT `guige1_text` FROM `jj_goods` WHERE ( name='阿尔卑斯' ) LIMIT 1   [ RunTime:0.0004s ]
SQL: SELECT `guige2_text` FROM `jj_goods` WHERE ( name='阿尔卑斯' ) LIMIT 1   [ RunTime:0.0004s ]
SQL: SELECT `guige3_text` FROM `jj_goods` WHERE ( name='阿尔卑斯' ) LIMIT 1   [ RunTime:0.0004s ]
INFO: [ view_parse ] --START--
INFO: [ template_filter ] --START--
INFO: Run Behavior\ContentReplaceBehavior [ RunTime:0.000165s ]
INFO: [ template_filter ] --END-- [ RunTime:0.000235s ]
NOTIC: [8] Undefined variable: bill D:\XAMPP\htdocs\myBS\J-home\Runtime\Cache\Home\a7da9d5dc348fcf418aeb320b3d95f2c.php 第 44 行.
NOTIC: [8] Undefined variable: bill D:\XAMPP\htdocs\myBS\J-home\Runtime\Cache\Home\a7da9d5dc348fcf418aeb320b3d95f2c.php 第 78 行.
INFO: Run Behavior\ParseTemplateBehavior [ RunTime:0.013217s ]
INFO: [ view_parse ] --END-- [ RunTime:0.013294s ]
INFO: [ view_filter ] --START--
INFO: Run Behavior\WriteHtmlCacheBehavior [ RunTime:0.000310s ]
INFO: [ view_filter ] --END-- [ RunTime:0.000376s ]
INFO: [ app_end ] --START--
INFO: Run Behavior\ShowPageTraceBehavior [ RunTime:0.000669s ]
INFO: [ app_end ] --END-- [ RunTime:0.000748s ]

[ 2017-02-24T12:11:41+08:00 ] ::1 /myBS/index.php/Goods/show_bill.html
INFO: [ app_init ] --START--
INFO: Run Behavior\BuildLiteBehavior [ RunTime:0.000017s ]
INFO: [ app_init ] --END-- [ RunTime:0.000372s ]
INFO: [ app_begin ] --START--
INFO: Run Behavior\ReadHtmlCacheBehavior [ RunTime:0.000530s ]
INFO: [ app_begin ] --END-- [ RunTime:0.000675s ]
ERR: Think\Controller:addcart方法不存在！

[ 2017-02-24T12:11:56+08:00 ] ::1 /myBS/index.php/Goods/good/name/%E9%98%BF%E5%B0%94%E5%8D%91%E6%96%AF.html
INFO: [ app_init ] --START--
INFO: Run Behavior\BuildLiteBehavior [ RunTime:0.000019s ]
INFO: [ app_init ] --END-- [ RunTime:0.000477s ]
INFO: [ app_begin ] --START--
INFO: Run Behavior\ReadHtmlCacheBehavior [ RunTime:0.000697s ]
INFO: [ app_begin ] --END-- [ RunTime:0.000805s ]
SQL: SHOW COLUMNS FROM `jj_goods` [ RunTime:0.0098s ]
SQL: SELECT * FROM `jj_goods` WHERE ( name='阿尔卑斯' ) LIMIT 1   [ RunTime:0.0012s ]
SQL: SELECT `guige1_text` FROM `jj_goods` WHERE ( name='阿尔卑斯' ) LIMIT 1   [ RunTime:0.0008s ]
SQL: SELECT `guige2_text` FROM `jj_goods` WHERE ( name='阿尔卑斯' ) LIMIT 1   [ RunTime:0.0008s ]
SQL: SELECT `guige3_text` FROM `jj_goods` WHERE ( name='阿尔卑斯' ) LIMIT 1   [ RunTime:0.0007s ]
INFO: [ view_parse ] --START--
INFO: [ template_filter ] --START--
INFO: Run Behavior\ContentReplaceBehavior [ RunTime:0.000424s ]
INFO: [ template_filter ] --END-- [ RunTime:0.000624s ]
NOTIC: [8] Undefined variable: bill D:\XAMPP\htdocs\myBS\J-home\Runtime\Cache\Home\a7da9d5dc348fcf418aeb320b3d95f2c.php 第 44 行.
NOTIC: [8] Undefined variable: bill D:\XAMPP\htdocs\myBS\J-home\Runtime\Cache\Home\a7da9d5dc348fcf418aeb320b3d95f2c.php 第 78 行.
INFO: Run Behavior\ParseTemplateBehavior [ RunTime:0.034104s ]
INFO: [ view_parse ] --END-- [ RunTime:0.034224s ]
INFO: [ view_filter ] --START--
INFO: Run Behavior\WriteHtmlCacheBehavior [ RunTime:0.000375s ]
INFO: [ view_filter ] --END-- [ RunTime:0.000426s ]
INFO: [ app_end ] --START--
INFO: Run Behavior\ShowPageTraceBehavior [ RunTime:0.001117s ]
INFO: [ app_end ] --END-- [ RunTime:0.001200s ]

[ 2017-02-24T12:11:58+08:00 ] ::1 /myBS/index.php/Goods/show_bill.html
INFO: [ app_init ] --START--
INFO: Run Behavior\BuildLiteBehavior [ RunTime:0.000053s ]
INFO: [ app_init ] --END-- [ RunTime:0.001295s ]
INFO: [ app_begin ] --START--
INFO: Run Behavior\ReadHtmlCacheBehavior [ RunTime:0.000463s ]
INFO: [ app_begin ] --END-- [ RunTime:0.000526s ]

[ 2017-02-24T12:12:03+08:00 ] ::1 /myBS/index.php/Goods/good/name/%E9%98%BF%E5%B0%94%E5%8D%91%E6%96%AF.html
INFO: [ app_init ] --START--
INFO: Run Behavior\BuildLiteBehavior [ RunTime:0.000016s ]
INFO: [ app_init ] --END-- [ RunTime:0.000314s ]
INFO: [ app_begin ] --START--
INFO: Run Behavior\ReadHtmlCacheBehavior [ RunTime:0.000419s ]
INFO: [ app_begin ] --END-- [ RunTime:0.000504s ]
SQL: SHOW COLUMNS FROM `jj_goods` [ RunTime:0.0046s ]
SQL: SELECT * FROM `jj_goods` WHERE ( name='阿尔卑斯' ) LIMIT 1   [ RunTime:0.0006s ]
SQL: SELECT `guige1_text` FROM `jj_goods` WHERE ( name='阿尔卑斯' ) LIMIT 1   [ RunTime:0.0004s ]
SQL: SELECT `guige2_text` FROM `jj_goods` WHERE ( name='阿尔卑斯' ) LIMIT 1   [ RunTime:0.0003s ]
SQL: SELECT `guige3_text` FROM `jj_goods` WHERE ( name='阿尔卑斯' ) LIMIT 1   [ RunTime:0.0003s ]
INFO: [ view_parse ] --START--
INFO: [ template_filter ] --START--
INFO: Run Behavior\ContentReplaceBehavior [ RunTime:0.000131s ]
INFO: [ template_filter ] --END-- [ RunTime:0.000208s ]
NOTIC: [8] Undefined variable: bill D:\XAMPP\htdocs\myBS\J-home\Runtime\Cache\Home\a7da9d5dc348fcf418aeb320b3d95f2c.php 第 44 行.
NOTIC: [8] Undefined variable: bill D:\XAMPP\htdocs\myBS\J-home\Runtime\Cache\Home\a7da9d5dc348fcf418aeb320b3d95f2c.php 第 78 行.
INFO: Run Behavior\ParseTemplateBehavior [ RunTime:0.011486s ]
INFO: [ view_parse ] --END-- [ RunTime:0.011589s ]
INFO: [ view_filter ] --START--
INFO: Run Behavior\WriteHtmlCacheBehavior [ RunTime:0.000302s ]
INFO: [ view_filter ] --END-- [ RunTime:0.000354s ]
INFO: [ app_end ] --START--
INFO: Run Behavior\ShowPageTraceBehavior [ RunTime:0.000587s ]
INFO: [ app_end ] --END-- [ RunTime:0.000710s ]

[ 2017-02-24T12:12:04+08:00 ] ::1 /myBS/index.php/Goods/show_bill.html
INFO: [ app_init ] --START--
INFO: Run Behavior\BuildLiteBehavior [ RunTime:0.000018s ]
INFO: [ app_init ] --END-- [ RunTime:0.000364s ]
INFO: [ app_begin ] --START--
INFO: Run Behavior\ReadHtmlCacheBehavior [ RunTime:0.000422s ]
INFO: [ app_begin ] --END-- [ RunTime:0.000481s ]
INFO: [ app_end ] --START--
INFO: Run Behavior\ShowPageTraceBehavior [ RunTime:0.000447s ]
INFO: [ app_end ] --END-- [ RunTime:0.000539s ]

[ 2017-02-24T12:12:09+08:00 ] ::1 /myBS/index.php/List/mdlist/title/%E5%B8%83%E8%89%BA%E6%B2%99%E5%8F%91.html
INFO: [ app_init ] --START--
INFO: Run Behavior\BuildLiteBehavior [ RunTime:0.000030s ]
INFO: [ app_init ] --END-- [ RunTime:0.000454s ]
INFO: [ app_begin ] --START--
INFO: Run Behavior\ReadHtmlCacheBehavior [ RunTime:0.000425s ]
INFO: [ app_begin ] --END-- [ RunTime:0.000488s ]
SQL: SHOW COLUMNS FROM `jj_list` [ RunTime:0.0032s ]
SQL: SHOW COLUMNS FROM `jj_goods` [ RunTime:0.0041s ]
SQL: SELECT * FROM `jj_list` WHERE ( title='布艺沙发' ) LIMIT 1   [ RunTime:0.0004s ]
SQL: SELECT * FROM `jj_goods` WHERE ( title='布艺沙发' )  [ RunTime:0.0004s ]
INFO: [ view_parse ] --START--
INFO: [ template_filter ] --START--
INFO: Run Behavior\ContentReplaceBehavior [ RunTime:0.000099s ]
INFO: [ template_filter ] --END-- [ RunTime:0.000161s ]
NOTIC: [8] Undefined variable: bill D:\XAMPP\htdocs\myBS\J-home\Runtime\Cache\Home\dd6ef9fc4666f7a74ad05681f0884ba2.php 第 44 行.
INFO: Run Behavior\ParseTemplateBehavior [ RunTime:0.008634s ]
INFO: [ view_parse ] --END-- [ RunTime:0.008712s ]
INFO: [ view_filter ] --START--
INFO: Run Behavior\WriteHtmlCacheBehavior [ RunTime:0.000241s ]
INFO: [ view_filter ] --END-- [ RunTime:0.000301s ]
INFO: [ app_end ] --START--
INFO: Run Behavior\ShowPageTraceBehavior [ RunTime:0.000476s ]
INFO: [ app_end ] --END-- [ RunTime:0.000529s ]

[ 2017-02-24T12:12:10+08:00 ] ::1 /myBS/index.php/Goods/good/name/%E6%B1%89%E6%9F%8F%E6%9E%97.html
INFO: [ app_init ] --START--
INFO: Run Behavior\BuildLiteBehavior [ RunTime:0.000015s ]
INFO: [ app_init ] --END-- [ RunTime:0.000312s ]
INFO: [ app_begin ] --START--
INFO: Run Behavior\ReadHtmlCacheBehavior [ RunTime:0.000460s ]
INFO: [ app_begin ] --END-- [ RunTime:0.000526s ]
SQL: SHOW COLUMNS FROM `jj_goods` [ RunTime:0.0098s ]
SQL: SELECT * FROM `jj_goods` WHERE ( name='汉柏林' ) LIMIT 1   [ RunTime:0.0011s ]
SQL: SELECT `guige1_text` FROM `jj_goods` WHERE ( name='汉柏林' ) LIMIT 1   [ RunTime:0.0007s ]
SQL: SELECT `guige2_text` FROM `jj_goods` WHERE ( name='汉柏林' ) LIMIT 1   [ RunTime:0.0007s ]
SQL: SELECT `guige3_text` FROM `jj_goods` WHERE ( name='汉柏林' ) LIMIT 1   [ RunTime:0.0007s ]
INFO: [ view_parse ] --START--
INFO: [ template_filter ] --START--
INFO: Run Behavior\ContentReplaceBehavior [ RunTime:0.000418s ]
INFO: [ template_filter ] --END-- [ RunTime:0.000647s ]
NOTIC: [8] Undefined variable: bill D:\XAMPP\htdocs\myBS\J-home\Runtime\Cache\Home\a7da9d5dc348fcf418aeb320b3d95f2c.php 第 44 行.
NOTIC: [8] Undefined variable: bill D:\XAMPP\htdocs\myBS\J-home\Runtime\Cache\Home\a7da9d5dc348fcf418aeb320b3d95f2c.php 第 78 行.
INFO: Run Behavior\ParseTemplateBehavior [ RunTime:0.033267s ]
INFO: [ view_parse ] --END-- [ RunTime:0.033416s ]
INFO: [ view_filter ] --START--
INFO: Run Behavior\WriteHtmlCacheBehavior [ RunTime:0.000467s ]
INFO: [ view_filter ] --END-- [ RunTime:0.000569s ]
INFO: [ app_end ] --START--
INFO: Run Behavior\ShowPageTraceBehavior [ RunTime:0.001144s ]
INFO: [ app_end ] --END-- [ RunTime:0.001343s ]

[ 2017-02-24T12:12:12+08:00 ] ::1 /myBS/index.php/Goods/show_bill.html
INFO: [ app_init ] --START--
INFO: Run Behavior\BuildLiteBehavior [ RunTime:0.000018s ]
INFO: [ app_init ] --END-- [ RunTime:0.000360s ]
INFO: [ app_begin ] --START--
INFO: Run Behavior\ReadHtmlCacheBehavior [ RunTime:0.000424s ]
INFO: [ app_begin ] --END-- [ RunTime:0.000481s ]
INFO: [ app_end ] --START--
INFO: Run Behavior\ShowPageTraceBehavior [ RunTime:0.000463s ]
INFO: [ app_end ] --END-- [ RunTime:0.000525s ]

[ 2017-02-24T12:12:26+08:00 ] ::1 /myBS/index.php/Goods/good/name/%E6%B1%89%E6%9F%8F%E6%9E%97.html
INFO: [ app_init ] --START--
INFO: Run Behavior\BuildLiteBehavior [ RunTime:0.000016s ]
INFO: [ app_init ] --END-- [ RunTime:0.000316s ]
INFO: [ app_begin ] --START--
INFO: Run Behavior\ReadHtmlCacheBehavior [ RunTime:0.000419s ]
INFO: [ app_begin ] --END-- [ RunTime:0.000480s ]
SQL: SHOW COLUMNS FROM `jj_goods` [ RunTime:0.0096s ]
SQL: SELECT * FROM `jj_goods` WHERE ( name='汉柏林' ) LIMIT 1   [ RunTime:0.0013s ]
SQL: SELECT `guige1_text` FROM `jj_goods` WHERE ( name='汉柏林' ) LIMIT 1   [ RunTime:0.0007s ]
SQL: SELECT `guige2_text` FROM `jj_goods` WHERE ( name='汉柏林' ) LIMIT 1   [ RunTime:0.0007s ]
SQL: SELECT `guige3_text` FROM `jj_goods` WHERE ( name='汉柏林' ) LIMIT 1   [ RunTime:0.0007s ]
INFO: [ view_parse ] --START--
INFO: [ template_filter ] --START--
INFO: Run Behavior\ContentReplaceBehavior [ RunTime:0.000423s ]
INFO: [ template_filter ] --END-- [ RunTime:0.000625s ]
NOTIC: [8] Undefined variable: bill D:\XAMPP\htdocs\myBS\J-home\Runtime\Cache\Home\a7da9d5dc348fcf418aeb320b3d95f2c.php 第 44 行.
NOTIC: [8] Undefined variable: bill D:\XAMPP\htdocs\myBS\J-home\Runtime\Cache\Home\a7da9d5dc348fcf418aeb320b3d95f2c.php 第 78 行.
INFO: Run Behavior\ParseTemplateBehavior [ RunTime:0.037342s ]
INFO: [ view_parse ] --END-- [ RunTime:0.037549s ]
INFO: [ view_filter ] --START--
INFO: Run Behavior\WriteHtmlCacheBehavior [ RunTime:0.001037s ]
INFO: [ view_filter ] --END-- [ RunTime:0.001287s ]
INFO: [ app_end ] --START--
INFO: Run Behavior\ShowPageTraceBehavior [ RunTime:0.002817s ]
INFO: [ app_end ] --END-- [ RunTime:0.003153s ]

[ 2017-02-24T12:12:28+08:00 ] ::1 /myBS/index.php/Goods/show_bill.html
INFO: [ app_init ] --START--
INFO: Run Behavior\BuildLiteBehavior [ RunTime:0.000016s ]
INFO: [ app_init ] --END-- [ RunTime:0.000384s ]
INFO: [ app_begin ] --START--
INFO: Run Behavior\ReadHtmlCacheBehavior [ RunTime:0.000531s ]
INFO: [ app_begin ] --END-- [ RunTime:0.000590s ]

[ 2017-02-24T12:12:34+08:00 ] ::1 /myBS/index.php/List/mdlist/title/%E5%B8%83%E8%89%BA%E6%B2%99%E5%8F%91.html
INFO: [ app_init ] --START--
INFO: Run Behavior\BuildLiteBehavior [ RunTime:0.000016s ]
INFO: [ app_init ] --END-- [ RunTime:0.000314s ]
INFO: [ app_begin ] --START--
INFO: Run Behavior\ReadHtmlCacheBehavior [ RunTime:0.000447s ]
INFO: [ app_begin ] --END-- [ RunTime:0.000507s ]
SQL: SHOW COLUMNS FROM `jj_list` [ RunTime:0.0039s ]
SQL: SHOW COLUMNS FROM `jj_goods` [ RunTime:0.0037s ]
SQL: SELECT * FROM `jj_list` WHERE ( title='布艺沙发' ) LIMIT 1   [ RunTime:0.0004s ]
SQL: SELECT * FROM `jj_goods` WHERE ( title='布艺沙发' )  [ RunTime:0.0006s ]
INFO: [ view_parse ] --START--
INFO: [ template_filter ] --START--
INFO: Run Behavior\ContentReplaceBehavior [ RunTime:0.000133s ]
INFO: [ template_filter ] --END-- [ RunTime:0.000204s ]
NOTIC: [8] Undefined variable: bill D:\XAMPP\htdocs\myBS\J-home\Runtime\Cache\Home\dd6ef9fc4666f7a74ad05681f0884ba2.php 第 44 行.
INFO: Run Behavior\ParseTemplateBehavior [ RunTime:0.008726s ]
INFO: [ view_parse ] --END-- [ RunTime:0.008802s ]
INFO: [ view_filter ] --START--
INFO: Run Behavior\WriteHtmlCacheBehavior [ RunTime:0.000259s ]
INFO: [ view_filter ] --END-- [ RunTime:0.000309s ]
INFO: [ app_end ] --START--
INFO: Run Behavior\ShowPageTraceBehavior [ RunTime:0.000444s ]
INFO: [ app_end ] --END-- [ RunTime:0.000495s ]

[ 2017-02-24T12:12:36+08:00 ] ::1 /myBS/index.php/Goods/good/name/%E9%98%BF%E5%B0%94%E5%8D%91%E6%96%AF.html
INFO: [ app_init ] --START--
INFO: Run Behavior\BuildLiteBehavior [ RunTime:0.000017s ]
INFO: [ app_init ] --END-- [ RunTime:0.000376s ]
INFO: [ app_begin ] --START--
INFO: Run Behavior\ReadHtmlCacheBehavior [ RunTime:0.000416s ]
INFO: [ app_begin ] --END-- [ RunTime:0.000477s ]
SQL: SHOW COLUMNS FROM `jj_goods` [ RunTime:0.0144s ]
SQL: SELECT * FROM `jj_goods` WHERE ( name='阿尔卑斯' ) LIMIT 1   [ RunTime:0.0017s ]
SQL: SELECT `guige1_text` FROM `jj_goods` WHERE ( name='阿尔卑斯' ) LIMIT 1   [ RunTime:0.0008s ]
SQL: SELECT `guige2_text` FROM `jj_goods` WHERE ( name='阿尔卑斯' ) LIMIT 1   [ RunTime:0.0007s ]
SQL: SELECT `guige3_text` FROM `jj_goods` WHERE ( name='阿尔卑斯' ) LIMIT 1   [ RunTime:0.0007s ]
INFO: [ view_parse ] --START--
INFO: [ template_filter ] --START--
INFO: Run Behavior\ContentReplaceBehavior [ RunTime:0.000427s ]
INFO: [ template_filter ] --END-- [ RunTime:0.000827s ]
NOTIC: [8] Undefined variable: bill D:\XAMPP\htdocs\myBS\J-home\Runtime\Cache\Home\a7da9d5dc348fcf418aeb320b3d95f2c.php 第 44 行.
NOTIC: [8] Undefined variable: bill D:\XAMPP\htdocs\myBS\J-home\Runtime\Cache\Home\a7da9d5dc348fcf418aeb320b3d95f2c.php 第 78 行.
INFO: Run Behavior\ParseTemplateBehavior [ RunTime:0.025650s ]
INFO: [ view_parse ] --END-- [ RunTime:0.025799s ]
INFO: [ view_filter ] --START--
INFO: Run Behavior\WriteHtmlCacheBehavior [ RunTime:0.000229s ]
INFO: [ view_filter ] --END-- [ RunTime:0.000278s ]
INFO: [ app_end ] --START--
INFO: Run Behavior\ShowPageTraceBehavior [ RunTime:0.000612s ]
INFO: [ app_end ] --END-- [ RunTime:0.000702s ]

[ 2017-02-24T12:12:38+08:00 ] ::1 /myBS/index.php/Goods/show_bill.html
INFO: [ app_init ] --START--
INFO: Run Behavior\BuildLiteBehavior [ RunTime:0.000019s ]
INFO: [ app_init ] --END-- [ RunTime:0.000511s ]
INFO: [ app_begin ] --START--
INFO: Run Behavior\ReadHtmlCacheBehavior [ RunTime:0.000713s ]
INFO: [ app_begin ] --END-- [ RunTime:0.000895s ]
INFO: [ app_end ] --START--
INFO: Run Behavior\ShowPageTraceBehavior [ RunTime:0.000495s ]
INFO: [ app_end ] --END-- [ RunTime:0.000566s ]

[ 2017-02-24T14:54:34+08:00 ] ::1 /myBS/index.php/Goods/good/name/%E9%98%BF%E5%B0%94%E5%8D%91%E6%96%AF.html
INFO: [ app_init ] --START--
INFO: Run Behavior\BuildLiteBehavior [ RunTime:0.000037s ]
INFO: [ app_init ] --END-- [ RunTime:0.001133s ]
INFO: [ app_begin ] --START--
INFO: Run Behavior\ReadHtmlCacheBehavior [ RunTime:0.001385s ]
INFO: [ app_begin ] --END-- [ RunTime:0.001536s ]
SQL: SHOW COLUMNS FROM `jj_goods` [ RunTime:0.0571s ]
SQL: SELECT * FROM `jj_goods` WHERE ( name='阿尔卑斯' ) LIMIT 1   [ RunTime:0.0148s ]
SQL: SELECT `guige1_text` FROM `jj_goods` WHERE ( name='阿尔卑斯' ) LIMIT 1   [ RunTime:0.0008s ]
SQL: SELECT `guige2_text` FROM `jj_goods` WHERE ( name='阿尔卑斯' ) LIMIT 1   [ RunTime:0.0008s ]
SQL: SELECT `guige3_text` FROM `jj_goods` WHERE ( name='阿尔卑斯' ) LIMIT 1   [ RunTime:0.0007s ]
INFO: [ view_parse ] --START--
INFO: [ template_filter ] --START--
INFO: Run Behavior\ContentReplaceBehavior [ RunTime:0.000561s ]
INFO: [ template_filter ] --END-- [ RunTime:0.000886s ]
NOTIC: [8] Undefined variable: bill D:\XAMPP\htdocs\myBS\J-home\Runtime\Cache\Home\a7da9d5dc348fcf418aeb320b3d95f2c.php 第 44 行.
NOTIC: [8] Undefined variable: bill D:\XAMPP\htdocs\myBS\J-home\Runtime\Cache\Home\a7da9d5dc348fcf418aeb320b3d95f2c.php 第 78 行.
INFO: Run Behavior\ParseTemplateBehavior [ RunTime:0.130093s ]
INFO: [ view_parse ] --END-- [ RunTime:0.130328s ]
INFO: [ view_filter ] --START--
INFO: Run Behavior\WriteHtmlCacheBehavior [ RunTime:0.032994s ]
INFO: [ view_filter ] --END-- [ RunTime:0.033164s ]
INFO: [ app_end ] --START--
INFO: Run Behavior\ShowPageTraceBehavior [ RunTime:0.011149s ]
INFO: [ app_end ] --END-- [ RunTime:0.011373s ]

[ 2017-02-24T14:54:35+08:00 ] ::1 /myBS/index.php/Goods/show_bill.html
INFO: [ app_init ] --START--
INFO: Run Behavior\BuildLiteBehavior [ RunTime:0.000075s ]
INFO: [ app_init ] --END-- [ RunTime:0.002020s ]
INFO: [ app_begin ] --START--
INFO: Run Behavior\ReadHtmlCacheBehavior [ RunTime:0.000565s ]
INFO: [ app_begin ] --END-- [ RunTime:0.000628s ]

[ 2017-02-24T14:54:37+08:00 ] ::1 /myBS/index.php/Goods/bill.html
INFO: [ app_init ] --START--
INFO: Run Behavior\BuildLiteBehavior [ RunTime:0.000015s ]
INFO: [ app_init ] --END-- [ RunTime:0.000307s ]
INFO: [ app_begin ] --START--
INFO: Run Behavior\ReadHtmlCacheBehavior [ RunTime:0.000481s ]
INFO: [ app_begin ] --END-- [ RunTime:0.000590s ]
NOTIC: [8] Undefined index: name D:\XAMPP\htdocs\myBS\J-home\Home\Controller\GoodsController.class.php 第 34 行.
INFO: [ view_parse ] --START--
INFO: [ template_filter ] --START--
INFO: Run Behavior\ContentReplaceBehavior [ RunTime:0.000121s ]
INFO: [ template_filter ] --END-- [ RunTime:0.000204s ]
INFO: Run Behavior\ParseTemplateBehavior [ RunTime:0.050312s ]
INFO: [ view_parse ] --END-- [ RunTime:0.050392s ]
INFO: [ view_filter ] --START--
INFO: Run Behavior\WriteHtmlCacheBehavior [ RunTime:0.000284s ]
INFO: [ view_filter ] --END-- [ RunTime:0.000336s ]
INFO: [ app_end ] --START--
INFO: Run Behavior\ShowPageTraceBehavior [ RunTime:0.000641s ]
INFO: [ app_end ] --END-- [ RunTime:0.000728s ]

[ 2017-02-24T14:58:33+08:00 ] ::1 /myBS/index.php/Goods/bill.html
INFO: [ app_init ] --START--
INFO: Run Behavior\BuildLiteBehavior [ RunTime:0.000016s ]
INFO: [ app_init ] --END-- [ RunTime:0.000369s ]
INFO: [ app_begin ] --START--
INFO: Run Behavior\ReadHtmlCacheBehavior [ RunTime:0.000589s ]
INFO: [ app_begin ] --END-- [ RunTime:0.000651s ]
INFO: [ view_parse ] --START--
INFO: [ template_filter ] --START--
INFO: Run Behavior\ContentReplaceBehavior [ RunTime:0.000102s ]
INFO: [ template_filter ] --END-- [ RunTime:0.000163s ]
INFO: Run Behavior\ParseTemplateBehavior [ RunTime:0.007823s ]
INFO: [ view_parse ] --END-- [ RunTime:0.007890s ]
INFO: [ view_filter ] --START--
INFO: Run Behavior\WriteHtmlCacheBehavior [ RunTime:0.000291s ]
INFO: [ view_filter ] --END-- [ RunTime:0.000341s ]
INFO: [ app_end ] --START--
INFO: Run Behavior\ShowPageTraceBehavior [ RunTime:0.001561s ]
INFO: [ app_end ] --END-- [ RunTime:0.001701s ]

[ 2017-02-24T14:59:06+08:00 ] ::1 /myBS/index.php/Goods/good/name/%E9%98%BF%E5%B0%94%E5%8D%91%E6%96%AF.html
INFO: [ app_init ] --START--
INFO: Run Behavior\BuildLiteBehavior [ RunTime:0.000031s ]
INFO: [ app_init ] --END-- [ RunTime:0.000460s ]
INFO: [ app_begin ] --START--
INFO: Run Behavior\ReadHtmlCacheBehavior [ RunTime:0.000951s ]
INFO: [ app_begin ] --END-- [ RunTime:0.001227s ]
SQL: SHOW COLUMNS FROM `jj_goods` [ RunTime:0.0112s ]
SQL: SELECT * FROM `jj_goods` WHERE ( name='阿尔卑斯' ) LIMIT 1   [ RunTime:0.0015s ]
SQL: SELECT `guige1_text` FROM `jj_goods` WHERE ( name='阿尔卑斯' ) LIMIT 1   [ RunTime:0.0008s ]
SQL: SELECT `guige2_text` FROM `jj_goods` WHERE ( name='阿尔卑斯' ) LIMIT 1   [ RunTime:0.0010s ]
SQL: SELECT `guige3_text` FROM `jj_goods` WHERE ( name='阿尔卑斯' ) LIMIT 1   [ RunTime:0.0009s ]
INFO: [ view_parse ] --START--
INFO: [ template_filter ] --START--
INFO: Run Behavior\ContentReplaceBehavior [ RunTime:0.000416s ]
INFO: [ template_filter ] --END-- [ RunTime:0.000623s ]
NOTIC: [8] Undefined variable: bill D:\XAMPP\htdocs\myBS\J-home\Runtime\Cache\Home\a7da9d5dc348fcf418aeb320b3d95f2c.php 第 44 行.
NOTIC: [8] Undefined variable: bill D:\XAMPP\htdocs\myBS\J-home\Runtime\Cache\Home\a7da9d5dc348fcf418aeb320b3d95f2c.php 第 78 行.
INFO: Run Behavior\ParseTemplateBehavior [ RunTime:0.039880s ]
INFO: [ view_parse ] --END-- [ RunTime:0.040072s ]
INFO: [ view_filter ] --START--
INFO: Run Behavior\WriteHtmlCacheBehavior [ RunTime:0.000648s ]
INFO: [ view_filter ] --END-- [ RunTime:0.000747s ]
INFO: [ app_end ] --START--
INFO: Run Behavior\ShowPageTraceBehavior [ RunTime:0.001275s ]
INFO: [ app_end ] --END-- [ RunTime:0.001451s ]

[ 2017-02-24T14:59:09+08:00 ] ::1 /myBS/index.php/Goods/good/name/%E9%98%BF%E5%B0%94%E5%8D%91%E6%96%AF.html
INFO: [ app_init ] --START--
INFO: Run Behavior\BuildLiteBehavior [ RunTime:0.000017s ]
INFO: [ app_init ] --END-- [ RunTime:0.000391s ]
INFO: [ app_begin ] --START--
INFO: Run Behavior\ReadHtmlCacheBehavior [ RunTime:0.000514s ]
INFO: [ app_begin ] --END-- [ RunTime:0.000578s ]
SQL: SHOW COLUMNS FROM `jj_goods` [ RunTime:0.0062s ]
SQL: SELECT * FROM `jj_goods` WHERE ( name='阿尔卑斯' ) LIMIT 1   [ RunTime:0.0008s ]
SQL: SELECT `guige1_text` FROM `jj_goods` WHERE ( name='阿尔卑斯' ) LIMIT 1   [ RunTime:0.0005s ]
SQL: SELECT `guige2_text` FROM `jj_goods` WHERE ( name='阿尔卑斯' ) LIMIT 1   [ RunTime:0.0005s ]
SQL: SELECT `guige3_text` FROM `jj_goods` WHERE ( name='阿尔卑斯' ) LIMIT 1   [ RunTime:0.0004s ]
INFO: [ view_parse ] --START--
INFO: [ template_filter ] --START--
INFO: Run Behavior\ContentReplaceBehavior [ RunTime:0.000221s ]
INFO: [ template_filter ] --END-- [ RunTime:0.000325s ]
NOTIC: [8] Undefined variable: bill D:\XAMPP\htdocs\myBS\J-home\Runtime\Cache\Home\a7da9d5dc348fcf418aeb320b3d95f2c.php 第 44 行.
NOTIC: [8] Undefined variable: bill D:\XAMPP\htdocs\myBS\J-home\Runtime\Cache\Home\a7da9d5dc348fcf418aeb320b3d95f2c.php 第 78 行.
INFO: Run Behavior\ParseTemplateBehavior [ RunTime:0.021914s ]
INFO: [ view_parse ] --END-- [ RunTime:0.022002s ]
INFO: [ view_filter ] --START--
INFO: Run Behavior\WriteHtmlCacheBehavior [ RunTime:0.000326s ]
INFO: [ view_filter ] --END-- [ RunTime:0.000388s ]
INFO: [ app_end ] --START--
INFO: Run Behavior\ShowPageTraceBehavior [ RunTime:0.000663s ]
INFO: [ app_end ] --END-- [ RunTime:0.000750s ]

[ 2017-02-24T14:59:11+08:00 ] ::1 /myBS/index.php/Goods/show_bill.html
INFO: [ app_init ] --START--
INFO: Run Behavior\BuildLiteBehavior [ RunTime:0.000016s ]
INFO: [ app_init ] --END-- [ RunTime:0.000808s ]
INFO: [ app_begin ] --START--
INFO: Run Behavior\ReadHtmlCacheBehavior [ RunTime:0.000522s ]
INFO: [ app_begin ] --END-- [ RunTime:0.000585s ]

[ 2017-02-24T14:59:45+08:00 ] ::1 /myBS/index.php/Goods/good/name/%E9%98%BF%E5%B0%94%E5%8D%91%E6%96%AF.html
INFO: [ app_init ] --START--
INFO: Run Behavior\BuildLiteBehavior [ RunTime:0.000016s ]
INFO: [ app_init ] --END-- [ RunTime:0.000315s ]
INFO: [ app_begin ] --START--
INFO: Run Behavior\ReadHtmlCacheBehavior [ RunTime:0.000513s ]
INFO: [ app_begin ] --END-- [ RunTime:0.000591s ]
SQL: SHOW COLUMNS FROM `jj_goods` [ RunTime:0.0050s ]
SQL: SELECT * FROM `jj_goods` WHERE ( name='阿尔卑斯' ) LIMIT 1   [ RunTime:0.0005s ]
SQL: SELECT `guige1_text` FROM `jj_goods` WHERE ( name='阿尔卑斯' ) LIMIT 1   [ RunTime:0.0005s ]
SQL: SELECT `guige2_text` FROM `jj_goods` WHERE ( name='阿尔卑斯' ) LIMIT 1   [ RunTime:0.0004s ]
SQL: SELECT `guige3_text` FROM `jj_goods` WHERE ( name='阿尔卑斯' ) LIMIT 1   [ RunTime:0.0003s ]
INFO: [ view_parse ] --START--
INFO: [ template_filter ] --START--
INFO: Run Behavior\ContentReplaceBehavior [ RunTime:0.000146s ]
INFO: [ template_filter ] --END-- [ RunTime:0.000215s ]
NOTIC: [8] Undefined variable: bill D:\XAMPP\htdocs\myBS\J-home\Runtime\Cache\Home\a7da9d5dc348fcf418aeb320b3d95f2c.php 第 44 行.
NOTIC: [8] Undefined variable: bill D:\XAMPP\htdocs\myBS\J-home\Runtime\Cache\Home\a7da9d5dc348fcf418aeb320b3d95f2c.php 第 78 行.
INFO: Run Behavior\ParseTemplateBehavior [ RunTime:0.012313s ]
INFO: [ view_parse ] --END-- [ RunTime:0.012383s ]
INFO: [ view_filter ] --START--
INFO: Run Behavior\WriteHtmlCacheBehavior [ RunTime:0.000338s ]
INFO: [ view_filter ] --END-- [ RunTime:0.000405s ]
INFO: [ app_end ] --START--
INFO: Run Behavior\ShowPageTraceBehavior [ RunTime:0.000655s ]
INFO: [ app_end ] --END-- [ RunTime:0.000737s ]

[ 2017-02-24T14:59:47+08:00 ] ::1 /myBS/index.php/Goods/show_bill.html
INFO: [ app_init ] --START--
INFO: Run Behavior\BuildLiteBehavior [ RunTime:0.000021s ]
INFO: [ app_init ] --END-- [ RunTime:0.000546s ]
INFO: [ app_begin ] --START--
INFO: Run Behavior\ReadHtmlCacheBehavior [ RunTime:0.000495s ]
INFO: [ app_begin ] --END-- [ RunTime:0.000565s ]

[ 2017-02-24T15:12:40+08:00 ] ::1 /myBS/index.php/Goods/show_bill.html
INFO: [ app_init ] --START--
INFO: Run Behavior\BuildLiteBehavior [ RunTime:0.000017s ]
INFO: [ app_init ] --END-- [ RunTime:0.000366s ]
INFO: [ app_begin ] --START--
INFO: Run Behavior\ReadHtmlCacheBehavior [ RunTime:0.000553s ]
INFO: [ app_begin ] --END-- [ RunTime:0.000634s ]
NOTIC: [2] Missing argument 1 for Home\Controller\GoodsController::__construct(), called in D:\XAMPP\htdocs\myBS\ThinkPHP\Common\functions.php on line 681 and defined D:\XAMPP\htdocs\myBS\J-home\Home\Controller\GoodsController.class.php 第 63 行.
NOTIC: [8] Undefined variable: cart D:\XAMPP\htdocs\myBS\J-home\Home\Controller\GoodsController.class.php 第 64 行.

[ 2017-02-24T15:12:44+08:00 ] ::1 /myBS/index.php/Goods/bill.html
INFO: [ app_init ] --START--
INFO: Run Behavior\BuildLiteBehavior [ RunTime:0.000020s ]
INFO: [ app_init ] --END-- [ RunTime:0.000439s ]
INFO: [ app_begin ] --START--
INFO: Run Behavior\ReadHtmlCacheBehavior [ RunTime:0.000504s ]
INFO: [ app_begin ] --END-- [ RunTime:0.000575s ]
NOTIC: [2] Missing argument 1 for Home\Controller\GoodsController::__construct(), called in D:\XAMPP\htdocs\myBS\ThinkPHP\Common\functions.php on line 681 and defined D:\XAMPP\htdocs\myBS\J-home\Home\Controller\GoodsController.class.php 第 63 行.
NOTIC: [8] Undefined variable: cart D:\XAMPP\htdocs\myBS\J-home\Home\Controller\GoodsController.class.php 第 64 行.

[ 2017-02-24T15:13:01+08:00 ] ::1 /myBS/index.php/Goods/good/name/%E9%98%BF%E5%B0%94%E5%8D%91%E6%96%AF.html
INFO: [ app_init ] --START--
INFO: Run Behavior\BuildLiteBehavior [ RunTime:0.000020s ]
INFO: [ app_init ] --END-- [ RunTime:0.000355s ]
INFO: [ app_begin ] --START--
INFO: Run Behavior\ReadHtmlCacheBehavior [ RunTime:0.000833s ]
INFO: [ app_begin ] --END-- [ RunTime:0.001006s ]
NOTIC: [2] Missing argument 1 for Home\Controller\GoodsController::__construct(), called in D:\XAMPP\htdocs\myBS\ThinkPHP\Common\functions.php on line 681 and defined D:\XAMPP\htdocs\myBS\J-home\Home\Controller\GoodsController.class.php 第 63 行.
NOTIC: [8] Undefined variable: cart D:\XAMPP\htdocs\myBS\J-home\Home\Controller\GoodsController.class.php 第 64 行.
SQL: SHOW COLUMNS FROM `jj_goods` [ RunTime:0.0073s ]
SQL: SELECT * FROM `jj_goods` WHERE ( name='阿尔卑斯' ) LIMIT 1   [ RunTime:0.0009s ]

[ 2017-02-24T15:13:11+08:00 ] ::1 /myBS/index.php/List/mdlist/title/%E5%B8%83%E8%89%BA%E6%B2%99%E5%8F%91.html
INFO: [ app_init ] --START--
INFO: Run Behavior\BuildLiteBehavior [ RunTime:0.000016s ]
INFO: [ app_init ] --END-- [ RunTime:0.000343s ]
INFO: [ app_begin ] --START--
INFO: Run Behavior\ReadHtmlCacheBehavior [ RunTime:0.000449s ]
INFO: [ app_begin ] --END-- [ RunTime:0.000510s ]
SQL: SHOW COLUMNS FROM `jj_list` [ RunTime:0.0514s ]
SQL: SHOW COLUMNS FROM `jj_goods` [ RunTime:0.0054s ]
SQL: SELECT * FROM `jj_list` WHERE ( title='布艺沙发' ) LIMIT 1   [ RunTime:0.0006s ]
SQL: SELECT * FROM `jj_goods` WHERE ( title='布艺沙发' )  [ RunTime:0.0005s ]
INFO: [ view_parse ] --START--
INFO: [ template_filter ] --START--
INFO: Run Behavior\ContentReplaceBehavior [ RunTime:0.000159s ]
INFO: [ template_filter ] --END-- [ RunTime:0.000270s ]
NOTIC: [8] Undefined variable: bill D:\XAMPP\htdocs\myBS\J-home\Runtime\Cache\Home\dd6ef9fc4666f7a74ad05681f0884ba2.php 第 44 行.
INFO: Run Behavior\ParseTemplateBehavior [ RunTime:0.025044s ]
INFO: [ view_parse ] --END-- [ RunTime:0.025129s ]
INFO: [ view_filter ] --START--
INFO: Run Behavior\WriteHtmlCacheBehavior [ RunTime:0.000317s ]
INFO: [ view_filter ] --END-- [ RunTime:0.000367s ]
INFO: [ app_end ] --START--
INFO: Run Behavior\ShowPageTraceBehavior [ RunTime:0.000594s ]
INFO: [ app_end ] --END-- [ RunTime:0.000657s ]

[ 2017-02-24T15:13:13+08:00 ] ::1 /myBS/index.php/Goods/good/name/%E9%98%BF%E5%B0%94%E5%8D%91%E6%96%AF.html
INFO: [ app_init ] --START--
INFO: Run Behavior\BuildLiteBehavior [ RunTime:0.000017s ]
INFO: [ app_init ] --END-- [ RunTime:0.000445s ]
INFO: [ app_begin ] --START--
INFO: Run Behavior\ReadHtmlCacheBehavior [ RunTime:0.000538s ]
INFO: [ app_begin ] --END-- [ RunTime:0.000605s ]
NOTIC: [2] Missing argument 1 for Home\Controller\GoodsController::__construct(), called in D:\XAMPP\htdocs\myBS\ThinkPHP\Common\functions.php on line 681 and defined D:\XAMPP\htdocs\myBS\J-home\Home\Controller\GoodsController.class.php 第 62 行.
NOTIC: [8] Undefined variable: cart D:\XAMPP\htdocs\myBS\J-home\Home\Controller\GoodsController.class.php 第 63 行.
SQL: SHOW COLUMNS FROM `jj_goods` [ RunTime:0.0059s ]
SQL: SELECT * FROM `jj_goods` WHERE ( name='阿尔卑斯' ) LIMIT 1   [ RunTime:0.0006s ]

[ 2017-02-24T15:13:24+08:00 ] ::1 /myBS/index.php/Goods/good/name/%E9%98%BF%E5%B0%94%E5%8D%91%E6%96%AF.html
INFO: [ app_init ] --START--
INFO: Run Behavior\BuildLiteBehavior [ RunTime:0.000016s ]
INFO: [ app_init ] --END-- [ RunTime:0.000351s ]
INFO: [ app_begin ] --START--
INFO: Run Behavior\ReadHtmlCacheBehavior [ RunTime:0.000544s ]
INFO: [ app_begin ] --END-- [ RunTime:0.000617s ]
NOTIC: [2] Missing argument 1 for Home\Controller\GoodsController::__construct(), called in D:\XAMPP\htdocs\myBS\ThinkPHP\Common\functions.php on line 681 and defined D:\XAMPP\htdocs\myBS\J-home\Home\Controller\GoodsController.class.php 第 62 行.
NOTIC: [8] Undefined variable: cart D:\XAMPP\htdocs\myBS\J-home\Home\Controller\GoodsController.class.php 第 63 行.

[ 2017-02-24T15:13:25+08:00 ] ::1 /myBS/index.php/Goods/good/name/%E9%98%BF%E5%B0%94%E5%8D%91%E6%96%AF.html
INFO: [ app_init ] --START--
INFO: Run Behavior\BuildLiteBehavior [ RunTime:0.000030s ]
INFO: [ app_init ] --END-- [ RunTime:0.000553s ]
INFO: [ app_begin ] --START--
INFO: Run Behavior\ReadHtmlCacheBehavior [ RunTime:0.000759s ]
INFO: [ app_begin ] --END-- [ RunTime:0.000882s ]
NOTIC: [2] Missing argument 1 for Home\Controller\GoodsController::__construct(), called in D:\XAMPP\htdocs\myBS\ThinkPHP\Common\functions.php on line 681 and defined D:\XAMPP\htdocs\myBS\J-home\Home\Controller\GoodsController.class.php 第 62 行.
NOTIC: [8] Undefined variable: cart D:\XAMPP\htdocs\myBS\J-home\Home\Controller\GoodsController.class.php 第 63 行.

[ 2017-02-24T15:13:33+08:00 ] ::1 /myBS/index.php/Goods/good/name/%E9%98%BF%E5%B0%94%E5%8D%91%E6%96%AF.html
INFO: [ app_init ] --START--
INFO: Run Behavior\BuildLiteBehavior [ RunTime:0.000018s ]
INFO: [ app_init ] --END-- [ RunTime:0.000365s ]
INFO: [ app_begin ] --START--
INFO: Run Behavior\ReadHtmlCacheBehavior [ RunTime:0.001401s ]
INFO: [ app_begin ] --END-- [ RunTime:0.001543s ]
SQL: SHOW COLUMNS FROM `jj_goods` [ RunTime:0.0103s ]
SQL: SELECT * FROM `jj_goods` WHERE ( name='阿尔卑斯' ) LIMIT 1   [ RunTime:0.0012s ]
SQL: SELECT `guige1_text` FROM `jj_goods` WHERE ( name='阿尔卑斯' ) LIMIT 1   [ RunTime:0.0008s ]
SQL: SELECT `guige2_text` FROM `jj_goods` WHERE ( name='阿尔卑斯' ) LIMIT 1   [ RunTime:0.0007s ]
SQL: SELECT `guige3_text` FROM `jj_goods` WHERE ( name='阿尔卑斯' ) LIMIT 1   [ RunTime:0.0007s ]
INFO: [ view_parse ] --START--
INFO: [ template_filter ] --START--
INFO: Run Behavior\ContentReplaceBehavior [ RunTime:0.000130s ]
INFO: [ template_filter ] --END-- [ RunTime:0.000198s ]
NOTIC: [8] Undefined variable: bill D:\XAMPP\htdocs\myBS\J-home\Runtime\Cache\Home\a7da9d5dc348fcf418aeb320b3d95f2c.php 第 44 行.
NOTIC: [8] Undefined variable: bill D:\XAMPP\htdocs\myBS\J-home\Runtime\Cache\Home\a7da9d5dc348fcf418aeb320b3d95f2c.php 第 78 行.
INFO: Run Behavior\ParseTemplateBehavior [ RunTime:0.029038s ]
INFO: [ view_parse ] --END-- [ RunTime:0.029210s ]
INFO: [ view_filter ] --START--
INFO: Run Behavior\WriteHtmlCacheBehavior [ RunTime:0.000308s ]
INFO: [ view_filter ] --END-- [ RunTime:0.000358s ]
INFO: [ app_end ] --START--
INFO: Run Behavior\ShowPageTraceBehavior [ RunTime:0.000735s ]
INFO: [ app_end ] --END-- [ RunTime:0.000806s ]

[ 2017-02-24T15:23:15+08:00 ] ::1 /myBS/index.php/Goods/good/name/%E9%98%BF%E5%B0%94%E5%8D%91%E6%96%AF.html
INFO: [ app_init ] --START--
INFO: Run Behavior\BuildLiteBehavior [ RunTime:0.000059s ]
INFO: [ app_init ] --END-- [ RunTime:0.000836s ]
INFO: [ app_begin ] --START--
INFO: Run Behavior\ReadHtmlCacheBehavior [ RunTime:0.000532s ]
INFO: [ app_begin ] --END-- [ RunTime:0.000596s ]
SQL: SHOW COLUMNS FROM `jj_goods` [ RunTime:0.0104s ]
SQL: SELECT * FROM `jj_goods` WHERE ( name='阿尔卑斯' ) LIMIT 1   [ RunTime:0.0013s ]
SQL: SELECT `guige1_text` FROM `jj_goods` WHERE ( name='阿尔卑斯' ) LIMIT 1   [ RunTime:0.0008s ]
SQL: SELECT `guige2_text` FROM `jj_goods` WHERE ( name='阿尔卑斯' ) LIMIT 1   [ RunTime:0.0008s ]
SQL: SELECT `guige3_text` FROM `jj_goods` WHERE ( name='阿尔卑斯' ) LIMIT 1   [ RunTime:0.0007s ]
INFO: [ view_parse ] --START--
INFO: [ template_filter ] --START--
INFO: Run Behavior\ContentReplaceBehavior [ RunTime:0.000135s ]
INFO: [ template_filter ] --END-- [ RunTime:0.000203s ]
NOTIC: [8] Undefined variable: bill D:\XAMPP\htdocs\myBS\J-home\Runtime\Cache\Home\a7da9d5dc348fcf418aeb320b3d95f2c.php 第 44 行.
NOTIC: [8] Undefined variable: bill D:\XAMPP\htdocs\myBS\J-home\Runtime\Cache\Home\a7da9d5dc348fcf418aeb320b3d95f2c.php 第 78 行.
INFO: Run Behavior\ParseTemplateBehavior [ RunTime:0.017684s ]
INFO: [ view_parse ] --END-- [ RunTime:0.017813s ]
INFO: [ view_filter ] --START--
INFO: Run Behavior\WriteHtmlCacheBehavior [ RunTime:0.000400s ]
INFO: [ view_filter ] --END-- [ RunTime:0.000475s ]
INFO: [ app_end ] --START--
INFO: Run Behavior\ShowPageTraceBehavior [ RunTime:0.000833s ]
INFO: [ app_end ] --END-- [ RunTime:0.000930s ]

[ 2017-02-24T15:23:18+08:00 ] ::1 /myBS/index.php/Goods/show_bill.html
INFO: [ app_init ] --START--
INFO: Run Behavior\BuildLiteBehavior [ RunTime:0.000029s ]
INFO: [ app_init ] --END-- [ RunTime:0.000496s ]
INFO: [ app_begin ] --START--
INFO: Run Behavior\ReadHtmlCacheBehavior [ RunTime:0.000633s ]
INFO: [ app_begin ] --END-- [ RunTime:0.000713s ]
INFO: [ view_parse ] --START--
INFO: [ template_filter ] --START--
INFO: Run Behavior\ContentReplaceBehavior [ RunTime:0.000346s ]
INFO: [ template_filter ] --END-- [ RunTime:0.000759s ]
NOTIC: [8] Undefined index: badge D:\XAMPP\htdocs\myBS\J-home\Runtime\Cache\Home\0d88b0d55d5ca09955cf01e59db3eced.php 第 44 行.
NOTIC: [8] Undefined index: name D:\XAMPP\htdocs\myBS\J-home\Runtime\Cache\Home\0d88b0d55d5ca09955cf01e59db3eced.php 第 70 行.
NOTIC: [8] Undefined index: price D:\XAMPP\htdocs\myBS\J-home\Runtime\Cache\Home\0d88b0d55d5ca09955cf01e59db3eced.php 第 71 行.
NOTIC: [8] Undefined index: num D:\XAMPP\htdocs\myBS\J-home\Runtime\Cache\Home\0d88b0d55d5ca09955cf01e59db3eced.php 第 72 行.
INFO: Run Behavior\ParseTemplateBehavior [ RunTime:0.009886s ]
INFO: [ view_parse ] --END-- [ RunTime:0.009968s ]
INFO: [ view_filter ] --START--
INFO: Run Behavior\WriteHtmlCacheBehavior [ RunTime:0.000364s ]
INFO: [ view_filter ] --END-- [ RunTime:0.000416s ]
NOTIC: [2] Cannot modify header information - headers already sent by (output started at D:\XAMPP\htdocs\myBS\ThinkPHP\Library\Think\View.class.php:95) D:\XAMPP\htdocs\myBS\ThinkPHP\Library\Think\Controller.class.php 第 215 行.

[ 2017-02-24T15:23:31+08:00 ] ::1 /myBS/index.php/Goods/good/name/%E9%98%BF%E5%B0%94%E5%8D%91%E6%96%AF.html
INFO: [ app_init ] --START--
INFO: Run Behavior\BuildLiteBehavior [ RunTime:0.000015s ]
INFO: [ app_init ] --END-- [ RunTime:0.000314s ]
INFO: [ app_begin ] --START--
INFO: Run Behavior\ReadHtmlCacheBehavior [ RunTime:0.000519s ]
INFO: [ app_begin ] --END-- [ RunTime:0.000583s ]
SQL: SHOW COLUMNS FROM `jj_goods` [ RunTime:0.0105s ]
SQL: SELECT * FROM `jj_goods` WHERE ( name='阿尔卑斯' ) LIMIT 1   [ RunTime:0.0014s ]
SQL: SELECT `guige1_text` FROM `jj_goods` WHERE ( name='阿尔卑斯' ) LIMIT 1   [ RunTime:0.0008s ]
SQL: SELECT `guige2_text` FROM `jj_goods` WHERE ( name='阿尔卑斯' ) LIMIT 1   [ RunTime:0.0007s ]
SQL: SELECT `guige3_text` FROM `jj_goods` WHERE ( name='阿尔卑斯' ) LIMIT 1   [ RunTime:0.0007s ]
INFO: [ view_parse ] --START--
INFO: [ template_filter ] --START--
INFO: Run Behavior\ContentReplaceBehavior [ RunTime:0.000418s ]
INFO: [ template_filter ] --END-- [ RunTime:0.000618s ]
NOTIC: [8] Undefined variable: bill D:\XAMPP\htdocs\myBS\J-home\Runtime\Cache\Home\a7da9d5dc348fcf418aeb320b3d95f2c.php 第 44 行.
NOTIC: [8] Undefined variable: bill D:\XAMPP\htdocs\myBS\J-home\Runtime\Cache\Home\a7da9d5dc348fcf418aeb320b3d95f2c.php 第 78 行.
INFO: Run Behavior\ParseTemplateBehavior [ RunTime:0.035520s ]
INFO: [ view_parse ] --END-- [ RunTime:0.035665s ]
INFO: [ view_filter ] --START--
INFO: Run Behavior\WriteHtmlCacheBehavior [ RunTime:0.000416s ]
INFO: [ view_filter ] --END-- [ RunTime:0.000502s ]
INFO: [ app_end ] --START--
INFO: Run Behavior\ShowPageTraceBehavior [ RunTime:0.001210s ]
INFO: [ app_end ] --END-- [ RunTime:0.001346s ]

[ 2017-02-24T15:23:33+08:00 ] ::1 /myBS/index.php/Goods/show_bill.html
INFO: [ app_init ] --START--
INFO: Run Behavior\BuildLiteBehavior [ RunTime:0.000016s ]
INFO: [ app_init ] --END-- [ RunTime:0.000326s ]
INFO: [ app_begin ] --START--
INFO: Run Behavior\ReadHtmlCacheBehavior [ RunTime:0.000438s ]
INFO: [ app_begin ] --END-- [ RunTime:0.000498s ]
INFO: [ view_parse ] --START--
INFO: [ template_filter ] --START--
INFO: Run Behavior\ContentReplaceBehavior [ RunTime:0.000104s ]
INFO: [ template_filter ] --END-- [ RunTime:0.000182s ]
NOTIC: [8] Undefined index: badge D:\XAMPP\htdocs\myBS\J-home\Runtime\Cache\Home\0d88b0d55d5ca09955cf01e59db3eced.php 第 44 行.
NOTIC: [8] Undefined index: name D:\XAMPP\htdocs\myBS\J-home\Runtime\Cache\Home\0d88b0d55d5ca09955cf01e59db3eced.php 第 70 行.
NOTIC: [8] Undefined index: price D:\XAMPP\htdocs\myBS\J-home\Runtime\Cache\Home\0d88b0d55d5ca09955cf01e59db3eced.php 第 71 行.
NOTIC: [8] Undefined index: num D:\XAMPP\htdocs\myBS\J-home\Runtime\Cache\Home\0d88b0d55d5ca09955cf01e59db3eced.php 第 72 行.
INFO: Run Behavior\ParseTemplateBehavior [ RunTime:0.008951s ]
INFO: [ view_parse ] --END-- [ RunTime:0.009004s ]
INFO: [ view_filter ] --START--
INFO: Run Behavior\WriteHtmlCacheBehavior [ RunTime:0.000225s ]
INFO: [ view_filter ] --END-- [ RunTime:0.000270s ]
NOTIC: [2] Cannot modify header information - headers already sent by (output started at D:\XAMPP\htdocs\myBS\ThinkPHP\Library\Think\View.class.php:95) D:\XAMPP\htdocs\myBS\ThinkPHP\Library\Think\Controller.class.php 第 215 行.

[ 2017-02-24T15:26:31+08:00 ] ::1 /myBS/index.php/Goods/good/name/%E9%98%BF%E5%B0%94%E5%8D%91%E6%96%AF.html
INFO: [ app_init ] --START--
INFO: Run Behavior\BuildLiteBehavior [ RunTime:0.000019s ]
INFO: [ app_init ] --END-- [ RunTime:0.000683s ]
INFO: [ app_begin ] --START--
INFO: Run Behavior\ReadHtmlCacheBehavior [ RunTime:0.000561s ]
INFO: [ app_begin ] --END-- [ RunTime:0.000639s ]
SQL: SHOW COLUMNS FROM `jj_goods` [ RunTime:0.0130s ]
SQL: SELECT * FROM `jj_goods` WHERE ( name='阿尔卑斯' ) LIMIT 1   [ RunTime:0.0014s ]
SQL: SELECT `guige1_text` FROM `jj_goods` WHERE ( name='阿尔卑斯' ) LIMIT 1   [ RunTime:0.0008s ]
SQL: SELECT `guige2_text` FROM `jj_goods` WHERE ( name='阿尔卑斯' ) LIMIT 1   [ RunTime:0.0005s ]
SQL: SELECT `guige3_text` FROM `jj_goods` WHERE ( name='阿尔卑斯' ) LIMIT 1   [ RunTime:0.0005s ]
INFO: [ view_parse ] --START--
INFO: [ template_filter ] --START--
INFO: Run Behavior\ContentReplaceBehavior [ RunTime:0.000368s ]
INFO: [ template_filter ] --END-- [ RunTime:0.000514s ]
NOTIC: [8] Undefined variable: bill D:\XAMPP\htdocs\myBS\J-home\Runtime\Cache\Home\a7da9d5dc348fcf418aeb320b3d95f2c.php 第 44 行.
NOTIC: [8] Undefined variable: bill D:\XAMPP\htdocs\myBS\J-home\Runtime\Cache\Home\a7da9d5dc348fcf418aeb320b3d95f2c.php 第 78 行.
INFO: Run Behavior\ParseTemplateBehavior [ RunTime:0.022497s ]
INFO: [ view_parse ] --END-- [ RunTime:0.022613s ]
INFO: [ view_filter ] --START--
INFO: Run Behavior\WriteHtmlCacheBehavior [ RunTime:0.000580s ]
INFO: [ view_filter ] --END-- [ RunTime:0.000675s ]
INFO: [ app_end ] --START--
INFO: Run Behavior\ShowPageTraceBehavior [ RunTime:0.001162s ]
INFO: [ app_end ] --END-- [ RunTime:0.001282s ]

[ 2017-02-24T15:26:33+08:00 ] ::1 /myBS/index.php/Goods/show_bill.html
INFO: [ app_init ] --START--
INFO: Run Behavior\BuildLiteBehavior [ RunTime:0.000024s ]
INFO: [ app_init ] --END-- [ RunTime:0.000743s ]
INFO: [ app_begin ] --START--
INFO: Run Behavior\ReadHtmlCacheBehavior [ RunTime:0.000689s ]
INFO: [ app_begin ] --END-- [ RunTime:0.000764s ]
NOTIC: [8] Undefined variable: data D:\XAMPP\htdocs\myBS\J-home\Home\Controller\GoodsController.class.php 第 68 行.

[ 2017-02-24T15:26:40+08:00 ] ::1 /myBS/index.php/Goods/good/name/%E9%98%BF%E5%B0%94%E5%8D%91%E6%96%AF.html
INFO: [ app_init ] --START--
INFO: Run Behavior\BuildLiteBehavior [ RunTime:0.000016s ]
INFO: [ app_init ] --END-- [ RunTime:0.000317s ]
INFO: [ app_begin ] --START--
INFO: Run Behavior\ReadHtmlCacheBehavior [ RunTime:0.000428s ]
INFO: [ app_begin ] --END-- [ RunTime:0.000506s ]
SQL: SHOW COLUMNS FROM `jj_goods` [ RunTime:0.0523s ]
SQL: SELECT * FROM `jj_goods` WHERE ( name='阿尔卑斯' ) LIMIT 1   [ RunTime:0.0005s ]
SQL: SELECT `guige1_text` FROM `jj_goods` WHERE ( name='阿尔卑斯' ) LIMIT 1   [ RunTime:0.0003s ]
SQL: SELECT `guige2_text` FROM `jj_goods` WHERE ( name='阿尔卑斯' ) LIMIT 1   [ RunTime:0.0003s ]
SQL: SELECT `guige3_text` FROM `jj_goods` WHERE ( name='阿尔卑斯' ) LIMIT 1   [ RunTime:0.0003s ]
INFO: [ view_parse ] --START--
INFO: [ template_filter ] --START--
INFO: Run Behavior\ContentReplaceBehavior [ RunTime:0.000133s ]
INFO: [ template_filter ] --END-- [ RunTime:0.000201s ]
NOTIC: [8] Undefined variable: bill D:\XAMPP\htdocs\myBS\J-home\Runtime\Cache\Home\a7da9d5dc348fcf418aeb320b3d95f2c.php 第 44 行.
NOTIC: [8] Undefined variable: bill D:\XAMPP\htdocs\myBS\J-home\Runtime\Cache\Home\a7da9d5dc348fcf418aeb320b3d95f2c.php 第 78 行.
INFO: Run Behavior\ParseTemplateBehavior [ RunTime:0.011762s ]
INFO: [ view_parse ] --END-- [ RunTime:0.011826s ]
INFO: [ view_filter ] --START--
INFO: Run Behavior\WriteHtmlCacheBehavior [ RunTime:0.000225s ]
INFO: [ view_filter ] --END-- [ RunTime:0.000274s ]
INFO: [ app_end ] --START--
INFO: Run Behavior\ShowPageTraceBehavior [ RunTime:0.000535s ]
INFO: [ app_end ] --END-- [ RunTime:0.000612s ]

[ 2017-02-24T15:26:41+08:00 ] ::1 /myBS/index.php/Goods/show_bill.html
INFO: [ app_init ] --START--
INFO: Run Behavior\BuildLiteBehavior [ RunTime:0.000016s ]
INFO: [ app_init ] --END-- [ RunTime:0.000358s ]
INFO: [ app_begin ] --START--
INFO: Run Behavior\ReadHtmlCacheBehavior [ RunTime:0.000587s ]
INFO: [ app_begin ] --END-- [ RunTime:0.000648s ]

[ 2017-02-24T15:27:10+08:00 ] ::1 /myBS/index.php/Goods/good/name/%E9%98%BF%E5%B0%94%E5%8D%91%E6%96%AF.html
INFO: [ app_init ] --START--
INFO: Run Behavior\BuildLiteBehavior [ RunTime:0.000015s ]
INFO: [ app_init ] --END-- [ RunTime:0.000311s ]
INFO: [ app_begin ] --START--
INFO: Run Behavior\ReadHtmlCacheBehavior [ RunTime:0.000415s ]
INFO: [ app_begin ] --END-- [ RunTime:0.000476s ]
SQL: SHOW COLUMNS FROM `jj_goods` [ RunTime:0.0044s ]
SQL: SELECT * FROM `jj_goods` WHERE ( name='阿尔卑斯' ) LIMIT 1   [ RunTime:0.0005s ]
SQL: SELECT `guige1_text` FROM `jj_goods` WHERE ( name='阿尔卑斯' ) LIMIT 1   [ RunTime:0.0003s ]
SQL: SELECT `guige2_text` FROM `jj_goods` WHERE ( name='阿尔卑斯' ) LIMIT 1   [ RunTime:0.0003s ]
SQL: SELECT `guige3_text` FROM `jj_goods` WHERE ( name='阿尔卑斯' ) LIMIT 1   [ RunTime:0.0003s ]
INFO: [ view_parse ] --START--
INFO: [ template_filter ] --START--
INFO: Run Behavior\ContentReplaceBehavior [ RunTime:0.000132s ]
INFO: [ template_filter ] --END-- [ RunTime:0.000201s ]
NOTIC: [8] Undefined variable: bill D:\XAMPP\htdocs\myBS\J-home\Runtime\Cache\Home\a7da9d5dc348fcf418aeb320b3d95f2c.php 第 44 行.
NOTIC: [8] Undefined variable: bill D:\XAMPP\htdocs\myBS\J-home\Runtime\Cache\Home\a7da9d5dc348fcf418aeb320b3d95f2c.php 第 78 行.
INFO: Run Behavior\ParseTemplateBehavior [ RunTime:0.012658s ]
INFO: [ view_parse ] --END-- [ RunTime:0.012724s ]
INFO: [ view_filter ] --START--
INFO: Run Behavior\WriteHtmlCacheBehavior [ RunTime:0.000313s ]
INFO: [ view_filter ] --END-- [ RunTime:0.000365s ]
INFO: [ app_end ] --START--
INFO: Run Behavior\ShowPageTraceBehavior [ RunTime:0.000754s ]
INFO: [ app_end ] --END-- [ RunTime:0.000829s ]

[ 2017-02-24T15:27:12+08:00 ] ::1 /myBS/index.php/Goods/show_bill.html
INFO: [ app_init ] --START--
INFO: Run Behavior\BuildLiteBehavior [ RunTime:0.000060s ]
INFO: [ app_init ] --END-- [ RunTime:0.000622s ]
INFO: [ app_begin ] --START--
INFO: Run Behavior\ReadHtmlCacheBehavior [ RunTime:0.000724s ]
INFO: [ app_begin ] --END-- [ RunTime:0.000841s ]
ERR: 模板不存在:./J-home/Home/View/Goods/show_bill.html

