[ 2017-02-21T10:28:26+08:00 ] ::1 /myBS/index.php/Index/index.html
INFO: [ app_init ] --START--
INFO: Run Behavior\BuildLiteBehavior [ RunTime:0.000018s ]
INFO: [ app_init ] --END-- [ RunTime:0.000381s ]
INFO: [ app_begin ] --START--
INFO: Run Behavior\ReadHtmlCacheBehavior [ RunTime:0.000548s ]
INFO: [ app_begin ] --END-- [ RunTime:0.000613s ]
SQL: SHOW COLUMNS FROM `jj_class` [ RunTime:0.0045s ]
SQL: SELECT * FROM `jj_class`  [ RunTime:0.0008s ]
INFO: [ view_parse ] --START--
INFO: [ template_filter ] --START--
INFO: Run Behavior\ContentReplaceBehavior [ RunTime:0.000211s ]
INFO: [ template_filter ] --END-- [ RunTime:0.000297s ]
NOTIC: [8] Undefined index: 8 D:\XAMPP\htdocs\myBS\J-home\Runtime\Cache\Home\c205b3a1e192b3036e06cd6a22599a7e.php 第 93 行.
NOTIC: [8] Undefined index: 9 D:\XAMPP\htdocs\myBS\J-home\Runtime\Cache\Home\c205b3a1e192b3036e06cd6a22599a7e.php 第 93 行.
NOTIC: [8] Undefined index: 10 D:\XAMPP\htdocs\myBS\J-home\Runtime\Cache\Home\c205b3a1e192b3036e06cd6a22599a7e.php 第 93 行.
NOTIC: [8] Undefined index: 11 D:\XAMPP\htdocs\myBS\J-home\Runtime\Cache\Home\c205b3a1e192b3036e06cd6a22599a7e.php 第 93 行.
INFO: Run Behavior\ParseTemplateBehavior [ RunTime:0.024428s ]
INFO: [ view_parse ] --END-- [ RunTime:0.024556s ]
INFO: [ view_filter ] --START--
INFO: Run Behavior\WriteHtmlCacheBehavior [ RunTime:0.000626s ]
INFO: [ view_filter ] --END-- [ RunTime:0.000721s ]
NOTIC: [2] Cannot modify header information - headers already sent by (output started at D:\XAMPP\htdocs\myBS\ThinkPHP\Common\functions.php:850) D:\XAMPP\htdocs\myBS\ThinkPHP\Library\Think\View.class.php 第 91 行.
NOTIC: [2] Cannot modify header information - headers already sent by (output started at D:\XAMPP\htdocs\myBS\ThinkPHP\Common\functions.php:850) D:\XAMPP\htdocs\myBS\ThinkPHP\Library\Think\View.class.php 第 92 行.
NOTIC: [2] Cannot modify header information - headers already sent by (output started at D:\XAMPP\htdocs\myBS\ThinkPHP\Common\functions.php:850) D:\XAMPP\htdocs\myBS\ThinkPHP\Library\Think\View.class.php 第 93 行.
INFO: [ app_end ] --START--
INFO: Run Behavior\ShowPageTraceBehavior [ RunTime:0.001041s ]
INFO: [ app_end ] --END-- [ RunTime:0.001166s ]

[ 2017-02-21T10:43:47+08:00 ] ::1 /myBS/index.php/Index/index.html
INFO: [ app_init ] --START--
INFO: Run Behavior\BuildLiteBehavior [ RunTime:0.000018s ]
INFO: [ app_init ] --END-- [ RunTime:0.000393s ]
INFO: [ app_begin ] --START--
INFO: Run Behavior\ReadHtmlCacheBehavior [ RunTime:0.000624s ]
INFO: [ app_begin ] --END-- [ RunTime:0.000691s ]
SQL: SHOW COLUMNS FROM `jj_class` [ RunTime:0.0099s ]
SQL: SELECT * FROM `jj_class`  [ RunTime:0.0030s ]
INFO: [ view_parse ] --START--
INFO: [ template_filter ] --START--
INFO: Run Behavior\ContentReplaceBehavior [ RunTime:0.000562s ]
INFO: [ template_filter ] --END-- [ RunTime:0.000859s ]
NOTIC: [8] Undefined index: 8 D:\XAMPP\htdocs\myBS\J-home\Runtime\Cache\Home\c205b3a1e192b3036e06cd6a22599a7e.php 第 93 行.
NOTIC: [8] Undefined index: 9 D:\XAMPP\htdocs\myBS\J-home\Runtime\Cache\Home\c205b3a1e192b3036e06cd6a22599a7e.php 第 93 行.
NOTIC: [8] Undefined index: 10 D:\XAMPP\htdocs\myBS\J-home\Runtime\Cache\Home\c205b3a1e192b3036e06cd6a22599a7e.php 第 93 行.
NOTIC: [8] Undefined index: 11 D:\XAMPP\htdocs\myBS\J-home\Runtime\Cache\Home\c205b3a1e192b3036e06cd6a22599a7e.php 第 93 行.
INFO: Run Behavior\ParseTemplateBehavior [ RunTime:0.031586s ]
INFO: [ view_parse ] --END-- [ RunTime:0.031773s ]
INFO: [ view_filter ] --START--
INFO: Run Behavior\WriteHtmlCacheBehavior [ RunTime:0.001012s ]
INFO: [ view_filter ] --END-- [ RunTime:0.001138s ]
NOTIC: [2] Cannot modify header information - headers already sent by (output started at D:\XAMPP\htdocs\myBS\ThinkPHP\Common\functions.php:850) D:\XAMPP\htdocs\myBS\ThinkPHP\Library\Think\View.class.php 第 91 行.
NOTIC: [2] Cannot modify header information - headers already sent by (output started at D:\XAMPP\htdocs\myBS\ThinkPHP\Common\functions.php:850) D:\XAMPP\htdocs\myBS\ThinkPHP\Library\Think\View.class.php 第 92 行.
NOTIC: [2] Cannot modify header information - headers already sent by (output started at D:\XAMPP\htdocs\myBS\ThinkPHP\Common\functions.php:850) D:\XAMPP\htdocs\myBS\ThinkPHP\Library\Think\View.class.php 第 93 行.
INFO: [ app_end ] --START--
INFO: Run Behavior\ShowPageTraceBehavior [ RunTime:0.001369s ]
INFO: [ app_end ] --END-- [ RunTime:0.001534s ]

[ 2017-02-21T11:07:04+08:00 ] ::1 /myBS/index.php/Index/index.html
INFO: [ app_init ] --START--
INFO: Run Behavior\BuildLiteBehavior [ RunTime:0.000022s ]
INFO: [ app_init ] --END-- [ RunTime:0.000548s ]
INFO: [ app_begin ] --START--
INFO: Run Behavior\ReadHtmlCacheBehavior [ RunTime:0.000731s ]
INFO: [ app_begin ] --END-- [ RunTime:0.000817s ]
SQL: SHOW COLUMNS FROM `jj_class` [ RunTime:0.0094s ]
SQL: SELECT * FROM `jj_class`  [ RunTime:0.0024s ]
INFO: [ view_parse ] --START--
INFO: [ template_filter ] --START--
INFO: Run Behavior\ContentReplaceBehavior [ RunTime:0.000373s ]
INFO: [ template_filter ] --END-- [ RunTime:0.000508s ]
NOTIC: [8] Undefined index: 10 D:\XAMPP\htdocs\myBS\J-home\Runtime\Cache\Home\c205b3a1e192b3036e06cd6a22599a7e.php 第 93 行.
NOTIC: [8] Undefined index: 11 D:\XAMPP\htdocs\myBS\J-home\Runtime\Cache\Home\c205b3a1e192b3036e06cd6a22599a7e.php 第 93 行.
INFO: Run Behavior\ParseTemplateBehavior [ RunTime:0.032254s ]
INFO: [ view_parse ] --END-- [ RunTime:0.032438s ]
INFO: [ view_filter ] --START--
INFO: Run Behavior\WriteHtmlCacheBehavior [ RunTime:0.000534s ]
INFO: [ view_filter ] --END-- [ RunTime:0.000593s ]
INFO: [ app_end ] --START--
INFO: Run Behavior\ShowPageTraceBehavior [ RunTime:0.000999s ]
INFO: [ app_end ] --END-- [ RunTime:0.001136s ]

[ 2017-02-21T11:13:14+08:00 ] ::1 /myBS/index.php/Index/index.html
INFO: [ app_init ] --START--
INFO: Run Behavior\BuildLiteBehavior [ RunTime:0.000019s ]
INFO: [ app_init ] --END-- [ RunTime:0.000431s ]
INFO: [ app_begin ] --START--
INFO: Run Behavior\ReadHtmlCacheBehavior [ RunTime:0.000747s ]
INFO: [ app_begin ] --END-- [ RunTime:0.000825s ]
SQL: SHOW COLUMNS FROM `jj_class` [ RunTime:0.0402s ]
SQL: SELECT * FROM `jj_class`  [ RunTime:0.0017s ]
INFO: [ view_parse ] --START--
INFO: [ template_filter ] --START--
INFO: Run Behavior\ContentReplaceBehavior [ RunTime:0.000189s ]
INFO: [ template_filter ] --END-- [ RunTime:0.000271s ]
NOTIC: [8] Undefined index: 10 D:\XAMPP\htdocs\myBS\J-home\Runtime\Cache\Home\c205b3a1e192b3036e06cd6a22599a7e.php 第 93 行.
NOTIC: [8] Undefined index: 11 D:\XAMPP\htdocs\myBS\J-home\Runtime\Cache\Home\c205b3a1e192b3036e06cd6a22599a7e.php 第 93 行.
INFO: Run Behavior\ParseTemplateBehavior [ RunTime:0.045023s ]
INFO: [ view_parse ] --END-- [ RunTime:0.045150s ]
INFO: [ view_filter ] --START--
INFO: Run Behavior\WriteHtmlCacheBehavior [ RunTime:0.000507s ]
INFO: [ view_filter ] --END-- [ RunTime:0.000565s ]
INFO: [ app_end ] --START--
INFO: Run Behavior\ShowPageTraceBehavior [ RunTime:0.001246s ]
INFO: [ app_end ] --END-- [ RunTime:0.001419s ]

[ 2017-02-21T11:14:08+08:00 ] ::1 /myBS/index.php/Index/index.html
INFO: [ app_init ] --START--
INFO: Run Behavior\BuildLiteBehavior [ RunTime:0.000028s ]
INFO: [ app_init ] --END-- [ RunTime:0.000483s ]
INFO: [ app_begin ] --START--
INFO: Run Behavior\ReadHtmlCacheBehavior [ RunTime:0.000903s ]
INFO: [ app_begin ] --END-- [ RunTime:0.001020s ]
SQL: SHOW COLUMNS FROM `jj_class` [ RunTime:0.2338s ]
SQL: SELECT * FROM `jj_class`  [ RunTime:0.0018s ]
INFO: [ view_parse ] --START--
INFO: [ template_filter ] --START--
INFO: Run Behavior\ContentReplaceBehavior [ RunTime:0.000275s ]
INFO: [ template_filter ] --END-- [ RunTime:0.000400s ]
NOTIC: [8] Undefined index: 10 D:\XAMPP\htdocs\myBS\J-home\Runtime\Cache\Home\c205b3a1e192b3036e06cd6a22599a7e.php 第 93 行.
NOTIC: [8] Undefined index: 11 D:\XAMPP\htdocs\myBS\J-home\Runtime\Cache\Home\c205b3a1e192b3036e06cd6a22599a7e.php 第 93 行.
INFO: Run Behavior\ParseTemplateBehavior [ RunTime:0.027518s ]
INFO: [ view_parse ] --END-- [ RunTime:0.027641s ]
INFO: [ view_filter ] --START--
INFO: Run Behavior\WriteHtmlCacheBehavior [ RunTime:0.000389s ]
INFO: [ view_filter ] --END-- [ RunTime:0.000444s ]
INFO: [ app_end ] --START--
INFO: Run Behavior\ShowPageTraceBehavior [ RunTime:0.001168s ]
INFO: [ app_end ] --END-- [ RunTime:0.001288s ]

[ 2017-02-21T11:14:25+08:00 ] ::1 /myBS/index.php/Index/index.html
INFO: [ app_init ] --START--
INFO: Run Behavior\BuildLiteBehavior [ RunTime:0.000029s ]
INFO: [ app_init ] --END-- [ RunTime:0.000563s ]
INFO: [ app_begin ] --START--
INFO: Run Behavior\ReadHtmlCacheBehavior [ RunTime:0.000507s ]
INFO: [ app_begin ] --END-- [ RunTime:0.000581s ]
SQL: SHOW COLUMNS FROM `jj_class` [ RunTime:0.0109s ]
SQL: SELECT * FROM `jj_class`  [ RunTime:0.0019s ]
INFO: [ view_parse ] --START--
INFO: [ template_filter ] --START--
INFO: Run Behavior\ContentReplaceBehavior [ RunTime:0.000193s ]
INFO: [ template_filter ] --END-- [ RunTime:0.000281s ]
NOTIC: [8] Undefined index: 10 D:\XAMPP\htdocs\myBS\J-home\Runtime\Cache\Home\c205b3a1e192b3036e06cd6a22599a7e.php 第 93 行.
NOTIC: [8] Undefined index: 11 D:\XAMPP\htdocs\myBS\J-home\Runtime\Cache\Home\c205b3a1e192b3036e06cd6a22599a7e.php 第 93 行.
INFO: Run Behavior\ParseTemplateBehavior [ RunTime:0.032649s ]
INFO: [ view_parse ] --END-- [ RunTime:0.032783s ]
INFO: [ view_filter ] --START--
INFO: Run Behavior\WriteHtmlCacheBehavior [ RunTime:0.000392s ]
INFO: [ view_filter ] --END-- [ RunTime:0.000442s ]
INFO: [ app_end ] --START--
INFO: Run Behavior\ShowPageTraceBehavior [ RunTime:0.000816s ]
INFO: [ app_end ] --END-- [ RunTime:0.000953s ]

[ 2017-02-21T11:14:35+08:00 ] ::1 /myBS/index.php/Index/index.html
INFO: [ app_init ] --START--
INFO: Run Behavior\BuildLiteBehavior [ RunTime:0.000016s ]
INFO: [ app_init ] --END-- [ RunTime:0.000408s ]
INFO: [ app_begin ] --START--
INFO: Run Behavior\ReadHtmlCacheBehavior [ RunTime:0.001320s ]
INFO: [ app_begin ] --END-- [ RunTime:0.001463s ]
SQL: SHOW COLUMNS FROM `jj_class` [ RunTime:0.0054s ]
SQL: SELECT * FROM `jj_class`  [ RunTime:0.0006s ]
INFO: [ view_parse ] --START--
INFO: [ template_filter ] --START--
INFO: Run Behavior\ContentReplaceBehavior [ RunTime:0.000329s ]
INFO: [ template_filter ] --END-- [ RunTime:0.000456s ]
NOTIC: [8] Undefined index: 10 D:\XAMPP\htdocs\myBS\J-home\Runtime\Cache\Home\c205b3a1e192b3036e06cd6a22599a7e.php 第 93 行.
NOTIC: [8] Undefined index: 11 D:\XAMPP\htdocs\myBS\J-home\Runtime\Cache\Home\c205b3a1e192b3036e06cd6a22599a7e.php 第 93 行.
INFO: Run Behavior\ParseTemplateBehavior [ RunTime:0.020893s ]
INFO: [ view_parse ] --END-- [ RunTime:0.020969s ]
INFO: [ view_filter ] --START--
INFO: Run Behavior\WriteHtmlCacheBehavior [ RunTime:0.000566s ]
INFO: [ view_filter ] --END-- [ RunTime:0.000627s ]
INFO: [ app_end ] --START--
INFO: Run Behavior\ShowPageTraceBehavior [ RunTime:0.001304s ]
INFO: [ app_end ] --END-- [ RunTime:0.001424s ]

[ 2017-02-21T11:14:45+08:00 ] ::1 /myBS/index.php/Index/index.html
INFO: [ app_init ] --START--
INFO: Run Behavior\BuildLiteBehavior [ RunTime:0.000016s ]
INFO: [ app_init ] --END-- [ RunTime:0.000398s ]
INFO: [ app_begin ] --START--
INFO: Run Behavior\ReadHtmlCacheBehavior [ RunTime:0.000700s ]
INFO: [ app_begin ] --END-- [ RunTime:0.000763s ]
SQL: SHOW COLUMNS FROM `jj_class` [ RunTime:0.0106s ]
SQL: SELECT * FROM `jj_class`  [ RunTime:0.0016s ]
INFO: [ view_parse ] --START--
INFO: [ template_filter ] --START--
INFO: Run Behavior\ContentReplaceBehavior [ RunTime:0.000193s ]
INFO: [ template_filter ] --END-- [ RunTime:0.000270s ]
NOTIC: [8] Undefined index: 10 D:\XAMPP\htdocs\myBS\J-home\Runtime\Cache\Home\c205b3a1e192b3036e06cd6a22599a7e.php 第 93 行.
NOTIC: [8] Undefined index: 11 D:\XAMPP\htdocs\myBS\J-home\Runtime\Cache\Home\c205b3a1e192b3036e06cd6a22599a7e.php 第 93 行.
INFO: Run Behavior\ParseTemplateBehavior [ RunTime:0.036107s ]
INFO: [ view_parse ] --END-- [ RunTime:0.036223s ]
INFO: [ view_filter ] --START--
INFO: Run Behavior\WriteHtmlCacheBehavior [ RunTime:0.000472s ]
INFO: [ view_filter ] --END-- [ RunTime:0.000540s ]
INFO: [ app_end ] --START--
INFO: Run Behavior\ShowPageTraceBehavior [ RunTime:0.001049s ]
INFO: [ app_end ] --END-- [ RunTime:0.001165s ]

[ 2017-02-21T11:15:13+08:00 ] ::1 /myBS/index.php/Index/index.html
INFO: [ app_init ] --START--
INFO: Run Behavior\BuildLiteBehavior [ RunTime:0.000019s ]
INFO: [ app_init ] --END-- [ RunTime:0.000511s ]
INFO: [ app_begin ] --START--
INFO: Run Behavior\ReadHtmlCacheBehavior [ RunTime:0.000731s ]
INFO: [ app_begin ] --END-- [ RunTime:0.000799s ]
SQL: SHOW COLUMNS FROM `jj_class` [ RunTime:0.0056s ]
SQL: SELECT * FROM `jj_class`  [ RunTime:0.0010s ]
INFO: [ view_parse ] --START--
INFO: [ template_filter ] --START--
INFO: Run Behavior\ContentReplaceBehavior [ RunTime:0.000393s ]
INFO: [ template_filter ] --END-- [ RunTime:0.000528s ]
NOTIC: [8] Undefined index: 10 D:\XAMPP\htdocs\myBS\J-home\Runtime\Cache\Home\c205b3a1e192b3036e06cd6a22599a7e.php 第 93 行.
NOTIC: [8] Undefined index: 11 D:\XAMPP\htdocs\myBS\J-home\Runtime\Cache\Home\c205b3a1e192b3036e06cd6a22599a7e.php 第 93 行.
INFO: Run Behavior\ParseTemplateBehavior [ RunTime:0.033273s ]
INFO: [ view_parse ] --END-- [ RunTime:0.033409s ]
INFO: [ view_filter ] --START--
INFO: Run Behavior\WriteHtmlCacheBehavior [ RunTime:0.002198s ]
INFO: [ view_filter ] --END-- [ RunTime:0.002362s ]
INFO: [ app_end ] --START--
INFO: Run Behavior\ShowPageTraceBehavior [ RunTime:0.001927s ]
INFO: [ app_end ] --END-- [ RunTime:0.002169s ]

[ 2017-02-21T11:21:24+08:00 ] ::1 /myBS/index.php/Index/index.html
INFO: [ app_init ] --START--
INFO: Run Behavior\BuildLiteBehavior [ RunTime:0.000016s ]
INFO: [ app_init ] --END-- [ RunTime:0.000366s ]
INFO: [ app_begin ] --START--
INFO: Run Behavior\ReadHtmlCacheBehavior [ RunTime:0.000647s ]
INFO: [ app_begin ] --END-- [ RunTime:0.000711s ]
SQL: SHOW COLUMNS FROM `jj_class` [ RunTime:0.0086s ]
SQL: SELECT * FROM `jj_class`  [ RunTime:0.0016s ]
INFO: [ view_parse ] --START--
INFO: [ template_filter ] --START--
INFO: Run Behavior\ContentReplaceBehavior [ RunTime:0.000358s ]
INFO: [ template_filter ] --END-- [ RunTime:0.000487s ]
NOTIC: [8] Undefined index: 10 D:\XAMPP\htdocs\myBS\J-home\Runtime\Cache\Home\c205b3a1e192b3036e06cd6a22599a7e.php 第 93 行.
NOTIC: [8] Undefined index: 11 D:\XAMPP\htdocs\myBS\J-home\Runtime\Cache\Home\c205b3a1e192b3036e06cd6a22599a7e.php 第 93 行.
INFO: Run Behavior\ParseTemplateBehavior [ RunTime:0.041955s ]
INFO: [ view_parse ] --END-- [ RunTime:0.042168s ]
INFO: [ view_filter ] --START--
INFO: Run Behavior\WriteHtmlCacheBehavior [ RunTime:0.000759s ]
INFO: [ view_filter ] --END-- [ RunTime:0.000856s ]
INFO: [ app_end ] --START--
INFO: Run Behavior\ShowPageTraceBehavior [ RunTime:0.001412s ]
INFO: [ app_end ] --END-- [ RunTime:0.001624s ]

[ 2017-02-21T11:21:26+08:00 ] ::1 /myBS/index.php/List/lglist/room/%E5%AE%A2%E5%8E%85.html
INFO: [ app_init ] --START--
INFO: Run Behavior\BuildLiteBehavior [ RunTime:0.000028s ]
INFO: [ app_init ] --END-- [ RunTime:0.000444s ]
INFO: [ app_begin ] --START--
INFO: Run Behavior\ReadHtmlCacheBehavior [ RunTime:0.001197s ]
INFO: [ app_begin ] --END-- [ RunTime:0.001364s ]
SQL: SHOW COLUMNS FROM `jj_class` [ RunTime:0.0100s ]
ERR: 1054:Unknown column 'room' in 'where clause'
 [ SQL语句 ] : SELECT * FROM `jj_class` WHERE ( room='客厅' ) LIMIT 1  
ERR: 1054:Unknown column 'room' in 'where clause'
 [ SQL语句 ] : SELECT * FROM `jj_class` WHERE ( room='客厅' ) LIMIT 1  

[ 2017-02-21T11:21:56+08:00 ] ::1 /myBS/index.php/List/lglist/room/%E5%AE%A2%E5%8E%85.html
INFO: [ app_init ] --START--
INFO: Run Behavior\BuildLiteBehavior [ RunTime:0.000033s ]
INFO: [ app_init ] --END-- [ RunTime:0.000776s ]
INFO: [ app_begin ] --START--
INFO: Run Behavior\ReadHtmlCacheBehavior [ RunTime:0.002066s ]
INFO: [ app_begin ] --END-- [ RunTime:0.002259s ]
SQL: SHOW COLUMNS FROM `jj_class` [ RunTime:0.0706s ]
SQL: SELECT * FROM `jj_class` WHERE ( title='客厅' ) LIMIT 1   [ RunTime:0.0012s ]
SQL: SELECT * FROM `jj_class`  [ RunTime:0.0015s ]
INFO: [ view_parse ] --START--
INFO: [ template_filter ] --START--
INFO: Run Behavior\ContentReplaceBehavior [ RunTime:0.000195s ]
INFO: [ template_filter ] --END-- [ RunTime:0.000315s ]
NOTIC: [8] Undefined index: 10 D:\XAMPP\htdocs\myBS\J-home\Runtime\Cache\Home\b5e78cad774133738cdf21e73c2e5b9e.php 第 66 行.
NOTIC: [8] Undefined index: 11 D:\XAMPP\htdocs\myBS\J-home\Runtime\Cache\Home\b5e78cad774133738cdf21e73c2e5b9e.php 第 66 行.
INFO: Run Behavior\ParseTemplateBehavior [ RunTime:0.028745s ]
INFO: [ view_parse ] --END-- [ RunTime:0.028935s ]
INFO: [ view_filter ] --START--
INFO: Run Behavior\WriteHtmlCacheBehavior [ RunTime:0.000741s ]
INFO: [ view_filter ] --END-- [ RunTime:0.000837s ]
INFO: [ app_end ] --START--
INFO: Run Behavior\ShowPageTraceBehavior [ RunTime:0.001254s ]
INFO: [ app_end ] --END-- [ RunTime:0.001371s ]

[ 2017-02-21T11:24:48+08:00 ] ::1 /myBS/index.php/List/lglist/room/%E5%AE%A2%E5%8E%85.html
INFO: [ app_init ] --START--
INFO: Run Behavior\BuildLiteBehavior [ RunTime:0.000017s ]
INFO: [ app_init ] --END-- [ RunTime:0.000370s ]
INFO: [ app_begin ] --START--
INFO: Run Behavior\ReadHtmlCacheBehavior [ RunTime:0.000690s ]
INFO: [ app_begin ] --END-- [ RunTime:0.000795s ]
SQL: SHOW COLUMNS FROM `jj_class` [ RunTime:0.0103s ]
SQL: SELECT * FROM `jj_class` WHERE ( title='客厅' ) LIMIT 1   [ RunTime:0.0010s ]
SQL: SELECT * FROM `jj_class`  [ RunTime:0.0016s ]
INFO: [ view_parse ] --START--
INFO: [ template_filter ] --START--
INFO: Run Behavior\ContentReplaceBehavior [ RunTime:0.000224s ]
INFO: [ template_filter ] --END-- [ RunTime:0.000352s ]
NOTIC: [8] Undefined index: 10 D:\XAMPP\htdocs\myBS\J-home\Runtime\Cache\Home\b5e78cad774133738cdf21e73c2e5b9e.php 第 66 行.
NOTIC: [8] Undefined index: 11 D:\XAMPP\htdocs\myBS\J-home\Runtime\Cache\Home\b5e78cad774133738cdf21e73c2e5b9e.php 第 66 行.
INFO: Run Behavior\ParseTemplateBehavior [ RunTime:0.028166s ]
INFO: [ view_parse ] --END-- [ RunTime:0.028364s ]
INFO: [ view_filter ] --START--
INFO: Run Behavior\WriteHtmlCacheBehavior [ RunTime:0.001003s ]
INFO: [ view_filter ] --END-- [ RunTime:0.001114s ]
INFO: [ app_end ] --START--
INFO: Run Behavior\ShowPageTraceBehavior [ RunTime:0.002659s ]
INFO: [ app_end ] --END-- [ RunTime:0.002945s ]

[ 2017-02-21T11:25:44+08:00 ] ::1 /myBS/index.php/List/lglist/room/%E5%AE%A2%E5%8E%85.html
INFO: [ app_init ] --START--
INFO: Run Behavior\BuildLiteBehavior [ RunTime:0.000021s ]
INFO: [ app_init ] --END-- [ RunTime:0.000446s ]
INFO: [ app_begin ] --START--
INFO: Run Behavior\ReadHtmlCacheBehavior [ RunTime:0.000703s ]
INFO: [ app_begin ] --END-- [ RunTime:0.000769s ]
SQL: SHOW COLUMNS FROM `jj_class` [ RunTime:0.0094s ]
SQL: SELECT * FROM `jj_class` WHERE ( title='客厅' ) LIMIT 1   [ RunTime:0.0009s ]
SQL: SELECT * FROM `jj_class`  [ RunTime:0.0015s ]
INFO: [ view_parse ] --START--
INFO: [ template_filter ] --START--
INFO: Run Behavior\ContentReplaceBehavior [ RunTime:0.000307s ]
INFO: [ template_filter ] --END-- [ RunTime:0.000501s ]
NOTIC: [8] Undefined index: 45 D:\XAMPP\htdocs\myBS\J-home\Runtime\Cache\Home\b5e78cad774133738cdf21e73c2e5b9e.php 第 66 行.
NOTIC: [8] Undefined index: 46 D:\XAMPP\htdocs\myBS\J-home\Runtime\Cache\Home\b5e78cad774133738cdf21e73c2e5b9e.php 第 66 行.
NOTIC: [8] Undefined index: 47 D:\XAMPP\htdocs\myBS\J-home\Runtime\Cache\Home\b5e78cad774133738cdf21e73c2e5b9e.php 第 66 行.
NOTIC: [8] Undefined index: 48 D:\XAMPP\htdocs\myBS\J-home\Runtime\Cache\Home\b5e78cad774133738cdf21e73c2e5b9e.php 第 66 行.
NOTIC: [8] Undefined index: 49 D:\XAMPP\htdocs\myBS\J-home\Runtime\Cache\Home\b5e78cad774133738cdf21e73c2e5b9e.php 第 66 行.
NOTIC: [8] Undefined index: 50 D:\XAMPP\htdocs\myBS\J-home\Runtime\Cache\Home\b5e78cad774133738cdf21e73c2e5b9e.php 第 66 行.
NOTIC: [8] Undefined index: 51 D:\XAMPP\htdocs\myBS\J-home\Runtime\Cache\Home\b5e78cad774133738cdf21e73c2e5b9e.php 第 66 行.
NOTIC: [8] Undefined index: 52 D:\XAMPP\htdocs\myBS\J-home\Runtime\Cache\Home\b5e78cad774133738cdf21e73c2e5b9e.php 第 66 行.
INFO: Run Behavior\ParseTemplateBehavior [ RunTime:0.039125s ]
INFO: [ view_parse ] --END-- [ RunTime:0.039277s ]
INFO: [ view_filter ] --START--
INFO: Run Behavior\WriteHtmlCacheBehavior [ RunTime:0.000854s ]
INFO: [ view_filter ] --END-- [ RunTime:0.000958s ]
INFO: [ app_end ] --START--
INFO: Run Behavior\ShowPageTraceBehavior [ RunTime:0.002599s ]
INFO: [ app_end ] --END-- [ RunTime:0.002750s ]

[ 2017-02-21T11:26:38+08:00 ] ::1 /myBS/index.php/List/lglist/room/%E5%AE%A2%E5%8E%85.html
INFO: [ app_init ] --START--
INFO: Run Behavior\BuildLiteBehavior [ RunTime:0.000067s ]
INFO: [ app_init ] --END-- [ RunTime:0.000846s ]
INFO: [ app_begin ] --START--
INFO: Run Behavior\ReadHtmlCacheBehavior [ RunTime:0.000716s ]
INFO: [ app_begin ] --END-- [ RunTime:0.000787s ]
SQL: SHOW COLUMNS FROM `jj_class` [ RunTime:0.0076s ]
SQL: SELECT * FROM `jj_class` WHERE ( title='客厅' ) LIMIT 1   [ RunTime:0.0012s ]
SQL: SELECT * FROM `jj_class`  [ RunTime:0.0011s ]
INFO: [ view_parse ] --START--
INFO: [ template_filter ] --START--
INFO: Run Behavior\ContentReplaceBehavior [ RunTime:0.000120s ]
INFO: [ template_filter ] --END-- [ RunTime:0.000228s ]
NOTIC: [8] Undefined index: 45 D:\XAMPP\htdocs\myBS\J-home\Runtime\Cache\Home\b5e78cad774133738cdf21e73c2e5b9e.php 第 66 行.
NOTIC: [8] Undefined index: 46 D:\XAMPP\htdocs\myBS\J-home\Runtime\Cache\Home\b5e78cad774133738cdf21e73c2e5b9e.php 第 66 行.
NOTIC: [8] Undefined index: 47 D:\XAMPP\htdocs\myBS\J-home\Runtime\Cache\Home\b5e78cad774133738cdf21e73c2e5b9e.php 第 66 行.
NOTIC: [8] Undefined index: 48 D:\XAMPP\htdocs\myBS\J-home\Runtime\Cache\Home\b5e78cad774133738cdf21e73c2e5b9e.php 第 66 行.
NOTIC: [8] Undefined index: 49 D:\XAMPP\htdocs\myBS\J-home\Runtime\Cache\Home\b5e78cad774133738cdf21e73c2e5b9e.php 第 66 行.
NOTIC: [8] Undefined index: 50 D:\XAMPP\htdocs\myBS\J-home\Runtime\Cache\Home\b5e78cad774133738cdf21e73c2e5b9e.php 第 66 行.
NOTIC: [8] Undefined index: 51 D:\XAMPP\htdocs\myBS\J-home\Runtime\Cache\Home\b5e78cad774133738cdf21e73c2e5b9e.php 第 66 行.
NOTIC: [8] Undefined index: 52 D:\XAMPP\htdocs\myBS\J-home\Runtime\Cache\Home\b5e78cad774133738cdf21e73c2e5b9e.php 第 66 行.
INFO: Run Behavior\ParseTemplateBehavior [ RunTime:0.020045s ]
INFO: [ view_parse ] --END-- [ RunTime:0.020138s ]
INFO: [ view_filter ] --START--
INFO: Run Behavior\WriteHtmlCacheBehavior [ RunTime:0.000499s ]
INFO: [ view_filter ] --END-- [ RunTime:0.000554s ]
INFO: [ app_end ] --START--
INFO: Run Behavior\ShowPageTraceBehavior [ RunTime:0.000997s ]
INFO: [ app_end ] --END-- [ RunTime:0.001116s ]

[ 2017-02-21T11:27:54+08:00 ] ::1 /myBS/index.php/List/lglist/room/%E5%AE%A2%E5%8E%85.html
INFO: [ app_init ] --START--
INFO: Run Behavior\BuildLiteBehavior [ RunTime:0.000016s ]
INFO: [ app_init ] --END-- [ RunTime:0.000443s ]
INFO: [ app_begin ] --START--
INFO: Run Behavior\ReadHtmlCacheBehavior [ RunTime:0.000816s ]
INFO: [ app_begin ] --END-- [ RunTime:0.000898s ]
SQL: SHOW COLUMNS FROM `jj_class` [ RunTime:0.0069s ]
SQL: SELECT * FROM `jj_class` WHERE ( title='客厅' ) LIMIT 1   [ RunTime:0.0007s ]
SQL: SELECT * FROM `jj_class`  [ RunTime:0.0010s ]
INFO: [ view_parse ] --START--
INFO: [ template_filter ] --START--
INFO: Run Behavior\ContentReplaceBehavior [ RunTime:0.000249s ]
INFO: [ template_filter ] --END-- [ RunTime:0.000390s ]
NOTIC: [8] Undefined index: 10 D:\XAMPP\htdocs\myBS\J-home\Runtime\Cache\Home\b5e78cad774133738cdf21e73c2e5b9e.php 第 66 行.
NOTIC: [8] Undefined index: 11 D:\XAMPP\htdocs\myBS\J-home\Runtime\Cache\Home\b5e78cad774133738cdf21e73c2e5b9e.php 第 66 行.
INFO: Run Behavior\ParseTemplateBehavior [ RunTime:0.027772s ]
INFO: [ view_parse ] --END-- [ RunTime:0.027907s ]
INFO: [ view_filter ] --START--
INFO: Run Behavior\WriteHtmlCacheBehavior [ RunTime:0.001294s ]
INFO: [ view_filter ] --END-- [ RunTime:0.001425s ]
INFO: [ app_end ] --START--
INFO: Run Behavior\ShowPageTraceBehavior [ RunTime:0.003047s ]
INFO: [ app_end ] --END-- [ RunTime:0.003332s ]

[ 2017-02-21T11:30:32+08:00 ] ::1 /myBS/index.php/List/mdlist.html
INFO: [ app_init ] --START--
INFO: Run Behavior\BuildLiteBehavior [ RunTime:0.000018s ]
INFO: [ app_init ] --END-- [ RunTime:0.000532s ]
INFO: [ app_begin ] --START--
INFO: Run Behavior\ReadHtmlCacheBehavior [ RunTime:0.000552s ]
INFO: [ app_begin ] --END-- [ RunTime:0.000620s ]
INFO: [ view_parse ] --START--
INFO: [ template_filter ] --START--
INFO: Run Behavior\ContentReplaceBehavior [ RunTime:0.000136s ]
INFO: [ template_filter ] --END-- [ RunTime:0.000211s ]
INFO: Run Behavior\ParseTemplateBehavior [ RunTime:0.009372s ]
INFO: [ view_parse ] --END-- [ RunTime:0.009470s ]
INFO: [ view_filter ] --START--
INFO: Run Behavior\WriteHtmlCacheBehavior [ RunTime:0.000755s ]
INFO: [ view_filter ] --END-- [ RunTime:0.000840s ]
INFO: [ app_end ] --START--
INFO: Run Behavior\ShowPageTraceBehavior [ RunTime:0.000663s ]
INFO: [ app_end ] --END-- [ RunTime:0.000721s ]

[ 2017-02-21T11:30:42+08:00 ] ::1 /myBS/index.php/Index/index.html
INFO: [ app_init ] --START--
INFO: Run Behavior\BuildLiteBehavior [ RunTime:0.000018s ]
INFO: [ app_init ] --END-- [ RunTime:0.000443s ]
INFO: [ app_begin ] --START--
INFO: Run Behavior\ReadHtmlCacheBehavior [ RunTime:0.000789s ]
INFO: [ app_begin ] --END-- [ RunTime:0.000863s ]
SQL: SHOW COLUMNS FROM `jj_class` [ RunTime:0.0112s ]
SQL: SELECT * FROM `jj_class`  [ RunTime:0.0016s ]
INFO: [ view_parse ] --START--
INFO: [ template_filter ] --START--
INFO: Run Behavior\ContentReplaceBehavior [ RunTime:0.000371s ]
INFO: [ template_filter ] --END-- [ RunTime:0.000514s ]
NOTIC: [8] Undefined index: 10 D:\XAMPP\htdocs\myBS\J-home\Runtime\Cache\Home\c205b3a1e192b3036e06cd6a22599a7e.php 第 93 行.
NOTIC: [8] Undefined index: 11 D:\XAMPP\htdocs\myBS\J-home\Runtime\Cache\Home\c205b3a1e192b3036e06cd6a22599a7e.php 第 93 行.
INFO: Run Behavior\ParseTemplateBehavior [ RunTime:0.034610s ]
INFO: [ view_parse ] --END-- [ RunTime:0.034857s ]
INFO: [ view_filter ] --START--
INFO: Run Behavior\WriteHtmlCacheBehavior [ RunTime:0.000951s ]
INFO: [ view_filter ] --END-- [ RunTime:0.001058s ]
INFO: [ app_end ] --START--
INFO: Run Behavior\ShowPageTraceBehavior [ RunTime:0.005170s ]
INFO: [ app_end ] --END-- [ RunTime:0.005354s ]

[ 2017-02-21T11:30:44+08:00 ] ::1 /myBS/index.php/Index/index.html
INFO: [ app_init ] --START--
INFO: Run Behavior\BuildLiteBehavior [ RunTime:0.000018s ]
INFO: [ app_init ] --END-- [ RunTime:0.000440s ]
INFO: [ app_begin ] --START--
INFO: Run Behavior\ReadHtmlCacheBehavior [ RunTime:0.001046s ]
INFO: [ app_begin ] --END-- [ RunTime:0.001155s ]
SQL: SHOW COLUMNS FROM `jj_class` [ RunTime:0.0074s ]
SQL: SELECT * FROM `jj_class`  [ RunTime:0.0011s ]
INFO: [ view_parse ] --START--
INFO: [ template_filter ] --START--
INFO: Run Behavior\ContentReplaceBehavior [ RunTime:0.000262s ]
INFO: [ template_filter ] --END-- [ RunTime:0.000393s ]
NOTIC: [8] Undefined index: 10 D:\XAMPP\htdocs\myBS\J-home\Runtime\Cache\Home\c205b3a1e192b3036e06cd6a22599a7e.php 第 93 行.
NOTIC: [8] Undefined index: 11 D:\XAMPP\htdocs\myBS\J-home\Runtime\Cache\Home\c205b3a1e192b3036e06cd6a22599a7e.php 第 93 行.
INFO: Run Behavior\ParseTemplateBehavior [ RunTime:0.024490s ]
INFO: [ view_parse ] --END-- [ RunTime:0.024586s ]
INFO: [ view_filter ] --START--
INFO: Run Behavior\WriteHtmlCacheBehavior [ RunTime:0.000560s ]
INFO: [ view_filter ] --END-- [ RunTime:0.000625s ]
INFO: [ app_end ] --START--
INFO: Run Behavior\ShowPageTraceBehavior [ RunTime:0.000932s ]
INFO: [ app_end ] --END-- [ RunTime:0.001026s ]

[ 2017-02-21T11:30:46+08:00 ] ::1 /myBS/index.php/Index/index.html
INFO: [ app_init ] --START--
INFO: Run Behavior\BuildLiteBehavior [ RunTime:0.000018s ]
INFO: [ app_init ] --END-- [ RunTime:0.000375s ]
INFO: [ app_begin ] --START--
INFO: Run Behavior\ReadHtmlCacheBehavior [ RunTime:0.000671s ]
INFO: [ app_begin ] --END-- [ RunTime:0.000736s ]
SQL: SHOW COLUMNS FROM `jj_class` [ RunTime:0.0110s ]
SQL: SELECT * FROM `jj_class`  [ RunTime:0.0021s ]
INFO: [ view_parse ] --START--
INFO: [ template_filter ] --START--
INFO: Run Behavior\ContentReplaceBehavior [ RunTime:0.000215s ]
INFO: [ template_filter ] --END-- [ RunTime:0.000307s ]
NOTIC: [8] Undefined index: 10 D:\XAMPP\htdocs\myBS\J-home\Runtime\Cache\Home\c205b3a1e192b3036e06cd6a22599a7e.php 第 93 行.
NOTIC: [8] Undefined index: 11 D:\XAMPP\htdocs\myBS\J-home\Runtime\Cache\Home\c205b3a1e192b3036e06cd6a22599a7e.php 第 93 行.
INFO: Run Behavior\ParseTemplateBehavior [ RunTime:0.033164s ]
INFO: [ view_parse ] --END-- [ RunTime:0.033401s ]
INFO: [ view_filter ] --START--
INFO: Run Behavior\WriteHtmlCacheBehavior [ RunTime:0.000741s ]
INFO: [ view_filter ] --END-- [ RunTime:0.000835s ]
INFO: [ app_end ] --START--
INFO: Run Behavior\ShowPageTraceBehavior [ RunTime:0.001935s ]
INFO: [ app_end ] --END-- [ RunTime:0.002065s ]

[ 2017-02-21T11:32:35+08:00 ] ::1 /myBS/index.php/List/lglist/room/%E5%AE%A2%E5%8E%85.html
INFO: [ app_init ] --START--
INFO: Run Behavior\BuildLiteBehavior [ RunTime:0.000017s ]
INFO: [ app_init ] --END-- [ RunTime:0.000378s ]
INFO: [ app_begin ] --START--
INFO: Run Behavior\ReadHtmlCacheBehavior [ RunTime:0.000648s ]
INFO: [ app_begin ] --END-- [ RunTime:0.000725s ]
SQL: SHOW COLUMNS FROM `jj_class` [ RunTime:0.0969s ]
SQL: SELECT * FROM `jj_class` WHERE ( title='客厅' ) LIMIT 1   [ RunTime:0.0011s ]
SQL: SELECT * FROM `jj_class`  [ RunTime:0.0018s ]
INFO: [ view_parse ] --START--
INFO: [ template_filter ] --START--
INFO: Run Behavior\ContentReplaceBehavior [ RunTime:0.000113s ]
INFO: [ template_filter ] --END-- [ RunTime:0.000181s ]
NOTIC: [8] Undefined index: 10 D:\XAMPP\htdocs\myBS\J-home\Runtime\Cache\Home\b5e78cad774133738cdf21e73c2e5b9e.php 第 66 行.
NOTIC: [8] Undefined index: 11 D:\XAMPP\htdocs\myBS\J-home\Runtime\Cache\Home\b5e78cad774133738cdf21e73c2e5b9e.php 第 66 行.
INFO: Run Behavior\ParseTemplateBehavior [ RunTime:0.030365s ]
INFO: [ view_parse ] --END-- [ RunTime:0.030547s ]
INFO: [ view_filter ] --START--
INFO: Run Behavior\WriteHtmlCacheBehavior [ RunTime:0.000494s ]
INFO: [ view_filter ] --END-- [ RunTime:0.000556s ]
INFO: [ app_end ] --START--
INFO: Run Behavior\ShowPageTraceBehavior [ RunTime:0.001037s ]
INFO: [ app_end ] --END-- [ RunTime:0.001145s ]

[ 2017-02-21T11:32:51+08:00 ] ::1 /myBS/index.php/List/lglist/room/%E5%AE%A2%E5%8E%85.html
INFO: [ app_init ] --START--
INFO: Run Behavior\BuildLiteBehavior [ RunTime:0.000028s ]
INFO: [ app_init ] --END-- [ RunTime:0.000676s ]
INFO: [ app_begin ] --START--
INFO: Run Behavior\ReadHtmlCacheBehavior [ RunTime:0.001167s ]
INFO: [ app_begin ] --END-- [ RunTime:0.001280s ]
SQL: SHOW COLUMNS FROM `jj_class` [ RunTime:0.0100s ]
SQL: SELECT * FROM `jj_class` WHERE ( title='客厅' ) LIMIT 1   [ RunTime:0.0009s ]
NOTIC: [8] Use of undefined constant id - assumed 'id' D:\XAMPP\htdocs\myBS\J-home\Home\Controller\ListController.class.php 第 12 行.
SQL: SELECT * FROM `jj_class`  [ RunTime:0.0015s ]
INFO: [ view_parse ] --START--
INFO: [ template_filter ] --START--
INFO: Run Behavior\ContentReplaceBehavior [ RunTime:0.000184s ]
INFO: [ template_filter ] --END-- [ RunTime:0.000301s ]
NOTIC: [8] Undefined index: 10 D:\XAMPP\htdocs\myBS\J-home\Runtime\Cache\Home\b5e78cad774133738cdf21e73c2e5b9e.php 第 66 行.
NOTIC: [8] Undefined index: 11 D:\XAMPP\htdocs\myBS\J-home\Runtime\Cache\Home\b5e78cad774133738cdf21e73c2e5b9e.php 第 66 行.
INFO: Run Behavior\ParseTemplateBehavior [ RunTime:0.033798s ]
INFO: [ view_parse ] --END-- [ RunTime:0.033949s ]
INFO: [ view_filter ] --START--
INFO: Run Behavior\WriteHtmlCacheBehavior [ RunTime:0.001396s ]
INFO: [ view_filter ] --END-- [ RunTime:0.001486s ]
INFO: [ app_end ] --START--
INFO: Run Behavior\ShowPageTraceBehavior [ RunTime:0.001818s ]
INFO: [ app_end ] --END-- [ RunTime:0.001987s ]

[ 2017-02-21T11:33:04+08:00 ] ::1 /myBS/index.php/List/lglist/room/%E5%AE%A2%E5%8E%85.html
INFO: [ app_init ] --START--
INFO: Run Behavior\BuildLiteBehavior [ RunTime:0.000028s ]
INFO: [ app_init ] --END-- [ RunTime:0.000627s ]
INFO: [ app_begin ] --START--
INFO: Run Behavior\ReadHtmlCacheBehavior [ RunTime:0.001154s ]
INFO: [ app_begin ] --END-- [ RunTime:0.001265s ]
SQL: SHOW COLUMNS FROM `jj_class` [ RunTime:0.0098s ]
SQL: SELECT * FROM `jj_class` WHERE ( title='客厅' ) LIMIT 1   [ RunTime:0.0010s ]
SQL: SELECT * FROM `jj_class`  [ RunTime:0.0018s ]
INFO: [ view_parse ] --START--
INFO: [ template_filter ] --START--
INFO: Run Behavior\ContentReplaceBehavior [ RunTime:0.000224s ]
INFO: [ template_filter ] --END-- [ RunTime:0.000372s ]
NOTIC: [8] Undefined index: 10 D:\XAMPP\htdocs\myBS\J-home\Runtime\Cache\Home\b5e78cad774133738cdf21e73c2e5b9e.php 第 66 行.
NOTIC: [8] Undefined index: 11 D:\XAMPP\htdocs\myBS\J-home\Runtime\Cache\Home\b5e78cad774133738cdf21e73c2e5b9e.php 第 66 行.
INFO: Run Behavior\ParseTemplateBehavior [ RunTime:0.026924s ]
INFO: [ view_parse ] --END-- [ RunTime:0.027099s ]
INFO: [ view_filter ] --START--
INFO: Run Behavior\WriteHtmlCacheBehavior [ RunTime:0.001013s ]
INFO: [ view_filter ] --END-- [ RunTime:0.001126s ]
INFO: [ app_end ] --START--
INFO: Run Behavior\ShowPageTraceBehavior [ RunTime:0.001892s ]
INFO: [ app_end ] --END-- [ RunTime:0.002054s ]

[ 2017-02-21T11:33:55+08:00 ] ::1 /myBS/index.php/List/lglist/room/%E5%AE%A2%E5%8E%85.html
INFO: [ app_init ] --START--
INFO: Run Behavior\BuildLiteBehavior [ RunTime:0.000020s ]
INFO: [ app_init ] --END-- [ RunTime:0.000711s ]
INFO: [ app_begin ] --START--
INFO: Run Behavior\ReadHtmlCacheBehavior [ RunTime:0.000714s ]
INFO: [ app_begin ] --END-- [ RunTime:0.000779s ]
SQL: SHOW COLUMNS FROM `jj_class` [ RunTime:0.0104s ]
SQL: SELECT * FROM `jj_class` WHERE ( title='客厅' ) LIMIT 1   [ RunTime:0.0009s ]
SQL: SELECT * FROM `jj_class`  [ RunTime:0.0015s ]
NOTIC: [8] Undefined index: 1 D:\XAMPP\htdocs\myBS\J-home\Home\Controller\ListController.class.php 第 19 行.
NOTIC: [8] Undefined index: 1 D:\XAMPP\htdocs\myBS\J-home\Home\Controller\ListController.class.php 第 19 行.
NOTIC: [8] Undefined index: 1 D:\XAMPP\htdocs\myBS\J-home\Home\Controller\ListController.class.php 第 19 行.
NOTIC: [8] Undefined index: 1 D:\XAMPP\htdocs\myBS\J-home\Home\Controller\ListController.class.php 第 19 行.
NOTIC: [8] Undefined index: 1 D:\XAMPP\htdocs\myBS\J-home\Home\Controller\ListController.class.php 第 19 行.
NOTIC: [8] Undefined index: 1 D:\XAMPP\htdocs\myBS\J-home\Home\Controller\ListController.class.php 第 19 行.
NOTIC: [8] Undefined index: 1 D:\XAMPP\htdocs\myBS\J-home\Home\Controller\ListController.class.php 第 19 行.
NOTIC: [8] Undefined index: 1 D:\XAMPP\htdocs\myBS\J-home\Home\Controller\ListController.class.php 第 19 行.
NOTIC: [8] Undefined index: 1 D:\XAMPP\htdocs\myBS\J-home\Home\Controller\ListController.class.php 第 19 行.
NOTIC: [8] Undefined index: 1 D:\XAMPP\htdocs\myBS\J-home\Home\Controller\ListController.class.php 第 19 行.
NOTIC: [8] Undefined index: 1 D:\XAMPP\htdocs\myBS\J-home\Home\Controller\ListController.class.php 第 19 行.
NOTIC: [8] Undefined index: 1 D:\XAMPP\htdocs\myBS\J-home\Home\Controller\ListController.class.php 第 19 行.
NOTIC: [8] Undefined index: 1 D:\XAMPP\htdocs\myBS\J-home\Home\Controller\ListController.class.php 第 19 行.
NOTIC: [8] Undefined index: 1 D:\XAMPP\htdocs\myBS\J-home\Home\Controller\ListController.class.php 第 19 行.
NOTIC: [8] Undefined index: 1 D:\XAMPP\htdocs\myBS\J-home\Home\Controller\ListController.class.php 第 19 行.
NOTIC: [8] Undefined index: 1 D:\XAMPP\htdocs\myBS\J-home\Home\Controller\ListController.class.php 第 19 行.
NOTIC: [8] Undefined index: 1 D:\XAMPP\htdocs\myBS\J-home\Home\Controller\ListController.class.php 第 19 行.
NOTIC: [8] Undefined index: 1 D:\XAMPP\htdocs\myBS\J-home\Home\Controller\ListController.class.php 第 19 行.
NOTIC: [8] Undefined index: 1 D:\XAMPP\htdocs\myBS\J-home\Home\Controller\ListController.class.php 第 19 行.
NOTIC: [8] Undefined index: 1 D:\XAMPP\htdocs\myBS\J-home\Home\Controller\ListController.class.php 第 19 行.
NOTIC: [8] Undefined index: 1 D:\XAMPP\htdocs\myBS\J-home\Home\Controller\ListController.class.php 第 19 行.
NOTIC: [8] Undefined index: 1 D:\XAMPP\htdocs\myBS\J-home\Home\Controller\ListController.class.php 第 19 行.
NOTIC: [8] Undefined index: 1 D:\XAMPP\htdocs\myBS\J-home\Home\Controller\ListController.class.php 第 19 行.
NOTIC: [8] Undefined index: 1 D:\XAMPP\htdocs\myBS\J-home\Home\Controller\ListController.class.php 第 19 行.
NOTIC: [8] Undefined index: 1 D:\XAMPP\htdocs\myBS\J-home\Home\Controller\ListController.class.php 第 19 行.
NOTIC: [8] Undefined index: 1 D:\XAMPP\htdocs\myBS\J-home\Home\Controller\ListController.class.php 第 19 行.
NOTIC: [8] Undefined index: 1 D:\XAMPP\htdocs\myBS\J-home\Home\Controller\ListController.class.php 第 19 行.
NOTIC: [8] Undefined index: 1 D:\XAMPP\htdocs\myBS\J-home\Home\Controller\ListController.class.php 第 19 行.
NOTIC: [8] Undefined index: 1 D:\XAMPP\htdocs\myBS\J-home\Home\Controller\ListController.class.php 第 19 行.
NOTIC: [8] Undefined index: 1 D:\XAMPP\htdocs\myBS\J-home\Home\Controller\ListController.class.php 第 19 行.
NOTIC: [8] Undefined index: 1 D:\XAMPP\htdocs\myBS\J-home\Home\Controller\ListController.class.php 第 19 行.
NOTIC: [8] Undefined index: 1 D:\XAMPP\htdocs\myBS\J-home\Home\Controller\ListController.class.php 第 19 行.
NOTIC: [8] Undefined index: 1 D:\XAMPP\htdocs\myBS\J-home\Home\Controller\ListController.class.php 第 19 行.
NOTIC: [8] Undefined index: 1 D:\XAMPP\htdocs\myBS\J-home\Home\Controller\ListController.class.php 第 19 行.
NOTIC: [8] Undefined index: 1 D:\XAMPP\htdocs\myBS\J-home\Home\Controller\ListController.class.php 第 19 行.
NOTIC: [8] Undefined index: 1 D:\XAMPP\htdocs\myBS\J-home\Home\Controller\ListController.class.php 第 19 行.
NOTIC: [8] Undefined index: 1 D:\XAMPP\htdocs\myBS\J-home\Home\Controller\ListController.class.php 第 19 行.
NOTIC: [8] Undefined index: 1 D:\XAMPP\htdocs\myBS\J-home\Home\Controller\ListController.class.php 第 19 行.
NOTIC: [8] Undefined index: 1 D:\XAMPP\htdocs\myBS\J-home\Home\Controller\ListController.class.php 第 19 行.
NOTIC: [8] Undefined index: 1 D:\XAMPP\htdocs\myBS\J-home\Home\Controller\ListController.class.php 第 19 行.
NOTIC: [8] Undefined index: 1 D:\XAMPP\htdocs\myBS\J-home\Home\Controller\ListController.class.php 第 19 行.
NOTIC: [8] Undefined index: 1 D:\XAMPP\htdocs\myBS\J-home\Home\Controller\ListController.class.php 第 19 行.
NOTIC: [8] Undefined index: 1 D:\XAMPP\htdocs\myBS\J-home\Home\Controller\ListController.class.php 第 19 行.
NOTIC: [8] Undefined index: 1 D:\XAMPP\htdocs\myBS\J-home\Home\Controller\ListController.class.php 第 19 行.
NOTIC: [8] Undefined index: 1 D:\XAMPP\htdocs\myBS\J-home\Home\Controller\ListController.class.php 第 19 行.
NOTIC: [8] Undefined index: 1 D:\XAMPP\htdocs\myBS\J-home\Home\Controller\ListController.class.php 第 19 行.
NOTIC: [8] Undefined index: 1 D:\XAMPP\htdocs\myBS\J-home\Home\Controller\ListController.class.php 第 19 行.
NOTIC: [8] Undefined index: 1 D:\XAMPP\htdocs\myBS\J-home\Home\Controller\ListController.class.php 第 19 行.
NOTIC: [8] Undefined index: 1 D:\XAMPP\htdocs\myBS\J-home\Home\Controller\ListController.class.php 第 19 行.
NOTIC: [8] Undefined index: 1 D:\XAMPP\htdocs\myBS\J-home\Home\Controller\ListController.class.php 第 19 行.
NOTIC: [8] Undefined index: 1 D:\XAMPP\htdocs\myBS\J-home\Home\Controller\ListController.class.php 第 19 行.
NOTIC: [8] Undefined index: 1 D:\XAMPP\htdocs\myBS\J-home\Home\Controller\ListController.class.php 第 19 行.
NOTIC: [8] Undefined index: 1 D:\XAMPP\htdocs\myBS\J-home\Home\Controller\ListController.class.php 第 19 行.
NOTIC: [8] Undefined index: 1 D:\XAMPP\htdocs\myBS\J-home\Home\Controller\ListController.class.php 第 19 行.
NOTIC: [8] Undefined index: 1 D:\XAMPP\htdocs\myBS\J-home\Home\Controller\ListController.class.php 第 19 行.
NOTIC: [8] Undefined index: 1 D:\XAMPP\htdocs\myBS\J-home\Home\Controller\ListController.class.php 第 19 行.
NOTIC: [8] Undefined index: 1 D:\XAMPP\htdocs\myBS\J-home\Home\Controller\ListController.class.php 第 19 行.
NOTIC: [8] Undefined index: 1 D:\XAMPP\htdocs\myBS\J-home\Home\Controller\ListController.class.php 第 19 行.
NOTIC: [8] Undefined index: 1 D:\XAMPP\htdocs\myBS\J-home\Home\Controller\ListController.class.php 第 19 行.
NOTIC: [8] Undefined index: 1 D:\XAMPP\htdocs\myBS\J-home\Home\Controller\ListController.class.php 第 19 行.
NOTIC: [8] Undefined index: 1 D:\XAMPP\htdocs\myBS\J-home\Home\Controller\ListController.class.php 第 19 行.
NOTIC: [8] Undefined index: 1 D:\XAMPP\htdocs\myBS\J-home\Home\Controller\ListController.class.php 第 19 行.
NOTIC: [8] Undefined index: 1 D:\XAMPP\htdocs\myBS\J-home\Home\Controller\ListController.class.php 第 19 行.
NOTIC: [8] Undefined index: 1 D:\XAMPP\htdocs\myBS\J-home\Home\Controller\ListController.class.php 第 19 行.
NOTIC: [8] Undefined index: 1 D:\XAMPP\htdocs\myBS\J-home\Home\Controller\ListController.class.php 第 19 行.
NOTIC: [8] Undefined index: 1 D:\XAMPP\htdocs\myBS\J-home\Home\Controller\ListController.class.php 第 19 行.
NOTIC: [8] Undefined index: 1 D:\XAMPP\htdocs\myBS\J-home\Home\Controller\ListController.class.php 第 19 行.
NOTIC: [8] Undefined index: 1 D:\XAMPP\htdocs\myBS\J-home\Home\Controller\ListController.class.php 第 19 行.
NOTIC: [8] Undefined index: 1 D:\XAMPP\htdocs\myBS\J-home\Home\Controller\ListController.class.php 第 19 行.
NOTIC: [8] Undefined index: 1 D:\XAMPP\htdocs\myBS\J-home\Home\Controller\ListController.class.php 第 19 行.
NOTIC: [8] Undefined index: 1 D:\XAMPP\htdocs\myBS\J-home\Home\Controller\ListController.class.php 第 19 行.
NOTIC: [8] Undefined index: 1 D:\XAMPP\htdocs\myBS\J-home\Home\Controller\ListController.class.php 第 19 行.
NOTIC: [8] Undefined index: 1 D:\XAMPP\htdocs\myBS\J-home\Home\Controller\ListController.class.php 第 19 行.
NOTIC: [8] Undefined index: 1 D:\XAMPP\htdocs\myBS\J-home\Home\Controller\ListController.class.php 第 19 行.
INFO: [ view_parse ] --START--
INFO: [ template_filter ] --START--
INFO: Run Behavior\ContentReplaceBehavior [ RunTime:0.000111s ]
INFO: [ template_filter ] --END-- [ RunTime:0.000176s ]
NOTIC: [8] Undefined index: img D:\XAMPP\htdocs\myBS\J-home\Runtime\Cache\Home\b5e78cad774133738cdf21e73c2e5b9e.php 第 64 行.
NOTIC: [8] Undefined index: title D:\XAMPP\htdocs\myBS\J-home\Runtime\Cache\Home\b5e78cad774133738cdf21e73c2e5b9e.php 第 65 行.
NOTIC: [8] Undefined index: id D:\XAMPP\htdocs\myBS\J-home\Runtime\Cache\Home\b5e78cad774133738cdf21e73c2e5b9e.php 第 66 行.
NOTIC: [8] Undefined index: id D:\XAMPP\htdocs\myBS\J-home\Runtime\Cache\Home\b5e78cad774133738cdf21e73c2e5b9e.php 第 66 行.
INFO: Run Behavior\ParseTemplateBehavior [ RunTime:0.027026s ]
INFO: [ view_parse ] --END-- [ RunTime:0.027157s ]
INFO: [ view_filter ] --START--
INFO: Run Behavior\WriteHtmlCacheBehavior [ RunTime:0.000582s ]
INFO: [ view_filter ] --END-- [ RunTime:0.000638s ]
INFO: [ app_end ] --START--
INFO: Run Behavior\ShowPageTraceBehavior [ RunTime:0.000933s ]
INFO: [ app_end ] --END-- [ RunTime:0.001036s ]

[ 2017-02-21T11:34:24+08:00 ] ::1 /myBS/index.php/List/lglist/room/%E5%AE%A2%E5%8E%85.html
INFO: [ app_init ] --START--
INFO: Run Behavior\BuildLiteBehavior [ RunTime:0.000015s ]
INFO: [ app_init ] --END-- [ RunTime:0.000369s ]
INFO: [ app_begin ] --START--
INFO: Run Behavior\ReadHtmlCacheBehavior [ RunTime:0.000691s ]
INFO: [ app_begin ] --END-- [ RunTime:0.000756s ]
SQL: SHOW COLUMNS FROM `jj_class` [ RunTime:0.0501s ]
SQL: SELECT * FROM `jj_class` WHERE ( title='客厅' ) LIMIT 1   [ RunTime:0.0009s ]
SQL: SELECT * FROM `jj_class`  [ RunTime:0.0015s ]
NOTIC: [8] Undefined index: 1 D:\XAMPP\htdocs\myBS\J-home\Home\Controller\ListController.class.php 第 19 行.
NOTIC: [8] Undefined index: 1 D:\XAMPP\htdocs\myBS\J-home\Home\Controller\ListController.class.php 第 19 行.
NOTIC: [8] Undefined index: 1 D:\XAMPP\htdocs\myBS\J-home\Home\Controller\ListController.class.php 第 19 行.
NOTIC: [8] Undefined index: 1 D:\XAMPP\htdocs\myBS\J-home\Home\Controller\ListController.class.php 第 19 行.
NOTIC: [8] Undefined index: 1 D:\XAMPP\htdocs\myBS\J-home\Home\Controller\ListController.class.php 第 19 行.
NOTIC: [8] Undefined index: 1 D:\XAMPP\htdocs\myBS\J-home\Home\Controller\ListController.class.php 第 19 行.
NOTIC: [8] Undefined index: 1 D:\XAMPP\htdocs\myBS\J-home\Home\Controller\ListController.class.php 第 19 行.
NOTIC: [8] Undefined index: 1 D:\XAMPP\htdocs\myBS\J-home\Home\Controller\ListController.class.php 第 19 行.
NOTIC: [8] Undefined index: 1 D:\XAMPP\htdocs\myBS\J-home\Home\Controller\ListController.class.php 第 19 行.
NOTIC: [8] Undefined index: 1 D:\XAMPP\htdocs\myBS\J-home\Home\Controller\ListController.class.php 第 19 行.
NOTIC: [8] Undefined index: 1 D:\XAMPP\htdocs\myBS\J-home\Home\Controller\ListController.class.php 第 19 行.
NOTIC: [8] Undefined index: 1 D:\XAMPP\htdocs\myBS\J-home\Home\Controller\ListController.class.php 第 19 行.
NOTIC: [8] Undefined index: 1 D:\XAMPP\htdocs\myBS\J-home\Home\Controller\ListController.class.php 第 19 行.
NOTIC: [8] Undefined index: 1 D:\XAMPP\htdocs\myBS\J-home\Home\Controller\ListController.class.php 第 19 行.
NOTIC: [8] Undefined index: 1 D:\XAMPP\htdocs\myBS\J-home\Home\Controller\ListController.class.php 第 19 行.
NOTIC: [8] Undefined index: 1 D:\XAMPP\htdocs\myBS\J-home\Home\Controller\ListController.class.php 第 19 行.
NOTIC: [8] Undefined index: 1 D:\XAMPP\htdocs\myBS\J-home\Home\Controller\ListController.class.php 第 19 行.
NOTIC: [8] Undefined index: 1 D:\XAMPP\htdocs\myBS\J-home\Home\Controller\ListController.class.php 第 19 行.
NOTIC: [8] Undefined index: 1 D:\XAMPP\htdocs\myBS\J-home\Home\Controller\ListController.class.php 第 19 行.
NOTIC: [8] Undefined index: 1 D:\XAMPP\htdocs\myBS\J-home\Home\Controller\ListController.class.php 第 19 行.
NOTIC: [8] Undefined index: 1 D:\XAMPP\htdocs\myBS\J-home\Home\Controller\ListController.class.php 第 19 行.
NOTIC: [8] Undefined index: 1 D:\XAMPP\htdocs\myBS\J-home\Home\Controller\ListController.class.php 第 19 行.
NOTIC: [8] Undefined index: 1 D:\XAMPP\htdocs\myBS\J-home\Home\Controller\ListController.class.php 第 19 行.
NOTIC: [8] Undefined index: 1 D:\XAMPP\htdocs\myBS\J-home\Home\Controller\ListController.class.php 第 19 行.
NOTIC: [8] Undefined index: 1 D:\XAMPP\htdocs\myBS\J-home\Home\Controller\ListController.class.php 第 19 行.
NOTIC: [8] Undefined index: 1 D:\XAMPP\htdocs\myBS\J-home\Home\Controller\ListController.class.php 第 19 行.
NOTIC: [8] Undefined index: 1 D:\XAMPP\htdocs\myBS\J-home\Home\Controller\ListController.class.php 第 19 行.
NOTIC: [8] Undefined index: 1 D:\XAMPP\htdocs\myBS\J-home\Home\Controller\ListController.class.php 第 19 行.
NOTIC: [8] Undefined index: 1 D:\XAMPP\htdocs\myBS\J-home\Home\Controller\ListController.class.php 第 19 行.
NOTIC: [8] Undefined index: 1 D:\XAMPP\htdocs\myBS\J-home\Home\Controller\ListController.class.php 第 19 行.
NOTIC: [8] Undefined index: 1 D:\XAMPP\htdocs\myBS\J-home\Home\Controller\ListController.class.php 第 19 行.
NOTIC: [8] Undefined index: 1 D:\XAMPP\htdocs\myBS\J-home\Home\Controller\ListController.class.php 第 19 行.
NOTIC: [8] Undefined index: 1 D:\XAMPP\htdocs\myBS\J-home\Home\Controller\ListController.class.php 第 19 行.
NOTIC: [8] Undefined index: 1 D:\XAMPP\htdocs\myBS\J-home\Home\Controller\ListController.class.php 第 19 行.
NOTIC: [8] Undefined index: 1 D:\XAMPP\htdocs\myBS\J-home\Home\Controller\ListController.class.php 第 19 行.
NOTIC: [8] Undefined index: 1 D:\XAMPP\htdocs\myBS\J-home\Home\Controller\ListController.class.php 第 19 行.
NOTIC: [8] Undefined index: 1 D:\XAMPP\htdocs\myBS\J-home\Home\Controller\ListController.class.php 第 19 行.
NOTIC: [8] Undefined index: 1 D:\XAMPP\htdocs\myBS\J-home\Home\Controller\ListController.class.php 第 19 行.
NOTIC: [8] Undefined index: 1 D:\XAMPP\htdocs\myBS\J-home\Home\Controller\ListController.class.php 第 19 行.
NOTIC: [8] Undefined index: 1 D:\XAMPP\htdocs\myBS\J-home\Home\Controller\ListController.class.php 第 19 行.
NOTIC: [8] Undefined index: 1 D:\XAMPP\htdocs\myBS\J-home\Home\Controller\ListController.class.php 第 19 行.
NOTIC: [8] Undefined index: 1 D:\XAMPP\htdocs\myBS\J-home\Home\Controller\ListController.class.php 第 19 行.
NOTIC: [8] Undefined index: 1 D:\XAMPP\htdocs\myBS\J-home\Home\Controller\ListController.class.php 第 19 行.
NOTIC: [8] Undefined index: 1 D:\XAMPP\htdocs\myBS\J-home\Home\Controller\ListController.class.php 第 19 行.
NOTIC: [8] Undefined index: 1 D:\XAMPP\htdocs\myBS\J-home\Home\Controller\ListController.class.php 第 19 行.
NOTIC: [8] Undefined index: 1 D:\XAMPP\htdocs\myBS\J-home\Home\Controller\ListController.class.php 第 19 行.
NOTIC: [8] Undefined index: 1 D:\XAMPP\htdocs\myBS\J-home\Home\Controller\ListController.class.php 第 19 行.
NOTIC: [8] Undefined index: 1 D:\XAMPP\htdocs\myBS\J-home\Home\Controller\ListController.class.php 第 19 行.
NOTIC: [8] Undefined index: 1 D:\XAMPP\htdocs\myBS\J-home\Home\Controller\ListController.class.php 第 19 行.
NOTIC: [8] Undefined index: 1 D:\XAMPP\htdocs\myBS\J-home\Home\Controller\ListController.class.php 第 19 行.
NOTIC: [8] Undefined index: 1 D:\XAMPP\htdocs\myBS\J-home\Home\Controller\ListController.class.php 第 19 行.
NOTIC: [8] Undefined index: 1 D:\XAMPP\htdocs\myBS\J-home\Home\Controller\ListController.class.php 第 19 行.
NOTIC: [8] Undefined index: 1 D:\XAMPP\htdocs\myBS\J-home\Home\Controller\ListController.class.php 第 19 行.
NOTIC: [8] Undefined index: 1 D:\XAMPP\htdocs\myBS\J-home\Home\Controller\ListController.class.php 第 19 行.
NOTIC: [8] Undefined index: 1 D:\XAMPP\htdocs\myBS\J-home\Home\Controller\ListController.class.php 第 19 行.
NOTIC: [8] Undefined index: 1 D:\XAMPP\htdocs\myBS\J-home\Home\Controller\ListController.class.php 第 19 行.
NOTIC: [8] Undefined index: 1 D:\XAMPP\htdocs\myBS\J-home\Home\Controller\ListController.class.php 第 19 行.
NOTIC: [8] Undefined index: 1 D:\XAMPP\htdocs\myBS\J-home\Home\Controller\ListController.class.php 第 19 行.
NOTIC: [8] Undefined index: 1 D:\XAMPP\htdocs\myBS\J-home\Home\Controller\ListController.class.php 第 19 行.
NOTIC: [8] Undefined index: 1 D:\XAMPP\htdocs\myBS\J-home\Home\Controller\ListController.class.php 第 19 行.
NOTIC: [8] Undefined index: 1 D:\XAMPP\htdocs\myBS\J-home\Home\Controller\ListController.class.php 第 19 行.
NOTIC: [8] Undefined index: 1 D:\XAMPP\htdocs\myBS\J-home\Home\Controller\ListController.class.php 第 19 行.
NOTIC: [8] Undefined index: 1 D:\XAMPP\htdocs\myBS\J-home\Home\Controller\ListController.class.php 第 19 行.
NOTIC: [8] Undefined index: 1 D:\XAMPP\htdocs\myBS\J-home\Home\Controller\ListController.class.php 第 19 行.
NOTIC: [8] Undefined index: 1 D:\XAMPP\htdocs\myBS\J-home\Home\Controller\ListController.class.php 第 19 行.
NOTIC: [8] Undefined index: 1 D:\XAMPP\htdocs\myBS\J-home\Home\Controller\ListController.class.php 第 19 行.
NOTIC: [8] Undefined index: 1 D:\XAMPP\htdocs\myBS\J-home\Home\Controller\ListController.class.php 第 19 行.
NOTIC: [8] Undefined index: 1 D:\XAMPP\htdocs\myBS\J-home\Home\Controller\ListController.class.php 第 19 行.
NOTIC: [8] Undefined index: 1 D:\XAMPP\htdocs\myBS\J-home\Home\Controller\ListController.class.php 第 19 行.
NOTIC: [8] Undefined index: 1 D:\XAMPP\htdocs\myBS\J-home\Home\Controller\ListController.class.php 第 19 行.
NOTIC: [8] Undefined index: 1 D:\XAMPP\htdocs\myBS\J-home\Home\Controller\ListController.class.php 第 19 行.
NOTIC: [8] Undefined index: 1 D:\XAMPP\htdocs\myBS\J-home\Home\Controller\ListController.class.php 第 19 行.
NOTIC: [8] Undefined index: 1 D:\XAMPP\htdocs\myBS\J-home\Home\Controller\ListController.class.php 第 19 行.
NOTIC: [8] Undefined index: 1 D:\XAMPP\htdocs\myBS\J-home\Home\Controller\ListController.class.php 第 19 行.
INFO: [ view_parse ] --START--
INFO: [ template_filter ] --START--
INFO: Run Behavior\ContentReplaceBehavior [ RunTime:0.000132s ]
INFO: [ template_filter ] --END-- [ RunTime:0.000216s ]
NOTIC: [8] Undefined offset: 1 D:\XAMPP\htdocs\myBS\J-home\Runtime\Cache\Home\b5e78cad774133738cdf21e73c2e5b9e.php 第 64 行.
INFO: Run Behavior\ParseTemplateBehavior [ RunTime:0.027365s ]
INFO: [ view_parse ] --END-- [ RunTime:0.027494s ]
INFO: [ view_filter ] --START--
INFO: Run Behavior\WriteHtmlCacheBehavior [ RunTime:0.000526s ]
INFO: [ view_filter ] --END-- [ RunTime:0.000579s ]
INFO: [ app_end ] --START--
INFO: Run Behavior\ShowPageTraceBehavior [ RunTime:0.000677s ]
INFO: [ app_end ] --END-- [ RunTime:0.000748s ]

[ 2017-02-21T11:35:06+08:00 ] ::1 /myBS/index.php/List/lglist/room/%E5%AE%A2%E5%8E%85.html
INFO: [ app_init ] --START--
INFO: Run Behavior\BuildLiteBehavior [ RunTime:0.000018s ]
INFO: [ app_init ] --END-- [ RunTime:0.000438s ]
INFO: [ app_begin ] --START--
INFO: Run Behavior\ReadHtmlCacheBehavior [ RunTime:0.000548s ]
INFO: [ app_begin ] --END-- [ RunTime:0.000614s ]
SQL: SHOW COLUMNS FROM `jj_class` [ RunTime:0.0105s ]
SQL: SELECT * FROM `jj_class` WHERE ( title='客厅' ) LIMIT 1   [ RunTime:0.0010s ]
SQL: SELECT * FROM `jj_class`  [ RunTime:0.0009s ]
INFO: [ view_parse ] --START--
INFO: [ template_filter ] --START--
INFO: Run Behavior\ContentReplaceBehavior [ RunTime:0.000221s ]
INFO: [ template_filter ] --END-- [ RunTime:0.000347s ]
NOTIC: [8] Undefined index: 10 D:\XAMPP\htdocs\myBS\J-home\Runtime\Cache\Home\b5e78cad774133738cdf21e73c2e5b9e.php 第 66 行.
NOTIC: [8] Undefined index: 11 D:\XAMPP\htdocs\myBS\J-home\Runtime\Cache\Home\b5e78cad774133738cdf21e73c2e5b9e.php 第 66 行.
INFO: Run Behavior\ParseTemplateBehavior [ RunTime:0.024552s ]
INFO: [ view_parse ] --END-- [ RunTime:0.024679s ]
INFO: [ view_filter ] --START--
INFO: Run Behavior\WriteHtmlCacheBehavior [ RunTime:0.000782s ]
INFO: [ view_filter ] --END-- [ RunTime:0.000894s ]
INFO: [ app_end ] --START--
INFO: Run Behavior\ShowPageTraceBehavior [ RunTime:0.003051s ]
INFO: [ app_end ] --END-- [ RunTime:0.003202s ]

[ 2017-02-21T11:36:16+08:00 ] ::1 /myBS/index.php/Index/index.html
INFO: [ app_init ] --START--
INFO: Run Behavior\BuildLiteBehavior [ RunTime:0.000018s ]
INFO: [ app_init ] --END-- [ RunTime:0.000393s ]
INFO: [ app_begin ] --START--
INFO: Run Behavior\ReadHtmlCacheBehavior [ RunTime:0.000682s ]
INFO: [ app_begin ] --END-- [ RunTime:0.000750s ]
SQL: SHOW COLUMNS FROM `jj_class` [ RunTime:0.0107s ]
SQL: SELECT * FROM `jj_class`  [ RunTime:0.0015s ]
INFO: [ view_parse ] --START--
INFO: [ template_filter ] --START--
INFO: Run Behavior\ContentReplaceBehavior [ RunTime:0.000203s ]
INFO: [ template_filter ] --END-- [ RunTime:0.000290s ]
NOTIC: [8] Undefined index: 10 D:\XAMPP\htdocs\myBS\J-home\Runtime\Cache\Home\c205b3a1e192b3036e06cd6a22599a7e.php 第 93 行.
NOTIC: [8] Undefined index: 11 D:\XAMPP\htdocs\myBS\J-home\Runtime\Cache\Home\c205b3a1e192b3036e06cd6a22599a7e.php 第 93 行.
INFO: Run Behavior\ParseTemplateBehavior [ RunTime:0.035785s ]
INFO: [ view_parse ] --END-- [ RunTime:0.035914s ]
INFO: [ view_filter ] --START--
INFO: Run Behavior\WriteHtmlCacheBehavior [ RunTime:0.000503s ]
INFO: [ view_filter ] --END-- [ RunTime:0.000558s ]
INFO: [ app_end ] --START--
INFO: Run Behavior\ShowPageTraceBehavior [ RunTime:0.001005s ]
INFO: [ app_end ] --END-- [ RunTime:0.001098s ]

[ 2017-02-21T11:36:27+08:00 ] ::1 /myBS/index.php/Index/index.html
INFO: [ app_init ] --START--
INFO: Run Behavior\BuildLiteBehavior [ RunTime:0.000016s ]
INFO: [ app_init ] --END-- [ RunTime:0.000324s ]
INFO: [ app_begin ] --START--
INFO: Run Behavior\ReadHtmlCacheBehavior [ RunTime:0.000469s ]
INFO: [ app_begin ] --END-- [ RunTime:0.000532s ]
SQL: SHOW COLUMNS FROM `jj_class` [ RunTime:0.0119s ]
SQL: SELECT * FROM `jj_class`  [ RunTime:0.0008s ]
INFO: [ view_parse ] --START--
INFO: [ template_filter ] --START--
INFO: Run Behavior\ContentReplaceBehavior [ RunTime:0.000508s ]
INFO: [ template_filter ] --END-- [ RunTime:0.000949s ]
NOTIC: [8] Undefined index: 10 D:\XAMPP\htdocs\myBS\J-home\Runtime\Cache\Home\c205b3a1e192b3036e06cd6a22599a7e.php 第 93 行.
NOTIC: [8] Undefined index: 11 D:\XAMPP\htdocs\myBS\J-home\Runtime\Cache\Home\c205b3a1e192b3036e06cd6a22599a7e.php 第 93 行.
INFO: Run Behavior\ParseTemplateBehavior [ RunTime:0.019523s ]
INFO: [ view_parse ] --END-- [ RunTime:0.019601s ]
INFO: [ view_filter ] --START--
INFO: Run Behavior\WriteHtmlCacheBehavior [ RunTime:0.001168s ]
INFO: [ view_filter ] --END-- [ RunTime:0.001312s ]
INFO: [ app_end ] --START--
INFO: Run Behavior\ShowPageTraceBehavior [ RunTime:0.001888s ]
INFO: [ app_end ] --END-- [ RunTime:0.002067s ]

[ 2017-02-21T11:36:29+08:00 ] ::1 /myBS/index.php/List/lglist/room/%E5%8D%A7%E5%AE%A4.html
INFO: [ app_init ] --START--
INFO: Run Behavior\BuildLiteBehavior [ RunTime:0.000017s ]
INFO: [ app_init ] --END-- [ RunTime:0.000409s ]
INFO: [ app_begin ] --START--
INFO: Run Behavior\ReadHtmlCacheBehavior [ RunTime:0.000708s ]
INFO: [ app_begin ] --END-- [ RunTime:0.000774s ]
SQL: SHOW COLUMNS FROM `jj_class` [ RunTime:0.0098s ]
SQL: SELECT * FROM `jj_class` WHERE ( title='卧室' ) LIMIT 1   [ RunTime:0.0009s ]
SQL: SELECT * FROM `jj_class`  [ RunTime:0.0015s ]
INFO: [ view_parse ] --START--
INFO: [ template_filter ] --START--
INFO: Run Behavior\ContentReplaceBehavior [ RunTime:0.000209s ]
INFO: [ template_filter ] --END-- [ RunTime:0.000328s ]
NOTIC: [8] Undefined index: 12 D:\XAMPP\htdocs\myBS\J-home\Runtime\Cache\Home\b5e78cad774133738cdf21e73c2e5b9e.php 第 66 行.
NOTIC: [8] Undefined index: 13 D:\XAMPP\htdocs\myBS\J-home\Runtime\Cache\Home\b5e78cad774133738cdf21e73c2e5b9e.php 第 66 行.
NOTIC: [8] Undefined index: 14 D:\XAMPP\htdocs\myBS\J-home\Runtime\Cache\Home\b5e78cad774133738cdf21e73c2e5b9e.php 第 66 行.
NOTIC: [8] Undefined index: 15 D:\XAMPP\htdocs\myBS\J-home\Runtime\Cache\Home\b5e78cad774133738cdf21e73c2e5b9e.php 第 66 行.
NOTIC: [8] Undefined index: 16 D:\XAMPP\htdocs\myBS\J-home\Runtime\Cache\Home\b5e78cad774133738cdf21e73c2e5b9e.php 第 66 行.
NOTIC: [8] Undefined index: 17 D:\XAMPP\htdocs\myBS\J-home\Runtime\Cache\Home\b5e78cad774133738cdf21e73c2e5b9e.php 第 66 行.
INFO: Run Behavior\ParseTemplateBehavior [ RunTime:0.032748s ]
INFO: [ view_parse ] --END-- [ RunTime:0.032902s ]
INFO: [ view_filter ] --START--
INFO: Run Behavior\WriteHtmlCacheBehavior [ RunTime:0.000886s ]
INFO: [ view_filter ] --END-- [ RunTime:0.000998s ]
INFO: [ app_end ] --START--
INFO: Run Behavior\ShowPageTraceBehavior [ RunTime:0.002267s ]
INFO: [ app_end ] --END-- [ RunTime:0.002596s ]

[ 2017-02-21T11:39:02+08:00 ] ::1 /myBS/index.php/List/lglist/room/%E5%AE%A2%E5%8E%85.html
INFO: [ app_init ] --START--
INFO: Run Behavior\BuildLiteBehavior [ RunTime:0.000019s ]
INFO: [ app_init ] --END-- [ RunTime:0.000577s ]
INFO: [ app_begin ] --START--
INFO: Run Behavior\ReadHtmlCacheBehavior [ RunTime:0.000713s ]
INFO: [ app_begin ] --END-- [ RunTime:0.000778s ]
SQL: SHOW COLUMNS FROM `jj_class` [ RunTime:0.0070s ]
SQL: SELECT * FROM `jj_class` WHERE ( title='客厅' ) LIMIT 1   [ RunTime:0.0006s ]
SQL: SELECT * FROM `jj_class`  [ RunTime:0.0008s ]
INFO: [ view_parse ] --START--
INFO: [ template_filter ] --START--
INFO: Run Behavior\ContentReplaceBehavior [ RunTime:0.000212s ]
INFO: [ template_filter ] --END-- [ RunTime:0.000333s ]
NOTIC: [8] Undefined index: 10 D:\XAMPP\htdocs\myBS\J-home\Runtime\Cache\Home\b5e78cad774133738cdf21e73c2e5b9e.php 第 66 行.
NOTIC: [8] Undefined index: 11 D:\XAMPP\htdocs\myBS\J-home\Runtime\Cache\Home\b5e78cad774133738cdf21e73c2e5b9e.php 第 66 行.
INFO: Run Behavior\ParseTemplateBehavior [ RunTime:0.029353s ]
INFO: [ view_parse ] --END-- [ RunTime:0.029483s ]
INFO: [ view_filter ] --START--
INFO: Run Behavior\WriteHtmlCacheBehavior [ RunTime:0.001081s ]
INFO: [ view_filter ] --END-- [ RunTime:0.001209s ]
INFO: [ app_end ] --START--
INFO: Run Behavior\ShowPageTraceBehavior [ RunTime:0.002250s ]
INFO: [ app_end ] --END-- [ RunTime:0.002422s ]

