[ 2017-02-26T23:16:57+08:00 ] ::1 /myBS/
INFO: [ app_init ] --START--
INFO: Run Behavior\BuildLiteBehavior [ RunTime:0.000020s ]
INFO: [ app_init ] --END-- [ RunTime:0.000440s ]
INFO: [ app_begin ] --START--
INFO: Run Behavior\ReadHtmlCacheBehavior [ RunTime:0.000577s ]
INFO: [ app_begin ] --END-- [ RunTime:0.000640s ]
SQL: SHOW COLUMNS FROM `jj_class` [ RunTime:0.0416s ]
SQL: SELECT * FROM `jj_class`  [ RunTime:0.0016s ]
INFO: [ view_parse ] --START--
INFO: [ template_filter ] --START--
INFO: Run Behavior\ContentReplaceBehavior [ RunTime:0.000233s ]
INFO: [ template_filter ] --END-- [ RunTime:0.000304s ]
NOTIC: [8] Undefined variable: bill D:\XAMPP\htdocs\myBS\J-home\Runtime\Cache\Home\c205b3a1e192b3036e06cd6a22599a7e.php 第 43 行.
NOTIC: [8] Undefined index: 10 D:\XAMPP\htdocs\myBS\J-home\Runtime\Cache\Home\c205b3a1e192b3036e06cd6a22599a7e.php 第 93 行.
NOTIC: [8] Undefined index: 11 D:\XAMPP\htdocs\myBS\J-home\Runtime\Cache\Home\c205b3a1e192b3036e06cd6a22599a7e.php 第 93 行.
INFO: Run Behavior\ParseTemplateBehavior [ RunTime:0.040791s ]
INFO: [ view_parse ] --END-- [ RunTime:0.041079s ]
INFO: [ view_filter ] --START--
INFO: Run Behavior\WriteHtmlCacheBehavior [ RunTime:0.000739s ]
INFO: [ view_filter ] --END-- [ RunTime:0.000820s ]
INFO: [ app_end ] --START--
INFO: Run Behavior\ShowPageTraceBehavior [ RunTime:0.000817s ]
INFO: [ app_end ] --END-- [ RunTime:0.000899s ]

[ 2017-02-26T23:17:01+08:00 ] ::1 /myBS/index.php/List/lglist/room/%E5%AE%A2%E5%8E%85.html
INFO: [ app_init ] --START--
INFO: Run Behavior\BuildLiteBehavior [ RunTime:0.000015s ]
INFO: [ app_init ] --END-- [ RunTime:0.000320s ]
INFO: [ app_begin ] --START--
INFO: Run Behavior\ReadHtmlCacheBehavior [ RunTime:0.000451s ]
INFO: [ app_begin ] --END-- [ RunTime:0.000514s ]
SQL: SHOW COLUMNS FROM `jj_class` [ RunTime:0.0037s ]
SQL: SELECT * FROM `jj_class` WHERE ( title='客厅' ) LIMIT 1   [ RunTime:0.0004s ]
SQL: SELECT * FROM `jj_class`  [ RunTime:0.0006s ]
INFO: [ view_parse ] --START--
INFO: [ template_filter ] --START--
INFO: Run Behavior\ContentReplaceBehavior [ RunTime:0.000116s ]
INFO: [ template_filter ] --END-- [ RunTime:0.000184s ]
NOTIC: [8] Undefined variable: bill D:\XAMPP\htdocs\myBS\J-home\Runtime\Cache\Home\b5e78cad774133738cdf21e73c2e5b9e.php 第 44 行.
NOTIC: [8] Undefined index: 10 D:\XAMPP\htdocs\myBS\J-home\Runtime\Cache\Home\b5e78cad774133738cdf21e73c2e5b9e.php 第 66 行.
NOTIC: [8] Undefined index: 11 D:\XAMPP\htdocs\myBS\J-home\Runtime\Cache\Home\b5e78cad774133738cdf21e73c2e5b9e.php 第 66 行.
INFO: Run Behavior\ParseTemplateBehavior [ RunTime:0.011368s ]
INFO: [ view_parse ] --END-- [ RunTime:0.011446s ]
INFO: [ view_filter ] --START--
INFO: Run Behavior\WriteHtmlCacheBehavior [ RunTime:0.000265s ]
INFO: [ view_filter ] --END-- [ RunTime:0.000313s ]
INFO: [ app_end ] --START--
INFO: Run Behavior\ShowPageTraceBehavior [ RunTime:0.000604s ]
INFO: [ app_end ] --END-- [ RunTime:0.000712s ]

[ 2017-02-26T23:17:02+08:00 ] ::1 /myBS/index.php/Goods/bill.html
INFO: [ app_init ] --START--
INFO: Run Behavior\BuildLiteBehavior [ RunTime:0.000015s ]
INFO: [ app_init ] --END-- [ RunTime:0.000313s ]
INFO: [ app_begin ] --START--
INFO: Run Behavior\ReadHtmlCacheBehavior [ RunTime:0.000542s ]
INFO: [ app_begin ] --END-- [ RunTime:0.000630s ]
INFO: [ view_parse ] --START--
INFO: [ template_filter ] --START--
INFO: Run Behavior\ContentReplaceBehavior [ RunTime:0.000102s ]
INFO: [ template_filter ] --END-- [ RunTime:0.000169s ]
NOTIC: [8] Undefined variable: bill D:\XAMPP\htdocs\myBS\J-home\Runtime\Cache\Home\0d88b0d55d5ca09955cf01e59db3eced.php 第 44 行.
NOTIC: [8] Undefined index: bill D:\XAMPP\htdocs\myBS\J-home\Runtime\Cache\Home\0d88b0d55d5ca09955cf01e59db3eced.php 第 54 行.
NOTIC: [8] Undefined variable: bill D:\XAMPP\htdocs\myBS\J-home\Runtime\Cache\Home\0d88b0d55d5ca09955cf01e59db3eced.php 第 70 行.
NOTIC: [8] Undefined variable: bill D:\XAMPP\htdocs\myBS\J-home\Runtime\Cache\Home\0d88b0d55d5ca09955cf01e59db3eced.php 第 71 行.
NOTIC: [8] Undefined variable: bill D:\XAMPP\htdocs\myBS\J-home\Runtime\Cache\Home\0d88b0d55d5ca09955cf01e59db3eced.php 第 72 行.
INFO: Run Behavior\ParseTemplateBehavior [ RunTime:0.008011s ]
INFO: [ view_parse ] --END-- [ RunTime:0.008075s ]
INFO: [ view_filter ] --START--
INFO: Run Behavior\WriteHtmlCacheBehavior [ RunTime:0.000226s ]
INFO: [ view_filter ] --END-- [ RunTime:0.000274s ]
INFO: [ app_end ] --START--
INFO: Run Behavior\ShowPageTraceBehavior [ RunTime:0.000556s ]
INFO: [ app_end ] --END-- [ RunTime:0.000637s ]

[ 2017-02-26T23:17:07+08:00 ] ::1 /myBS/index.php/List/mdlist/title/%E5%B8%83%E8%89%BA%E6%B2%99%E5%8F%91.html
INFO: [ app_init ] --START--
INFO: Run Behavior\BuildLiteBehavior [ RunTime:0.000020s ]
INFO: [ app_init ] --END-- [ RunTime:0.000457s ]
INFO: [ app_begin ] --START--
INFO: Run Behavior\ReadHtmlCacheBehavior [ RunTime:0.000749s ]
INFO: [ app_begin ] --END-- [ RunTime:0.000876s ]
SQL: SHOW COLUMNS FROM `jj_list` [ RunTime:0.0506s ]
SQL: SHOW COLUMNS FROM `jj_goods` [ RunTime:0.0204s ]
SQL: SELECT * FROM `jj_list` WHERE ( title='布艺沙发' ) LIMIT 1   [ RunTime:0.0011s ]
SQL: SELECT * FROM `jj_goods` WHERE ( title='布艺沙发' )  [ RunTime:0.0012s ]
INFO: [ view_parse ] --START--
INFO: [ template_filter ] --START--
INFO: Run Behavior\ContentReplaceBehavior [ RunTime:0.000186s ]
INFO: [ template_filter ] --END-- [ RunTime:0.000316s ]
NOTIC: [8] Undefined variable: bill D:\XAMPP\htdocs\myBS\J-home\Runtime\Cache\Home\dd6ef9fc4666f7a74ad05681f0884ba2.php 第 44 行.
INFO: Run Behavior\ParseTemplateBehavior [ RunTime:0.022105s ]
INFO: [ view_parse ] --END-- [ RunTime:0.022257s ]
INFO: [ view_filter ] --START--
INFO: Run Behavior\WriteHtmlCacheBehavior [ RunTime:0.000439s ]
INFO: [ view_filter ] --END-- [ RunTime:0.000533s ]
INFO: [ app_end ] --START--
INFO: Run Behavior\ShowPageTraceBehavior [ RunTime:0.000840s ]
INFO: [ app_end ] --END-- [ RunTime:0.000937s ]

[ 2017-02-26T23:17:10+08:00 ] ::1 /myBS/index.php/Goods/good/name/%E9%98%BF%E5%B0%94%E5%8D%91%E6%96%AF.html
INFO: [ app_init ] --START--
INFO: Run Behavior\BuildLiteBehavior [ RunTime:0.000015s ]
INFO: [ app_init ] --END-- [ RunTime:0.000408s ]
INFO: [ app_begin ] --START--
INFO: Run Behavior\ReadHtmlCacheBehavior [ RunTime:0.000528s ]
INFO: [ app_begin ] --END-- [ RunTime:0.000591s ]
SQL: SHOW COLUMNS FROM `jj_goods` [ RunTime:0.0527s ]
SQL: SELECT * FROM `jj_goods` WHERE ( name='阿尔卑斯' ) LIMIT 1   [ RunTime:0.0011s ]
SQL: SELECT `guige1_text` FROM `jj_goods` WHERE ( name='阿尔卑斯' ) LIMIT 1   [ RunTime:0.0007s ]
SQL: SELECT `guige2_text` FROM `jj_goods` WHERE ( name='阿尔卑斯' ) LIMIT 1   [ RunTime:0.0007s ]
SQL: SELECT `guige3_text` FROM `jj_goods` WHERE ( name='阿尔卑斯' ) LIMIT 1   [ RunTime:0.0008s ]
INFO: [ view_parse ] --START--
INFO: [ template_filter ] --START--
INFO: Run Behavior\ContentReplaceBehavior [ RunTime:0.000506s ]
INFO: [ template_filter ] --END-- [ RunTime:0.000956s ]
NOTIC: [8] Undefined variable: bill D:\XAMPP\htdocs\myBS\J-home\Runtime\Cache\Home\a7da9d5dc348fcf418aeb320b3d95f2c.php 第 44 行.
NOTIC: [8] Undefined variable: bill D:\XAMPP\htdocs\myBS\J-home\Runtime\Cache\Home\a7da9d5dc348fcf418aeb320b3d95f2c.php 第 78 行.
INFO: Run Behavior\ParseTemplateBehavior [ RunTime:0.038289s ]
INFO: [ view_parse ] --END-- [ RunTime:0.038438s ]
INFO: [ view_filter ] --START--
INFO: Run Behavior\WriteHtmlCacheBehavior [ RunTime:0.000450s ]
INFO: [ view_filter ] --END-- [ RunTime:0.000524s ]
INFO: [ app_end ] --START--
INFO: Run Behavior\ShowPageTraceBehavior [ RunTime:0.001389s ]
INFO: [ app_end ] --END-- [ RunTime:0.001569s ]

[ 2017-02-26T23:17:12+08:00 ] ::1 /myBS/index.php/Goods/show_bill.html
INFO: [ app_init ] --START--
INFO: Run Behavior\BuildLiteBehavior [ RunTime:0.000028s ]
INFO: [ app_init ] --END-- [ RunTime:0.000524s ]
INFO: [ app_begin ] --START--
INFO: Run Behavior\ReadHtmlCacheBehavior [ RunTime:0.000661s ]
INFO: [ app_begin ] --END-- [ RunTime:0.000751s ]

[ 2017-02-26T23:17:14+08:00 ] ::1 /myBS/index.php/Goods/bill.html
INFO: [ app_init ] --START--
INFO: Run Behavior\BuildLiteBehavior [ RunTime:0.000016s ]
INFO: [ app_init ] --END-- [ RunTime:0.000313s ]
INFO: [ app_begin ] --START--
INFO: Run Behavior\ReadHtmlCacheBehavior [ RunTime:0.000422s ]
INFO: [ app_begin ] --END-- [ RunTime:0.000482s ]
INFO: [ view_parse ] --START--
INFO: [ template_filter ] --START--
INFO: Run Behavior\ContentReplaceBehavior [ RunTime:0.000156s ]
INFO: [ template_filter ] --END-- [ RunTime:0.000241s ]
NOTIC: [8] Undefined variable: bill D:\XAMPP\htdocs\myBS\J-home\Runtime\Cache\Home\0d88b0d55d5ca09955cf01e59db3eced.php 第 44 行.
NOTIC: [8] Undefined index: bill D:\XAMPP\htdocs\myBS\J-home\Runtime\Cache\Home\0d88b0d55d5ca09955cf01e59db3eced.php 第 54 行.
NOTIC: [8] Undefined variable: bill D:\XAMPP\htdocs\myBS\J-home\Runtime\Cache\Home\0d88b0d55d5ca09955cf01e59db3eced.php 第 70 行.
NOTIC: [8] Undefined variable: bill D:\XAMPP\htdocs\myBS\J-home\Runtime\Cache\Home\0d88b0d55d5ca09955cf01e59db3eced.php 第 71 行.
NOTIC: [8] Undefined variable: bill D:\XAMPP\htdocs\myBS\J-home\Runtime\Cache\Home\0d88b0d55d5ca09955cf01e59db3eced.php 第 72 行.
INFO: Run Behavior\ParseTemplateBehavior [ RunTime:0.007720s ]
INFO: [ view_parse ] --END-- [ RunTime:0.007777s ]
INFO: [ view_filter ] --START--
INFO: Run Behavior\WriteHtmlCacheBehavior [ RunTime:0.000223s ]
INFO: [ view_filter ] --END-- [ RunTime:0.000271s ]
INFO: [ app_end ] --START--
INFO: Run Behavior\ShowPageTraceBehavior [ RunTime:0.000560s ]
INFO: [ app_end ] --END-- [ RunTime:0.000642s ]

[ 2017-02-26T23:17:28+08:00 ] ::1 /myBS/index.php/Goods/good/name/%E6%B1%89%E6%9F%8F%E6%9E%97.html
INFO: [ app_init ] --START--
INFO: Run Behavior\BuildLiteBehavior [ RunTime:0.000018s ]
INFO: [ app_init ] --END-- [ RunTime:0.000368s ]
INFO: [ app_begin ] --START--
INFO: Run Behavior\ReadHtmlCacheBehavior [ RunTime:0.001367s ]
INFO: [ app_begin ] --END-- [ RunTime:0.001504s ]
SQL: SHOW COLUMNS FROM `jj_goods` [ RunTime:0.0044s ]
SQL: SELECT * FROM `jj_goods` WHERE ( name='汉柏林' ) LIMIT 1   [ RunTime:0.0006s ]
SQL: SELECT `guige1_text` FROM `jj_goods` WHERE ( name='汉柏林' ) LIMIT 1   [ RunTime:0.0003s ]
SQL: SELECT `guige2_text` FROM `jj_goods` WHERE ( name='汉柏林' ) LIMIT 1   [ RunTime:0.0003s ]
SQL: SELECT `guige3_text` FROM `jj_goods` WHERE ( name='汉柏林' ) LIMIT 1   [ RunTime:0.0003s ]
INFO: [ view_parse ] --START--
INFO: [ template_filter ] --START--
INFO: Run Behavior\ContentReplaceBehavior [ RunTime:0.000128s ]
INFO: [ template_filter ] --END-- [ RunTime:0.000194s ]
NOTIC: [8] Undefined variable: bill D:\XAMPP\htdocs\myBS\J-home\Runtime\Cache\Home\a7da9d5dc348fcf418aeb320b3d95f2c.php 第 44 行.
NOTIC: [8] Undefined variable: bill D:\XAMPP\htdocs\myBS\J-home\Runtime\Cache\Home\a7da9d5dc348fcf418aeb320b3d95f2c.php 第 78 行.
INFO: Run Behavior\ParseTemplateBehavior [ RunTime:0.014397s ]
INFO: [ view_parse ] --END-- [ RunTime:0.014471s ]
INFO: [ view_filter ] --START--
INFO: Run Behavior\WriteHtmlCacheBehavior [ RunTime:0.000422s ]
INFO: [ view_filter ] --END-- [ RunTime:0.000533s ]
INFO: [ app_end ] --START--
INFO: Run Behavior\ShowPageTraceBehavior [ RunTime:0.000972s ]
INFO: [ app_end ] --END-- [ RunTime:0.001103s ]

[ 2017-02-26T23:17:57+08:00 ] ::1 /myBS/index.php/Goods/show_bill.html
INFO: [ app_init ] --START--
INFO: Run Behavior\BuildLiteBehavior [ RunTime:0.000016s ]
INFO: [ app_init ] --END-- [ RunTime:0.000334s ]
INFO: [ app_begin ] --START--
INFO: Run Behavior\ReadHtmlCacheBehavior [ RunTime:0.000432s ]
INFO: [ app_begin ] --END-- [ RunTime:0.000494s ]
NOTIC: [8] Undefined index: select3 D:\XAMPP\htdocs\myBS\J-home\Home\Controller\GoodsController.class.php 第 40 行.
NOTIC: [8] Undefined variable: data D:\XAMPP\htdocs\myBS\J-home\Home\Controller\GoodsController.class.php 第 76 行.
INFO: [ view_parse ] --START--
INFO: [ template_filter ] --START--
INFO: Run Behavior\ContentReplaceBehavior [ RunTime:0.000375s ]
INFO: [ template_filter ] --END-- [ RunTime:0.000700s ]
NOTIC: [8] Undefined index: bill D:\XAMPP\htdocs\myBS\J-home\Runtime\Cache\Home\0d88b0d55d5ca09955cf01e59db3eced.php 第 54 行.
INFO: Run Behavior\ParseTemplateBehavior [ RunTime:0.008883s ]
INFO: [ view_parse ] --END-- [ RunTime:0.008936s ]
INFO: [ view_filter ] --START--
INFO: Run Behavior\WriteHtmlCacheBehavior [ RunTime:0.000232s ]
INFO: [ view_filter ] --END-- [ RunTime:0.000278s ]
NOTIC: [2] Cannot modify header information - headers already sent by (output started at D:\XAMPP\htdocs\myBS\ThinkPHP\Library\Think\View.class.php:95) D:\XAMPP\htdocs\myBS\ThinkPHP\Library\Think\Controller.class.php 第 215 行.

[ 2017-02-26T23:18:12+08:00 ] ::1 /myBS/index.php/Goods/show_bill.html
INFO: [ app_init ] --START--
INFO: Run Behavior\BuildLiteBehavior [ RunTime:0.000015s ]
INFO: [ app_init ] --END-- [ RunTime:0.000322s ]
INFO: [ app_begin ] --START--
INFO: Run Behavior\ReadHtmlCacheBehavior [ RunTime:0.000525s ]
INFO: [ app_begin ] --END-- [ RunTime:0.000582s ]
NOTIC: [8] Undefined index: select3 D:\XAMPP\htdocs\myBS\J-home\Home\Controller\GoodsController.class.php 第 40 行.
INFO: [ view_parse ] --START--
INFO: [ template_filter ] --START--
INFO: Run Behavior\ContentReplaceBehavior [ RunTime:0.000100s ]
INFO: [ template_filter ] --END-- [ RunTime:0.000156s ]
NOTIC: [8] Undefined index: badge D:\XAMPP\htdocs\myBS\J-home\Runtime\Cache\Home\0d88b0d55d5ca09955cf01e59db3eced.php 第 44 行.
NOTIC: [8] Undefined index: bill D:\XAMPP\htdocs\myBS\J-home\Runtime\Cache\Home\0d88b0d55d5ca09955cf01e59db3eced.php 第 54 行.
NOTIC: [8] Undefined index: name D:\XAMPP\htdocs\myBS\J-home\Runtime\Cache\Home\0d88b0d55d5ca09955cf01e59db3eced.php 第 70 行.
NOTIC: [8] Undefined index: price D:\XAMPP\htdocs\myBS\J-home\Runtime\Cache\Home\0d88b0d55d5ca09955cf01e59db3eced.php 第 71 行.
NOTIC: [8] Undefined index: num D:\XAMPP\htdocs\myBS\J-home\Runtime\Cache\Home\0d88b0d55d5ca09955cf01e59db3eced.php 第 72 行.
INFO: Run Behavior\ParseTemplateBehavior [ RunTime:0.007762s ]
INFO: [ view_parse ] --END-- [ RunTime:0.007852s ]
INFO: [ view_filter ] --START--
INFO: Run Behavior\WriteHtmlCacheBehavior [ RunTime:0.001252s ]
INFO: [ view_filter ] --END-- [ RunTime:0.001462s ]
NOTIC: [2] Cannot modify header information - headers already sent by (output started at D:\XAMPP\htdocs\myBS\ThinkPHP\Library\Think\View.class.php:95) D:\XAMPP\htdocs\myBS\ThinkPHP\Library\Think\Controller.class.php 第 215 行.

[ 2017-02-26T23:18:13+08:00 ] ::1 /myBS/index.php/Goods/bill.html
INFO: [ app_init ] --START--
INFO: Run Behavior\BuildLiteBehavior [ RunTime:0.000015s ]
INFO: [ app_init ] --END-- [ RunTime:0.000314s ]
INFO: [ app_begin ] --START--
INFO: Run Behavior\ReadHtmlCacheBehavior [ RunTime:0.000423s ]
INFO: [ app_begin ] --END-- [ RunTime:0.000484s ]
INFO: [ view_parse ] --START--
INFO: [ template_filter ] --START--
INFO: Run Behavior\ContentReplaceBehavior [ RunTime:0.000099s ]
INFO: [ template_filter ] --END-- [ RunTime:0.000160s ]
NOTIC: [8] Undefined variable: bill D:\XAMPP\htdocs\myBS\J-home\Runtime\Cache\Home\0d88b0d55d5ca09955cf01e59db3eced.php 第 44 行.
NOTIC: [8] Undefined index: bill D:\XAMPP\htdocs\myBS\J-home\Runtime\Cache\Home\0d88b0d55d5ca09955cf01e59db3eced.php 第 54 行.
NOTIC: [8] Undefined variable: bill D:\XAMPP\htdocs\myBS\J-home\Runtime\Cache\Home\0d88b0d55d5ca09955cf01e59db3eced.php 第 70 行.
NOTIC: [8] Undefined variable: bill D:\XAMPP\htdocs\myBS\J-home\Runtime\Cache\Home\0d88b0d55d5ca09955cf01e59db3eced.php 第 71 行.
NOTIC: [8] Undefined variable: bill D:\XAMPP\htdocs\myBS\J-home\Runtime\Cache\Home\0d88b0d55d5ca09955cf01e59db3eced.php 第 72 行.
INFO: Run Behavior\ParseTemplateBehavior [ RunTime:0.007551s ]
INFO: [ view_parse ] --END-- [ RunTime:0.007608s ]
INFO: [ view_filter ] --START--
INFO: Run Behavior\WriteHtmlCacheBehavior [ RunTime:0.000221s ]
INFO: [ view_filter ] --END-- [ RunTime:0.000270s ]
INFO: [ app_end ] --START--
INFO: Run Behavior\ShowPageTraceBehavior [ RunTime:0.000560s ]
INFO: [ app_end ] --END-- [ RunTime:0.000645s ]

[ 2017-02-26T23:18:17+08:00 ] ::1 /myBS/index.php/Goods/bill.html
INFO: [ app_init ] --START--
INFO: Run Behavior\BuildLiteBehavior [ RunTime:0.000030s ]
INFO: [ app_init ] --END-- [ RunTime:0.000605s ]
INFO: [ app_begin ] --START--
INFO: Run Behavior\ReadHtmlCacheBehavior [ RunTime:0.000437s ]
INFO: [ app_begin ] --END-- [ RunTime:0.000499s ]
INFO: [ view_parse ] --START--
INFO: [ template_filter ] --START--
INFO: Run Behavior\ContentReplaceBehavior [ RunTime:0.000100s ]
INFO: [ template_filter ] --END-- [ RunTime:0.000157s ]
NOTIC: [8] Undefined variable: bill D:\XAMPP\htdocs\myBS\J-home\Runtime\Cache\Home\0d88b0d55d5ca09955cf01e59db3eced.php 第 44 行.
NOTIC: [8] Undefined index: bill D:\XAMPP\htdocs\myBS\J-home\Runtime\Cache\Home\0d88b0d55d5ca09955cf01e59db3eced.php 第 54 行.
NOTIC: [8] Undefined variable: bill D:\XAMPP\htdocs\myBS\J-home\Runtime\Cache\Home\0d88b0d55d5ca09955cf01e59db3eced.php 第 70 行.
NOTIC: [8] Undefined variable: bill D:\XAMPP\htdocs\myBS\J-home\Runtime\Cache\Home\0d88b0d55d5ca09955cf01e59db3eced.php 第 71 行.
NOTIC: [8] Undefined variable: bill D:\XAMPP\htdocs\myBS\J-home\Runtime\Cache\Home\0d88b0d55d5ca09955cf01e59db3eced.php 第 72 行.
INFO: Run Behavior\ParseTemplateBehavior [ RunTime:0.007371s ]
INFO: [ view_parse ] --END-- [ RunTime:0.007427s ]
INFO: [ view_filter ] --START--
INFO: Run Behavior\WriteHtmlCacheBehavior [ RunTime:0.000299s ]
INFO: [ view_filter ] --END-- [ RunTime:0.000361s ]
INFO: [ app_end ] --START--
INFO: Run Behavior\ShowPageTraceBehavior [ RunTime:0.001214s ]
INFO: [ app_end ] --END-- [ RunTime:0.001510s ]

[ 2017-02-26T23:19:31+08:00 ] ::1 /myBS/index.php/List/mdlist/title/%E5%B8%83%E8%89%BA%E6%B2%99%E5%8F%91.html
INFO: [ app_init ] --START--
INFO: Run Behavior\BuildLiteBehavior [ RunTime:0.000016s ]
INFO: [ app_init ] --END-- [ RunTime:0.000360s ]
INFO: [ app_begin ] --START--
INFO: Run Behavior\ReadHtmlCacheBehavior [ RunTime:0.000550s ]
INFO: [ app_begin ] --END-- [ RunTime:0.000611s ]
SQL: SHOW COLUMNS FROM `jj_list` [ RunTime:0.0107s ]
SQL: SHOW COLUMNS FROM `jj_goods` [ RunTime:0.0120s ]
SQL: SELECT * FROM `jj_list` WHERE ( title='布艺沙发' ) LIMIT 1   [ RunTime:0.0014s ]
SQL: SELECT * FROM `jj_goods` WHERE ( title='布艺沙发' )  [ RunTime:0.0016s ]
INFO: [ view_parse ] --START--
INFO: [ template_filter ] --START--
INFO: Run Behavior\ContentReplaceBehavior [ RunTime:0.000103s ]
INFO: [ template_filter ] --END-- [ RunTime:0.000181s ]
NOTIC: [8] Undefined variable: bill D:\XAMPP\htdocs\myBS\J-home\Runtime\Cache\Home\dd6ef9fc4666f7a74ad05681f0884ba2.php 第 44 行.
INFO: Run Behavior\ParseTemplateBehavior [ RunTime:0.023483s ]
INFO: [ view_parse ] --END-- [ RunTime:0.023777s ]
INFO: [ view_filter ] --START--
INFO: Run Behavior\WriteHtmlCacheBehavior [ RunTime:0.000780s ]
INFO: [ view_filter ] --END-- [ RunTime:0.000962s ]
INFO: [ app_end ] --START--
INFO: Run Behavior\ShowPageTraceBehavior [ RunTime:0.000645s ]
INFO: [ app_end ] --END-- [ RunTime:0.000713s ]

[ 2017-02-26T23:20:30+08:00 ] ::1 /myBS/index.php/Goods/good/name/%E9%98%BF%E5%B0%94%E5%8D%91%E6%96%AF.html
INFO: [ app_init ] --START--
INFO: Run Behavior\BuildLiteBehavior [ RunTime:0.000016s ]
INFO: [ app_init ] --END-- [ RunTime:0.000321s ]
INFO: [ app_begin ] --START--
INFO: Run Behavior\ReadHtmlCacheBehavior [ RunTime:0.000464s ]
INFO: [ app_begin ] --END-- [ RunTime:0.000526s ]
SQL: SHOW COLUMNS FROM `jj_goods` [ RunTime:0.0046s ]
SQL: SELECT * FROM `jj_goods` WHERE ( name='阿尔卑斯' ) LIMIT 1   [ RunTime:0.0005s ]
SQL: SELECT `guige1_text` FROM `jj_goods` WHERE ( name='阿尔卑斯' ) LIMIT 1   [ RunTime:0.0003s ]
SQL: SELECT `guige2_text` FROM `jj_goods` WHERE ( name='阿尔卑斯' ) LIMIT 1   [ RunTime:0.0003s ]
SQL: SELECT `guige3_text` FROM `jj_goods` WHERE ( name='阿尔卑斯' ) LIMIT 1   [ RunTime:0.0003s ]
INFO: [ view_parse ] --START--
INFO: [ template_filter ] --START--
INFO: Run Behavior\ContentReplaceBehavior [ RunTime:0.000184s ]
INFO: [ template_filter ] --END-- [ RunTime:0.000257s ]
NOTIC: [8] Undefined variable: bill D:\XAMPP\htdocs\myBS\J-home\Runtime\Cache\Home\a7da9d5dc348fcf418aeb320b3d95f2c.php 第 44 行.
NOTIC: [8] Undefined variable: bill D:\XAMPP\htdocs\myBS\J-home\Runtime\Cache\Home\a7da9d5dc348fcf418aeb320b3d95f2c.php 第 78 行.
INFO: Run Behavior\ParseTemplateBehavior [ RunTime:0.011869s ]
INFO: [ view_parse ] --END-- [ RunTime:0.011946s ]
INFO: [ view_filter ] --START--
INFO: Run Behavior\WriteHtmlCacheBehavior [ RunTime:0.000231s ]
INFO: [ view_filter ] --END-- [ RunTime:0.000280s ]
INFO: [ app_end ] --START--
INFO: Run Behavior\ShowPageTraceBehavior [ RunTime:0.000537s ]
INFO: [ app_end ] --END-- [ RunTime:0.000620s ]

[ 2017-02-26T23:20:33+08:00 ] ::1 /myBS/index.php/Goods/show_bill.html
INFO: [ app_init ] --START--
INFO: Run Behavior\BuildLiteBehavior [ RunTime:0.000016s ]
INFO: [ app_init ] --END-- [ RunTime:0.000410s ]
INFO: [ app_begin ] --START--
INFO: Run Behavior\ReadHtmlCacheBehavior [ RunTime:0.000546s ]
INFO: [ app_begin ] --END-- [ RunTime:0.000610s ]
NOTIC: [8] Undefined variable: data D:\XAMPP\htdocs\myBS\J-home\Home\Controller\GoodsController.class.php 第 76 行.
INFO: [ view_parse ] --START--
INFO: [ template_filter ] --START--
INFO: Run Behavior\ContentReplaceBehavior [ RunTime:0.000102s ]
INFO: [ template_filter ] --END-- [ RunTime:0.000177s ]
NOTIC: [8] Undefined index: bill D:\XAMPP\htdocs\myBS\J-home\Runtime\Cache\Home\0d88b0d55d5ca09955cf01e59db3eced.php 第 54 行.
INFO: Run Behavior\ParseTemplateBehavior [ RunTime:0.008292s ]
INFO: [ view_parse ] --END-- [ RunTime:0.008347s ]
INFO: [ view_filter ] --START--
INFO: Run Behavior\WriteHtmlCacheBehavior [ RunTime:0.000342s ]
INFO: [ view_filter ] --END-- [ RunTime:0.000389s ]
NOTIC: [2] Cannot modify header information - headers already sent by (output started at D:\XAMPP\htdocs\myBS\ThinkPHP\Library\Think\View.class.php:95) D:\XAMPP\htdocs\myBS\ThinkPHP\Library\Think\Controller.class.php 第 215 行.

[ 2017-02-26T23:21:04+08:00 ] ::1 /myBS/
INFO: [ app_init ] --START--
INFO: Run Behavior\BuildLiteBehavior [ RunTime:0.000016s ]
INFO: [ app_init ] --END-- [ RunTime:0.000327s ]
INFO: [ app_begin ] --START--
INFO: Run Behavior\ReadHtmlCacheBehavior [ RunTime:0.000423s ]
INFO: [ app_begin ] --END-- [ RunTime:0.000482s ]
SQL: SHOW COLUMNS FROM `jj_class` [ RunTime:0.0102s ]
SQL: SELECT * FROM `jj_class`  [ RunTime:0.0015s ]
INFO: [ view_parse ] --START--
INFO: [ template_filter ] --START--
INFO: Run Behavior\ContentReplaceBehavior [ RunTime:0.000318s ]
INFO: [ template_filter ] --END-- [ RunTime:0.000432s ]
NOTIC: [8] Undefined variable: bill D:\XAMPP\htdocs\myBS\J-home\Runtime\Cache\Home\c205b3a1e192b3036e06cd6a22599a7e.php 第 43 行.
NOTIC: [8] Undefined index: 10 D:\XAMPP\htdocs\myBS\J-home\Runtime\Cache\Home\c205b3a1e192b3036e06cd6a22599a7e.php 第 93 行.
NOTIC: [8] Undefined index: 11 D:\XAMPP\htdocs\myBS\J-home\Runtime\Cache\Home\c205b3a1e192b3036e06cd6a22599a7e.php 第 93 行.
INFO: Run Behavior\ParseTemplateBehavior [ RunTime:0.031938s ]
INFO: [ view_parse ] --END-- [ RunTime:0.032116s ]
INFO: [ view_filter ] --START--
INFO: Run Behavior\WriteHtmlCacheBehavior [ RunTime:0.000431s ]
INFO: [ view_filter ] --END-- [ RunTime:0.000517s ]
INFO: [ app_end ] --START--
INFO: Run Behavior\ShowPageTraceBehavior [ RunTime:0.002135s ]
INFO: [ app_end ] --END-- [ RunTime:0.002292s ]

[ 2017-02-26T23:21:06+08:00 ] ::1 /myBS/index.php/List/lglist/room/%E5%AE%A2%E5%8E%85.html
INFO: [ app_init ] --START--
INFO: Run Behavior\BuildLiteBehavior [ RunTime:0.000017s ]
INFO: [ app_init ] --END-- [ RunTime:0.000349s ]
INFO: [ app_begin ] --START--
INFO: Run Behavior\ReadHtmlCacheBehavior [ RunTime:0.001125s ]
INFO: [ app_begin ] --END-- [ RunTime:0.001267s ]
SQL: SHOW COLUMNS FROM `jj_class` [ RunTime:0.0069s ]
SQL: SELECT * FROM `jj_class` WHERE ( title='客厅' ) LIMIT 1   [ RunTime:0.0007s ]
SQL: SELECT * FROM `jj_class`  [ RunTime:0.0006s ]
INFO: [ view_parse ] --START--
INFO: [ template_filter ] --START--
INFO: Run Behavior\ContentReplaceBehavior [ RunTime:0.000130s ]
INFO: [ template_filter ] --END-- [ RunTime:0.000208s ]
NOTIC: [8] Undefined variable: bill D:\XAMPP\htdocs\myBS\J-home\Runtime\Cache\Home\b5e78cad774133738cdf21e73c2e5b9e.php 第 44 行.
NOTIC: [8] Undefined index: 10 D:\XAMPP\htdocs\myBS\J-home\Runtime\Cache\Home\b5e78cad774133738cdf21e73c2e5b9e.php 第 66 行.
NOTIC: [8] Undefined index: 11 D:\XAMPP\htdocs\myBS\J-home\Runtime\Cache\Home\b5e78cad774133738cdf21e73c2e5b9e.php 第 66 行.
INFO: Run Behavior\ParseTemplateBehavior [ RunTime:0.012559s ]
INFO: [ view_parse ] --END-- [ RunTime:0.012628s ]
INFO: [ view_filter ] --START--
INFO: Run Behavior\WriteHtmlCacheBehavior [ RunTime:0.000234s ]
INFO: [ view_filter ] --END-- [ RunTime:0.000283s ]
INFO: [ app_end ] --START--
INFO: Run Behavior\ShowPageTraceBehavior [ RunTime:0.000578s ]
INFO: [ app_end ] --END-- [ RunTime:0.000673s ]

[ 2017-02-26T23:21:09+08:00 ] ::1 /myBS/index.php/List/mdlist/title/%E5%B8%83%E8%89%BA%E6%B2%99%E5%8F%91.html
INFO: [ app_init ] --START--
INFO: Run Behavior\BuildLiteBehavior [ RunTime:0.000016s ]
INFO: [ app_init ] --END-- [ RunTime:0.000315s ]
INFO: [ app_begin ] --START--
INFO: Run Behavior\ReadHtmlCacheBehavior [ RunTime:0.000569s ]
INFO: [ app_begin ] --END-- [ RunTime:0.000642s ]
SQL: SHOW COLUMNS FROM `jj_list` [ RunTime:0.0098s ]
SQL: SHOW COLUMNS FROM `jj_goods` [ RunTime:0.0089s ]
SQL: SELECT * FROM `jj_list` WHERE ( title='布艺沙发' ) LIMIT 1   [ RunTime:0.0010s ]
SQL: SELECT * FROM `jj_goods` WHERE ( title='布艺沙发' )  [ RunTime:0.0010s ]
INFO: [ view_parse ] --START--
INFO: [ template_filter ] --START--
INFO: Run Behavior\ContentReplaceBehavior [ RunTime:0.000312s ]
INFO: [ template_filter ] --END-- [ RunTime:0.000519s ]
NOTIC: [8] Undefined variable: bill D:\XAMPP\htdocs\myBS\J-home\Runtime\Cache\Home\dd6ef9fc4666f7a74ad05681f0884ba2.php 第 44 行.
INFO: Run Behavior\ParseTemplateBehavior [ RunTime:0.029566s ]
INFO: [ view_parse ] --END-- [ RunTime:0.029741s ]
INFO: [ view_filter ] --START--
INFO: Run Behavior\WriteHtmlCacheBehavior [ RunTime:0.000471s ]
INFO: [ view_filter ] --END-- [ RunTime:0.000573s ]
INFO: [ app_end ] --START--
INFO: Run Behavior\ShowPageTraceBehavior [ RunTime:0.000844s ]
INFO: [ app_end ] --END-- [ RunTime:0.000929s ]

[ 2017-02-26T23:21:11+08:00 ] ::1 /myBS/index.php/Goods/good/name/%E9%98%BF%E5%B0%94%E5%8D%91%E6%96%AF.html
INFO: [ app_init ] --START--
INFO: Run Behavior\BuildLiteBehavior [ RunTime:0.000022s ]
INFO: [ app_init ] --END-- [ RunTime:0.000949s ]
INFO: [ app_begin ] --START--
INFO: Run Behavior\ReadHtmlCacheBehavior [ RunTime:0.000433s ]
INFO: [ app_begin ] --END-- [ RunTime:0.000495s ]
SQL: SHOW COLUMNS FROM `jj_goods` [ RunTime:0.0097s ]
SQL: SELECT * FROM `jj_goods` WHERE ( name='阿尔卑斯' ) LIMIT 1   [ RunTime:0.0012s ]
SQL: SELECT `guige1_text` FROM `jj_goods` WHERE ( name='阿尔卑斯' ) LIMIT 1   [ RunTime:0.0007s ]
SQL: SELECT `guige2_text` FROM `jj_goods` WHERE ( name='阿尔卑斯' ) LIMIT 1   [ RunTime:0.0008s ]
SQL: SELECT `guige3_text` FROM `jj_goods` WHERE ( name='阿尔卑斯' ) LIMIT 1   [ RunTime:0.0008s ]
INFO: [ view_parse ] --START--
INFO: [ template_filter ] --START--
INFO: Run Behavior\ContentReplaceBehavior [ RunTime:0.000149s ]
INFO: [ template_filter ] --END-- [ RunTime:0.000225s ]
NOTIC: [8] Undefined variable: bill D:\XAMPP\htdocs\myBS\J-home\Runtime\Cache\Home\a7da9d5dc348fcf418aeb320b3d95f2c.php 第 44 行.
NOTIC: [8] Undefined variable: bill D:\XAMPP\htdocs\myBS\J-home\Runtime\Cache\Home\a7da9d5dc348fcf418aeb320b3d95f2c.php 第 78 行.
INFO: Run Behavior\ParseTemplateBehavior [ RunTime:0.018715s ]
INFO: [ view_parse ] --END-- [ RunTime:0.018841s ]
INFO: [ view_filter ] --START--
INFO: Run Behavior\WriteHtmlCacheBehavior [ RunTime:0.000290s ]
INFO: [ view_filter ] --END-- [ RunTime:0.000362s ]
INFO: [ app_end ] --START--
INFO: Run Behavior\ShowPageTraceBehavior [ RunTime:0.000762s ]
INFO: [ app_end ] --END-- [ RunTime:0.000857s ]

[ 2017-02-26T23:21:14+08:00 ] ::1 /myBS/index.php/Goods/show_bill.html
INFO: [ app_init ] --START--
INFO: Run Behavior\BuildLiteBehavior [ RunTime:0.000016s ]
INFO: [ app_init ] --END-- [ RunTime:0.000334s ]
INFO: [ app_begin ] --START--
INFO: Run Behavior\ReadHtmlCacheBehavior [ RunTime:0.000418s ]
INFO: [ app_begin ] --END-- [ RunTime:0.000475s ]

[ 2017-02-26T23:21:36+08:00 ] ::1 /myBS/index.php/Goods/bill.html
INFO: [ app_init ] --START--
INFO: Run Behavior\BuildLiteBehavior [ RunTime:0.000015s ]
INFO: [ app_init ] --END-- [ RunTime:0.000316s ]
INFO: [ app_begin ] --START--
INFO: Run Behavior\ReadHtmlCacheBehavior [ RunTime:0.000420s ]
INFO: [ app_begin ] --END-- [ RunTime:0.000480s ]
INFO: [ view_parse ] --START--
INFO: [ template_filter ] --START--
INFO: Run Behavior\ContentReplaceBehavior [ RunTime:0.000099s ]
INFO: [ template_filter ] --END-- [ RunTime:0.000171s ]
NOTIC: [8] Undefined variable: bill D:\XAMPP\htdocs\myBS\J-home\Runtime\Cache\Home\0d88b0d55d5ca09955cf01e59db3eced.php 第 44 行.
NOTIC: [8] Undefined index: bill D:\XAMPP\htdocs\myBS\J-home\Runtime\Cache\Home\0d88b0d55d5ca09955cf01e59db3eced.php 第 54 行.
NOTIC: [8] Undefined variable: bill D:\XAMPP\htdocs\myBS\J-home\Runtime\Cache\Home\0d88b0d55d5ca09955cf01e59db3eced.php 第 70 行.
NOTIC: [8] Undefined variable: bill D:\XAMPP\htdocs\myBS\J-home\Runtime\Cache\Home\0d88b0d55d5ca09955cf01e59db3eced.php 第 71 行.
NOTIC: [8] Undefined variable: bill D:\XAMPP\htdocs\myBS\J-home\Runtime\Cache\Home\0d88b0d55d5ca09955cf01e59db3eced.php 第 72 行.
INFO: Run Behavior\ParseTemplateBehavior [ RunTime:0.007562s ]
INFO: [ view_parse ] --END-- [ RunTime:0.007623s ]
INFO: [ view_filter ] --START--
INFO: Run Behavior\WriteHtmlCacheBehavior [ RunTime:0.000248s ]
INFO: [ view_filter ] --END-- [ RunTime:0.000304s ]
INFO: [ app_end ] --START--
INFO: Run Behavior\ShowPageTraceBehavior [ RunTime:0.000847s ]
INFO: [ app_end ] --END-- [ RunTime:0.000965s ]

[ 2017-02-26T23:22:59+08:00 ] ::1 /myBS/index.php/Goods/good/name/%E9%98%BF%E5%B0%94%E5%8D%91%E6%96%AF.html
INFO: [ app_init ] --START--
INFO: Run Behavior\BuildLiteBehavior [ RunTime:0.000021s ]
INFO: [ app_init ] --END-- [ RunTime:0.000507s ]
INFO: [ app_begin ] --START--
INFO: Run Behavior\ReadHtmlCacheBehavior [ RunTime:0.000540s ]
INFO: [ app_begin ] --END-- [ RunTime:0.000607s ]
SQL: SHOW COLUMNS FROM `jj_goods` [ RunTime:0.0115s ]
SQL: SELECT * FROM `jj_goods` WHERE ( name='阿尔卑斯' ) LIMIT 1   [ RunTime:0.0012s ]
SQL: SELECT `guige1_text` FROM `jj_goods` WHERE ( name='阿尔卑斯' ) LIMIT 1   [ RunTime:0.0007s ]
SQL: SELECT `guige2_text` FROM `jj_goods` WHERE ( name='阿尔卑斯' ) LIMIT 1   [ RunTime:0.0008s ]
SQL: SELECT `guige3_text` FROM `jj_goods` WHERE ( name='阿尔卑斯' ) LIMIT 1   [ RunTime:0.0008s ]
INFO: [ view_parse ] --START--
INFO: [ template_filter ] --START--
INFO: Run Behavior\ContentReplaceBehavior [ RunTime:0.000639s ]
INFO: [ template_filter ] --END-- [ RunTime:0.000973s ]
NOTIC: [8] Undefined variable: bill D:\XAMPP\htdocs\myBS\J-home\Runtime\Cache\Home\a7da9d5dc348fcf418aeb320b3d95f2c.php 第 44 行.
NOTIC: [8] Undefined variable: bill D:\XAMPP\htdocs\myBS\J-home\Runtime\Cache\Home\a7da9d5dc348fcf418aeb320b3d95f2c.php 第 78 行.
INFO: Run Behavior\ParseTemplateBehavior [ RunTime:0.040493s ]
INFO: [ view_parse ] --END-- [ RunTime:0.040824s ]
INFO: [ view_filter ] --START--
INFO: Run Behavior\WriteHtmlCacheBehavior [ RunTime:0.001010s ]
INFO: [ view_filter ] --END-- [ RunTime:0.001172s ]
INFO: [ app_end ] --START--
INFO: Run Behavior\ShowPageTraceBehavior [ RunTime:0.001946s ]
INFO: [ app_end ] --END-- [ RunTime:0.002207s ]

[ 2017-02-26T23:23:01+08:00 ] ::1 /myBS/index.php/Goods/show_bill.html
INFO: [ app_init ] --START--
INFO: Run Behavior\BuildLiteBehavior [ RunTime:0.000030s ]
INFO: [ app_init ] --END-- [ RunTime:0.000561s ]
INFO: [ app_begin ] --START--
INFO: Run Behavior\ReadHtmlCacheBehavior [ RunTime:0.000554s ]
INFO: [ app_begin ] --END-- [ RunTime:0.000623s ]
NOTIC: [8] Undefined variable: data D:\XAMPP\htdocs\myBS\J-home\Home\Controller\GoodsController.class.php 第 76 行.
INFO: [ view_parse ] --START--
INFO: [ template_filter ] --START--
INFO: Run Behavior\ContentReplaceBehavior [ RunTime:0.000100s ]
INFO: [ template_filter ] --END-- [ RunTime:0.000155s ]
NOTIC: [8] Undefined index: bill D:\XAMPP\htdocs\myBS\J-home\Runtime\Cache\Home\0d88b0d55d5ca09955cf01e59db3eced.php 第 54 行.
INFO: Run Behavior\ParseTemplateBehavior [ RunTime:0.007944s ]
INFO: [ view_parse ] --END-- [ RunTime:0.008000s ]
INFO: [ view_filter ] --START--
INFO: Run Behavior\WriteHtmlCacheBehavior [ RunTime:0.000341s ]
INFO: [ view_filter ] --END-- [ RunTime:0.000392s ]
NOTIC: [2] Cannot modify header information - headers already sent by (output started at D:\XAMPP\htdocs\myBS\ThinkPHP\Library\Think\View.class.php:95) D:\XAMPP\htdocs\myBS\ThinkPHP\Library\Think\Controller.class.php 第 215 行.

[ 2017-02-26T23:23:28+08:00 ] ::1 /myBS/
INFO: [ app_init ] --START--
INFO: Run Behavior\BuildLiteBehavior [ RunTime:0.000015s ]
INFO: [ app_init ] --END-- [ RunTime:0.000321s ]
INFO: [ app_begin ] --START--
INFO: Run Behavior\ReadHtmlCacheBehavior [ RunTime:0.000425s ]
INFO: [ app_begin ] --END-- [ RunTime:0.000486s ]
SQL: SHOW COLUMNS FROM `jj_class` [ RunTime:0.0108s ]
SQL: SELECT * FROM `jj_class`  [ RunTime:0.0016s ]
INFO: [ view_parse ] --START--
INFO: [ template_filter ] --START--
INFO: Run Behavior\ContentReplaceBehavior [ RunTime:0.000666s ]
INFO: [ template_filter ] --END-- [ RunTime:0.000861s ]
NOTIC: [8] Undefined variable: bill D:\XAMPP\htdocs\myBS\J-home\Runtime\Cache\Home\c205b3a1e192b3036e06cd6a22599a7e.php 第 43 行.
NOTIC: [8] Undefined index: 10 D:\XAMPP\htdocs\myBS\J-home\Runtime\Cache\Home\c205b3a1e192b3036e06cd6a22599a7e.php 第 93 行.
NOTIC: [8] Undefined index: 11 D:\XAMPP\htdocs\myBS\J-home\Runtime\Cache\Home\c205b3a1e192b3036e06cd6a22599a7e.php 第 93 行.
INFO: Run Behavior\ParseTemplateBehavior [ RunTime:0.038958s ]
INFO: [ view_parse ] --END-- [ RunTime:0.039146s ]
INFO: [ view_filter ] --START--
INFO: Run Behavior\WriteHtmlCacheBehavior [ RunTime:0.000485s ]
INFO: [ view_filter ] --END-- [ RunTime:0.000584s ]
INFO: [ app_end ] --START--
INFO: Run Behavior\ShowPageTraceBehavior [ RunTime:0.001518s ]
INFO: [ app_end ] --END-- [ RunTime:0.001699s ]

[ 2017-02-26T23:23:31+08:00 ] ::1 /myBS/index.php/List/lglist/room/%E5%AE%A2%E5%8E%85.html
INFO: [ app_init ] --START--
INFO: Run Behavior\BuildLiteBehavior [ RunTime:0.000018s ]
INFO: [ app_init ] --END-- [ RunTime:0.000375s ]
INFO: [ app_begin ] --START--
INFO: Run Behavior\ReadHtmlCacheBehavior [ RunTime:0.001446s ]
INFO: [ app_begin ] --END-- [ RunTime:0.001575s ]
SQL: SHOW COLUMNS FROM `jj_class` [ RunTime:0.0116s ]
SQL: SELECT * FROM `jj_class` WHERE ( title='客厅' ) LIMIT 1   [ RunTime:0.0009s ]
SQL: SELECT * FROM `jj_class`  [ RunTime:0.0015s ]
INFO: [ view_parse ] --START--
INFO: [ template_filter ] --START--
INFO: Run Behavior\ContentReplaceBehavior [ RunTime:0.000642s ]
INFO: [ template_filter ] --END-- [ RunTime:0.001138s ]
NOTIC: [8] Undefined variable: bill D:\XAMPP\htdocs\myBS\J-home\Runtime\Cache\Home\b5e78cad774133738cdf21e73c2e5b9e.php 第 44 行.
NOTIC: [8] Undefined index: 10 D:\XAMPP\htdocs\myBS\J-home\Runtime\Cache\Home\b5e78cad774133738cdf21e73c2e5b9e.php 第 66 行.
NOTIC: [8] Undefined index: 11 D:\XAMPP\htdocs\myBS\J-home\Runtime\Cache\Home\b5e78cad774133738cdf21e73c2e5b9e.php 第 66 行.
INFO: Run Behavior\ParseTemplateBehavior [ RunTime:0.034376s ]
INFO: [ view_parse ] --END-- [ RunTime:0.034508s ]
INFO: [ view_filter ] --START--
INFO: Run Behavior\WriteHtmlCacheBehavior [ RunTime:0.000236s ]
INFO: [ view_filter ] --END-- [ RunTime:0.000298s ]
INFO: [ app_end ] --START--
INFO: Run Behavior\ShowPageTraceBehavior [ RunTime:0.000731s ]
INFO: [ app_end ] --END-- [ RunTime:0.000837s ]

[ 2017-02-26T23:23:34+08:00 ] ::1 /myBS/index.php/List/mdlist/title/%E5%B8%83%E8%89%BA%E6%B2%99%E5%8F%91.html
INFO: [ app_init ] --START--
INFO: Run Behavior\BuildLiteBehavior [ RunTime:0.000015s ]
INFO: [ app_init ] --END-- [ RunTime:0.000322s ]
INFO: [ app_begin ] --START--
INFO: Run Behavior\ReadHtmlCacheBehavior [ RunTime:0.000744s ]
INFO: [ app_begin ] --END-- [ RunTime:0.000836s ]
SQL: SHOW COLUMNS FROM `jj_list` [ RunTime:0.0148s ]
SQL: SHOW COLUMNS FROM `jj_goods` [ RunTime:0.0064s ]
SQL: SELECT * FROM `jj_list` WHERE ( title='布艺沙发' ) LIMIT 1   [ RunTime:0.0005s ]
SQL: SELECT * FROM `jj_goods` WHERE ( title='布艺沙发' )  [ RunTime:0.0005s ]
INFO: [ view_parse ] --START--
INFO: [ template_filter ] --START--
INFO: Run Behavior\ContentReplaceBehavior [ RunTime:0.000171s ]
INFO: [ template_filter ] --END-- [ RunTime:0.000277s ]
NOTIC: [8] Undefined variable: bill D:\XAMPP\htdocs\myBS\J-home\Runtime\Cache\Home\dd6ef9fc4666f7a74ad05681f0884ba2.php 第 44 行.
INFO: Run Behavior\ParseTemplateBehavior [ RunTime:0.013317s ]
INFO: [ view_parse ] --END-- [ RunTime:0.013422s ]
INFO: [ view_filter ] --START--
INFO: Run Behavior\WriteHtmlCacheBehavior [ RunTime:0.000465s ]
INFO: [ view_filter ] --END-- [ RunTime:0.000557s ]
INFO: [ app_end ] --START--
INFO: Run Behavior\ShowPageTraceBehavior [ RunTime:0.000796s ]
INFO: [ app_end ] --END-- [ RunTime:0.000888s ]

[ 2017-02-26T23:23:36+08:00 ] ::1 /myBS/index.php/Goods/good/name/%E9%98%BF%E5%B0%94%E5%8D%91%E6%96%AF.html
INFO: [ app_init ] --START--
INFO: Run Behavior\BuildLiteBehavior [ RunTime:0.000018s ]
INFO: [ app_init ] --END-- [ RunTime:0.000350s ]
INFO: [ app_begin ] --START--
INFO: Run Behavior\ReadHtmlCacheBehavior [ RunTime:0.000459s ]
INFO: [ app_begin ] --END-- [ RunTime:0.000520s ]
SQL: SHOW COLUMNS FROM `jj_goods` [ RunTime:0.0094s ]
SQL: SELECT * FROM `jj_goods` WHERE ( name='阿尔卑斯' ) LIMIT 1   [ RunTime:0.0011s ]
SQL: SELECT `guige1_text` FROM `jj_goods` WHERE ( name='阿尔卑斯' ) LIMIT 1   [ RunTime:0.0007s ]
SQL: SELECT `guige2_text` FROM `jj_goods` WHERE ( name='阿尔卑斯' ) LIMIT 1   [ RunTime:0.0010s ]
SQL: SELECT `guige3_text` FROM `jj_goods` WHERE ( name='阿尔卑斯' ) LIMIT 1   [ RunTime:0.0010s ]
INFO: [ view_parse ] --START--
INFO: [ template_filter ] --START--
INFO: Run Behavior\ContentReplaceBehavior [ RunTime:0.000409s ]
INFO: [ template_filter ] --END-- [ RunTime:0.000607s ]
NOTIC: [8] Undefined variable: bill D:\XAMPP\htdocs\myBS\J-home\Runtime\Cache\Home\a7da9d5dc348fcf418aeb320b3d95f2c.php 第 44 行.
NOTIC: [8] Undefined variable: bill D:\XAMPP\htdocs\myBS\J-home\Runtime\Cache\Home\a7da9d5dc348fcf418aeb320b3d95f2c.php 第 78 行.
INFO: Run Behavior\ParseTemplateBehavior [ RunTime:0.033766s ]
INFO: [ view_parse ] --END-- [ RunTime:0.033948s ]
INFO: [ view_filter ] --START--
INFO: Run Behavior\WriteHtmlCacheBehavior [ RunTime:0.000694s ]
INFO: [ view_filter ] --END-- [ RunTime:0.000826s ]
INFO: [ app_end ] --START--
INFO: Run Behavior\ShowPageTraceBehavior [ RunTime:0.002498s ]
INFO: [ app_end ] --END-- [ RunTime:0.002714s ]

[ 2017-02-26T23:23:41+08:00 ] ::1 /myBS/index.php/Goods/show_bill.html
INFO: [ app_init ] --START--
INFO: Run Behavior\BuildLiteBehavior [ RunTime:0.000029s ]
INFO: [ app_init ] --END-- [ RunTime:0.000519s ]
INFO: [ app_begin ] --START--
INFO: Run Behavior\ReadHtmlCacheBehavior [ RunTime:0.000449s ]
INFO: [ app_begin ] --END-- [ RunTime:0.000514s ]

[ 2017-02-26T23:23:46+08:00 ] ::1 /myBS/index.php/Goods/bill.html
INFO: [ app_init ] --START--
INFO: Run Behavior\BuildLiteBehavior [ RunTime:0.000021s ]
INFO: [ app_init ] --END-- [ RunTime:0.000411s ]
INFO: [ app_begin ] --START--
INFO: Run Behavior\ReadHtmlCacheBehavior [ RunTime:0.000463s ]
INFO: [ app_begin ] --END-- [ RunTime:0.000527s ]
INFO: [ view_parse ] --START--
INFO: [ template_filter ] --START--
INFO: Run Behavior\ContentReplaceBehavior [ RunTime:0.000098s ]
INFO: [ template_filter ] --END-- [ RunTime:0.000158s ]
NOTIC: [8] Undefined variable: bill D:\XAMPP\htdocs\myBS\J-home\Runtime\Cache\Home\0d88b0d55d5ca09955cf01e59db3eced.php 第 44 行.
NOTIC: [8] Undefined index: bill D:\XAMPP\htdocs\myBS\J-home\Runtime\Cache\Home\0d88b0d55d5ca09955cf01e59db3eced.php 第 54 行.
NOTIC: [8] Undefined variable: bill D:\XAMPP\htdocs\myBS\J-home\Runtime\Cache\Home\0d88b0d55d5ca09955cf01e59db3eced.php 第 70 行.
NOTIC: [8] Undefined variable: bill D:\XAMPP\htdocs\myBS\J-home\Runtime\Cache\Home\0d88b0d55d5ca09955cf01e59db3eced.php 第 71 行.
NOTIC: [8] Undefined variable: bill D:\XAMPP\htdocs\myBS\J-home\Runtime\Cache\Home\0d88b0d55d5ca09955cf01e59db3eced.php 第 72 行.
INFO: Run Behavior\ParseTemplateBehavior [ RunTime:0.007506s ]
INFO: [ view_parse ] --END-- [ RunTime:0.007562s ]
INFO: [ view_filter ] --START--
INFO: Run Behavior\WriteHtmlCacheBehavior [ RunTime:0.000217s ]
INFO: [ view_filter ] --END-- [ RunTime:0.000296s ]
INFO: [ app_end ] --START--
INFO: Run Behavior\ShowPageTraceBehavior [ RunTime:0.000575s ]
INFO: [ app_end ] --END-- [ RunTime:0.000673s ]

[ 2017-02-26T23:23:50+08:00 ] ::1 /myBS/index.php/Goods/good/name/%E9%98%BF%E5%B0%94%E5%8D%91%E6%96%AF.html
INFO: [ app_init ] --START--
INFO: Run Behavior\BuildLiteBehavior [ RunTime:0.000017s ]
INFO: [ app_init ] --END-- [ RunTime:0.000416s ]
INFO: [ app_begin ] --START--
INFO: Run Behavior\ReadHtmlCacheBehavior [ RunTime:0.000602s ]
INFO: [ app_begin ] --END-- [ RunTime:0.000693s ]
SQL: SHOW COLUMNS FROM `jj_goods` [ RunTime:0.0104s ]
SQL: SELECT * FROM `jj_goods` WHERE ( name='阿尔卑斯' ) LIMIT 1   [ RunTime:0.0014s ]
SQL: SELECT `guige1_text` FROM `jj_goods` WHERE ( name='阿尔卑斯' ) LIMIT 1   [ RunTime:0.0009s ]
SQL: SELECT `guige2_text` FROM `jj_goods` WHERE ( name='阿尔卑斯' ) LIMIT 1   [ RunTime:0.0009s ]
SQL: SELECT `guige3_text` FROM `jj_goods` WHERE ( name='阿尔卑斯' ) LIMIT 1   [ RunTime:0.0010s ]
INFO: [ view_parse ] --START--
INFO: [ template_filter ] --START--
INFO: Run Behavior\ContentReplaceBehavior [ RunTime:0.000232s ]
INFO: [ template_filter ] --END-- [ RunTime:0.000434s ]
NOTIC: [8] Undefined variable: bill D:\XAMPP\htdocs\myBS\J-home\Runtime\Cache\Home\a7da9d5dc348fcf418aeb320b3d95f2c.php 第 44 行.
NOTIC: [8] Undefined variable: bill D:\XAMPP\htdocs\myBS\J-home\Runtime\Cache\Home\a7da9d5dc348fcf418aeb320b3d95f2c.php 第 78 行.
INFO: Run Behavior\ParseTemplateBehavior [ RunTime:0.032499s ]
INFO: [ view_parse ] --END-- [ RunTime:0.032660s ]
INFO: [ view_filter ] --START--
INFO: Run Behavior\WriteHtmlCacheBehavior [ RunTime:0.000489s ]
INFO: [ view_filter ] --END-- [ RunTime:0.000567s ]
INFO: [ app_end ] --START--
INFO: Run Behavior\ShowPageTraceBehavior [ RunTime:0.001077s ]
INFO: [ app_end ] --END-- [ RunTime:0.001156s ]

[ 2017-02-26T23:23:53+08:00 ] ::1 /myBS/index.php/List/mdlist/title/%E5%B8%83%E8%89%BA%E6%B2%99%E5%8F%91.html
INFO: [ app_init ] --START--
INFO: Run Behavior\BuildLiteBehavior [ RunTime:0.000021s ]
INFO: [ app_init ] --END-- [ RunTime:0.000491s ]
INFO: [ app_begin ] --START--
INFO: Run Behavior\ReadHtmlCacheBehavior [ RunTime:0.000531s ]
INFO: [ app_begin ] --END-- [ RunTime:0.000594s ]
SQL: SHOW COLUMNS FROM `jj_list` [ RunTime:0.0264s ]
SQL: SHOW COLUMNS FROM `jj_goods` [ RunTime:0.0072s ]
SQL: SELECT * FROM `jj_list` WHERE ( title='布艺沙发' ) LIMIT 1   [ RunTime:0.0008s ]
SQL: SELECT * FROM `jj_goods` WHERE ( title='布艺沙发' )  [ RunTime:0.0009s ]
INFO: [ view_parse ] --START--
INFO: [ template_filter ] --START--
INFO: Run Behavior\ContentReplaceBehavior [ RunTime:0.000146s ]
INFO: [ template_filter ] --END-- [ RunTime:0.000259s ]
NOTIC: [8] Undefined variable: bill D:\XAMPP\htdocs\myBS\J-home\Runtime\Cache\Home\dd6ef9fc4666f7a74ad05681f0884ba2.php 第 44 行.
INFO: Run Behavior\ParseTemplateBehavior [ RunTime:0.014984s ]
INFO: [ view_parse ] --END-- [ RunTime:0.015135s ]
INFO: [ view_filter ] --START--
INFO: Run Behavior\WriteHtmlCacheBehavior [ RunTime:0.000438s ]
INFO: [ view_filter ] --END-- [ RunTime:0.000519s ]
INFO: [ app_end ] --START--
INFO: Run Behavior\ShowPageTraceBehavior [ RunTime:0.000874s ]
INFO: [ app_end ] --END-- [ RunTime:0.000944s ]

[ 2017-02-26T23:23:55+08:00 ] ::1 /myBS/index.php/Goods/good/name/%E6%B1%89%E6%9F%8F%E6%9E%97.html
INFO: [ app_init ] --START--
INFO: Run Behavior\BuildLiteBehavior [ RunTime:0.000015s ]
INFO: [ app_init ] --END-- [ RunTime:0.000339s ]
INFO: [ app_begin ] --START--
INFO: Run Behavior\ReadHtmlCacheBehavior [ RunTime:0.000453s ]
INFO: [ app_begin ] --END-- [ RunTime:0.000513s ]
SQL: SHOW COLUMNS FROM `jj_goods` [ RunTime:0.0101s ]
SQL: SELECT * FROM `jj_goods` WHERE ( name='汉柏林' ) LIMIT 1   [ RunTime:0.0010s ]
SQL: SELECT `guige1_text` FROM `jj_goods` WHERE ( name='汉柏林' ) LIMIT 1   [ RunTime:0.0007s ]
SQL: SELECT `guige2_text` FROM `jj_goods` WHERE ( name='汉柏林' ) LIMIT 1   [ RunTime:0.0007s ]
SQL: SELECT `guige3_text` FROM `jj_goods` WHERE ( name='汉柏林' ) LIMIT 1   [ RunTime:0.0007s ]
INFO: [ view_parse ] --START--
INFO: [ template_filter ] --START--
INFO: Run Behavior\ContentReplaceBehavior [ RunTime:0.000409s ]
INFO: [ template_filter ] --END-- [ RunTime:0.000614s ]
NOTIC: [8] Undefined variable: bill D:\XAMPP\htdocs\myBS\J-home\Runtime\Cache\Home\a7da9d5dc348fcf418aeb320b3d95f2c.php 第 44 行.
NOTIC: [8] Undefined variable: bill D:\XAMPP\htdocs\myBS\J-home\Runtime\Cache\Home\a7da9d5dc348fcf418aeb320b3d95f2c.php 第 78 行.
INFO: Run Behavior\ParseTemplateBehavior [ RunTime:0.036126s ]
INFO: [ view_parse ] --END-- [ RunTime:0.036363s ]
INFO: [ view_filter ] --START--
INFO: Run Behavior\WriteHtmlCacheBehavior [ RunTime:0.000764s ]
INFO: [ view_filter ] --END-- [ RunTime:0.000922s ]
INFO: [ app_end ] --START--
INFO: Run Behavior\ShowPageTraceBehavior [ RunTime:0.001205s ]
INFO: [ app_end ] --END-- [ RunTime:0.001464s ]

[ 2017-02-26T23:23:57+08:00 ] ::1 /myBS/index.php/Goods/show_bill.html
INFO: [ app_init ] --START--
INFO: Run Behavior\BuildLiteBehavior [ RunTime:0.000015s ]
INFO: [ app_init ] --END-- [ RunTime:0.000325s ]
INFO: [ app_begin ] --START--
INFO: Run Behavior\ReadHtmlCacheBehavior [ RunTime:0.000473s ]
INFO: [ app_begin ] --END-- [ RunTime:0.000551s ]
NOTIC: [8] Undefined index: select3 D:\XAMPP\htdocs\myBS\J-home\Home\Controller\GoodsController.class.php 第 40 行.
NOTIC: [8] Undefined variable: data D:\XAMPP\htdocs\myBS\J-home\Home\Controller\GoodsController.class.php 第 76 行.
INFO: [ view_parse ] --START--
INFO: [ template_filter ] --START--
INFO: Run Behavior\ContentReplaceBehavior [ RunTime:0.000104s ]
INFO: [ template_filter ] --END-- [ RunTime:0.000187s ]
NOTIC: [8] Undefined index: bill D:\XAMPP\htdocs\myBS\J-home\Runtime\Cache\Home\0d88b0d55d5ca09955cf01e59db3eced.php 第 54 行.
INFO: Run Behavior\ParseTemplateBehavior [ RunTime:0.008963s ]
INFO: [ view_parse ] --END-- [ RunTime:0.009019s ]
INFO: [ view_filter ] --START--
INFO: Run Behavior\WriteHtmlCacheBehavior [ RunTime:0.000251s ]
INFO: [ view_filter ] --END-- [ RunTime:0.000297s ]
NOTIC: [2] Cannot modify header information - headers already sent by (output started at D:\XAMPP\htdocs\myBS\ThinkPHP\Library\Think\View.class.php:95) D:\XAMPP\htdocs\myBS\ThinkPHP\Library\Think\Controller.class.php 第 215 行.

[ 2017-02-26T23:27:10+08:00 ] ::1 /myBS/
INFO: [ app_init ] --START--
INFO: Run Behavior\BuildLiteBehavior [ RunTime:0.000017s ]
INFO: [ app_init ] --END-- [ RunTime:0.000381s ]
INFO: [ app_begin ] --START--
INFO: Run Behavior\ReadHtmlCacheBehavior [ RunTime:0.000518s ]
INFO: [ app_begin ] --END-- [ RunTime:0.000581s ]
SQL: SHOW COLUMNS FROM `jj_class` [ RunTime:0.0090s ]
SQL: SELECT * FROM `jj_class`  [ RunTime:0.0015s ]
INFO: [ view_parse ] --START--
INFO: [ template_filter ] --START--
INFO: Run Behavior\ContentReplaceBehavior [ RunTime:0.000227s ]
INFO: [ template_filter ] --END-- [ RunTime:0.000298s ]
NOTIC: [8] Undefined variable: bill D:\XAMPP\htdocs\myBS\J-home\Runtime\Cache\Home\c205b3a1e192b3036e06cd6a22599a7e.php 第 43 行.
NOTIC: [8] Undefined index: 10 D:\XAMPP\htdocs\myBS\J-home\Runtime\Cache\Home\c205b3a1e192b3036e06cd6a22599a7e.php 第 93 行.
NOTIC: [8] Undefined index: 11 D:\XAMPP\htdocs\myBS\J-home\Runtime\Cache\Home\c205b3a1e192b3036e06cd6a22599a7e.php 第 93 行.
INFO: Run Behavior\ParseTemplateBehavior [ RunTime:0.033647s ]
INFO: [ view_parse ] --END-- [ RunTime:0.033773s ]
INFO: [ view_filter ] --START--
INFO: Run Behavior\WriteHtmlCacheBehavior [ RunTime:0.000322s ]
INFO: [ view_filter ] --END-- [ RunTime:0.000370s ]
INFO: [ app_end ] --START--
INFO: Run Behavior\ShowPageTraceBehavior [ RunTime:0.000745s ]
INFO: [ app_end ] --END-- [ RunTime:0.000820s ]

[ 2017-02-26T23:27:12+08:00 ] ::1 /myBS/index.php/List/lglist/room/%E5%AE%A2%E5%8E%85.html
INFO: [ app_init ] --START--
INFO: Run Behavior\BuildLiteBehavior [ RunTime:0.000016s ]
INFO: [ app_init ] --END-- [ RunTime:0.000319s ]
INFO: [ app_begin ] --START--
INFO: Run Behavior\ReadHtmlCacheBehavior [ RunTime:0.000429s ]
INFO: [ app_begin ] --END-- [ RunTime:0.000489s ]
SQL: SHOW COLUMNS FROM `jj_class` [ RunTime:0.0099s ]
SQL: SELECT * FROM `jj_class` WHERE ( title='客厅' ) LIMIT 1   [ RunTime:0.0012s ]
SQL: SELECT * FROM `jj_class`  [ RunTime:0.0015s ]
INFO: [ view_parse ] --START--
INFO: [ template_filter ] --START--
INFO: Run Behavior\ContentReplaceBehavior [ RunTime:0.000411s ]
INFO: [ template_filter ] --END-- [ RunTime:0.000772s ]
NOTIC: [8] Undefined variable: bill D:\XAMPP\htdocs\myBS\J-home\Runtime\Cache\Home\b5e78cad774133738cdf21e73c2e5b9e.php 第 44 行.
NOTIC: [8] Undefined index: 10 D:\XAMPP\htdocs\myBS\J-home\Runtime\Cache\Home\b5e78cad774133738cdf21e73c2e5b9e.php 第 66 行.
NOTIC: [8] Undefined index: 11 D:\XAMPP\htdocs\myBS\J-home\Runtime\Cache\Home\b5e78cad774133738cdf21e73c2e5b9e.php 第 66 行.
INFO: Run Behavior\ParseTemplateBehavior [ RunTime:0.033818s ]
INFO: [ view_parse ] --END-- [ RunTime:0.034016s ]
INFO: [ view_filter ] --START--
INFO: Run Behavior\WriteHtmlCacheBehavior [ RunTime:0.000439s ]
INFO: [ view_filter ] --END-- [ RunTime:0.000525s ]
INFO: [ app_end ] --START--
INFO: Run Behavior\ShowPageTraceBehavior [ RunTime:0.001149s ]
INFO: [ app_end ] --END-- [ RunTime:0.001593s ]

[ 2017-02-26T23:27:15+08:00 ] ::1 /myBS/index.php/List/mdlist/title/%E5%B8%83%E8%89%BA%E6%B2%99%E5%8F%91.html
INFO: [ app_init ] --START--
INFO: Run Behavior\BuildLiteBehavior [ RunTime:0.000015s ]
INFO: [ app_init ] --END-- [ RunTime:0.000386s ]
INFO: [ app_begin ] --START--
INFO: Run Behavior\ReadHtmlCacheBehavior [ RunTime:0.000430s ]
INFO: [ app_begin ] --END-- [ RunTime:0.000491s ]
SQL: SHOW COLUMNS FROM `jj_list` [ RunTime:0.0094s ]
SQL: SHOW COLUMNS FROM `jj_goods` [ RunTime:0.0062s ]
SQL: SELECT * FROM `jj_list` WHERE ( title='布艺沙发' ) LIMIT 1   [ RunTime:0.0003s ]
SQL: SELECT * FROM `jj_goods` WHERE ( title='布艺沙发' )  [ RunTime:0.0003s ]
INFO: [ view_parse ] --START--
INFO: [ template_filter ] --START--
INFO: Run Behavior\ContentReplaceBehavior [ RunTime:0.000101s ]
INFO: [ template_filter ] --END-- [ RunTime:0.000169s ]
NOTIC: [8] Undefined variable: bill D:\XAMPP\htdocs\myBS\J-home\Runtime\Cache\Home\dd6ef9fc4666f7a74ad05681f0884ba2.php 第 44 行.
INFO: Run Behavior\ParseTemplateBehavior [ RunTime:0.009221s ]
INFO: [ view_parse ] --END-- [ RunTime:0.009286s ]
INFO: [ view_filter ] --START--
INFO: Run Behavior\WriteHtmlCacheBehavior [ RunTime:0.000227s ]
INFO: [ view_filter ] --END-- [ RunTime:0.000278s ]
INFO: [ app_end ] --START--
INFO: Run Behavior\ShowPageTraceBehavior [ RunTime:0.000480s ]
INFO: [ app_end ] --END-- [ RunTime:0.000532s ]

[ 2017-02-26T23:27:17+08:00 ] ::1 /myBS/index.php/Goods/good/name/%E9%98%BF%E5%B0%94%E5%8D%91%E6%96%AF.html
INFO: [ app_init ] --START--
INFO: Run Behavior\BuildLiteBehavior [ RunTime:0.000014s ]
INFO: [ app_init ] --END-- [ RunTime:0.000382s ]
INFO: [ app_begin ] --START--
INFO: Run Behavior\ReadHtmlCacheBehavior [ RunTime:0.000423s ]
INFO: [ app_begin ] --END-- [ RunTime:0.000484s ]
SQL: SHOW COLUMNS FROM `jj_goods` [ RunTime:0.0104s ]
SQL: SELECT * FROM `jj_goods` WHERE ( name='阿尔卑斯' ) LIMIT 1   [ RunTime:0.0020s ]
SQL: SELECT `guige1_text` FROM `jj_goods` WHERE ( name='阿尔卑斯' ) LIMIT 1   [ RunTime:0.0008s ]
SQL: SELECT `guige2_text` FROM `jj_goods` WHERE ( name='阿尔卑斯' ) LIMIT 1   [ RunTime:0.0007s ]
SQL: SELECT `guige3_text` FROM `jj_goods` WHERE ( name='阿尔卑斯' ) LIMIT 1   [ RunTime:0.0008s ]
INFO: [ view_parse ] --START--
INFO: [ template_filter ] --START--
INFO: Run Behavior\ContentReplaceBehavior [ RunTime:0.000133s ]
INFO: [ template_filter ] --END-- [ RunTime:0.000205s ]
NOTIC: [8] Undefined variable: bill D:\XAMPP\htdocs\myBS\J-home\Runtime\Cache\Home\a7da9d5dc348fcf418aeb320b3d95f2c.php 第 44 行.
NOTIC: [8] Undefined variable: bill D:\XAMPP\htdocs\myBS\J-home\Runtime\Cache\Home\a7da9d5dc348fcf418aeb320b3d95f2c.php 第 78 行.
INFO: Run Behavior\ParseTemplateBehavior [ RunTime:0.028786s ]
INFO: [ view_parse ] --END-- [ RunTime:0.028909s ]
INFO: [ view_filter ] --START--
INFO: Run Behavior\WriteHtmlCacheBehavior [ RunTime:0.000231s ]
INFO: [ view_filter ] --END-- [ RunTime:0.000279s ]
INFO: [ app_end ] --START--
INFO: Run Behavior\ShowPageTraceBehavior [ RunTime:0.000807s ]
INFO: [ app_end ] --END-- [ RunTime:0.000889s ]

[ 2017-02-26T23:27:19+08:00 ] ::1 /myBS/index.php/Goods/show_bill.html
INFO: [ app_init ] --START--
INFO: Run Behavior\BuildLiteBehavior [ RunTime:0.000016s ]
INFO: [ app_init ] --END-- [ RunTime:0.000319s ]
INFO: [ app_begin ] --START--
INFO: Run Behavior\ReadHtmlCacheBehavior [ RunTime:0.000625s ]
INFO: [ app_begin ] --END-- [ RunTime:0.000699s ]

[ 2017-02-26T23:27:21+08:00 ] ::1 /myBS/index.php/Goods/bill.html
INFO: [ app_init ] --START--
INFO: Run Behavior\BuildLiteBehavior [ RunTime:0.000014s ]
INFO: [ app_init ] --END-- [ RunTime:0.000313s ]
INFO: [ app_begin ] --START--
INFO: Run Behavior\ReadHtmlCacheBehavior [ RunTime:0.000461s ]
INFO: [ app_begin ] --END-- [ RunTime:0.000524s ]
INFO: [ view_parse ] --START--
INFO: [ template_filter ] --START--
INFO: Run Behavior\ContentReplaceBehavior [ RunTime:0.000103s ]
INFO: [ template_filter ] --END-- [ RunTime:0.000168s ]
NOTIC: [8] Undefined variable: bill D:\XAMPP\htdocs\myBS\J-home\Runtime\Cache\Home\0d88b0d55d5ca09955cf01e59db3eced.php 第 44 行.
NOTIC: [8] Undefined index: bill D:\XAMPP\htdocs\myBS\J-home\Runtime\Cache\Home\0d88b0d55d5ca09955cf01e59db3eced.php 第 54 行.
NOTIC: [8] Undefined variable: bill D:\XAMPP\htdocs\myBS\J-home\Runtime\Cache\Home\0d88b0d55d5ca09955cf01e59db3eced.php 第 70 行.
NOTIC: [8] Undefined variable: bill D:\XAMPP\htdocs\myBS\J-home\Runtime\Cache\Home\0d88b0d55d5ca09955cf01e59db3eced.php 第 71 行.
NOTIC: [8] Undefined variable: bill D:\XAMPP\htdocs\myBS\J-home\Runtime\Cache\Home\0d88b0d55d5ca09955cf01e59db3eced.php 第 72 行.
INFO: Run Behavior\ParseTemplateBehavior [ RunTime:0.007574s ]
INFO: [ view_parse ] --END-- [ RunTime:0.007629s ]
INFO: [ view_filter ] --START--
INFO: Run Behavior\WriteHtmlCacheBehavior [ RunTime:0.000249s ]
INFO: [ view_filter ] --END-- [ RunTime:0.000302s ]
INFO: [ app_end ] --START--
INFO: Run Behavior\ShowPageTraceBehavior [ RunTime:0.000879s ]
INFO: [ app_end ] --END-- [ RunTime:0.001099s ]

[ 2017-02-26T23:27:26+08:00 ] ::1 /myBS/index.php/Goods/good/name/%E6%B1%89%E6%9F%8F%E6%9E%97.html
INFO: [ app_init ] --START--
INFO: Run Behavior\BuildLiteBehavior [ RunTime:0.000015s ]
INFO: [ app_init ] --END-- [ RunTime:0.000316s ]
INFO: [ app_begin ] --START--
INFO: Run Behavior\ReadHtmlCacheBehavior [ RunTime:0.000475s ]
INFO: [ app_begin ] --END-- [ RunTime:0.000540s ]
SQL: SHOW COLUMNS FROM `jj_goods` [ RunTime:0.0102s ]
SQL: SELECT * FROM `jj_goods` WHERE ( name='汉柏林' ) LIMIT 1   [ RunTime:0.0009s ]
SQL: SELECT `guige1_text` FROM `jj_goods` WHERE ( name='汉柏林' ) LIMIT 1   [ RunTime:0.0005s ]
SQL: SELECT `guige2_text` FROM `jj_goods` WHERE ( name='汉柏林' ) LIMIT 1   [ RunTime:0.0006s ]
SQL: SELECT `guige3_text` FROM `jj_goods` WHERE ( name='汉柏林' ) LIMIT 1   [ RunTime:0.0015s ]
INFO: [ view_parse ] --START--
INFO: [ template_filter ] --START--
INFO: Run Behavior\ContentReplaceBehavior [ RunTime:0.000133s ]
INFO: [ template_filter ] --END-- [ RunTime:0.000215s ]
NOTIC: [8] Undefined variable: bill D:\XAMPP\htdocs\myBS\J-home\Runtime\Cache\Home\a7da9d5dc348fcf418aeb320b3d95f2c.php 第 44 行.
NOTIC: [8] Undefined variable: bill D:\XAMPP\htdocs\myBS\J-home\Runtime\Cache\Home\a7da9d5dc348fcf418aeb320b3d95f2c.php 第 78 行.
INFO: Run Behavior\ParseTemplateBehavior [ RunTime:0.021572s ]
INFO: [ view_parse ] --END-- [ RunTime:0.021670s ]
INFO: [ view_filter ] --START--
INFO: Run Behavior\WriteHtmlCacheBehavior [ RunTime:0.000234s ]
INFO: [ view_filter ] --END-- [ RunTime:0.000283s ]
INFO: [ app_end ] --START--
INFO: Run Behavior\ShowPageTraceBehavior [ RunTime:0.000677s ]
INFO: [ app_end ] --END-- [ RunTime:0.000770s ]

[ 2017-02-26T23:27:28+08:00 ] ::1 /myBS/index.php/Goods/show_bill.html
INFO: [ app_init ] --START--
INFO: Run Behavior\BuildLiteBehavior [ RunTime:0.000041s ]
INFO: [ app_init ] --END-- [ RunTime:0.001093s ]
INFO: [ app_begin ] --START--
INFO: Run Behavior\ReadHtmlCacheBehavior [ RunTime:0.000433s ]
INFO: [ app_begin ] --END-- [ RunTime:0.000490s ]
NOTIC: [8] Undefined index: select3 D:\XAMPP\htdocs\myBS\J-home\Home\Controller\GoodsController.class.php 第 40 行.
INFO: [ view_parse ] --START--
INFO: [ template_filter ] --START--
INFO: Run Behavior\ContentReplaceBehavior [ RunTime:0.000101s ]
INFO: [ template_filter ] --END-- [ RunTime:0.000158s ]
NOTIC: [8] Undefined index: badge D:\XAMPP\htdocs\myBS\J-home\Runtime\Cache\Home\0d88b0d55d5ca09955cf01e59db3eced.php 第 44 行.
NOTIC: [8] Undefined index: bill D:\XAMPP\htdocs\myBS\J-home\Runtime\Cache\Home\0d88b0d55d5ca09955cf01e59db3eced.php 第 54 行.
NOTIC: [8] Undefined index: name D:\XAMPP\htdocs\myBS\J-home\Runtime\Cache\Home\0d88b0d55d5ca09955cf01e59db3eced.php 第 70 行.
NOTIC: [8] Undefined index: price D:\XAMPP\htdocs\myBS\J-home\Runtime\Cache\Home\0d88b0d55d5ca09955cf01e59db3eced.php 第 71 行.
NOTIC: [8] Undefined index: num D:\XAMPP\htdocs\myBS\J-home\Runtime\Cache\Home\0d88b0d55d5ca09955cf01e59db3eced.php 第 72 行.
INFO: Run Behavior\ParseTemplateBehavior [ RunTime:0.007529s ]
INFO: [ view_parse ] --END-- [ RunTime:0.007586s ]
INFO: [ view_filter ] --START--
INFO: Run Behavior\WriteHtmlCacheBehavior [ RunTime:0.000222s ]
INFO: [ view_filter ] --END-- [ RunTime:0.000265s ]
NOTIC: [2] Cannot modify header information - headers already sent by (output started at D:\XAMPP\htdocs\myBS\ThinkPHP\Library\Think\View.class.php:95) D:\XAMPP\htdocs\myBS\ThinkPHP\Library\Think\Controller.class.php 第 215 行.

