[ 2017-03-24T15:36:12+08:00 ] ::1 /myBS/
INFO: [ app_init ] --START--
INFO: Run Behavior\BuildLiteBehavior [ RunTime:0.000017s ]
INFO: [ app_init ] --END-- [ RunTime:0.000383s ]
INFO: [ app_begin ] --START--
INFO: Run Behavior\ReadHtmlCacheBehavior [ RunTime:0.000569s ]
INFO: [ app_begin ] --END-- [ RunTime:0.000638s ]
SQL: SHOW COLUMNS FROM `jj_class` [ RunTime:0.0091s ]
SQL: SHOW COLUMNS FROM `jj_goods` [ RunTime:0.0106s ]
SQL: SHOW COLUMNS FROM `jj_banner` [ RunTime:0.0777s ]
SQL: SELECT * FROM `jj_banner` WHERE ( position='大屏' ) LIMIT 1   [ RunTime:0.0009s ]
SQL: SELECT * FROM `jj_banner` WHERE ( position='客厅' ) LIMIT 1   [ RunTime:0.0009s ]
SQL: SELECT * FROM `jj_banner` WHERE ( position='卧室' ) LIMIT 1   [ RunTime:0.0010s ]
SQL: SELECT * FROM `jj_banner` WHERE ( position='厨房' ) LIMIT 1   [ RunTime:0.0008s ]
SQL: SELECT * FROM `jj_banner` WHERE ( position='餐厅' ) LIMIT 1   [ RunTime:0.0007s ]
SQL: SELECT * FROM `jj_banner` WHERE ( position='浴室' ) LIMIT 1   [ RunTime:0.0007s ]
SQL: SELECT * FROM `jj_class`  [ RunTime:0.0024s ]
SQL: SELECT `title` FROM `jj_class` WHERE ( `id` > 44 AND `id` < 80  )  [ RunTime:0.0014s ]
SQL: SELECT * FROM `jj_goods` WHERE `title` = '布艺沙发' AND `index_show` = 1 ORDER BY id desc  [ RunTime:0.0014s ]
SQL: SELECT * FROM `jj_goods` WHERE `title` = '皮沙发和人造革沙发' AND `index_show` = 1 ORDER BY id desc  [ RunTime:0.0010s ]
SQL: SELECT * FROM `jj_goods` WHERE `title` = '沙发床' AND `index_show` = 1 ORDER BY id desc  [ RunTime:0.0012s ]
SQL: SELECT * FROM `jj_goods` WHERE `title` = '组合沙发' AND `index_show` = 1 ORDER BY id desc  [ RunTime:0.0018s ]
SQL: SELECT * FROM `jj_goods` WHERE `title` = '贵妃椅' AND `index_show` = 1 ORDER BY id desc  [ RunTime:0.0009s ]
SQL: SELECT * FROM `jj_goods` WHERE `title` = '脚蹬和矮凳' AND `index_show` = 1 ORDER BY id desc  [ RunTime:0.0009s ]
SQL: SELECT * FROM `jj_goods` WHERE `title` = '单人沙发和扶手椅' AND `index_show` = 1 ORDER BY id desc  [ RunTime:0.0014s ]
SQL: SELECT * FROM `jj_goods` WHERE `title` = '备用沙发套' AND `index_show` = 1 ORDER BY id desc  [ RunTime:0.0010s ]
SQL: SELECT * FROM `jj_goods` WHERE `title` = '书柜' AND `index_show` = 1 ORDER BY id desc  [ RunTime:0.0009s ]
SQL: SELECT * FROM `jj_goods` WHERE `title` = '储物系列' AND `index_show` = 1 ORDER BY id desc  [ RunTime:0.0009s ]
SQL: SELECT * FROM `jj_goods` WHERE `title` = '搁架单元' AND `index_show` = 1 ORDER BY id desc  [ RunTime:0.0010s ]
SQL: SELECT * FROM `jj_goods` WHERE `title` = '连壁搁板' AND `index_show` = 1 ORDER BY id desc  [ RunTime:0.0011s ]
SQL: SELECT * FROM `jj_goods` WHERE `title` = '橱柜和展示柜' AND `index_show` = 1 ORDER BY id desc  [ RunTime:0.0014s ]
SQL: SELECT * FROM `jj_goods` WHERE `title` = '储物盒和储物篮' AND `index_show` = 1 ORDER BY id desc  [ RunTime:0.0009s ]
SQL: SELECT * FROM `jj_goods` WHERE `title` = '餐边柜和长几' AND `index_show` = 1 ORDER BY id desc  [ RunTime:0.0009s ]
SQL: SELECT * FROM `jj_goods` WHERE `title` = 'LED灯具' AND `index_show` = 1 ORDER BY id desc  [ RunTime:0.0009s ]
SQL: SELECT * FROM `jj_goods` WHERE `title` = '台灯' AND `index_show` = 1 ORDER BY id desc  [ RunTime:0.0010s ]
SQL: SELECT * FROM `jj_goods` WHERE `title` = '落地灯' AND `index_show` = 1 ORDER BY id desc  [ RunTime:0.0009s ]
SQL: SELECT * FROM `jj_goods` WHERE `title` = '顶灯' AND `index_show` = 1 ORDER BY id desc  [ RunTime:0.0009s ]
SQL: SELECT * FROM `jj_goods` WHERE `title` = '内置照明' AND `index_show` = 1 ORDER BY id desc  [ RunTime:0.0009s ]
SQL: SELECT * FROM `jj_goods` WHERE `title` = '壁灯' AND `index_show` = 1 ORDER BY id desc  [ RunTime:0.0010s ]
SQL: SELECT * FROM `jj_goods` WHERE `title` = '射灯' AND `index_show` = 1 ORDER BY id desc  [ RunTime:0.0006s ]
SQL: SELECT * FROM `jj_goods` WHERE `title` = '灯罩、灯座和电线' AND `index_show` = 1 ORDER BY id desc  [ RunTime:0.0005s ]
SQL: SELECT * FROM `jj_goods` WHERE `title` = '灯泡和配件' AND `index_show` = 1 ORDER BY id desc  [ RunTime:0.0005s ]
SQL: SELECT * FROM `jj_goods` WHERE `title` = '地毯' AND `index_show` = 1 ORDER BY id desc  [ RunTime:0.0005s ]
SQL: SELECT * FROM `jj_goods` WHERE `title` = '靠垫和靠垫套' AND `index_show` = 1 ORDER BY id desc  [ RunTime:0.0006s ]
SQL: SELECT * FROM `jj_goods` WHERE `title` = '窗帘杆和轨道' AND `index_show` = 1 ORDER BY id desc  [ RunTime:0.0005s ]
SQL: SELECT * FROM `jj_goods` WHERE `title` = '窗帘和百叶帘' AND `index_show` = 1 ORDER BY id desc  [ RunTime:0.0005s ]
SQL: SELECT * FROM `jj_goods` WHERE `title` = '毯子和休闲毯' AND `index_show` = 1 ORDER BY id desc  [ RunTime:0.0006s ]
SQL: SELECT * FROM `jj_goods` WHERE `title` = '布料和缝纫用品' AND `index_show` = 1 ORDER BY id desc  [ RunTime:0.0007s ]
SQL: SELECT * FROM `jj_goods` WHERE `title` = '电视柜' AND `index_show` = 1 ORDER BY id desc  [ RunTime:0.0006s ]
SQL: SELECT * FROM `jj_goods` WHERE `title` = '电视及视听设备储物' AND `index_show` = 1 ORDER BY id desc  [ RunTime:0.0005s ]
SQL: SELECT * FROM `jj_goods` WHERE `title` = '茶几' AND `index_show` = 1 ORDER BY id desc  [ RunTime:0.0005s ]
SQL: SELECT * FROM `jj_goods` WHERE `title` = '边桌' AND `index_show` = 1 ORDER BY id desc  [ RunTime:0.0005s ]
SQL: SELECT * FROM `jj_goods` WHERE `title` = '视听用品储物台' AND `index_show` = 1 ORDER BY id desc  [ RunTime:0.0005s ]
NOTIC: [8] Undefined index: cart D:\XAMPP\htdocs\myBS\J-home\Home\Controller\IndexController.class.php 第 39 行.
INFO: [ view_parse ] --START--
INFO: [ template_filter ] --START--
INFO: Run Behavior\ContentReplaceBehavior [ RunTime:0.000248s ]
INFO: [ template_filter ] --END-- [ RunTime:0.000321s ]
INFO: Run Behavior\ParseTemplateBehavior [ RunTime:0.053184s ]
INFO: [ view_parse ] --END-- [ RunTime:0.053300s ]
INFO: [ view_filter ] --START--
INFO: Run Behavior\WriteHtmlCacheBehavior [ RunTime:0.000680s ]
INFO: [ view_filter ] --END-- [ RunTime:0.000764s ]
INFO: [ app_end ] --START--
INFO: Run Behavior\ShowPageTraceBehavior [ RunTime:0.000706s ]
INFO: [ app_end ] --END-- [ RunTime:0.000805s ]

[ 2017-03-24T15:37:31+08:00 ] ::1 /myBS/index.php/List/lglist/room/%E5%8E%A8%E6%88%BF.html
INFO: [ app_init ] --START--
INFO: Run Behavior\BuildLiteBehavior [ RunTime:0.000018s ]
INFO: [ app_init ] --END-- [ RunTime:0.000406s ]
INFO: [ app_begin ] --START--
INFO: Run Behavior\ReadHtmlCacheBehavior [ RunTime:0.000544s ]
INFO: [ app_begin ] --END-- [ RunTime:0.000608s ]
SQL: SHOW COLUMNS FROM `jj_class` [ RunTime:0.0109s ]
SQL: SELECT * FROM `jj_class` WHERE ( title='厨房' ) LIMIT 1   [ RunTime:0.0009s ]
SQL: SELECT * FROM `jj_class`  [ RunTime:0.0025s ]
NOTIC: [8] Undefined index: cart D:\XAMPP\htdocs\myBS\J-home\Home\Controller\ListController.class.php 第 24 行.
INFO: [ view_parse ] --START--
INFO: [ template_filter ] --START--
INFO: Run Behavior\ContentReplaceBehavior [ RunTime:0.000202s ]
INFO: [ template_filter ] --END-- [ RunTime:0.000325s ]
INFO: Run Behavior\ParseTemplateBehavior [ RunTime:0.065384s ]
INFO: [ view_parse ] --END-- [ RunTime:0.065560s ]
INFO: [ view_filter ] --START--
INFO: Run Behavior\WriteHtmlCacheBehavior [ RunTime:0.000658s ]
INFO: [ view_filter ] --END-- [ RunTime:0.000764s ]
INFO: [ app_end ] --START--
INFO: Run Behavior\ShowPageTraceBehavior [ RunTime:0.001314s ]
INFO: [ app_end ] --END-- [ RunTime:0.001487s ]

[ 2017-03-24T15:40:06+08:00 ] ::1 /myBS/index.php/List/mdlist/title/%E6%B0%B4%E9%BE%99%E5%A4%B4.html
INFO: [ app_init ] --START--
INFO: Run Behavior\BuildLiteBehavior [ RunTime:0.000016s ]
INFO: [ app_init ] --END-- [ RunTime:0.000360s ]
INFO: [ app_begin ] --START--
INFO: Run Behavior\ReadHtmlCacheBehavior [ RunTime:0.000550s ]
INFO: [ app_begin ] --END-- [ RunTime:0.000615s ]
SQL: SHOW COLUMNS FROM `jj_list` [ RunTime:0.0602s ]
SQL: SHOW COLUMNS FROM `jj_goods` [ RunTime:0.0066s ]
SQL: SHOW COLUMNS FROM `jj_class` [ RunTime:0.0062s ]
SQL: SELECT * FROM `jj_list` WHERE ( title='水龙头' ) LIMIT 1   [ RunTime:0.0306s ]
SQL: SELECT * FROM `jj_goods` WHERE ( title='水龙头' )  [ RunTime:0.0011s ]
SQL: SELECT `pid` FROM `jj_class` WHERE ( title='水龙头' ) LIMIT 1   [ RunTime:0.0004s ]
SQL: SELECT * FROM `jj_class` WHERE ( id='5' ) LIMIT 1   [ RunTime:0.0004s ]
SQL: SELECT * FROM `jj_class` WHERE ( id='0' ) LIMIT 1   [ RunTime:0.0004s ]
NOTIC: [8] Undefined index: cart D:\XAMPP\htdocs\myBS\J-home\Home\Controller\ListController.class.php 第 49 行.
INFO: [ view_parse ] --START--
INFO: [ template_filter ] --START--
INFO: Run Behavior\ContentReplaceBehavior [ RunTime:0.000192s ]
INFO: [ template_filter ] --END-- [ RunTime:0.000360s ]
NOTIC: [8] Undefined variable: data D:\XAMPP\htdocs\myBS\J-home\Runtime\Cache\Home\dd6ef9fc4666f7a74ad05681f0884ba2.php 第 69 行.
INFO: Run Behavior\ParseTemplateBehavior [ RunTime:0.026229s ]
INFO: [ view_parse ] --END-- [ RunTime:0.026348s ]
INFO: [ view_filter ] --START--
INFO: Run Behavior\WriteHtmlCacheBehavior [ RunTime:0.000641s ]
INFO: [ view_filter ] --END-- [ RunTime:0.000741s ]
INFO: [ app_end ] --START--
INFO: Run Behavior\ShowPageTraceBehavior [ RunTime:0.001485s ]
INFO: [ app_end ] --END-- [ RunTime:0.001662s ]

[ 2017-03-24T15:40:46+08:00 ] ::1 /myBS/index.php/List/mdlist/title/%E6%B3%A1%E6%B2%AB%E5%92%8C%E4%B9%B3%E8%83%B6%E5%BA%8A%E5%9E%AB.html
INFO: [ app_init ] --START--
INFO: Run Behavior\BuildLiteBehavior [ RunTime:0.000015s ]
INFO: [ app_init ] --END-- [ RunTime:0.000371s ]
INFO: [ app_begin ] --START--
INFO: Run Behavior\ReadHtmlCacheBehavior [ RunTime:0.000512s ]
INFO: [ app_begin ] --END-- [ RunTime:0.000576s ]
SQL: SHOW COLUMNS FROM `jj_list` [ RunTime:0.0050s ]
SQL: SHOW COLUMNS FROM `jj_goods` [ RunTime:0.0040s ]
SQL: SHOW COLUMNS FROM `jj_class` [ RunTime:0.0040s ]
SQL: SELECT * FROM `jj_list` WHERE ( title='泡沫和乳胶床垫' ) LIMIT 1   [ RunTime:0.0004s ]
SQL: SELECT * FROM `jj_goods` WHERE ( title='泡沫和乳胶床垫' )  [ RunTime:0.0006s ]
SQL: SELECT `pid` FROM `jj_class` WHERE ( title='泡沫和乳胶床垫' ) LIMIT 1   [ RunTime:0.0004s ]
SQL: SELECT * FROM `jj_class` WHERE ( id='13' ) LIMIT 1   [ RunTime:0.0003s ]
SQL: SELECT * FROM `jj_class` WHERE ( id='2' ) LIMIT 1   [ RunTime:0.0003s ]
NOTIC: [8] Undefined index: cart D:\XAMPP\htdocs\myBS\J-home\Home\Controller\ListController.class.php 第 49 行.
INFO: [ view_parse ] --START--
INFO: [ template_filter ] --START--
INFO: Run Behavior\ContentReplaceBehavior [ RunTime:0.000101s ]
INFO: [ template_filter ] --END-- [ RunTime:0.000165s ]
NOTIC: [8] Undefined variable: data D:\XAMPP\htdocs\myBS\J-home\Runtime\Cache\Home\dd6ef9fc4666f7a74ad05681f0884ba2.php 第 69 行.
INFO: Run Behavior\ParseTemplateBehavior [ RunTime:0.009754s ]
INFO: [ view_parse ] --END-- [ RunTime:0.009834s ]
INFO: [ view_filter ] --START--
INFO: Run Behavior\WriteHtmlCacheBehavior [ RunTime:0.000360s ]
INFO: [ view_filter ] --END-- [ RunTime:0.000423s ]
INFO: [ app_end ] --START--
INFO: Run Behavior\ShowPageTraceBehavior [ RunTime:0.000503s ]
INFO: [ app_end ] --END-- [ RunTime:0.000557s ]

[ 2017-03-24T15:40:56+08:00 ] ::1 /myBS/index.php/List/mdlist/title/%E9%AB%98%E6%9E%B6%E5%BA%8A%E5%92%8C%E5%8F%8C%E5%B1%82%E5%BA%8A.html
INFO: [ app_init ] --START--
INFO: Run Behavior\BuildLiteBehavior [ RunTime:0.000020s ]
INFO: [ app_init ] --END-- [ RunTime:0.000409s ]
INFO: [ app_begin ] --START--
INFO: Run Behavior\ReadHtmlCacheBehavior [ RunTime:0.000524s ]
INFO: [ app_begin ] --END-- [ RunTime:0.000588s ]
SQL: SHOW COLUMNS FROM `jj_list` [ RunTime:0.0042s ]
SQL: SHOW COLUMNS FROM `jj_goods` [ RunTime:0.0035s ]
SQL: SHOW COLUMNS FROM `jj_class` [ RunTime:0.0047s ]
SQL: SELECT * FROM `jj_list` WHERE ( title='高架床和双层床' ) LIMIT 1   [ RunTime:0.0004s ]
SQL: SELECT * FROM `jj_goods` WHERE ( title='高架床和双层床' )  [ RunTime:0.0007s ]
SQL: SELECT `pid` FROM `jj_class` WHERE ( title='高架床和双层床' ) LIMIT 1   [ RunTime:0.0003s ]
SQL: SELECT * FROM `jj_class` WHERE ( id='12' ) LIMIT 1   [ RunTime:0.0003s ]
SQL: SELECT * FROM `jj_class` WHERE ( id='2' ) LIMIT 1   [ RunTime:0.0002s ]
NOTIC: [8] Undefined index: cart D:\XAMPP\htdocs\myBS\J-home\Home\Controller\ListController.class.php 第 49 行.
INFO: [ view_parse ] --START--
INFO: [ template_filter ] --START--
INFO: Run Behavior\ContentReplaceBehavior [ RunTime:0.000100s ]
INFO: [ template_filter ] --END-- [ RunTime:0.000165s ]
NOTIC: [8] Undefined variable: data D:\XAMPP\htdocs\myBS\J-home\Runtime\Cache\Home\dd6ef9fc4666f7a74ad05681f0884ba2.php 第 69 行.
INFO: Run Behavior\ParseTemplateBehavior [ RunTime:0.009292s ]
INFO: [ view_parse ] --END-- [ RunTime:0.009364s ]
INFO: [ view_filter ] --START--
INFO: Run Behavior\WriteHtmlCacheBehavior [ RunTime:0.000299s ]
INFO: [ view_filter ] --END-- [ RunTime:0.000351s ]
INFO: [ app_end ] --START--
INFO: Run Behavior\ShowPageTraceBehavior [ RunTime:0.000533s ]
INFO: [ app_end ] --END-- [ RunTime:0.000588s ]

[ 2017-03-24T15:42:33+08:00 ] ::1 /myBS/index.php/List/mdlist/title/%E6%B3%A1%E6%B2%AB%E5%92%8C%E4%B9%B3%E8%83%B6%E5%BA%8A%E5%9E%AB.html
INFO: [ app_init ] --START--
INFO: Run Behavior\BuildLiteBehavior [ RunTime:0.000016s ]
INFO: [ app_init ] --END-- [ RunTime:0.000325s ]
INFO: [ app_begin ] --START--
INFO: Run Behavior\ReadHtmlCacheBehavior [ RunTime:0.000449s ]
INFO: [ app_begin ] --END-- [ RunTime:0.000511s ]
SQL: SHOW COLUMNS FROM `jj_list` [ RunTime:0.0061s ]
SQL: SHOW COLUMNS FROM `jj_goods` [ RunTime:0.0051s ]
SQL: SHOW COLUMNS FROM `jj_class` [ RunTime:0.0051s ]
SQL: SELECT * FROM `jj_list` WHERE ( title='泡沫和乳胶床垫' ) LIMIT 1   [ RunTime:0.0005s ]
SQL: SELECT * FROM `jj_goods` WHERE ( title='泡沫和乳胶床垫' )  [ RunTime:0.0006s ]
SQL: SELECT `pid` FROM `jj_class` WHERE ( title='泡沫和乳胶床垫' ) LIMIT 1   [ RunTime:0.0004s ]
SQL: SELECT * FROM `jj_class` WHERE ( id='13' ) LIMIT 1   [ RunTime:0.0004s ]
SQL: SELECT * FROM `jj_class` WHERE ( id='2' ) LIMIT 1   [ RunTime:0.0004s ]
NOTIC: [8] Undefined index: cart D:\XAMPP\htdocs\myBS\J-home\Home\Controller\ListController.class.php 第 49 行.
INFO: [ view_parse ] --START--
INFO: [ template_filter ] --START--
INFO: Run Behavior\ContentReplaceBehavior [ RunTime:0.000127s ]
INFO: [ template_filter ] --END-- [ RunTime:0.000212s ]
NOTIC: [8] Undefined variable: data D:\XAMPP\htdocs\myBS\J-home\Runtime\Cache\Home\dd6ef9fc4666f7a74ad05681f0884ba2.php 第 69 行.
INFO: Run Behavior\ParseTemplateBehavior [ RunTime:0.013414s ]
INFO: [ view_parse ] --END-- [ RunTime:0.013493s ]
INFO: [ view_filter ] --START--
INFO: Run Behavior\WriteHtmlCacheBehavior [ RunTime:0.000257s ]
INFO: [ view_filter ] --END-- [ RunTime:0.000305s ]
INFO: [ app_end ] --START--
INFO: Run Behavior\ShowPageTraceBehavior [ RunTime:0.000426s ]
INFO: [ app_end ] --END-- [ RunTime:0.000481s ]

[ 2017-03-24T15:42:56+08:00 ] ::1 /myBS/index.php/Goods/good/name/%E7%8E%9B%E7%BB%B4%E5%85%8B.html
INFO: [ app_init ] --START--
INFO: Run Behavior\BuildLiteBehavior [ RunTime:0.000015s ]
INFO: [ app_init ] --END-- [ RunTime:0.000379s ]
INFO: [ app_begin ] --START--
INFO: Run Behavior\ReadHtmlCacheBehavior [ RunTime:0.000509s ]
INFO: [ app_begin ] --END-- [ RunTime:0.000573s ]
SQL: SHOW COLUMNS FROM `jj_goods` [ RunTime:0.0095s ]
SQL: SHOW COLUMNS FROM `jj_class` [ RunTime:0.0097s ]
SQL: SHOW COLUMNS FROM `jj_goods_img` [ RunTime:0.0087s ]
SQL: SELECT * FROM `jj_goods` WHERE ( name='玛维克' ) LIMIT 1   [ RunTime:0.0012s ]
SQL: SELECT `title` FROM `jj_goods` WHERE ( name='玛维克' ) LIMIT 1   [ RunTime:0.0008s ]
SQL: SELECT `pid` FROM `jj_class` WHERE ( title='泡沫和乳胶床垫' ) LIMIT 1   [ RunTime:0.0007s ]
SQL: SELECT * FROM `jj_class` WHERE ( id='13' ) LIMIT 1   [ RunTime:0.0007s ]
SQL: SELECT * FROM `jj_class` WHERE ( id='2' ) LIMIT 1   [ RunTime:0.0006s ]
SQL: SELECT `title`,`img` FROM `jj_class` WHERE ( pid='13' ) LIMIT 0,6   [ RunTime:0.0008s ]
SQL: SELECT `id` FROM `jj_goods` WHERE ( name='玛维克' ) LIMIT 1   [ RunTime:0.0007s ]
SQL: SELECT `pic1`,`pic2`,`pic3`,`pic4`,`pic5`,`pic6`,`pic7` FROM `jj_goods_img` WHERE ( id='22' )  [ RunTime:0.0007s ]
SQL: SELECT `guige1_text` FROM `jj_goods` WHERE ( name='玛维克' ) LIMIT 1   [ RunTime:0.0007s ]
SQL: SELECT `guige2_text` FROM `jj_goods` WHERE ( name='玛维克' ) LIMIT 1   [ RunTime:0.0007s ]
SQL: SELECT `guige3_text` FROM `jj_goods` WHERE ( name='玛维克' ) LIMIT 1   [ RunTime:0.0008s ]
NOTIC: [8] Undefined index: cart D:\XAMPP\htdocs\myBS\J-home\Home\Controller\GoodsController.class.php 第 46 行.
INFO: [ view_parse ] --START--
INFO: [ template_filter ] --START--
INFO: Run Behavior\ContentReplaceBehavior [ RunTime:0.000517s ]
INFO: [ template_filter ] --END-- [ RunTime:0.000714s ]
INFO: Run Behavior\ParseTemplateBehavior [ RunTime:0.099827s ]
INFO: [ view_parse ] --END-- [ RunTime:0.100097s ]
INFO: [ view_filter ] --START--
INFO: Run Behavior\WriteHtmlCacheBehavior [ RunTime:0.001063s ]
INFO: [ view_filter ] --END-- [ RunTime:0.001227s ]
INFO: [ app_end ] --START--
INFO: Run Behavior\ShowPageTraceBehavior [ RunTime:0.002316s ]
INFO: [ app_end ] --END-- [ RunTime:0.002573s ]

[ 2017-03-24T15:44:24+08:00 ] ::1 /myBS/index.php/Index/index.html
INFO: [ app_init ] --START--
INFO: Run Behavior\BuildLiteBehavior [ RunTime:0.000016s ]
INFO: [ app_init ] --END-- [ RunTime:0.000386s ]
INFO: [ app_begin ] --START--
INFO: Run Behavior\ReadHtmlCacheBehavior [ RunTime:0.000659s ]
INFO: [ app_begin ] --END-- [ RunTime:0.000747s ]
SQL: SHOW COLUMNS FROM `jj_class` [ RunTime:0.0048s ]
SQL: SHOW COLUMNS FROM `jj_goods` [ RunTime:0.0041s ]
SQL: SHOW COLUMNS FROM `jj_banner` [ RunTime:0.0123s ]
SQL: SELECT * FROM `jj_banner` WHERE ( position='大屏' ) LIMIT 1   [ RunTime:0.0004s ]
SQL: SELECT * FROM `jj_banner` WHERE ( position='客厅' ) LIMIT 1   [ RunTime:0.0004s ]
SQL: SELECT * FROM `jj_banner` WHERE ( position='卧室' ) LIMIT 1   [ RunTime:0.0003s ]
SQL: SELECT * FROM `jj_banner` WHERE ( position='厨房' ) LIMIT 1   [ RunTime:0.0004s ]
SQL: SELECT * FROM `jj_banner` WHERE ( position='餐厅' ) LIMIT 1   [ RunTime:0.0004s ]
SQL: SELECT * FROM `jj_banner` WHERE ( position='浴室' ) LIMIT 1   [ RunTime:0.0004s ]
SQL: SELECT * FROM `jj_class`  [ RunTime:0.0014s ]
SQL: SELECT `title` FROM `jj_class` WHERE ( `id` > 44 AND `id` < 80  )  [ RunTime:0.0008s ]
SQL: SELECT * FROM `jj_goods` WHERE `title` = '布艺沙发' AND `index_show` = 1 ORDER BY id desc  [ RunTime:0.0009s ]
SQL: SELECT * FROM `jj_goods` WHERE `title` = '皮沙发和人造革沙发' AND `index_show` = 1 ORDER BY id desc  [ RunTime:0.0009s ]
SQL: SELECT * FROM `jj_goods` WHERE `title` = '沙发床' AND `index_show` = 1 ORDER BY id desc  [ RunTime:0.0008s ]
SQL: SELECT * FROM `jj_goods` WHERE `title` = '组合沙发' AND `index_show` = 1 ORDER BY id desc  [ RunTime:0.0016s ]
SQL: SELECT * FROM `jj_goods` WHERE `title` = '贵妃椅' AND `index_show` = 1 ORDER BY id desc  [ RunTime:0.0005s ]
SQL: SELECT * FROM `jj_goods` WHERE `title` = '脚蹬和矮凳' AND `index_show` = 1 ORDER BY id desc  [ RunTime:0.0004s ]
SQL: SELECT * FROM `jj_goods` WHERE `title` = '单人沙发和扶手椅' AND `index_show` = 1 ORDER BY id desc  [ RunTime:0.0005s ]
SQL: SELECT * FROM `jj_goods` WHERE `title` = '备用沙发套' AND `index_show` = 1 ORDER BY id desc  [ RunTime:0.0005s ]
SQL: SELECT * FROM `jj_goods` WHERE `title` = '书柜' AND `index_show` = 1 ORDER BY id desc  [ RunTime:0.0005s ]
SQL: SELECT * FROM `jj_goods` WHERE `title` = '储物系列' AND `index_show` = 1 ORDER BY id desc  [ RunTime:0.0004s ]
SQL: SELECT * FROM `jj_goods` WHERE `title` = '搁架单元' AND `index_show` = 1 ORDER BY id desc  [ RunTime:0.0004s ]
SQL: SELECT * FROM `jj_goods` WHERE `title` = '连壁搁板' AND `index_show` = 1 ORDER BY id desc  [ RunTime:0.0004s ]
SQL: SELECT * FROM `jj_goods` WHERE `title` = '橱柜和展示柜' AND `index_show` = 1 ORDER BY id desc  [ RunTime:0.0005s ]
SQL: SELECT * FROM `jj_goods` WHERE `title` = '储物盒和储物篮' AND `index_show` = 1 ORDER BY id desc  [ RunTime:0.0010s ]
SQL: SELECT * FROM `jj_goods` WHERE `title` = '餐边柜和长几' AND `index_show` = 1 ORDER BY id desc  [ RunTime:0.0004s ]
SQL: SELECT * FROM `jj_goods` WHERE `title` = 'LED灯具' AND `index_show` = 1 ORDER BY id desc  [ RunTime:0.0004s ]
SQL: SELECT * FROM `jj_goods` WHERE `title` = '台灯' AND `index_show` = 1 ORDER BY id desc  [ RunTime:0.0006s ]
SQL: SELECT * FROM `jj_goods` WHERE `title` = '落地灯' AND `index_show` = 1 ORDER BY id desc  [ RunTime:0.0006s ]
SQL: SELECT * FROM `jj_goods` WHERE `title` = '顶灯' AND `index_show` = 1 ORDER BY id desc  [ RunTime:0.0008s ]
SQL: SELECT * FROM `jj_goods` WHERE `title` = '内置照明' AND `index_show` = 1 ORDER BY id desc  [ RunTime:0.0007s ]
SQL: SELECT * FROM `jj_goods` WHERE `title` = '壁灯' AND `index_show` = 1 ORDER BY id desc  [ RunTime:0.0010s ]
SQL: SELECT * FROM `jj_goods` WHERE `title` = '射灯' AND `index_show` = 1 ORDER BY id desc  [ RunTime:0.0004s ]
SQL: SELECT * FROM `jj_goods` WHERE `title` = '灯罩、灯座和电线' AND `index_show` = 1 ORDER BY id desc  [ RunTime:0.0004s ]
SQL: SELECT * FROM `jj_goods` WHERE `title` = '灯泡和配件' AND `index_show` = 1 ORDER BY id desc  [ RunTime:0.0003s ]
SQL: SELECT * FROM `jj_goods` WHERE `title` = '地毯' AND `index_show` = 1 ORDER BY id desc  [ RunTime:0.0004s ]
SQL: SELECT * FROM `jj_goods` WHERE `title` = '靠垫和靠垫套' AND `index_show` = 1 ORDER BY id desc  [ RunTime:0.0005s ]
SQL: SELECT * FROM `jj_goods` WHERE `title` = '窗帘杆和轨道' AND `index_show` = 1 ORDER BY id desc  [ RunTime:0.0004s ]
SQL: SELECT * FROM `jj_goods` WHERE `title` = '窗帘和百叶帘' AND `index_show` = 1 ORDER BY id desc  [ RunTime:0.0004s ]
SQL: SELECT * FROM `jj_goods` WHERE `title` = '毯子和休闲毯' AND `index_show` = 1 ORDER BY id desc  [ RunTime:0.0004s ]
SQL: SELECT * FROM `jj_goods` WHERE `title` = '布料和缝纫用品' AND `index_show` = 1 ORDER BY id desc  [ RunTime:0.0004s ]
SQL: SELECT * FROM `jj_goods` WHERE `title` = '电视柜' AND `index_show` = 1 ORDER BY id desc  [ RunTime:0.0005s ]
SQL: SELECT * FROM `jj_goods` WHERE `title` = '电视及视听设备储物' AND `index_show` = 1 ORDER BY id desc  [ RunTime:0.0006s ]
SQL: SELECT * FROM `jj_goods` WHERE `title` = '茶几' AND `index_show` = 1 ORDER BY id desc  [ RunTime:0.0007s ]
SQL: SELECT * FROM `jj_goods` WHERE `title` = '边桌' AND `index_show` = 1 ORDER BY id desc  [ RunTime:0.0004s ]
SQL: SELECT * FROM `jj_goods` WHERE `title` = '视听用品储物台' AND `index_show` = 1 ORDER BY id desc  [ RunTime:0.0006s ]
NOTIC: [8] Undefined index: cart D:\XAMPP\htdocs\myBS\J-home\Home\Controller\IndexController.class.php 第 39 行.
INFO: [ view_parse ] --START--
INFO: [ template_filter ] --START--
INFO: Run Behavior\ContentReplaceBehavior [ RunTime:0.000273s ]
INFO: [ template_filter ] --END-- [ RunTime:0.000348s ]
INFO: Run Behavior\ParseTemplateBehavior [ RunTime:0.071948s ]
INFO: [ view_parse ] --END-- [ RunTime:0.072069s ]
INFO: [ view_filter ] --START--
INFO: Run Behavior\WriteHtmlCacheBehavior [ RunTime:0.000669s ]
INFO: [ view_filter ] --END-- [ RunTime:0.000726s ]
INFO: [ app_end ] --START--
INFO: Run Behavior\ShowPageTraceBehavior [ RunTime:0.000969s ]
INFO: [ app_end ] --END-- [ RunTime:0.001107s ]

[ 2017-03-24T15:44:27+08:00 ] ::1 /myBS/index.php/List/mdlist/title/%E5%B8%83%E8%89%BA%E6%B2%99%E5%8F%91.html
INFO: [ app_init ] --START--
INFO: Run Behavior\BuildLiteBehavior [ RunTime:0.000016s ]
INFO: [ app_init ] --END-- [ RunTime:0.000380s ]
INFO: [ app_begin ] --START--
INFO: Run Behavior\ReadHtmlCacheBehavior [ RunTime:0.000743s ]
INFO: [ app_begin ] --END-- [ RunTime:0.000814s ]
SQL: SHOW COLUMNS FROM `jj_list` [ RunTime:0.0083s ]
SQL: SHOW COLUMNS FROM `jj_goods` [ RunTime:0.0094s ]
SQL: SHOW COLUMNS FROM `jj_class` [ RunTime:0.0083s ]
SQL: SELECT * FROM `jj_list` WHERE ( title='布艺沙发' ) LIMIT 1   [ RunTime:0.0008s ]
SQL: SELECT * FROM `jj_goods` WHERE ( title='布艺沙发' )  [ RunTime:0.0022s ]
SQL: SELECT `pid` FROM `jj_class` WHERE ( title='布艺沙发' ) LIMIT 1   [ RunTime:0.0012s ]
SQL: SELECT * FROM `jj_class` WHERE ( id='6' ) LIMIT 1   [ RunTime:0.0008s ]
SQL: SELECT * FROM `jj_class` WHERE ( id='1' ) LIMIT 1   [ RunTime:0.0007s ]
NOTIC: [8] Undefined index: cart D:\XAMPP\htdocs\myBS\J-home\Home\Controller\ListController.class.php 第 49 行.
INFO: [ view_parse ] --START--
INFO: [ template_filter ] --START--
INFO: Run Behavior\ContentReplaceBehavior [ RunTime:0.000198s ]
INFO: [ template_filter ] --END-- [ RunTime:0.000331s ]
INFO: Run Behavior\ParseTemplateBehavior [ RunTime:0.026212s ]
INFO: [ view_parse ] --END-- [ RunTime:0.026384s ]
INFO: [ view_filter ] --START--
INFO: Run Behavior\WriteHtmlCacheBehavior [ RunTime:0.001044s ]
INFO: [ view_filter ] --END-- [ RunTime:0.001149s ]
INFO: [ app_end ] --START--
INFO: Run Behavior\ShowPageTraceBehavior [ RunTime:0.001820s ]
INFO: [ app_end ] --END-- [ RunTime:0.001984s ]

[ 2017-03-24T16:46:37+08:00 ] ::1 /myBS/index.php/Index/index.html
INFO: [ app_init ] --START--
INFO: Run Behavior\BuildLiteBehavior [ RunTime:0.000017s ]
INFO: [ app_init ] --END-- [ RunTime:0.000387s ]
INFO: [ app_begin ] --START--
INFO: Run Behavior\ReadHtmlCacheBehavior [ RunTime:0.000741s ]
INFO: [ app_begin ] --END-- [ RunTime:0.000830s ]
SQL: SHOW COLUMNS FROM `jj_class` [ RunTime:0.0094s ]
SQL: SHOW COLUMNS FROM `jj_goods` [ RunTime:0.0087s ]
SQL: SHOW COLUMNS FROM `jj_banner` [ RunTime:0.0087s ]
SQL: SELECT * FROM `jj_banner` WHERE ( position='大屏' ) LIMIT 1   [ RunTime:0.0008s ]
SQL: SELECT * FROM `jj_banner` WHERE ( position='客厅' ) LIMIT 1   [ RunTime:0.0007s ]
SQL: SELECT * FROM `jj_banner` WHERE ( position='卧室' ) LIMIT 1   [ RunTime:0.0007s ]
SQL: SELECT * FROM `jj_banner` WHERE ( position='厨房' ) LIMIT 1   [ RunTime:0.0007s ]
SQL: SELECT * FROM `jj_banner` WHERE ( position='餐厅' ) LIMIT 1   [ RunTime:0.0007s ]
SQL: SELECT * FROM `jj_banner` WHERE ( position='浴室' ) LIMIT 1   [ RunTime:0.0007s ]
SQL: SELECT * FROM `jj_class`  [ RunTime:0.0029s ]
SQL: SELECT `title` FROM `jj_class` WHERE ( `id` > 44 AND `id` < 80  )  [ RunTime:0.0015s ]
SQL: SELECT * FROM `jj_goods` WHERE `title` = '布艺沙发' AND `index_show` = 1 ORDER BY id desc  [ RunTime:0.0013s ]
SQL: SELECT * FROM `jj_goods` WHERE `title` = '皮沙发和人造革沙发' AND `index_show` = 1 ORDER BY id desc  [ RunTime:0.0010s ]
SQL: SELECT * FROM `jj_goods` WHERE `title` = '沙发床' AND `index_show` = 1 ORDER BY id desc  [ RunTime:0.0009s ]
SQL: SELECT * FROM `jj_goods` WHERE `title` = '组合沙发' AND `index_show` = 1 ORDER BY id desc  [ RunTime:0.0017s ]
SQL: SELECT * FROM `jj_goods` WHERE `title` = '贵妃椅' AND `index_show` = 1 ORDER BY id desc  [ RunTime:0.0010s ]
SQL: SELECT * FROM `jj_goods` WHERE `title` = '脚蹬和矮凳' AND `index_show` = 1 ORDER BY id desc  [ RunTime:0.0010s ]
SQL: SELECT * FROM `jj_goods` WHERE `title` = '单人沙发和扶手椅' AND `index_show` = 1 ORDER BY id desc  [ RunTime:0.0011s ]
SQL: SELECT * FROM `jj_goods` WHERE `title` = '备用沙发套' AND `index_show` = 1 ORDER BY id desc  [ RunTime:0.0009s ]
SQL: SELECT * FROM `jj_goods` WHERE `title` = '书柜' AND `index_show` = 1 ORDER BY id desc  [ RunTime:0.0010s ]
SQL: SELECT * FROM `jj_goods` WHERE `title` = '储物系列' AND `index_show` = 1 ORDER BY id desc  [ RunTime:0.0009s ]
SQL: SELECT * FROM `jj_goods` WHERE `title` = '搁架单元' AND `index_show` = 1 ORDER BY id desc  [ RunTime:0.0010s ]
SQL: SELECT * FROM `jj_goods` WHERE `title` = '连壁搁板' AND `index_show` = 1 ORDER BY id desc  [ RunTime:0.0009s ]
SQL: SELECT * FROM `jj_goods` WHERE `title` = '橱柜和展示柜' AND `index_show` = 1 ORDER BY id desc  [ RunTime:0.0009s ]
SQL: SELECT * FROM `jj_goods` WHERE `title` = '储物盒和储物篮' AND `index_show` = 1 ORDER BY id desc  [ RunTime:0.0009s ]
SQL: SELECT * FROM `jj_goods` WHERE `title` = '餐边柜和长几' AND `index_show` = 1 ORDER BY id desc  [ RunTime:0.0010s ]
SQL: SELECT * FROM `jj_goods` WHERE `title` = 'LED灯具' AND `index_show` = 1 ORDER BY id desc  [ RunTime:0.0010s ]
SQL: SELECT * FROM `jj_goods` WHERE `title` = '台灯' AND `index_show` = 1 ORDER BY id desc  [ RunTime:0.0015s ]
SQL: SELECT * FROM `jj_goods` WHERE `title` = '落地灯' AND `index_show` = 1 ORDER BY id desc  [ RunTime:0.0011s ]
SQL: SELECT * FROM `jj_goods` WHERE `title` = '顶灯' AND `index_show` = 1 ORDER BY id desc  [ RunTime:0.0009s ]
SQL: SELECT * FROM `jj_goods` WHERE `title` = '内置照明' AND `index_show` = 1 ORDER BY id desc  [ RunTime:0.0010s ]
SQL: SELECT * FROM `jj_goods` WHERE `title` = '壁灯' AND `index_show` = 1 ORDER BY id desc  [ RunTime:0.0009s ]
SQL: SELECT * FROM `jj_goods` WHERE `title` = '射灯' AND `index_show` = 1 ORDER BY id desc  [ RunTime:0.0009s ]
SQL: SELECT * FROM `jj_goods` WHERE `title` = '灯罩、灯座和电线' AND `index_show` = 1 ORDER BY id desc  [ RunTime:0.0009s ]
SQL: SELECT * FROM `jj_goods` WHERE `title` = '灯泡和配件' AND `index_show` = 1 ORDER BY id desc  [ RunTime:0.0009s ]
SQL: SELECT * FROM `jj_goods` WHERE `title` = '地毯' AND `index_show` = 1 ORDER BY id desc  [ RunTime:0.0011s ]
SQL: SELECT * FROM `jj_goods` WHERE `title` = '靠垫和靠垫套' AND `index_show` = 1 ORDER BY id desc  [ RunTime:0.0009s ]
SQL: SELECT * FROM `jj_goods` WHERE `title` = '窗帘杆和轨道' AND `index_show` = 1 ORDER BY id desc  [ RunTime:0.0009s ]
SQL: SELECT * FROM `jj_goods` WHERE `title` = '窗帘和百叶帘' AND `index_show` = 1 ORDER BY id desc  [ RunTime:0.0009s ]
SQL: SELECT * FROM `jj_goods` WHERE `title` = '毯子和休闲毯' AND `index_show` = 1 ORDER BY id desc  [ RunTime:0.0009s ]
SQL: SELECT * FROM `jj_goods` WHERE `title` = '布料和缝纫用品' AND `index_show` = 1 ORDER BY id desc  [ RunTime:0.0010s ]
SQL: SELECT * FROM `jj_goods` WHERE `title` = '电视柜' AND `index_show` = 1 ORDER BY id desc  [ RunTime:0.0011s ]
SQL: SELECT * FROM `jj_goods` WHERE `title` = '电视及视听设备储物' AND `index_show` = 1 ORDER BY id desc  [ RunTime:0.0014s ]
SQL: SELECT * FROM `jj_goods` WHERE `title` = '茶几' AND `index_show` = 1 ORDER BY id desc  [ RunTime:0.0011s ]
SQL: SELECT * FROM `jj_goods` WHERE `title` = '边桌' AND `index_show` = 1 ORDER BY id desc  [ RunTime:0.0012s ]
SQL: SELECT * FROM `jj_goods` WHERE `title` = '视听用品储物台' AND `index_show` = 1 ORDER BY id desc  [ RunTime:0.0010s ]
NOTIC: [8] Undefined index: cart D:\XAMPP\htdocs\myBS\J-home\Home\Controller\IndexController.class.php 第 39 行.
INFO: [ view_parse ] --START--
INFO: [ template_filter ] --START--
INFO: Run Behavior\ContentReplaceBehavior [ RunTime:0.000418s ]
INFO: [ template_filter ] --END-- [ RunTime:0.000534s ]
INFO: Run Behavior\ParseTemplateBehavior [ RunTime:0.084705s ]
INFO: [ view_parse ] --END-- [ RunTime:0.084878s ]
INFO: [ view_filter ] --START--
INFO: Run Behavior\WriteHtmlCacheBehavior [ RunTime:0.000952s ]
INFO: [ view_filter ] --END-- [ RunTime:0.001048s ]
INFO: [ app_end ] --START--
INFO: Run Behavior\ShowPageTraceBehavior [ RunTime:0.002039s ]
INFO: [ app_end ] --END-- [ RunTime:0.002271s ]

[ 2017-03-24T16:46:41+08:00 ] ::1 /myBS/index.php/List/mdlist/title/%E6%B4%97%E8%84%B8%E6%B1%A0%E9%85%8D%E4%BB%B6.html
INFO: [ app_init ] --START--
INFO: Run Behavior\BuildLiteBehavior [ RunTime:0.000023s ]
INFO: [ app_init ] --END-- [ RunTime:0.000579s ]
INFO: [ app_begin ] --START--
INFO: Run Behavior\ReadHtmlCacheBehavior [ RunTime:0.000720s ]
INFO: [ app_begin ] --END-- [ RunTime:0.000791s ]
SQL: SHOW COLUMNS FROM `jj_list` [ RunTime:0.0213s ]
SQL: SHOW COLUMNS FROM `jj_goods` [ RunTime:0.0102s ]
SQL: SHOW COLUMNS FROM `jj_class` [ RunTime:0.0080s ]
SQL: SELECT * FROM `jj_list` WHERE ( title='洗脸池配件' ) LIMIT 1   [ RunTime:0.0008s ]
SQL: SELECT * FROM `jj_goods` WHERE ( title='洗脸池配件' )  [ RunTime:0.0009s ]
SQL: SELECT `pid` FROM `jj_class` WHERE ( title='洗脸池配件' ) LIMIT 1   [ RunTime:0.0005s ]
SQL: SELECT * FROM `jj_class` WHERE ( id='41' ) LIMIT 1   [ RunTime:0.0004s ]
SQL: SELECT * FROM `jj_class` WHERE ( id='5' ) LIMIT 1   [ RunTime:0.0004s ]
NOTIC: [8] Undefined index: cart D:\XAMPP\htdocs\myBS\J-home\Home\Controller\ListController.class.php 第 49 行.
INFO: [ view_parse ] --START--
INFO: [ template_filter ] --START--
INFO: Run Behavior\ContentReplaceBehavior [ RunTime:0.000168s ]
INFO: [ template_filter ] --END-- [ RunTime:0.000283s ]
NOTIC: [8] Undefined variable: data D:\XAMPP\htdocs\myBS\J-home\Runtime\Cache\Home\dd6ef9fc4666f7a74ad05681f0884ba2.php 第 69 行.
INFO: Run Behavior\ParseTemplateBehavior [ RunTime:0.018007s ]
INFO: [ view_parse ] --END-- [ RunTime:0.018136s ]
INFO: [ view_filter ] --START--
INFO: Run Behavior\WriteHtmlCacheBehavior [ RunTime:0.000918s ]
INFO: [ view_filter ] --END-- [ RunTime:0.001015s ]
INFO: [ app_end ] --START--
INFO: Run Behavior\ShowPageTraceBehavior [ RunTime:0.001214s ]
INFO: [ app_end ] --END-- [ RunTime:0.001315s ]

[ 2017-03-24T16:46:47+08:00 ] ::1 /myBS/index.php/Index/index.html
INFO: [ app_init ] --START--
INFO: Run Behavior\BuildLiteBehavior [ RunTime:0.000017s ]
INFO: [ app_init ] --END-- [ RunTime:0.000413s ]
INFO: [ app_begin ] --START--
INFO: Run Behavior\ReadHtmlCacheBehavior [ RunTime:0.000648s ]
INFO: [ app_begin ] --END-- [ RunTime:0.000712s ]
SQL: SHOW COLUMNS FROM `jj_class` [ RunTime:0.0043s ]
SQL: SHOW COLUMNS FROM `jj_goods` [ RunTime:0.0037s ]
SQL: SHOW COLUMNS FROM `jj_banner` [ RunTime:0.0039s ]
SQL: SELECT * FROM `jj_banner` WHERE ( position='大屏' ) LIMIT 1   [ RunTime:0.0003s ]
SQL: SELECT * FROM `jj_banner` WHERE ( position='客厅' ) LIMIT 1   [ RunTime:0.0003s ]
SQL: SELECT * FROM `jj_banner` WHERE ( position='卧室' ) LIMIT 1   [ RunTime:0.0003s ]
SQL: SELECT * FROM `jj_banner` WHERE ( position='厨房' ) LIMIT 1   [ RunTime:0.0004s ]
SQL: SELECT * FROM `jj_banner` WHERE ( position='餐厅' ) LIMIT 1   [ RunTime:0.0003s ]
SQL: SELECT * FROM `jj_banner` WHERE ( position='浴室' ) LIMIT 1   [ RunTime:0.0003s ]
SQL: SELECT * FROM `jj_class`  [ RunTime:0.0010s ]
SQL: SELECT `title` FROM `jj_class` WHERE ( `id` > 44 AND `id` < 80  )  [ RunTime:0.0006s ]
SQL: SELECT * FROM `jj_goods` WHERE `title` = '布艺沙发' AND `index_show` = 1 ORDER BY id desc  [ RunTime:0.0006s ]
SQL: SELECT * FROM `jj_goods` WHERE `title` = '皮沙发和人造革沙发' AND `index_show` = 1 ORDER BY id desc  [ RunTime:0.0005s ]
SQL: SELECT * FROM `jj_goods` WHERE `title` = '沙发床' AND `index_show` = 1 ORDER BY id desc  [ RunTime:0.0005s ]
SQL: SELECT * FROM `jj_goods` WHERE `title` = '组合沙发' AND `index_show` = 1 ORDER BY id desc  [ RunTime:0.0009s ]
SQL: SELECT * FROM `jj_goods` WHERE `title` = '贵妃椅' AND `index_show` = 1 ORDER BY id desc  [ RunTime:0.0005s ]
SQL: SELECT * FROM `jj_goods` WHERE `title` = '脚蹬和矮凳' AND `index_show` = 1 ORDER BY id desc  [ RunTime:0.0005s ]
SQL: SELECT * FROM `jj_goods` WHERE `title` = '单人沙发和扶手椅' AND `index_show` = 1 ORDER BY id desc  [ RunTime:0.0005s ]
SQL: SELECT * FROM `jj_goods` WHERE `title` = '备用沙发套' AND `index_show` = 1 ORDER BY id desc  [ RunTime:0.0005s ]
SQL: SELECT * FROM `jj_goods` WHERE `title` = '书柜' AND `index_show` = 1 ORDER BY id desc  [ RunTime:0.0005s ]
SQL: SELECT * FROM `jj_goods` WHERE `title` = '储物系列' AND `index_show` = 1 ORDER BY id desc  [ RunTime:0.0005s ]
SQL: SELECT * FROM `jj_goods` WHERE `title` = '搁架单元' AND `index_show` = 1 ORDER BY id desc  [ RunTime:0.0005s ]
SQL: SELECT * FROM `jj_goods` WHERE `title` = '连壁搁板' AND `index_show` = 1 ORDER BY id desc  [ RunTime:0.0005s ]
SQL: SELECT * FROM `jj_goods` WHERE `title` = '橱柜和展示柜' AND `index_show` = 1 ORDER BY id desc  [ RunTime:0.0005s ]
SQL: SELECT * FROM `jj_goods` WHERE `title` = '储物盒和储物篮' AND `index_show` = 1 ORDER BY id desc  [ RunTime:0.0005s ]
SQL: SELECT * FROM `jj_goods` WHERE `title` = '餐边柜和长几' AND `index_show` = 1 ORDER BY id desc  [ RunTime:0.0004s ]
SQL: SELECT * FROM `jj_goods` WHERE `title` = 'LED灯具' AND `index_show` = 1 ORDER BY id desc  [ RunTime:0.0005s ]
SQL: SELECT * FROM `jj_goods` WHERE `title` = '台灯' AND `index_show` = 1 ORDER BY id desc  [ RunTime:0.0005s ]
SQL: SELECT * FROM `jj_goods` WHERE `title` = '落地灯' AND `index_show` = 1 ORDER BY id desc  [ RunTime:0.0005s ]
SQL: SELECT * FROM `jj_goods` WHERE `title` = '顶灯' AND `index_show` = 1 ORDER BY id desc  [ RunTime:0.0005s ]
SQL: SELECT * FROM `jj_goods` WHERE `title` = '内置照明' AND `index_show` = 1 ORDER BY id desc  [ RunTime:0.0005s ]
SQL: SELECT * FROM `jj_goods` WHERE `title` = '壁灯' AND `index_show` = 1 ORDER BY id desc  [ RunTime:0.0005s ]
SQL: SELECT * FROM `jj_goods` WHERE `title` = '射灯' AND `index_show` = 1 ORDER BY id desc  [ RunTime:0.0005s ]
SQL: SELECT * FROM `jj_goods` WHERE `title` = '灯罩、灯座和电线' AND `index_show` = 1 ORDER BY id desc  [ RunTime:0.0006s ]
SQL: SELECT * FROM `jj_goods` WHERE `title` = '灯泡和配件' AND `index_show` = 1 ORDER BY id desc  [ RunTime:0.0005s ]
SQL: SELECT * FROM `jj_goods` WHERE `title` = '地毯' AND `index_show` = 1 ORDER BY id desc  [ RunTime:0.0004s ]
SQL: SELECT * FROM `jj_goods` WHERE `title` = '靠垫和靠垫套' AND `index_show` = 1 ORDER BY id desc  [ RunTime:0.0004s ]
SQL: SELECT * FROM `jj_goods` WHERE `title` = '窗帘杆和轨道' AND `index_show` = 1 ORDER BY id desc  [ RunTime:0.0004s ]
SQL: SELECT * FROM `jj_goods` WHERE `title` = '窗帘和百叶帘' AND `index_show` = 1 ORDER BY id desc  [ RunTime:0.0005s ]
SQL: SELECT * FROM `jj_goods` WHERE `title` = '毯子和休闲毯' AND `index_show` = 1 ORDER BY id desc  [ RunTime:0.0005s ]
SQL: SELECT * FROM `jj_goods` WHERE `title` = '布料和缝纫用品' AND `index_show` = 1 ORDER BY id desc  [ RunTime:0.0005s ]
SQL: SELECT * FROM `jj_goods` WHERE `title` = '电视柜' AND `index_show` = 1 ORDER BY id desc  [ RunTime:0.0005s ]
SQL: SELECT * FROM `jj_goods` WHERE `title` = '电视及视听设备储物' AND `index_show` = 1 ORDER BY id desc  [ RunTime:0.0005s ]
SQL: SELECT * FROM `jj_goods` WHERE `title` = '茶几' AND `index_show` = 1 ORDER BY id desc  [ RunTime:0.0005s ]
SQL: SELECT * FROM `jj_goods` WHERE `title` = '边桌' AND `index_show` = 1 ORDER BY id desc  [ RunTime:0.0006s ]
SQL: SELECT * FROM `jj_goods` WHERE `title` = '视听用品储物台' AND `index_show` = 1 ORDER BY id desc  [ RunTime:0.0005s ]
NOTIC: [8] Undefined index: cart D:\XAMPP\htdocs\myBS\J-home\Home\Controller\IndexController.class.php 第 39 行.
INFO: [ view_parse ] --START--
INFO: [ template_filter ] --START--
INFO: Run Behavior\ContentReplaceBehavior [ RunTime:0.000337s ]
INFO: [ template_filter ] --END-- [ RunTime:0.000432s ]
INFO: Run Behavior\ParseTemplateBehavior [ RunTime:0.030685s ]
INFO: [ view_parse ] --END-- [ RunTime:0.030782s ]
INFO: [ view_filter ] --START--
INFO: Run Behavior\WriteHtmlCacheBehavior [ RunTime:0.000897s ]
INFO: [ view_filter ] --END-- [ RunTime:0.000961s ]
INFO: [ app_end ] --START--
INFO: Run Behavior\ShowPageTraceBehavior [ RunTime:0.001047s ]
INFO: [ app_end ] --END-- [ RunTime:0.001153s ]

[ 2017-03-24T16:46:51+08:00 ] ::1 /myBS/index.php/List/mdlist/title/%E6%AF%9B%E5%B7%BE%E6%9E%B6.html
INFO: [ app_init ] --START--
INFO: Run Behavior\BuildLiteBehavior [ RunTime:0.000017s ]
INFO: [ app_init ] --END-- [ RunTime:0.000390s ]
INFO: [ app_begin ] --START--
INFO: Run Behavior\ReadHtmlCacheBehavior [ RunTime:0.000668s ]
INFO: [ app_begin ] --END-- [ RunTime:0.000732s ]
SQL: SHOW COLUMNS FROM `jj_list` [ RunTime:0.0101s ]
SQL: SHOW COLUMNS FROM `jj_goods` [ RunTime:0.0088s ]
SQL: SHOW COLUMNS FROM `jj_class` [ RunTime:0.0058s ]
SQL: SELECT * FROM `jj_list` WHERE ( title='毛巾架' ) LIMIT 1   [ RunTime:0.0005s ]
SQL: SELECT * FROM `jj_goods` WHERE ( title='毛巾架' )  [ RunTime:0.0007s ]
SQL: SELECT `pid` FROM `jj_class` WHERE ( title='毛巾架' ) LIMIT 1   [ RunTime:0.0005s ]
SQL: SELECT * FROM `jj_class` WHERE ( id='41' ) LIMIT 1   [ RunTime:0.0004s ]
SQL: SELECT * FROM `jj_class` WHERE ( id='5' ) LIMIT 1   [ RunTime:0.0004s ]
NOTIC: [8] Undefined index: cart D:\XAMPP\htdocs\myBS\J-home\Home\Controller\ListController.class.php 第 49 行.
INFO: [ view_parse ] --START--
INFO: [ template_filter ] --START--
INFO: Run Behavior\ContentReplaceBehavior [ RunTime:0.000192s ]
INFO: [ template_filter ] --END-- [ RunTime:0.000325s ]
NOTIC: [8] Undefined variable: data D:\XAMPP\htdocs\myBS\J-home\Runtime\Cache\Home\dd6ef9fc4666f7a74ad05681f0884ba2.php 第 69 行.
INFO: Run Behavior\ParseTemplateBehavior [ RunTime:0.020379s ]
INFO: [ view_parse ] --END-- [ RunTime:0.020510s ]
INFO: [ view_filter ] --START--
INFO: Run Behavior\WriteHtmlCacheBehavior [ RunTime:0.000846s ]
INFO: [ view_filter ] --END-- [ RunTime:0.000982s ]
INFO: [ app_end ] --START--
INFO: Run Behavior\ShowPageTraceBehavior [ RunTime:0.000694s ]
INFO: [ app_end ] --END-- [ RunTime:0.000778s ]

[ 2017-03-24T16:46:57+08:00 ] ::1 /myBS/index.php/List/mdlist/title/%E6%B2%90%E6%B5%B4%E9%85%8D%E4%BB%B6.html
INFO: [ app_init ] --START--
INFO: Run Behavior\BuildLiteBehavior [ RunTime:0.000018s ]
INFO: [ app_init ] --END-- [ RunTime:0.000386s ]
INFO: [ app_begin ] --START--
INFO: Run Behavior\ReadHtmlCacheBehavior [ RunTime:0.000860s ]
INFO: [ app_begin ] --END-- [ RunTime:0.000948s ]
SQL: SHOW COLUMNS FROM `jj_list` [ RunTime:0.0388s ]
SQL: SHOW COLUMNS FROM `jj_goods` [ RunTime:0.0091s ]
SQL: SHOW COLUMNS FROM `jj_class` [ RunTime:0.0082s ]
SQL: SELECT * FROM `jj_list` WHERE ( title='沐浴配件' ) LIMIT 1   [ RunTime:0.0008s ]
SQL: SELECT * FROM `jj_goods` WHERE ( title='沐浴配件' )  [ RunTime:0.0014s ]
SQL: SELECT `pid` FROM `jj_class` WHERE ( title='沐浴配件' ) LIMIT 1   [ RunTime:0.0012s ]
SQL: SELECT * FROM `jj_class` WHERE ( id='41' ) LIMIT 1   [ RunTime:0.0008s ]
SQL: SELECT * FROM `jj_class` WHERE ( id='5' ) LIMIT 1   [ RunTime:0.0006s ]
NOTIC: [8] Undefined index: cart D:\XAMPP\htdocs\myBS\J-home\Home\Controller\ListController.class.php 第 49 行.
INFO: [ view_parse ] --START--
INFO: [ template_filter ] --START--
INFO: Run Behavior\ContentReplaceBehavior [ RunTime:0.000170s ]
INFO: [ template_filter ] --END-- [ RunTime:0.000283s ]
NOTIC: [8] Undefined variable: data D:\XAMPP\htdocs\myBS\J-home\Runtime\Cache\Home\dd6ef9fc4666f7a74ad05681f0884ba2.php 第 69 行.
INFO: Run Behavior\ParseTemplateBehavior [ RunTime:0.017422s ]
INFO: [ view_parse ] --END-- [ RunTime:0.017545s ]
INFO: [ view_filter ] --START--
INFO: Run Behavior\WriteHtmlCacheBehavior [ RunTime:0.000822s ]
INFO: [ view_filter ] --END-- [ RunTime:0.000918s ]
INFO: [ app_end ] --START--
INFO: Run Behavior\ShowPageTraceBehavior [ RunTime:0.001128s ]
INFO: [ app_end ] --END-- [ RunTime:0.001229s ]

[ 2017-03-24T16:47:09+08:00 ] ::1 /myBS/index.php/List/mdlist/title/%E6%B5%B4%E5%AE%A4%E9%85%8D%E4%BB%B6.html
INFO: [ app_init ] --START--
INFO: Run Behavior\BuildLiteBehavior [ RunTime:0.000017s ]
INFO: [ app_init ] --END-- [ RunTime:0.000418s ]
INFO: [ app_begin ] --START--
INFO: Run Behavior\ReadHtmlCacheBehavior [ RunTime:0.000677s ]
INFO: [ app_begin ] --END-- [ RunTime:0.000747s ]
SQL: SHOW COLUMNS FROM `jj_list` [ RunTime:0.0114s ]
SQL: SHOW COLUMNS FROM `jj_goods` [ RunTime:0.0102s ]
SQL: SHOW COLUMNS FROM `jj_class` [ RunTime:0.0073s ]
SQL: SELECT * FROM `jj_list` WHERE ( title='浴室配件' ) LIMIT 1   [ RunTime:0.0006s ]
SQL: SELECT * FROM `jj_goods` WHERE ( title='浴室配件' )  [ RunTime:0.0008s ]
SQL: SELECT `pid` FROM `jj_class` WHERE ( title='浴室配件' ) LIMIT 1   [ RunTime:0.0016s ]
SQL: SELECT * FROM `jj_class` WHERE ( id='5' ) LIMIT 1   [ RunTime:0.0005s ]
SQL: SELECT * FROM `jj_class` WHERE ( id='0' ) LIMIT 1   [ RunTime:0.0004s ]
NOTIC: [8] Undefined index: cart D:\XAMPP\htdocs\myBS\J-home\Home\Controller\ListController.class.php 第 49 行.
INFO: [ view_parse ] --START--
INFO: [ template_filter ] --START--
INFO: Run Behavior\ContentReplaceBehavior [ RunTime:0.000127s ]
INFO: [ template_filter ] --END-- [ RunTime:0.000203s ]
NOTIC: [8] Undefined variable: data D:\XAMPP\htdocs\myBS\J-home\Runtime\Cache\Home\dd6ef9fc4666f7a74ad05681f0884ba2.php 第 69 行.
INFO: Run Behavior\ParseTemplateBehavior [ RunTime:0.016541s ]
INFO: [ view_parse ] --END-- [ RunTime:0.016637s ]
INFO: [ view_filter ] --START--
INFO: Run Behavior\WriteHtmlCacheBehavior [ RunTime:0.000472s ]
INFO: [ view_filter ] --END-- [ RunTime:0.000538s ]
INFO: [ app_end ] --START--
INFO: Run Behavior\ShowPageTraceBehavior [ RunTime:0.000645s ]
INFO: [ app_end ] --END-- [ RunTime:0.000702s ]

[ 2017-03-24T16:50:18+08:00 ] ::1 /myBS/index.php/List/mdlist/title/%E6%B2%90%E6%B5%B4%E9%85%8D%E4%BB%B6.html
INFO: [ app_init ] --START--
INFO: Run Behavior\BuildLiteBehavior [ RunTime:0.000017s ]
INFO: [ app_init ] --END-- [ RunTime:0.000413s ]
INFO: [ app_begin ] --START--
INFO: Run Behavior\ReadHtmlCacheBehavior [ RunTime:0.000689s ]
INFO: [ app_begin ] --END-- [ RunTime:0.000755s ]
SQL: SHOW COLUMNS FROM `jj_list` [ RunTime:0.0045s ]
SQL: SHOW COLUMNS FROM `jj_goods` [ RunTime:0.0041s ]
SQL: SHOW COLUMNS FROM `jj_class` [ RunTime:0.0034s ]
SQL: SELECT * FROM `jj_list` WHERE ( title='沐浴配件' ) LIMIT 1   [ RunTime:0.0003s ]
SQL: SELECT * FROM `jj_goods` WHERE ( title='沐浴配件' )  [ RunTime:0.0005s ]
SQL: SELECT `pid` FROM `jj_class` WHERE ( title='沐浴配件' ) LIMIT 1   [ RunTime:0.0004s ]
SQL: SELECT * FROM `jj_class` WHERE ( id='41' ) LIMIT 1   [ RunTime:0.0004s ]
SQL: SELECT * FROM `jj_class` WHERE ( id='5' ) LIMIT 1   [ RunTime:0.0003s ]
NOTIC: [8] Undefined index: cart D:\XAMPP\htdocs\myBS\J-home\Home\Controller\ListController.class.php 第 49 行.
INFO: [ view_parse ] --START--
INFO: [ template_filter ] --START--
INFO: Run Behavior\ContentReplaceBehavior [ RunTime:0.000102s ]
INFO: [ template_filter ] --END-- [ RunTime:0.000175s ]
NOTIC: [8] Undefined variable: data D:\XAMPP\htdocs\myBS\J-home\Runtime\Cache\Home\dd6ef9fc4666f7a74ad05681f0884ba2.php 第 69 行.
INFO: Run Behavior\ParseTemplateBehavior [ RunTime:0.010726s ]
INFO: [ view_parse ] --END-- [ RunTime:0.010795s ]
INFO: [ view_filter ] --START--
INFO: Run Behavior\WriteHtmlCacheBehavior [ RunTime:0.000490s ]
INFO: [ view_filter ] --END-- [ RunTime:0.000545s ]
INFO: [ app_end ] --START--
INFO: Run Behavior\ShowPageTraceBehavior [ RunTime:0.000652s ]
INFO: [ app_end ] --END-- [ RunTime:0.000711s ]

[ 2017-03-24T16:50:26+08:00 ] ::1 /myBS/index.php/List/mdlist/title/%E6%90%81%E6%9D%BF.html
INFO: [ app_init ] --START--
INFO: Run Behavior\BuildLiteBehavior [ RunTime:0.000016s ]
INFO: [ app_init ] --END-- [ RunTime:0.000358s ]
INFO: [ app_begin ] --START--
INFO: Run Behavior\ReadHtmlCacheBehavior [ RunTime:0.000635s ]
INFO: [ app_begin ] --END-- [ RunTime:0.000701s ]
SQL: SHOW COLUMNS FROM `jj_list` [ RunTime:0.0452s ]
SQL: SHOW COLUMNS FROM `jj_goods` [ RunTime:0.0062s ]
SQL: SHOW COLUMNS FROM `jj_class` [ RunTime:0.0068s ]
SQL: SELECT * FROM `jj_list` WHERE ( title='搁板' ) LIMIT 1   [ RunTime:0.0005s ]
SQL: SELECT * FROM `jj_goods` WHERE ( title='搁板' )  [ RunTime:0.0009s ]
SQL: SELECT `pid` FROM `jj_class` WHERE ( title='搁板' ) LIMIT 1   [ RunTime:0.0006s ]
SQL: SELECT * FROM `jj_class` WHERE ( id='41' ) LIMIT 1   [ RunTime:0.0004s ]
SQL: SELECT * FROM `jj_class` WHERE ( id='5' ) LIMIT 1   [ RunTime:0.0004s ]
NOTIC: [8] Undefined index: cart D:\XAMPP\htdocs\myBS\J-home\Home\Controller\ListController.class.php 第 49 行.
INFO: [ view_parse ] --START--
INFO: [ template_filter ] --START--
INFO: Run Behavior\ContentReplaceBehavior [ RunTime:0.000191s ]
INFO: [ template_filter ] --END-- [ RunTime:0.000334s ]
NOTIC: [8] Undefined variable: data D:\XAMPP\htdocs\myBS\J-home\Runtime\Cache\Home\dd6ef9fc4666f7a74ad05681f0884ba2.php 第 69 行.
INFO: Run Behavior\ParseTemplateBehavior [ RunTime:0.020679s ]
INFO: [ view_parse ] --END-- [ RunTime:0.020809s ]
INFO: [ view_filter ] --START--
INFO: Run Behavior\WriteHtmlCacheBehavior [ RunTime:0.000914s ]
INFO: [ view_filter ] --END-- [ RunTime:0.001022s ]
INFO: [ app_end ] --START--
INFO: Run Behavior\ShowPageTraceBehavior [ RunTime:0.001300s ]
INFO: [ app_end ] --END-- [ RunTime:0.001413s ]

[ 2017-03-24T17:03:23+08:00 ] ::1 /myBS/index.php/Index/index.html
INFO: [ app_init ] --START--
INFO: Run Behavior\BuildLiteBehavior [ RunTime:0.000017s ]
INFO: [ app_init ] --END-- [ RunTime:0.000420s ]
INFO: [ app_begin ] --START--
INFO: Run Behavior\ReadHtmlCacheBehavior [ RunTime:0.000656s ]
INFO: [ app_begin ] --END-- [ RunTime:0.000721s ]
SQL: SHOW COLUMNS FROM `jj_class` [ RunTime:0.0099s ]
SQL: SHOW COLUMNS FROM `jj_goods` [ RunTime:0.0095s ]
SQL: SHOW COLUMNS FROM `jj_banner` [ RunTime:0.0194s ]
SQL: SELECT * FROM `jj_banner` WHERE ( position='大屏' ) LIMIT 1   [ RunTime:0.0009s ]
SQL: SELECT * FROM `jj_banner` WHERE ( position='客厅' ) LIMIT 1   [ RunTime:0.0007s ]
SQL: SELECT * FROM `jj_banner` WHERE ( position='卧室' ) LIMIT 1   [ RunTime:0.0008s ]
SQL: SELECT * FROM `jj_banner` WHERE ( position='厨房' ) LIMIT 1   [ RunTime:0.0010s ]
SQL: SELECT * FROM `jj_banner` WHERE ( position='餐厅' ) LIMIT 1   [ RunTime:0.0008s ]
SQL: SELECT * FROM `jj_banner` WHERE ( position='浴室' ) LIMIT 1   [ RunTime:0.0007s ]
SQL: SELECT * FROM `jj_class`  [ RunTime:0.0024s ]
SQL: SELECT `title` FROM `jj_class` WHERE ( `id` > 44 AND `id` < 80  )  [ RunTime:0.0014s ]
SQL: SELECT * FROM `jj_goods` WHERE `title` = '布艺沙发' AND `index_show` = 1 ORDER BY id desc  [ RunTime:0.0013s ]
SQL: SELECT * FROM `jj_goods` WHERE `title` = '皮沙发和人造革沙发' AND `index_show` = 1 ORDER BY id desc  [ RunTime:0.0010s ]
SQL: SELECT * FROM `jj_goods` WHERE `title` = '沙发床' AND `index_show` = 1 ORDER BY id desc  [ RunTime:0.0010s ]
SQL: SELECT * FROM `jj_goods` WHERE `title` = '组合沙发' AND `index_show` = 1 ORDER BY id desc  [ RunTime:0.0020s ]
SQL: SELECT * FROM `jj_goods` WHERE `title` = '贵妃椅' AND `index_show` = 1 ORDER BY id desc  [ RunTime:0.0012s ]
SQL: SELECT * FROM `jj_goods` WHERE `title` = '脚蹬和矮凳' AND `index_show` = 1 ORDER BY id desc  [ RunTime:0.0011s ]
SQL: SELECT * FROM `jj_goods` WHERE `title` = '单人沙发和扶手椅' AND `index_show` = 1 ORDER BY id desc  [ RunTime:0.0011s ]
SQL: SELECT * FROM `jj_goods` WHERE `title` = '备用沙发套' AND `index_show` = 1 ORDER BY id desc  [ RunTime:0.0010s ]
SQL: SELECT * FROM `jj_goods` WHERE `title` = '书柜' AND `index_show` = 1 ORDER BY id desc  [ RunTime:0.0010s ]
SQL: SELECT * FROM `jj_goods` WHERE `title` = '储物系列' AND `index_show` = 1 ORDER BY id desc  [ RunTime:0.0009s ]
SQL: SELECT * FROM `jj_goods` WHERE `title` = '搁架单元' AND `index_show` = 1 ORDER BY id desc  [ RunTime:0.0010s ]
SQL: SELECT * FROM `jj_goods` WHERE `title` = '连壁搁板' AND `index_show` = 1 ORDER BY id desc  [ RunTime:0.0017s ]
SQL: SELECT * FROM `jj_goods` WHERE `title` = '橱柜和展示柜' AND `index_show` = 1 ORDER BY id desc  [ RunTime:0.0011s ]
SQL: SELECT * FROM `jj_goods` WHERE `title` = '储物盒和储物篮' AND `index_show` = 1 ORDER BY id desc  [ RunTime:0.0012s ]
SQL: SELECT * FROM `jj_goods` WHERE `title` = '餐边柜和长几' AND `index_show` = 1 ORDER BY id desc  [ RunTime:0.0010s ]
SQL: SELECT * FROM `jj_goods` WHERE `title` = 'LED灯具' AND `index_show` = 1 ORDER BY id desc  [ RunTime:0.0006s ]
SQL: SELECT * FROM `jj_goods` WHERE `title` = '台灯' AND `index_show` = 1 ORDER BY id desc  [ RunTime:0.0006s ]
SQL: SELECT * FROM `jj_goods` WHERE `title` = '落地灯' AND `index_show` = 1 ORDER BY id desc  [ RunTime:0.0006s ]
SQL: SELECT * FROM `jj_goods` WHERE `title` = '顶灯' AND `index_show` = 1 ORDER BY id desc  [ RunTime:0.0006s ]
SQL: SELECT * FROM `jj_goods` WHERE `title` = '内置照明' AND `index_show` = 1 ORDER BY id desc  [ RunTime:0.0006s ]
SQL: SELECT * FROM `jj_goods` WHERE `title` = '壁灯' AND `index_show` = 1 ORDER BY id desc  [ RunTime:0.0006s ]
SQL: SELECT * FROM `jj_goods` WHERE `title` = '射灯' AND `index_show` = 1 ORDER BY id desc  [ RunTime:0.0006s ]
SQL: SELECT * FROM `jj_goods` WHERE `title` = '灯罩、灯座和电线' AND `index_show` = 1 ORDER BY id desc  [ RunTime:0.0006s ]
SQL: SELECT * FROM `jj_goods` WHERE `title` = '灯泡和配件' AND `index_show` = 1 ORDER BY id desc  [ RunTime:0.0006s ]
SQL: SELECT * FROM `jj_goods` WHERE `title` = '地毯' AND `index_show` = 1 ORDER BY id desc  [ RunTime:0.0008s ]
SQL: SELECT * FROM `jj_goods` WHERE `title` = '靠垫和靠垫套' AND `index_show` = 1 ORDER BY id desc  [ RunTime:0.0009s ]
SQL: SELECT * FROM `jj_goods` WHERE `title` = '窗帘杆和轨道' AND `index_show` = 1 ORDER BY id desc  [ RunTime:0.0006s ]
SQL: SELECT * FROM `jj_goods` WHERE `title` = '窗帘和百叶帘' AND `index_show` = 1 ORDER BY id desc  [ RunTime:0.0006s ]
SQL: SELECT * FROM `jj_goods` WHERE `title` = '毯子和休闲毯' AND `index_show` = 1 ORDER BY id desc  [ RunTime:0.0006s ]
SQL: SELECT * FROM `jj_goods` WHERE `title` = '布料和缝纫用品' AND `index_show` = 1 ORDER BY id desc  [ RunTime:0.0006s ]
SQL: SELECT * FROM `jj_goods` WHERE `title` = '电视柜' AND `index_show` = 1 ORDER BY id desc  [ RunTime:0.0006s ]
SQL: SELECT * FROM `jj_goods` WHERE `title` = '电视及视听设备储物' AND `index_show` = 1 ORDER BY id desc  [ RunTime:0.0006s ]
SQL: SELECT * FROM `jj_goods` WHERE `title` = '茶几' AND `index_show` = 1 ORDER BY id desc  [ RunTime:0.0006s ]
SQL: SELECT * FROM `jj_goods` WHERE `title` = '边桌' AND `index_show` = 1 ORDER BY id desc  [ RunTime:0.0006s ]
SQL: SELECT * FROM `jj_goods` WHERE `title` = '视听用品储物台' AND `index_show` = 1 ORDER BY id desc  [ RunTime:0.0006s ]
NOTIC: [8] Undefined index: cart D:\XAMPP\htdocs\myBS\J-home\Home\Controller\IndexController.class.php 第 39 行.
INFO: [ view_parse ] --START--
INFO: [ template_filter ] --START--
INFO: Run Behavior\ContentReplaceBehavior [ RunTime:0.000243s ]
INFO: [ template_filter ] --END-- [ RunTime:0.000317s ]
INFO: Run Behavior\ParseTemplateBehavior [ RunTime:0.035469s ]
INFO: [ view_parse ] --END-- [ RunTime:0.035594s ]
INFO: [ view_filter ] --START--
INFO: Run Behavior\WriteHtmlCacheBehavior [ RunTime:0.000657s ]
INFO: [ view_filter ] --END-- [ RunTime:0.000712s ]
INFO: [ app_end ] --START--
INFO: Run Behavior\ShowPageTraceBehavior [ RunTime:0.001449s ]
INFO: [ app_end ] --END-- [ RunTime:0.001581s ]

[ 2017-03-24T17:03:26+08:00 ] ::1 /myBS/index.php/List/mdlist/title/%E6%B4%97%E8%84%B8%E6%B1%A0.html
INFO: [ app_init ] --START--
INFO: Run Behavior\BuildLiteBehavior [ RunTime:0.000017s ]
INFO: [ app_init ] --END-- [ RunTime:0.000388s ]
INFO: [ app_begin ] --START--
INFO: Run Behavior\ReadHtmlCacheBehavior [ RunTime:0.001387s ]
INFO: [ app_begin ] --END-- [ RunTime:0.001480s ]
SQL: SHOW COLUMNS FROM `jj_list` [ RunTime:0.0102s ]
SQL: SHOW COLUMNS FROM `jj_goods` [ RunTime:0.0164s ]
SQL: SHOW COLUMNS FROM `jj_class` [ RunTime:0.0086s ]
SQL: SELECT * FROM `jj_list` WHERE ( title='洗脸池' ) LIMIT 1   [ RunTime:0.0008s ]
SQL: SELECT * FROM `jj_goods` WHERE ( title='洗脸池' )  [ RunTime:0.0014s ]
SQL: SELECT `pid` FROM `jj_class` WHERE ( title='洗脸池' ) LIMIT 1   [ RunTime:0.0010s ]
SQL: SELECT * FROM `jj_class` WHERE ( id='5' ) LIMIT 1   [ RunTime:0.0007s ]
SQL: SELECT * FROM `jj_class` WHERE ( id='0' ) LIMIT 1   [ RunTime:0.0007s ]
NOTIC: [8] Undefined index: cart D:\XAMPP\htdocs\myBS\J-home\Home\Controller\ListController.class.php 第 49 行.
INFO: [ view_parse ] --START--
INFO: [ template_filter ] --START--
INFO: Run Behavior\ContentReplaceBehavior [ RunTime:0.000319s ]
INFO: [ template_filter ] --END-- [ RunTime:0.000547s ]
NOTIC: [8] Undefined variable: data D:\XAMPP\htdocs\myBS\J-home\Runtime\Cache\Home\dd6ef9fc4666f7a74ad05681f0884ba2.php 第 69 行.
INFO: Run Behavior\ParseTemplateBehavior [ RunTime:0.032995s ]
INFO: [ view_parse ] --END-- [ RunTime:0.033151s ]
INFO: [ view_filter ] --START--
INFO: Run Behavior\WriteHtmlCacheBehavior [ RunTime:0.000833s ]
INFO: [ view_filter ] --END-- [ RunTime:0.000928s ]
INFO: [ app_end ] --START--
INFO: Run Behavior\ShowPageTraceBehavior [ RunTime:0.001330s ]
INFO: [ app_end ] --END-- [ RunTime:0.001433s ]

[ 2017-03-24T17:06:18+08:00 ] ::1 /myBS/index.php/Index/index.html
INFO: [ app_init ] --START--
INFO: Run Behavior\BuildLiteBehavior [ RunTime:0.000017s ]
INFO: [ app_init ] --END-- [ RunTime:0.000382s ]
INFO: [ app_begin ] --START--
INFO: Run Behavior\ReadHtmlCacheBehavior [ RunTime:0.001436s ]
INFO: [ app_begin ] --END-- [ RunTime:0.001519s ]
SQL: SHOW COLUMNS FROM `jj_class` [ RunTime:0.0104s ]
SQL: SHOW COLUMNS FROM `jj_goods` [ RunTime:0.0100s ]
SQL: SHOW COLUMNS FROM `jj_banner` [ RunTime:0.0055s ]
SQL: SELECT * FROM `jj_banner` WHERE ( position='大屏' ) LIMIT 1   [ RunTime:0.0005s ]
SQL: SELECT * FROM `jj_banner` WHERE ( position='客厅' ) LIMIT 1   [ RunTime:0.0004s ]
SQL: SELECT * FROM `jj_banner` WHERE ( position='卧室' ) LIMIT 1   [ RunTime:0.0004s ]
SQL: SELECT * FROM `jj_banner` WHERE ( position='厨房' ) LIMIT 1   [ RunTime:0.0004s ]
SQL: SELECT * FROM `jj_banner` WHERE ( position='餐厅' ) LIMIT 1   [ RunTime:0.0004s ]
SQL: SELECT * FROM `jj_banner` WHERE ( position='浴室' ) LIMIT 1   [ RunTime:0.0004s ]
SQL: SELECT * FROM `jj_class`  [ RunTime:0.0015s ]
SQL: SELECT `title` FROM `jj_class` WHERE ( `id` > 44 AND `id` < 80  )  [ RunTime:0.0009s ]
SQL: SELECT * FROM `jj_goods` WHERE `title` = '布艺沙发' AND `index_show` = 1 ORDER BY id desc  [ RunTime:0.0010s ]
SQL: SELECT * FROM `jj_goods` WHERE `title` = '皮沙发和人造革沙发' AND `index_show` = 1 ORDER BY id desc  [ RunTime:0.0007s ]
SQL: SELECT * FROM `jj_goods` WHERE `title` = '沙发床' AND `index_show` = 1 ORDER BY id desc  [ RunTime:0.0006s ]
SQL: SELECT * FROM `jj_goods` WHERE `title` = '组合沙发' AND `index_show` = 1 ORDER BY id desc  [ RunTime:0.0011s ]
SQL: SELECT * FROM `jj_goods` WHERE `title` = '贵妃椅' AND `index_show` = 1 ORDER BY id desc  [ RunTime:0.0006s ]
SQL: SELECT * FROM `jj_goods` WHERE `title` = '脚蹬和矮凳' AND `index_show` = 1 ORDER BY id desc  [ RunTime:0.0006s ]
SQL: SELECT * FROM `jj_goods` WHERE `title` = '单人沙发和扶手椅' AND `index_show` = 1 ORDER BY id desc  [ RunTime:0.0007s ]
SQL: SELECT * FROM `jj_goods` WHERE `title` = '备用沙发套' AND `index_show` = 1 ORDER BY id desc  [ RunTime:0.0006s ]
SQL: SELECT * FROM `jj_goods` WHERE `title` = '书柜' AND `index_show` = 1 ORDER BY id desc  [ RunTime:0.0007s ]
SQL: SELECT * FROM `jj_goods` WHERE `title` = '储物系列' AND `index_show` = 1 ORDER BY id desc  [ RunTime:0.0006s ]
SQL: SELECT * FROM `jj_goods` WHERE `title` = '搁架单元' AND `index_show` = 1 ORDER BY id desc  [ RunTime:0.0006s ]
SQL: SELECT * FROM `jj_goods` WHERE `title` = '连壁搁板' AND `index_show` = 1 ORDER BY id desc  [ RunTime:0.0006s ]
SQL: SELECT * FROM `jj_goods` WHERE `title` = '橱柜和展示柜' AND `index_show` = 1 ORDER BY id desc  [ RunTime:0.0005s ]
SQL: SELECT * FROM `jj_goods` WHERE `title` = '储物盒和储物篮' AND `index_show` = 1 ORDER BY id desc  [ RunTime:0.0007s ]
SQL: SELECT * FROM `jj_goods` WHERE `title` = '餐边柜和长几' AND `index_show` = 1 ORDER BY id desc  [ RunTime:0.0005s ]
SQL: SELECT * FROM `jj_goods` WHERE `title` = 'LED灯具' AND `index_show` = 1 ORDER BY id desc  [ RunTime:0.0005s ]
SQL: SELECT * FROM `jj_goods` WHERE `title` = '台灯' AND `index_show` = 1 ORDER BY id desc  [ RunTime:0.0005s ]
SQL: SELECT * FROM `jj_goods` WHERE `title` = '落地灯' AND `index_show` = 1 ORDER BY id desc  [ RunTime:0.0005s ]
SQL: SELECT * FROM `jj_goods` WHERE `title` = '顶灯' AND `index_show` = 1 ORDER BY id desc  [ RunTime:0.0005s ]
SQL: SELECT * FROM `jj_goods` WHERE `title` = '内置照明' AND `index_show` = 1 ORDER BY id desc  [ RunTime:0.0005s ]
SQL: SELECT * FROM `jj_goods` WHERE `title` = '壁灯' AND `index_show` = 1 ORDER BY id desc  [ RunTime:0.0005s ]
SQL: SELECT * FROM `jj_goods` WHERE `title` = '射灯' AND `index_show` = 1 ORDER BY id desc  [ RunTime:0.0005s ]
SQL: SELECT * FROM `jj_goods` WHERE `title` = '灯罩、灯座和电线' AND `index_show` = 1 ORDER BY id desc  [ RunTime:0.0005s ]
SQL: SELECT * FROM `jj_goods` WHERE `title` = '灯泡和配件' AND `index_show` = 1 ORDER BY id desc  [ RunTime:0.0005s ]
SQL: SELECT * FROM `jj_goods` WHERE `title` = '地毯' AND `index_show` = 1 ORDER BY id desc  [ RunTime:0.0005s ]
SQL: SELECT * FROM `jj_goods` WHERE `title` = '靠垫和靠垫套' AND `index_show` = 1 ORDER BY id desc  [ RunTime:0.0005s ]
SQL: SELECT * FROM `jj_goods` WHERE `title` = '窗帘杆和轨道' AND `index_show` = 1 ORDER BY id desc  [ RunTime:0.0006s ]
SQL: SELECT * FROM `jj_goods` WHERE `title` = '窗帘和百叶帘' AND `index_show` = 1 ORDER BY id desc  [ RunTime:0.0005s ]
SQL: SELECT * FROM `jj_goods` WHERE `title` = '毯子和休闲毯' AND `index_show` = 1 ORDER BY id desc  [ RunTime:0.0004s ]
SQL: SELECT * FROM `jj_goods` WHERE `title` = '布料和缝纫用品' AND `index_show` = 1 ORDER BY id desc  [ RunTime:0.0004s ]
SQL: SELECT * FROM `jj_goods` WHERE `title` = '电视柜' AND `index_show` = 1 ORDER BY id desc  [ RunTime:0.0005s ]
SQL: SELECT * FROM `jj_goods` WHERE `title` = '电视及视听设备储物' AND `index_show` = 1 ORDER BY id desc  [ RunTime:0.0005s ]
SQL: SELECT * FROM `jj_goods` WHERE `title` = '茶几' AND `index_show` = 1 ORDER BY id desc  [ RunTime:0.0005s ]
SQL: SELECT * FROM `jj_goods` WHERE `title` = '边桌' AND `index_show` = 1 ORDER BY id desc  [ RunTime:0.0007s ]
SQL: SELECT * FROM `jj_goods` WHERE `title` = '视听用品储物台' AND `index_show` = 1 ORDER BY id desc  [ RunTime:0.0005s ]
NOTIC: [8] Undefined index: cart D:\XAMPP\htdocs\myBS\J-home\Home\Controller\IndexController.class.php 第 39 行.
INFO: [ view_parse ] --START--
INFO: [ template_filter ] --START--
INFO: Run Behavior\ContentReplaceBehavior [ RunTime:0.000240s ]
INFO: [ template_filter ] --END-- [ RunTime:0.000311s ]
INFO: Run Behavior\ParseTemplateBehavior [ RunTime:0.029874s ]
INFO: [ view_parse ] --END-- [ RunTime:0.029964s ]
INFO: [ view_filter ] --START--
INFO: Run Behavior\WriteHtmlCacheBehavior [ RunTime:0.000554s ]
INFO: [ view_filter ] --END-- [ RunTime:0.000627s ]
INFO: [ app_end ] --START--
INFO: Run Behavior\ShowPageTraceBehavior [ RunTime:0.001280s ]
INFO: [ app_end ] --END-- [ RunTime:0.001389s ]

[ 2017-03-24T17:06:23+08:00 ] ::1 /myBS/index.php/List/mdlist/title/%E6%B0%B4%E9%BE%99%E5%A4%B4.html
INFO: [ app_init ] --START--
INFO: Run Behavior\BuildLiteBehavior [ RunTime:0.000017s ]
INFO: [ app_init ] --END-- [ RunTime:0.000410s ]
INFO: [ app_begin ] --START--
INFO: Run Behavior\ReadHtmlCacheBehavior [ RunTime:0.000673s ]
INFO: [ app_begin ] --END-- [ RunTime:0.000745s ]
SQL: SHOW COLUMNS FROM `jj_list` [ RunTime:0.0047s ]
SQL: SHOW COLUMNS FROM `jj_goods` [ RunTime:0.0036s ]
SQL: SHOW COLUMNS FROM `jj_class` [ RunTime:0.0048s ]
SQL: SELECT * FROM `jj_list` WHERE ( title='水龙头' ) LIMIT 1   [ RunTime:0.0004s ]
SQL: SELECT * FROM `jj_goods` WHERE ( title='水龙头' )  [ RunTime:0.0007s ]
SQL: SELECT `pid` FROM `jj_class` WHERE ( title='水龙头' ) LIMIT 1   [ RunTime:0.0004s ]
SQL: SELECT * FROM `jj_class` WHERE ( id='5' ) LIMIT 1   [ RunTime:0.0006s ]
SQL: SELECT * FROM `jj_class` WHERE ( id='0' ) LIMIT 1   [ RunTime:0.0003s ]
NOTIC: [8] Undefined index: cart D:\XAMPP\htdocs\myBS\J-home\Home\Controller\ListController.class.php 第 49 行.
INFO: [ view_parse ] --START--
INFO: [ template_filter ] --START--
INFO: Run Behavior\ContentReplaceBehavior [ RunTime:0.000099s ]
INFO: [ template_filter ] --END-- [ RunTime:0.000165s ]
NOTIC: [8] Undefined variable: data D:\XAMPP\htdocs\myBS\J-home\Runtime\Cache\Home\dd6ef9fc4666f7a74ad05681f0884ba2.php 第 69 行.
INFO: Run Behavior\ParseTemplateBehavior [ RunTime:0.051467s ]
INFO: [ view_parse ] --END-- [ RunTime:0.051775s ]
INFO: [ view_filter ] --START--
INFO: Run Behavior\WriteHtmlCacheBehavior [ RunTime:0.002005s ]
INFO: [ view_filter ] --END-- [ RunTime:0.002196s ]
INFO: [ app_end ] --START--
INFO: Run Behavior\ShowPageTraceBehavior [ RunTime:0.002165s ]
INFO: [ app_end ] --END-- [ RunTime:0.002354s ]

[ 2017-03-24T17:06:53+08:00 ] ::1 /myBS/index.php/Index/index.html
INFO: [ app_init ] --START--
INFO: Run Behavior\BuildLiteBehavior [ RunTime:0.000027s ]
INFO: [ app_init ] --END-- [ RunTime:0.000610s ]
INFO: [ app_begin ] --START--
INFO: Run Behavior\ReadHtmlCacheBehavior [ RunTime:0.000682s ]
INFO: [ app_begin ] --END-- [ RunTime:0.000750s ]
SQL: SHOW COLUMNS FROM `jj_class` [ RunTime:0.0058s ]
SQL: SHOW COLUMNS FROM `jj_goods` [ RunTime:0.0050s ]
SQL: SHOW COLUMNS FROM `jj_banner` [ RunTime:0.0116s ]
SQL: SELECT * FROM `jj_banner` WHERE ( position='大屏' ) LIMIT 1   [ RunTime:0.0005s ]
SQL: SELECT * FROM `jj_banner` WHERE ( position='客厅' ) LIMIT 1   [ RunTime:0.0004s ]
SQL: SELECT * FROM `jj_banner` WHERE ( position='卧室' ) LIMIT 1   [ RunTime:0.0004s ]
SQL: SELECT * FROM `jj_banner` WHERE ( position='厨房' ) LIMIT 1   [ RunTime:0.0004s ]
SQL: SELECT * FROM `jj_banner` WHERE ( position='餐厅' ) LIMIT 1   [ RunTime:0.0004s ]
SQL: SELECT * FROM `jj_banner` WHERE ( position='浴室' ) LIMIT 1   [ RunTime:0.0004s ]
SQL: SELECT * FROM `jj_class`  [ RunTime:0.0013s ]
SQL: SELECT `title` FROM `jj_class` WHERE ( `id` > 44 AND `id` < 80  )  [ RunTime:0.0008s ]
SQL: SELECT * FROM `jj_goods` WHERE `title` = '布艺沙发' AND `index_show` = 1 ORDER BY id desc  [ RunTime:0.0007s ]
SQL: SELECT * FROM `jj_goods` WHERE `title` = '皮沙发和人造革沙发' AND `index_show` = 1 ORDER BY id desc  [ RunTime:0.0005s ]
SQL: SELECT * FROM `jj_goods` WHERE `title` = '沙发床' AND `index_show` = 1 ORDER BY id desc  [ RunTime:0.0006s ]
SQL: SELECT * FROM `jj_goods` WHERE `title` = '组合沙发' AND `index_show` = 1 ORDER BY id desc  [ RunTime:0.0010s ]
SQL: SELECT * FROM `jj_goods` WHERE `title` = '贵妃椅' AND `index_show` = 1 ORDER BY id desc  [ RunTime:0.0005s ]
SQL: SELECT * FROM `jj_goods` WHERE `title` = '脚蹬和矮凳' AND `index_show` = 1 ORDER BY id desc  [ RunTime:0.0005s ]
SQL: SELECT * FROM `jj_goods` WHERE `title` = '单人沙发和扶手椅' AND `index_show` = 1 ORDER BY id desc  [ RunTime:0.0006s ]
SQL: SELECT * FROM `jj_goods` WHERE `title` = '备用沙发套' AND `index_show` = 1 ORDER BY id desc  [ RunTime:0.0005s ]
SQL: SELECT * FROM `jj_goods` WHERE `title` = '书柜' AND `index_show` = 1 ORDER BY id desc  [ RunTime:0.0005s ]
SQL: SELECT * FROM `jj_goods` WHERE `title` = '储物系列' AND `index_show` = 1 ORDER BY id desc  [ RunTime:0.0005s ]
SQL: SELECT * FROM `jj_goods` WHERE `title` = '搁架单元' AND `index_show` = 1 ORDER BY id desc  [ RunTime:0.0005s ]
SQL: SELECT * FROM `jj_goods` WHERE `title` = '连壁搁板' AND `index_show` = 1 ORDER BY id desc  [ RunTime:0.0009s ]
SQL: SELECT * FROM `jj_goods` WHERE `title` = '橱柜和展示柜' AND `index_show` = 1 ORDER BY id desc  [ RunTime:0.0006s ]
SQL: SELECT * FROM `jj_goods` WHERE `title` = '储物盒和储物篮' AND `index_show` = 1 ORDER BY id desc  [ RunTime:0.0005s ]
SQL: SELECT * FROM `jj_goods` WHERE `title` = '餐边柜和长几' AND `index_show` = 1 ORDER BY id desc  [ RunTime:0.0005s ]
SQL: SELECT * FROM `jj_goods` WHERE `title` = 'LED灯具' AND `index_show` = 1 ORDER BY id desc  [ RunTime:0.0005s ]
SQL: SELECT * FROM `jj_goods` WHERE `title` = '台灯' AND `index_show` = 1 ORDER BY id desc  [ RunTime:0.0005s ]
SQL: SELECT * FROM `jj_goods` WHERE `title` = '落地灯' AND `index_show` = 1 ORDER BY id desc  [ RunTime:0.0005s ]
SQL: SELECT * FROM `jj_goods` WHERE `title` = '顶灯' AND `index_show` = 1 ORDER BY id desc  [ RunTime:0.0005s ]
SQL: SELECT * FROM `jj_goods` WHERE `title` = '内置照明' AND `index_show` = 1 ORDER BY id desc  [ RunTime:0.0007s ]
SQL: SELECT * FROM `jj_goods` WHERE `title` = '壁灯' AND `index_show` = 1 ORDER BY id desc  [ RunTime:0.0012s ]
SQL: SELECT * FROM `jj_goods` WHERE `title` = '射灯' AND `index_show` = 1 ORDER BY id desc  [ RunTime:0.0005s ]
SQL: SELECT * FROM `jj_goods` WHERE `title` = '灯罩、灯座和电线' AND `index_show` = 1 ORDER BY id desc  [ RunTime:0.0005s ]
SQL: SELECT * FROM `jj_goods` WHERE `title` = '灯泡和配件' AND `index_show` = 1 ORDER BY id desc  [ RunTime:0.0005s ]
SQL: SELECT * FROM `jj_goods` WHERE `title` = '地毯' AND `index_show` = 1 ORDER BY id desc  [ RunTime:0.0005s ]
SQL: SELECT * FROM `jj_goods` WHERE `title` = '靠垫和靠垫套' AND `index_show` = 1 ORDER BY id desc  [ RunTime:0.0005s ]
SQL: SELECT * FROM `jj_goods` WHERE `title` = '窗帘杆和轨道' AND `index_show` = 1 ORDER BY id desc  [ RunTime:0.0005s ]
SQL: SELECT * FROM `jj_goods` WHERE `title` = '窗帘和百叶帘' AND `index_show` = 1 ORDER BY id desc  [ RunTime:0.0005s ]
SQL: SELECT * FROM `jj_goods` WHERE `title` = '毯子和休闲毯' AND `index_show` = 1 ORDER BY id desc  [ RunTime:0.0005s ]
SQL: SELECT * FROM `jj_goods` WHERE `title` = '布料和缝纫用品' AND `index_show` = 1 ORDER BY id desc  [ RunTime:0.0005s ]
SQL: SELECT * FROM `jj_goods` WHERE `title` = '电视柜' AND `index_show` = 1 ORDER BY id desc  [ RunTime:0.0005s ]
SQL: SELECT * FROM `jj_goods` WHERE `title` = '电视及视听设备储物' AND `index_show` = 1 ORDER BY id desc  [ RunTime:0.0006s ]
SQL: SELECT * FROM `jj_goods` WHERE `title` = '茶几' AND `index_show` = 1 ORDER BY id desc  [ RunTime:0.0005s ]
SQL: SELECT * FROM `jj_goods` WHERE `title` = '边桌' AND `index_show` = 1 ORDER BY id desc  [ RunTime:0.0005s ]
SQL: SELECT * FROM `jj_goods` WHERE `title` = '视听用品储物台' AND `index_show` = 1 ORDER BY id desc  [ RunTime:0.0005s ]
NOTIC: [8] Undefined index: cart D:\XAMPP\htdocs\myBS\J-home\Home\Controller\IndexController.class.php 第 39 行.
INFO: [ view_parse ] --START--
INFO: [ template_filter ] --START--
INFO: Run Behavior\ContentReplaceBehavior [ RunTime:0.000270s ]
INFO: [ template_filter ] --END-- [ RunTime:0.000340s ]
INFO: Run Behavior\ParseTemplateBehavior [ RunTime:0.039426s ]
INFO: [ view_parse ] --END-- [ RunTime:0.039524s ]
INFO: [ view_filter ] --START--
INFO: Run Behavior\WriteHtmlCacheBehavior [ RunTime:0.000547s ]
INFO: [ view_filter ] --END-- [ RunTime:0.000602s ]
INFO: [ app_end ] --START--
INFO: Run Behavior\ShowPageTraceBehavior [ RunTime:0.000962s ]
INFO: [ app_end ] --END-- [ RunTime:0.001085s ]

[ 2017-03-24T17:06:57+08:00 ] ::1 /myBS/index.php/List/mdlist/title/4%E4%BA%BA%E5%BA%A7.html
INFO: [ app_init ] --START--
INFO: Run Behavior\BuildLiteBehavior [ RunTime:0.000027s ]
INFO: [ app_init ] --END-- [ RunTime:0.000570s ]
INFO: [ app_begin ] --START--
INFO: Run Behavior\ReadHtmlCacheBehavior [ RunTime:0.001008s ]
INFO: [ app_begin ] --END-- [ RunTime:0.001110s ]
SQL: SHOW COLUMNS FROM `jj_list` [ RunTime:0.0058s ]
SQL: SHOW COLUMNS FROM `jj_goods` [ RunTime:0.0049s ]
SQL: SHOW COLUMNS FROM `jj_class` [ RunTime:0.0046s ]
SQL: SELECT * FROM `jj_list` WHERE ( title='4人座' ) LIMIT 1   [ RunTime:0.0005s ]
SQL: SELECT * FROM `jj_goods` WHERE ( title='4人座' )  [ RunTime:0.0006s ]
SQL: SELECT `pid` FROM `jj_class` WHERE ( title='4人座' ) LIMIT 1   [ RunTime:0.0004s ]
SQL: SELECT * FROM `jj_class` WHERE ( id='28' ) LIMIT 1   [ RunTime:0.0004s ]
SQL: SELECT * FROM `jj_class` WHERE ( id='4' ) LIMIT 1   [ RunTime:0.0004s ]
NOTIC: [8] Undefined index: cart D:\XAMPP\htdocs\myBS\J-home\Home\Controller\ListController.class.php 第 49 行.
INFO: [ view_parse ] --START--
INFO: [ template_filter ] --START--
INFO: Run Behavior\ContentReplaceBehavior [ RunTime:0.000169s ]
INFO: [ template_filter ] --END-- [ RunTime:0.000288s ]
NOTIC: [8] Undefined variable: data D:\XAMPP\htdocs\myBS\J-home\Runtime\Cache\Home\dd6ef9fc4666f7a74ad05681f0884ba2.php 第 69 行.
INFO: Run Behavior\ParseTemplateBehavior [ RunTime:0.017786s ]
INFO: [ view_parse ] --END-- [ RunTime:0.017891s ]
INFO: [ view_filter ] --START--
INFO: Run Behavior\WriteHtmlCacheBehavior [ RunTime:0.000593s ]
INFO: [ view_filter ] --END-- [ RunTime:0.000663s ]
INFO: [ app_end ] --START--
INFO: Run Behavior\ShowPageTraceBehavior [ RunTime:0.000692s ]
INFO: [ app_end ] --END-- [ RunTime:0.000753s ]

[ 2017-03-24T17:39:51+08:00 ] ::1 /myBS/index.php/Index/index.html
INFO: [ app_init ] --START--
INFO: Run Behavior\BuildLiteBehavior [ RunTime:0.000017s ]
INFO: [ app_init ] --END-- [ RunTime:0.000446s ]
INFO: [ app_begin ] --START--
INFO: Run Behavior\ReadHtmlCacheBehavior [ RunTime:0.000673s ]
INFO: [ app_begin ] --END-- [ RunTime:0.000737s ]
SQL: SHOW COLUMNS FROM `jj_class` [ RunTime:0.0092s ]
SQL: SHOW COLUMNS FROM `jj_goods` [ RunTime:0.0114s ]
SQL: SHOW COLUMNS FROM `jj_banner` [ RunTime:0.0071s ]
SQL: SELECT * FROM `jj_banner` WHERE ( position='大屏' ) LIMIT 1   [ RunTime:0.0005s ]
SQL: SELECT * FROM `jj_banner` WHERE ( position='客厅' ) LIMIT 1   [ RunTime:0.0004s ]
SQL: SELECT * FROM `jj_banner` WHERE ( position='卧室' ) LIMIT 1   [ RunTime:0.0004s ]
SQL: SELECT * FROM `jj_banner` WHERE ( position='厨房' ) LIMIT 1   [ RunTime:0.0004s ]
SQL: SELECT * FROM `jj_banner` WHERE ( position='餐厅' ) LIMIT 1   [ RunTime:0.0004s ]
SQL: SELECT * FROM `jj_banner` WHERE ( position='浴室' ) LIMIT 1   [ RunTime:0.0004s ]
SQL: SELECT * FROM `jj_class`  [ RunTime:0.0014s ]
SQL: SELECT `title` FROM `jj_class` WHERE ( `id` > 44 AND `id` < 80  )  [ RunTime:0.0008s ]
SQL: SELECT * FROM `jj_goods` WHERE `title` = '布艺沙发' AND `index_show` = 1 ORDER BY id desc  [ RunTime:0.0008s ]
SQL: SELECT * FROM `jj_goods` WHERE `title` = '皮沙发和人造革沙发' AND `index_show` = 1 ORDER BY id desc  [ RunTime:0.0006s ]
SQL: SELECT * FROM `jj_goods` WHERE `title` = '沙发床' AND `index_show` = 1 ORDER BY id desc  [ RunTime:0.0006s ]
SQL: SELECT * FROM `jj_goods` WHERE `title` = '组合沙发' AND `index_show` = 1 ORDER BY id desc  [ RunTime:0.0016s ]
SQL: SELECT * FROM `jj_goods` WHERE `title` = '贵妃椅' AND `index_show` = 1 ORDER BY id desc  [ RunTime:0.0006s ]
SQL: SELECT * FROM `jj_goods` WHERE `title` = '脚蹬和矮凳' AND `index_show` = 1 ORDER BY id desc  [ RunTime:0.0006s ]
SQL: SELECT * FROM `jj_goods` WHERE `title` = '单人沙发和扶手椅' AND `index_show` = 1 ORDER BY id desc  [ RunTime:0.0007s ]
SQL: SELECT * FROM `jj_goods` WHERE `title` = '备用沙发套' AND `index_show` = 1 ORDER BY id desc  [ RunTime:0.0006s ]
SQL: SELECT * FROM `jj_goods` WHERE `title` = '书柜' AND `index_show` = 1 ORDER BY id desc  [ RunTime:0.0006s ]
SQL: SELECT * FROM `jj_goods` WHERE `title` = '储物系列' AND `index_show` = 1 ORDER BY id desc  [ RunTime:0.0006s ]
SQL: SELECT * FROM `jj_goods` WHERE `title` = '搁架单元' AND `index_show` = 1 ORDER BY id desc  [ RunTime:0.0006s ]
SQL: SELECT * FROM `jj_goods` WHERE `title` = '连壁搁板' AND `index_show` = 1 ORDER BY id desc  [ RunTime:0.0006s ]
SQL: SELECT * FROM `jj_goods` WHERE `title` = '橱柜和展示柜' AND `index_show` = 1 ORDER BY id desc  [ RunTime:0.0006s ]
SQL: SELECT * FROM `jj_goods` WHERE `title` = '储物盒和储物篮' AND `index_show` = 1 ORDER BY id desc  [ RunTime:0.0006s ]
SQL: SELECT * FROM `jj_goods` WHERE `title` = '餐边柜和长几' AND `index_show` = 1 ORDER BY id desc  [ RunTime:0.0006s ]
SQL: SELECT * FROM `jj_goods` WHERE `title` = 'LED灯具' AND `index_show` = 1 ORDER BY id desc  [ RunTime:0.0006s ]
SQL: SELECT * FROM `jj_goods` WHERE `title` = '台灯' AND `index_show` = 1 ORDER BY id desc  [ RunTime:0.0006s ]
SQL: SELECT * FROM `jj_goods` WHERE `title` = '落地灯' AND `index_show` = 1 ORDER BY id desc  [ RunTime:0.0006s ]
SQL: SELECT * FROM `jj_goods` WHERE `title` = '顶灯' AND `index_show` = 1 ORDER BY id desc  [ RunTime:0.0006s ]
SQL: SELECT * FROM `jj_goods` WHERE `title` = '内置照明' AND `index_show` = 1 ORDER BY id desc  [ RunTime:0.0009s ]
SQL: SELECT * FROM `jj_goods` WHERE `title` = '壁灯' AND `index_show` = 1 ORDER BY id desc  [ RunTime:0.0006s ]
SQL: SELECT * FROM `jj_goods` WHERE `title` = '射灯' AND `index_show` = 1 ORDER BY id desc  [ RunTime:0.0006s ]
SQL: SELECT * FROM `jj_goods` WHERE `title` = '灯罩、灯座和电线' AND `index_show` = 1 ORDER BY id desc  [ RunTime:0.0006s ]
SQL: SELECT * FROM `jj_goods` WHERE `title` = '灯泡和配件' AND `index_show` = 1 ORDER BY id desc  [ RunTime:0.0006s ]
SQL: SELECT * FROM `jj_goods` WHERE `title` = '地毯' AND `index_show` = 1 ORDER BY id desc  [ RunTime:0.0006s ]
SQL: SELECT * FROM `jj_goods` WHERE `title` = '靠垫和靠垫套' AND `index_show` = 1 ORDER BY id desc  [ RunTime:0.0006s ]
SQL: SELECT * FROM `jj_goods` WHERE `title` = '窗帘杆和轨道' AND `index_show` = 1 ORDER BY id desc  [ RunTime:0.0006s ]
SQL: SELECT * FROM `jj_goods` WHERE `title` = '窗帘和百叶帘' AND `index_show` = 1 ORDER BY id desc  [ RunTime:0.0006s ]
SQL: SELECT * FROM `jj_goods` WHERE `title` = '毯子和休闲毯' AND `index_show` = 1 ORDER BY id desc  [ RunTime:0.0006s ]
SQL: SELECT * FROM `jj_goods` WHERE `title` = '布料和缝纫用品' AND `index_show` = 1 ORDER BY id desc  [ RunTime:0.0006s ]
SQL: SELECT * FROM `jj_goods` WHERE `title` = '电视柜' AND `index_show` = 1 ORDER BY id desc  [ RunTime:0.0006s ]
SQL: SELECT * FROM `jj_goods` WHERE `title` = '电视及视听设备储物' AND `index_show` = 1 ORDER BY id desc  [ RunTime:0.0006s ]
SQL: SELECT * FROM `jj_goods` WHERE `title` = '茶几' AND `index_show` = 1 ORDER BY id desc  [ RunTime:0.0006s ]
SQL: SELECT * FROM `jj_goods` WHERE `title` = '边桌' AND `index_show` = 1 ORDER BY id desc  [ RunTime:0.0006s ]
SQL: SELECT * FROM `jj_goods` WHERE `title` = '视听用品储物台' AND `index_show` = 1 ORDER BY id desc  [ RunTime:0.0006s ]
NOTIC: [8] Undefined index: cart D:\XAMPP\htdocs\myBS\J-home\Home\Controller\IndexController.class.php 第 39 行.
INFO: [ view_parse ] --START--
INFO: [ template_filter ] --START--
INFO: Run Behavior\ContentReplaceBehavior [ RunTime:0.000278s ]
INFO: [ template_filter ] --END-- [ RunTime:0.000354s ]
INFO: Run Behavior\ParseTemplateBehavior [ RunTime:0.035883s ]
INFO: [ view_parse ] --END-- [ RunTime:0.035984s ]
INFO: [ view_filter ] --START--
INFO: Run Behavior\WriteHtmlCacheBehavior [ RunTime:0.000521s ]
INFO: [ view_filter ] --END-- [ RunTime:0.000576s ]
INFO: [ app_end ] --START--
INFO: Run Behavior\ShowPageTraceBehavior [ RunTime:0.000981s ]
INFO: [ app_end ] --END-- [ RunTime:0.001125s ]

[ 2017-03-24T17:40:05+08:00 ] ::1 /myBS/index.php/List/mdlist/title/%E9%A4%90%E6%A1%8C%E6%A1%8C%E9%9D%A2%E5%92%8C%E5%BA%95%E6%9E%B6.html
INFO: [ app_init ] --START--
INFO: Run Behavior\BuildLiteBehavior [ RunTime:0.000017s ]
INFO: [ app_init ] --END-- [ RunTime:0.000403s ]
INFO: [ app_begin ] --START--
INFO: Run Behavior\ReadHtmlCacheBehavior [ RunTime:0.000681s ]
INFO: [ app_begin ] --END-- [ RunTime:0.000751s ]
SQL: SHOW COLUMNS FROM `jj_list` [ RunTime:0.0107s ]
SQL: SHOW COLUMNS FROM `jj_goods` [ RunTime:0.0096s ]
SQL: SHOW COLUMNS FROM `jj_class` [ RunTime:0.0081s ]
SQL: SELECT * FROM `jj_list` WHERE ( title='餐桌桌面和底架' ) LIMIT 1   [ RunTime:0.0008s ]
SQL: SELECT * FROM `jj_goods` WHERE ( title='餐桌桌面和底架' )  [ RunTime:0.0013s ]
SQL: SELECT `pid` FROM `jj_class` WHERE ( title='餐桌桌面和底架' ) LIMIT 1   [ RunTime:0.0010s ]
SQL: SELECT * FROM `jj_class` WHERE ( id='28' ) LIMIT 1   [ RunTime:0.0005s ]
SQL: SELECT * FROM `jj_class` WHERE ( id='4' ) LIMIT 1   [ RunTime:0.0004s ]
NOTIC: [8] Undefined index: cart D:\XAMPP\htdocs\myBS\J-home\Home\Controller\ListController.class.php 第 49 行.
INFO: [ view_parse ] --START--
INFO: [ template_filter ] --START--
INFO: Run Behavior\ContentReplaceBehavior [ RunTime:0.000196s ]
INFO: [ template_filter ] --END-- [ RunTime:0.000318s ]
NOTIC: [8] Undefined variable: data D:\XAMPP\htdocs\myBS\J-home\Runtime\Cache\Home\dd6ef9fc4666f7a74ad05681f0884ba2.php 第 69 行.
INFO: Run Behavior\ParseTemplateBehavior [ RunTime:0.018446s ]
INFO: [ view_parse ] --END-- [ RunTime:0.018572s ]
INFO: [ view_filter ] --START--
INFO: Run Behavior\WriteHtmlCacheBehavior [ RunTime:0.000836s ]
INFO: [ view_filter ] --END-- [ RunTime:0.000938s ]
INFO: [ app_end ] --START--
INFO: Run Behavior\ShowPageTraceBehavior [ RunTime:0.001208s ]
INFO: [ app_end ] --END-- [ RunTime:0.001312s ]

