[ 2017-03-20T14:02:36+08:00 ] ::1 /myBS/
INFO: [ app_init ] --START--
INFO: Run Behavior\BuildLiteBehavior [ RunTime:0.000030s ]
INFO: [ app_init ] --END-- [ RunTime:0.000664s ]
INFO: [ app_begin ] --START--
INFO: Run Behavior\ReadHtmlCacheBehavior [ RunTime:0.001405s ]
INFO: [ app_begin ] --END-- [ RunTime:0.001582s ]
SQL: SHOW COLUMNS FROM `jj_class` [ RunTime:0.1065s ]
SQL: SHOW COLUMNS FROM `jj_goods` [ RunTime:0.0367s ]
SQL: SHOW COLUMNS FROM `jj_banner` [ RunTime:0.0329s ]
SQL: SELECT * FROM `jj_banner` WHERE ( position='大屏' ) LIMIT 1   [ RunTime:0.0423s ]
SQL: SELECT * FROM `jj_banner` WHERE ( position='客厅' ) LIMIT 1   [ RunTime:0.0472s ]
SQL: SELECT * FROM `jj_banner` WHERE ( position='卧室' ) LIMIT 1   [ RunTime:0.0008s ]
SQL: SELECT * FROM `jj_banner` WHERE ( position='厨房' ) LIMIT 1   [ RunTime:0.0009s ]
SQL: SELECT * FROM `jj_banner` WHERE ( position='餐厅' ) LIMIT 1   [ RunTime:0.0020s ]
SQL: SELECT * FROM `jj_banner` WHERE ( position='浴室' ) LIMIT 1   [ RunTime:0.0010s ]
SQL: SELECT * FROM `jj_class`  [ RunTime:0.0524s ]
SQL: SELECT `title` FROM `jj_class` WHERE ( `id` > 44 AND `id` < 80  )  [ RunTime:0.0016s ]
SQL: SELECT * FROM `jj_goods` WHERE `title` = '布艺沙发' AND `index_show` = 1 ORDER BY id desc  [ RunTime:0.0626s ]
SQL: SELECT * FROM `jj_goods` WHERE `title` = '皮沙发和人造革沙发' AND `index_show` = 1 ORDER BY id desc  [ RunTime:0.0012s ]
SQL: SELECT * FROM `jj_goods` WHERE `title` = '沙发床' AND `index_show` = 1 ORDER BY id desc  [ RunTime:0.0008s ]
SQL: SELECT * FROM `jj_goods` WHERE `title` = '组合沙发' AND `index_show` = 1 ORDER BY id desc  [ RunTime:0.0019s ]
SQL: SELECT * FROM `jj_goods` WHERE `title` = '贵妃椅' AND `index_show` = 1 ORDER BY id desc  [ RunTime:0.0010s ]
SQL: SELECT * FROM `jj_goods` WHERE `title` = '脚蹬和矮凳' AND `index_show` = 1 ORDER BY id desc  [ RunTime:0.0009s ]
SQL: SELECT * FROM `jj_goods` WHERE `title` = '单人沙发和扶手椅' AND `index_show` = 1 ORDER BY id desc  [ RunTime:0.0009s ]
SQL: SELECT * FROM `jj_goods` WHERE `title` = '备用沙发套' AND `index_show` = 1 ORDER BY id desc  [ RunTime:0.0008s ]
SQL: SELECT * FROM `jj_goods` WHERE `title` = '书柜' AND `index_show` = 1 ORDER BY id desc  [ RunTime:0.0009s ]
SQL: SELECT * FROM `jj_goods` WHERE `title` = '储物系列' AND `index_show` = 1 ORDER BY id desc  [ RunTime:0.0010s ]
SQL: SELECT * FROM `jj_goods` WHERE `title` = '搁架单元' AND `index_show` = 1 ORDER BY id desc  [ RunTime:0.0008s ]
SQL: SELECT * FROM `jj_goods` WHERE `title` = '连壁搁板' AND `index_show` = 1 ORDER BY id desc  [ RunTime:0.0008s ]
SQL: SELECT * FROM `jj_goods` WHERE `title` = '橱柜和展示柜' AND `index_show` = 1 ORDER BY id desc  [ RunTime:0.0008s ]
SQL: SELECT * FROM `jj_goods` WHERE `title` = '储物盒和储物篮' AND `index_show` = 1 ORDER BY id desc  [ RunTime:0.0009s ]
SQL: SELECT * FROM `jj_goods` WHERE `title` = '餐边柜和长几' AND `index_show` = 1 ORDER BY id desc  [ RunTime:0.0010s ]
SQL: SELECT * FROM `jj_goods` WHERE `title` = 'LED灯具' AND `index_show` = 1 ORDER BY id desc  [ RunTime:0.0008s ]
SQL: SELECT * FROM `jj_goods` WHERE `title` = '台灯' AND `index_show` = 1 ORDER BY id desc  [ RunTime:0.0008s ]
SQL: SELECT * FROM `jj_goods` WHERE `title` = '落地灯' AND `index_show` = 1 ORDER BY id desc  [ RunTime:0.0009s ]
SQL: SELECT * FROM `jj_goods` WHERE `title` = '顶灯' AND `index_show` = 1 ORDER BY id desc  [ RunTime:0.0009s ]
SQL: SELECT * FROM `jj_goods` WHERE `title` = '内置照明' AND `index_show` = 1 ORDER BY id desc  [ RunTime:0.0010s ]
SQL: SELECT * FROM `jj_goods` WHERE `title` = '壁灯' AND `index_show` = 1 ORDER BY id desc  [ RunTime:0.0008s ]
SQL: SELECT * FROM `jj_goods` WHERE `title` = '射灯' AND `index_show` = 1 ORDER BY id desc  [ RunTime:0.0008s ]
SQL: SELECT * FROM `jj_goods` WHERE `title` = '灯罩、灯座和电线' AND `index_show` = 1 ORDER BY id desc  [ RunTime:0.0008s ]
SQL: SELECT * FROM `jj_goods` WHERE `title` = '灯泡和配件' AND `index_show` = 1 ORDER BY id desc  [ RunTime:0.0009s ]
SQL: SELECT * FROM `jj_goods` WHERE `title` = '地毯' AND `index_show` = 1 ORDER BY id desc  [ RunTime:0.0008s ]
SQL: SELECT * FROM `jj_goods` WHERE `title` = '靠垫和靠垫套' AND `index_show` = 1 ORDER BY id desc  [ RunTime:0.0008s ]
SQL: SELECT * FROM `jj_goods` WHERE `title` = '窗帘杆和轨道' AND `index_show` = 1 ORDER BY id desc  [ RunTime:0.0008s ]
SQL: SELECT * FROM `jj_goods` WHERE `title` = '窗帘和百叶帘' AND `index_show` = 1 ORDER BY id desc  [ RunTime:0.0009s ]
SQL: SELECT * FROM `jj_goods` WHERE `title` = '毯子和休闲毯' AND `index_show` = 1 ORDER BY id desc  [ RunTime:0.0008s ]
SQL: SELECT * FROM `jj_goods` WHERE `title` = '布料和缝纫用品' AND `index_show` = 1 ORDER BY id desc  [ RunTime:0.0009s ]
SQL: SELECT * FROM `jj_goods` WHERE `title` = '电视柜' AND `index_show` = 1 ORDER BY id desc  [ RunTime:0.0009s ]
SQL: SELECT * FROM `jj_goods` WHERE `title` = '电视及视听设备储物' AND `index_show` = 1 ORDER BY id desc  [ RunTime:0.0008s ]
SQL: SELECT * FROM `jj_goods` WHERE `title` = '茶几' AND `index_show` = 1 ORDER BY id desc  [ RunTime:0.0008s ]
SQL: SELECT * FROM `jj_goods` WHERE `title` = '边桌' AND `index_show` = 1 ORDER BY id desc  [ RunTime:0.0009s ]
SQL: SELECT * FROM `jj_goods` WHERE `title` = '视听用品储物台' AND `index_show` = 1 ORDER BY id desc  [ RunTime:0.0010s ]
NOTIC: [8] Undefined index: cart D:\XAMPP\htdocs\myBS\J-home\Home\Controller\IndexController.class.php 第 39 行.
INFO: [ view_parse ] --START--
INFO: [ template_filter ] --START--
INFO: Run Behavior\ContentReplaceBehavior [ RunTime:0.000699s ]
INFO: [ template_filter ] --END-- [ RunTime:0.000898s ]
INFO: Run Behavior\ParseTemplateBehavior [ RunTime:0.206528s ]
INFO: [ view_parse ] --END-- [ RunTime:0.206751s ]
INFO: [ view_filter ] --START--
INFO: Run Behavior\WriteHtmlCacheBehavior [ RunTime:0.001307s ]
INFO: [ view_filter ] --END-- [ RunTime:0.001595s ]
INFO: [ app_end ] --START--
INFO: Run Behavior\ShowPageTraceBehavior [ RunTime:0.002222s ]
INFO: [ app_end ] --END-- [ RunTime:0.002556s ]

[ 2017-03-20T23:08:31+08:00 ] ::1 /myBS/
INFO: [ app_init ] --START--
INFO: Run Behavior\BuildLiteBehavior [ RunTime:0.000024s ]
INFO: [ app_init ] --END-- [ RunTime:0.000343s ]
INFO: [ app_begin ] --START--
INFO: Run Behavior\ReadHtmlCacheBehavior [ RunTime:0.000449s ]
INFO: [ app_begin ] --END-- [ RunTime:0.000509s ]
SQL: SHOW COLUMNS FROM `jj_class` [ RunTime:0.0066s ]
SQL: SHOW COLUMNS FROM `jj_goods` [ RunTime:0.0061s ]
SQL: SHOW COLUMNS FROM `jj_banner` [ RunTime:0.0055s ]
SQL: SELECT * FROM `jj_banner` WHERE ( position='大屏' ) LIMIT 1   [ RunTime:0.0005s ]
SQL: SELECT * FROM `jj_banner` WHERE ( position='客厅' ) LIMIT 1   [ RunTime:0.0007s ]
SQL: SELECT * FROM `jj_banner` WHERE ( position='卧室' ) LIMIT 1   [ RunTime:0.0006s ]
SQL: SELECT * FROM `jj_banner` WHERE ( position='厨房' ) LIMIT 1   [ RunTime:0.0005s ]
SQL: SELECT * FROM `jj_banner` WHERE ( position='餐厅' ) LIMIT 1   [ RunTime:0.0005s ]
SQL: SELECT * FROM `jj_banner` WHERE ( position='浴室' ) LIMIT 1   [ RunTime:0.0005s ]
SQL: SELECT * FROM `jj_class`  [ RunTime:0.0016s ]
SQL: SELECT `title` FROM `jj_class` WHERE ( `id` > 44 AND `id` < 80  )  [ RunTime:0.0010s ]
SQL: SELECT * FROM `jj_goods` WHERE `title` = '布艺沙发' AND `index_show` = 1 ORDER BY id desc  [ RunTime:0.0009s ]
SQL: SELECT * FROM `jj_goods` WHERE `title` = '皮沙发和人造革沙发' AND `index_show` = 1 ORDER BY id desc  [ RunTime:0.0006s ]
SQL: SELECT * FROM `jj_goods` WHERE `title` = '沙发床' AND `index_show` = 1 ORDER BY id desc  [ RunTime:0.0006s ]
SQL: SELECT * FROM `jj_goods` WHERE `title` = '组合沙发' AND `index_show` = 1 ORDER BY id desc  [ RunTime:0.0011s ]
SQL: SELECT * FROM `jj_goods` WHERE `title` = '贵妃椅' AND `index_show` = 1 ORDER BY id desc  [ RunTime:0.0006s ]
SQL: SELECT * FROM `jj_goods` WHERE `title` = '脚蹬和矮凳' AND `index_show` = 1 ORDER BY id desc  [ RunTime:0.0006s ]
SQL: SELECT * FROM `jj_goods` WHERE `title` = '单人沙发和扶手椅' AND `index_show` = 1 ORDER BY id desc  [ RunTime:0.0010s ]
SQL: SELECT * FROM `jj_goods` WHERE `title` = '备用沙发套' AND `index_show` = 1 ORDER BY id desc  [ RunTime:0.0008s ]
SQL: SELECT * FROM `jj_goods` WHERE `title` = '书柜' AND `index_show` = 1 ORDER BY id desc  [ RunTime:0.0007s ]
SQL: SELECT * FROM `jj_goods` WHERE `title` = '储物系列' AND `index_show` = 1 ORDER BY id desc  [ RunTime:0.0006s ]
SQL: SELECT * FROM `jj_goods` WHERE `title` = '搁架单元' AND `index_show` = 1 ORDER BY id desc  [ RunTime:0.0006s ]
SQL: SELECT * FROM `jj_goods` WHERE `title` = '连壁搁板' AND `index_show` = 1 ORDER BY id desc  [ RunTime:0.0006s ]
SQL: SELECT * FROM `jj_goods` WHERE `title` = '橱柜和展示柜' AND `index_show` = 1 ORDER BY id desc  [ RunTime:0.0006s ]
SQL: SELECT * FROM `jj_goods` WHERE `title` = '储物盒和储物篮' AND `index_show` = 1 ORDER BY id desc  [ RunTime:0.0006s ]
SQL: SELECT * FROM `jj_goods` WHERE `title` = '餐边柜和长几' AND `index_show` = 1 ORDER BY id desc  [ RunTime:0.0006s ]
SQL: SELECT * FROM `jj_goods` WHERE `title` = 'LED灯具' AND `index_show` = 1 ORDER BY id desc  [ RunTime:0.0006s ]
SQL: SELECT * FROM `jj_goods` WHERE `title` = '台灯' AND `index_show` = 1 ORDER BY id desc  [ RunTime:0.0006s ]
SQL: SELECT * FROM `jj_goods` WHERE `title` = '落地灯' AND `index_show` = 1 ORDER BY id desc  [ RunTime:0.0006s ]
SQL: SELECT * FROM `jj_goods` WHERE `title` = '顶灯' AND `index_show` = 1 ORDER BY id desc  [ RunTime:0.0006s ]
SQL: SELECT * FROM `jj_goods` WHERE `title` = '内置照明' AND `index_show` = 1 ORDER BY id desc  [ RunTime:0.0006s ]
SQL: SELECT * FROM `jj_goods` WHERE `title` = '壁灯' AND `index_show` = 1 ORDER BY id desc  [ RunTime:0.0008s ]
SQL: SELECT * FROM `jj_goods` WHERE `title` = '射灯' AND `index_show` = 1 ORDER BY id desc  [ RunTime:0.0007s ]
SQL: SELECT * FROM `jj_goods` WHERE `title` = '灯罩、灯座和电线' AND `index_show` = 1 ORDER BY id desc  [ RunTime:0.0006s ]
SQL: SELECT * FROM `jj_goods` WHERE `title` = '灯泡和配件' AND `index_show` = 1 ORDER BY id desc  [ RunTime:0.0007s ]
SQL: SELECT * FROM `jj_goods` WHERE `title` = '地毯' AND `index_show` = 1 ORDER BY id desc  [ RunTime:0.0006s ]
SQL: SELECT * FROM `jj_goods` WHERE `title` = '靠垫和靠垫套' AND `index_show` = 1 ORDER BY id desc  [ RunTime:0.0006s ]
SQL: SELECT * FROM `jj_goods` WHERE `title` = '窗帘杆和轨道' AND `index_show` = 1 ORDER BY id desc  [ RunTime:0.0006s ]
SQL: SELECT * FROM `jj_goods` WHERE `title` = '窗帘和百叶帘' AND `index_show` = 1 ORDER BY id desc  [ RunTime:0.0006s ]
SQL: SELECT * FROM `jj_goods` WHERE `title` = '毯子和休闲毯' AND `index_show` = 1 ORDER BY id desc  [ RunTime:0.0006s ]
SQL: SELECT * FROM `jj_goods` WHERE `title` = '布料和缝纫用品' AND `index_show` = 1 ORDER BY id desc  [ RunTime:0.0006s ]
SQL: SELECT * FROM `jj_goods` WHERE `title` = '电视柜' AND `index_show` = 1 ORDER BY id desc  [ RunTime:0.0006s ]
SQL: SELECT * FROM `jj_goods` WHERE `title` = '电视及视听设备储物' AND `index_show` = 1 ORDER BY id desc  [ RunTime:0.0009s ]
SQL: SELECT * FROM `jj_goods` WHERE `title` = '茶几' AND `index_show` = 1 ORDER BY id desc  [ RunTime:0.0009s ]
SQL: SELECT * FROM `jj_goods` WHERE `title` = '边桌' AND `index_show` = 1 ORDER BY id desc  [ RunTime:0.0006s ]
SQL: SELECT * FROM `jj_goods` WHERE `title` = '视听用品储物台' AND `index_show` = 1 ORDER BY id desc  [ RunTime:0.0006s ]
NOTIC: [8] Undefined index: cart D:\XAMPP\htdocs\myBS\J-home\Home\Controller\IndexController.class.php 第 39 行.
INFO: [ view_parse ] --START--
INFO: [ template_filter ] --START--
INFO: Run Behavior\ContentReplaceBehavior [ RunTime:0.000220s ]
INFO: [ template_filter ] --END-- [ RunTime:0.000287s ]
INFO: Run Behavior\ParseTemplateBehavior [ RunTime:0.030441s ]
INFO: [ view_parse ] --END-- [ RunTime:0.030545s ]
INFO: [ view_filter ] --START--
INFO: Run Behavior\WriteHtmlCacheBehavior [ RunTime:0.000311s ]
INFO: [ view_filter ] --END-- [ RunTime:0.000368s ]
INFO: [ app_end ] --START--
INFO: Run Behavior\ShowPageTraceBehavior [ RunTime:0.000845s ]
INFO: [ app_end ] --END-- [ RunTime:0.000967s ]

[ 2017-03-20T23:08:55+08:00 ] ::1 /myBS/index.php/List/mdlist/title/%E5%B8%83%E8%89%BA%E6%B2%99%E5%8F%91.html
INFO: [ app_init ] --START--
INFO: Run Behavior\BuildLiteBehavior [ RunTime:0.000016s ]
INFO: [ app_init ] --END-- [ RunTime:0.000354s ]
INFO: [ app_begin ] --START--
INFO: Run Behavior\ReadHtmlCacheBehavior [ RunTime:0.000541s ]
INFO: [ app_begin ] --END-- [ RunTime:0.000606s ]
SQL: SHOW COLUMNS FROM `jj_list` [ RunTime:0.0480s ]
SQL: SHOW COLUMNS FROM `jj_goods` [ RunTime:0.0100s ]
SQL: SHOW COLUMNS FROM `jj_class` [ RunTime:0.0094s ]
SQL: SELECT * FROM `jj_list` WHERE ( title='布艺沙发' ) LIMIT 1   [ RunTime:0.0318s ]
SQL: SELECT * FROM `jj_goods` WHERE ( title='布艺沙发' )  [ RunTime:0.0032s ]
SQL: SELECT `pid` FROM `jj_class` WHERE ( title='布艺沙发' ) LIMIT 1   [ RunTime:0.0008s ]
SQL: SELECT * FROM `jj_class` WHERE ( id='6' ) LIMIT 1   [ RunTime:0.0008s ]
SQL: SELECT * FROM `jj_class` WHERE ( id='1' ) LIMIT 1   [ RunTime:0.0008s ]
NOTIC: [8] Undefined index: cart D:\XAMPP\htdocs\myBS\J-home\Home\Controller\ListController.class.php 第 49 行.
INFO: [ view_parse ] --START--
INFO: [ template_filter ] --START--
INFO: Run Behavior\ContentReplaceBehavior [ RunTime:0.000322s ]
INFO: [ template_filter ] --END-- [ RunTime:0.000525s ]
INFO: Run Behavior\ParseTemplateBehavior [ RunTime:0.069425s ]
INFO: [ view_parse ] --END-- [ RunTime:0.069640s ]
INFO: [ view_filter ] --START--
INFO: Run Behavior\WriteHtmlCacheBehavior [ RunTime:0.000437s ]
INFO: [ view_filter ] --END-- [ RunTime:0.000510s ]
INFO: [ app_end ] --START--
INFO: Run Behavior\ShowPageTraceBehavior [ RunTime:0.000528s ]
INFO: [ app_end ] --END-- [ RunTime:0.000588s ]

[ 2017-03-20T23:08:56+08:00 ] ::1 /myBS/index.php/List/mdlist/title/%E5%B8%83%E8%89%BA%E6%B2%99%E5%8F%91.html
INFO: [ app_init ] --START--
INFO: Run Behavior\BuildLiteBehavior [ RunTime:0.000016s ]
INFO: [ app_init ] --END-- [ RunTime:0.000372s ]
INFO: [ app_begin ] --START--
INFO: Run Behavior\ReadHtmlCacheBehavior [ RunTime:0.000551s ]
INFO: [ app_begin ] --END-- [ RunTime:0.000615s ]
SQL: SHOW COLUMNS FROM `jj_list` [ RunTime:0.0043s ]
SQL: SHOW COLUMNS FROM `jj_goods` [ RunTime:0.0043s ]
SQL: SHOW COLUMNS FROM `jj_class` [ RunTime:0.0036s ]
SQL: SELECT * FROM `jj_list` WHERE ( title='布艺沙发' ) LIMIT 1   [ RunTime:0.0003s ]
SQL: SELECT * FROM `jj_goods` WHERE ( title='布艺沙发' )  [ RunTime:0.0007s ]
SQL: SELECT `pid` FROM `jj_class` WHERE ( title='布艺沙发' ) LIMIT 1   [ RunTime:0.0003s ]
SQL: SELECT * FROM `jj_class` WHERE ( id='6' ) LIMIT 1   [ RunTime:0.0003s ]
SQL: SELECT * FROM `jj_class` WHERE ( id='1' ) LIMIT 1   [ RunTime:0.0003s ]
NOTIC: [8] Undefined index: cart D:\XAMPP\htdocs\myBS\J-home\Home\Controller\ListController.class.php 第 49 行.
INFO: [ view_parse ] --START--
INFO: [ template_filter ] --START--
INFO: Run Behavior\ContentReplaceBehavior [ RunTime:0.000122s ]
INFO: [ template_filter ] --END-- [ RunTime:0.000234s ]
INFO: Run Behavior\ParseTemplateBehavior [ RunTime:0.010987s ]
INFO: [ view_parse ] --END-- [ RunTime:0.011087s ]
INFO: [ view_filter ] --START--
INFO: Run Behavior\WriteHtmlCacheBehavior [ RunTime:0.000305s ]
INFO: [ view_filter ] --END-- [ RunTime:0.000354s ]
INFO: [ app_end ] --START--
INFO: Run Behavior\ShowPageTraceBehavior [ RunTime:0.000543s ]
INFO: [ app_end ] --END-- [ RunTime:0.000614s ]

[ 2017-03-20T23:08:57+08:00 ] ::1 /myBS/index.php/List/mdlist/title/%E5%B8%83%E8%89%BA%E6%B2%99%E5%8F%91.html
INFO: [ app_init ] --START--
INFO: Run Behavior\BuildLiteBehavior [ RunTime:0.000024s ]
INFO: [ app_init ] --END-- [ RunTime:0.000406s ]
INFO: [ app_begin ] --START--
INFO: Run Behavior\ReadHtmlCacheBehavior [ RunTime:0.000470s ]
INFO: [ app_begin ] --END-- [ RunTime:0.000542s ]
SQL: SHOW COLUMNS FROM `jj_list` [ RunTime:0.0067s ]
SQL: SHOW COLUMNS FROM `jj_goods` [ RunTime:0.0068s ]
SQL: SHOW COLUMNS FROM `jj_class` [ RunTime:0.0072s ]
SQL: SELECT * FROM `jj_list` WHERE ( title='布艺沙发' ) LIMIT 1   [ RunTime:0.0008s ]
SQL: SELECT * FROM `jj_goods` WHERE ( title='布艺沙发' )  [ RunTime:0.0014s ]
SQL: SELECT `pid` FROM `jj_class` WHERE ( title='布艺沙发' ) LIMIT 1   [ RunTime:0.0007s ]
SQL: SELECT * FROM `jj_class` WHERE ( id='6' ) LIMIT 1   [ RunTime:0.0007s ]
SQL: SELECT * FROM `jj_class` WHERE ( id='1' ) LIMIT 1   [ RunTime:0.0007s ]
NOTIC: [8] Undefined index: cart D:\XAMPP\htdocs\myBS\J-home\Home\Controller\ListController.class.php 第 49 行.
INFO: [ view_parse ] --START--
INFO: [ template_filter ] --START--
INFO: Run Behavior\ContentReplaceBehavior [ RunTime:0.000111s ]
INFO: [ template_filter ] --END-- [ RunTime:0.000188s ]
INFO: Run Behavior\ParseTemplateBehavior [ RunTime:0.020689s ]
INFO: [ view_parse ] --END-- [ RunTime:0.020827s ]
INFO: [ view_filter ] --START--
INFO: Run Behavior\WriteHtmlCacheBehavior [ RunTime:0.000301s ]
INFO: [ view_filter ] --END-- [ RunTime:0.000350s ]
INFO: [ app_end ] --START--
INFO: Run Behavior\ShowPageTraceBehavior [ RunTime:0.000647s ]
INFO: [ app_end ] --END-- [ RunTime:0.000734s ]

[ 2017-03-20T23:09:03+08:00 ] ::1 /myBS/index.php/Design/design.html
INFO: [ app_init ] --START--
INFO: Run Behavior\BuildLiteBehavior [ RunTime:0.000016s ]
INFO: [ app_init ] --END-- [ RunTime:0.000354s ]
INFO: [ app_begin ] --START--
INFO: Run Behavior\ReadHtmlCacheBehavior [ RunTime:0.000558s ]
INFO: [ app_begin ] --END-- [ RunTime:0.000633s ]
SQL: SHOW COLUMNS FROM `jj_design` [ RunTime:0.0093s ]
SQL: SELECT * FROM `jj_design`  [ RunTime:0.0030s ]
NOTIC: [8] Undefined index: cart D:\XAMPP\htdocs\myBS\J-home\Home\Controller\DesignController.class.php 第 12 行.
INFO: [ view_parse ] --START--
INFO: [ template_filter ] --START--
INFO: Run Behavior\ContentReplaceBehavior [ RunTime:0.000364s ]
INFO: [ template_filter ] --END-- [ RunTime:0.000571s ]
INFO: Run Behavior\ParseTemplateBehavior [ RunTime:0.132269s ]
INFO: [ view_parse ] --END-- [ RunTime:0.132524s ]
INFO: [ view_filter ] --START--
INFO: Run Behavior\WriteHtmlCacheBehavior [ RunTime:0.001367s ]
INFO: [ view_filter ] --END-- [ RunTime:0.001623s ]
INFO: [ app_end ] --START--
INFO: Run Behavior\ShowPageTraceBehavior [ RunTime:0.001886s ]
INFO: [ app_end ] --END-- [ RunTime:0.002105s ]

[ 2017-03-20T23:09:04+08:00 ] ::1 /myBS/index.php/Design/design.html
INFO: [ app_init ] --START--
INFO: Run Behavior\BuildLiteBehavior [ RunTime:0.000016s ]
INFO: [ app_init ] --END-- [ RunTime:0.000312s ]
INFO: [ app_begin ] --START--
INFO: Run Behavior\ReadHtmlCacheBehavior [ RunTime:0.000482s ]
INFO: [ app_begin ] --END-- [ RunTime:0.000561s ]
SQL: SHOW COLUMNS FROM `jj_design` [ RunTime:0.0047s ]
SQL: SELECT * FROM `jj_design`  [ RunTime:0.0011s ]
NOTIC: [8] Undefined index: cart D:\XAMPP\htdocs\myBS\J-home\Home\Controller\DesignController.class.php 第 12 行.
INFO: [ view_parse ] --START--
INFO: [ template_filter ] --START--
INFO: Run Behavior\ContentReplaceBehavior [ RunTime:0.000113s ]
INFO: [ template_filter ] --END-- [ RunTime:0.000177s ]
INFO: Run Behavior\ParseTemplateBehavior [ RunTime:0.010080s ]
INFO: [ view_parse ] --END-- [ RunTime:0.010200s ]
INFO: [ view_filter ] --START--
INFO: Run Behavior\WriteHtmlCacheBehavior [ RunTime:0.000292s ]
INFO: [ view_filter ] --END-- [ RunTime:0.000345s ]
INFO: [ app_end ] --START--
INFO: Run Behavior\ShowPageTraceBehavior [ RunTime:0.000635s ]
INFO: [ app_end ] --END-- [ RunTime:0.000720s ]

[ 2017-03-20T23:09:21+08:00 ] ::1 /myBS/index.php/Index/index.html
INFO: [ app_init ] --START--
INFO: Run Behavior\BuildLiteBehavior [ RunTime:0.000016s ]
INFO: [ app_init ] --END-- [ RunTime:0.000340s ]
INFO: [ app_begin ] --START--
INFO: Run Behavior\ReadHtmlCacheBehavior [ RunTime:0.000476s ]
INFO: [ app_begin ] --END-- [ RunTime:0.000538s ]
SQL: SHOW COLUMNS FROM `jj_class` [ RunTime:0.0098s ]
SQL: SHOW COLUMNS FROM `jj_goods` [ RunTime:0.0096s ]
SQL: SHOW COLUMNS FROM `jj_banner` [ RunTime:0.0107s ]
SQL: SELECT * FROM `jj_banner` WHERE ( position='大屏' ) LIMIT 1   [ RunTime:0.0006s ]
SQL: SELECT * FROM `jj_banner` WHERE ( position='客厅' ) LIMIT 1   [ RunTime:0.0004s ]
SQL: SELECT * FROM `jj_banner` WHERE ( position='卧室' ) LIMIT 1   [ RunTime:0.0004s ]
SQL: SELECT * FROM `jj_banner` WHERE ( position='厨房' ) LIMIT 1   [ RunTime:0.0004s ]
SQL: SELECT * FROM `jj_banner` WHERE ( position='餐厅' ) LIMIT 1   [ RunTime:0.0004s ]
SQL: SELECT * FROM `jj_banner` WHERE ( position='浴室' ) LIMIT 1   [ RunTime:0.0004s ]
SQL: SELECT * FROM `jj_class`  [ RunTime:0.0013s ]
SQL: SELECT `title` FROM `jj_class` WHERE ( `id` > 44 AND `id` < 80  )  [ RunTime:0.0008s ]
SQL: SELECT * FROM `jj_goods` WHERE `title` = '布艺沙发' AND `index_show` = 1 ORDER BY id desc  [ RunTime:0.0007s ]
SQL: SELECT * FROM `jj_goods` WHERE `title` = '皮沙发和人造革沙发' AND `index_show` = 1 ORDER BY id desc  [ RunTime:0.0005s ]
SQL: SELECT * FROM `jj_goods` WHERE `title` = '沙发床' AND `index_show` = 1 ORDER BY id desc  [ RunTime:0.0005s ]
SQL: SELECT * FROM `jj_goods` WHERE `title` = '组合沙发' AND `index_show` = 1 ORDER BY id desc  [ RunTime:0.0009s ]
SQL: SELECT * FROM `jj_goods` WHERE `title` = '贵妃椅' AND `index_show` = 1 ORDER BY id desc  [ RunTime:0.0005s ]
SQL: SELECT * FROM `jj_goods` WHERE `title` = '脚蹬和矮凳' AND `index_show` = 1 ORDER BY id desc  [ RunTime:0.0005s ]
SQL: SELECT * FROM `jj_goods` WHERE `title` = '单人沙发和扶手椅' AND `index_show` = 1 ORDER BY id desc  [ RunTime:0.0005s ]
SQL: SELECT * FROM `jj_goods` WHERE `title` = '备用沙发套' AND `index_show` = 1 ORDER BY id desc  [ RunTime:0.0005s ]
SQL: SELECT * FROM `jj_goods` WHERE `title` = '书柜' AND `index_show` = 1 ORDER BY id desc  [ RunTime:0.0005s ]
SQL: SELECT * FROM `jj_goods` WHERE `title` = '储物系列' AND `index_show` = 1 ORDER BY id desc  [ RunTime:0.0005s ]
SQL: SELECT * FROM `jj_goods` WHERE `title` = '搁架单元' AND `index_show` = 1 ORDER BY id desc  [ RunTime:0.0005s ]
SQL: SELECT * FROM `jj_goods` WHERE `title` = '连壁搁板' AND `index_show` = 1 ORDER BY id desc  [ RunTime:0.0006s ]
SQL: SELECT * FROM `jj_goods` WHERE `title` = '橱柜和展示柜' AND `index_show` = 1 ORDER BY id desc  [ RunTime:0.0007s ]
SQL: SELECT * FROM `jj_goods` WHERE `title` = '储物盒和储物篮' AND `index_show` = 1 ORDER BY id desc  [ RunTime:0.0005s ]
SQL: SELECT * FROM `jj_goods` WHERE `title` = '餐边柜和长几' AND `index_show` = 1 ORDER BY id desc  [ RunTime:0.0005s ]
SQL: SELECT * FROM `jj_goods` WHERE `title` = 'LED灯具' AND `index_show` = 1 ORDER BY id desc  [ RunTime:0.0005s ]
SQL: SELECT * FROM `jj_goods` WHERE `title` = '台灯' AND `index_show` = 1 ORDER BY id desc  [ RunTime:0.0006s ]
SQL: SELECT * FROM `jj_goods` WHERE `title` = '落地灯' AND `index_show` = 1 ORDER BY id desc  [ RunTime:0.0006s ]
SQL: SELECT * FROM `jj_goods` WHERE `title` = '顶灯' AND `index_show` = 1 ORDER BY id desc  [ RunTime:0.0005s ]
SQL: SELECT * FROM `jj_goods` WHERE `title` = '内置照明' AND `index_show` = 1 ORDER BY id desc  [ RunTime:0.0005s ]
SQL: SELECT * FROM `jj_goods` WHERE `title` = '壁灯' AND `index_show` = 1 ORDER BY id desc  [ RunTime:0.0005s ]
SQL: SELECT * FROM `jj_goods` WHERE `title` = '射灯' AND `index_show` = 1 ORDER BY id desc  [ RunTime:0.0005s ]
SQL: SELECT * FROM `jj_goods` WHERE `title` = '灯罩、灯座和电线' AND `index_show` = 1 ORDER BY id desc  [ RunTime:0.0005s ]
SQL: SELECT * FROM `jj_goods` WHERE `title` = '灯泡和配件' AND `index_show` = 1 ORDER BY id desc  [ RunTime:0.0005s ]
SQL: SELECT * FROM `jj_goods` WHERE `title` = '地毯' AND `index_show` = 1 ORDER BY id desc  [ RunTime:0.0005s ]
SQL: SELECT * FROM `jj_goods` WHERE `title` = '靠垫和靠垫套' AND `index_show` = 1 ORDER BY id desc  [ RunTime:0.0005s ]
SQL: SELECT * FROM `jj_goods` WHERE `title` = '窗帘杆和轨道' AND `index_show` = 1 ORDER BY id desc  [ RunTime:0.0005s ]
SQL: SELECT * FROM `jj_goods` WHERE `title` = '窗帘和百叶帘' AND `index_show` = 1 ORDER BY id desc  [ RunTime:0.0005s ]
SQL: SELECT * FROM `jj_goods` WHERE `title` = '毯子和休闲毯' AND `index_show` = 1 ORDER BY id desc  [ RunTime:0.0005s ]
SQL: SELECT * FROM `jj_goods` WHERE `title` = '布料和缝纫用品' AND `index_show` = 1 ORDER BY id desc  [ RunTime:0.0005s ]
SQL: SELECT * FROM `jj_goods` WHERE `title` = '电视柜' AND `index_show` = 1 ORDER BY id desc  [ RunTime:0.0005s ]
SQL: SELECT * FROM `jj_goods` WHERE `title` = '电视及视听设备储物' AND `index_show` = 1 ORDER BY id desc  [ RunTime:0.0005s ]
SQL: SELECT * FROM `jj_goods` WHERE `title` = '茶几' AND `index_show` = 1 ORDER BY id desc  [ RunTime:0.0005s ]
SQL: SELECT * FROM `jj_goods` WHERE `title` = '边桌' AND `index_show` = 1 ORDER BY id desc  [ RunTime:0.0005s ]
SQL: SELECT * FROM `jj_goods` WHERE `title` = '视听用品储物台' AND `index_show` = 1 ORDER BY id desc  [ RunTime:0.0005s ]
NOTIC: [8] Undefined index: cart D:\XAMPP\htdocs\myBS\J-home\Home\Controller\IndexController.class.php 第 39 行.
INFO: [ view_parse ] --START--
INFO: [ template_filter ] --START--
INFO: Run Behavior\ContentReplaceBehavior [ RunTime:0.000219s ]
INFO: [ template_filter ] --END-- [ RunTime:0.000286s ]
INFO: Run Behavior\ParseTemplateBehavior [ RunTime:0.036600s ]
INFO: [ view_parse ] --END-- [ RunTime:0.036691s ]
INFO: [ view_filter ] --START--
INFO: Run Behavior\WriteHtmlCacheBehavior [ RunTime:0.000270s ]
INFO: [ view_filter ] --END-- [ RunTime:0.000319s ]
INFO: [ app_end ] --START--
INFO: Run Behavior\ShowPageTraceBehavior [ RunTime:0.000564s ]
INFO: [ app_end ] --END-- [ RunTime:0.000651s ]

[ 2017-03-20T23:10:07+08:00 ] ::1 /myBS/index.php/About/map.html
INFO: [ app_init ] --START--
INFO: Run Behavior\BuildLiteBehavior [ RunTime:0.000015s ]
INFO: [ app_init ] --END-- [ RunTime:0.000312s ]
INFO: [ app_begin ] --START--
INFO: Run Behavior\ReadHtmlCacheBehavior [ RunTime:0.000420s ]
INFO: [ app_begin ] --END-- [ RunTime:0.000480s ]
SQL: SHOW COLUMNS FROM `jj_map` [ RunTime:0.0062s ]
SQL: SELECT * FROM `jj_map`  [ RunTime:0.0006s ]
NOTIC: [8] Undefined index: cart D:\XAMPP\htdocs\myBS\J-home\Home\Controller\AboutController.class.php 第 19 行.
INFO: [ view_parse ] --START--
INFO: [ template_filter ] --START--
INFO: Run Behavior\ContentReplaceBehavior [ RunTime:0.000250s ]
INFO: [ template_filter ] --END-- [ RunTime:0.000382s ]
INFO: Run Behavior\ParseTemplateBehavior [ RunTime:0.058080s ]
INFO: [ view_parse ] --END-- [ RunTime:0.058353s ]
INFO: [ view_filter ] --START--
INFO: Run Behavior\WriteHtmlCacheBehavior [ RunTime:0.000530s ]
INFO: [ view_filter ] --END-- [ RunTime:0.000714s ]
INFO: [ app_end ] --START--
INFO: Run Behavior\ShowPageTraceBehavior [ RunTime:0.001218s ]
INFO: [ app_end ] --END-- [ RunTime:0.001353s ]

[ 2017-03-20T23:10:21+08:00 ] ::1 /myBS/index.php/About/question.html
INFO: [ app_init ] --START--
INFO: Run Behavior\BuildLiteBehavior [ RunTime:0.000017s ]
INFO: [ app_init ] --END-- [ RunTime:0.000320s ]
INFO: [ app_begin ] --START--
INFO: Run Behavior\ReadHtmlCacheBehavior [ RunTime:0.000459s ]
INFO: [ app_begin ] --END-- [ RunTime:0.000521s ]
NOTIC: [8] Undefined index: cart D:\XAMPP\htdocs\myBS\J-home\Home\Controller\AboutController.class.php 第 41 行.
INFO: [ view_parse ] --START--
INFO: [ template_filter ] --START--
INFO: Run Behavior\ContentReplaceBehavior [ RunTime:0.000123s ]
INFO: [ template_filter ] --END-- [ RunTime:0.000200s ]
INFO: Run Behavior\ParseTemplateBehavior [ RunTime:0.041388s ]
INFO: [ view_parse ] --END-- [ RunTime:0.041465s ]
INFO: [ view_filter ] --START--
INFO: Run Behavior\WriteHtmlCacheBehavior [ RunTime:0.000295s ]
INFO: [ view_filter ] --END-- [ RunTime:0.000355s ]
INFO: [ app_end ] --START--
INFO: Run Behavior\ShowPageTraceBehavior [ RunTime:0.000782s ]
INFO: [ app_end ] --END-- [ RunTime:0.000881s ]

[ 2017-03-20T23:10:28+08:00 ] ::1 /myBS/index.php/Index/index.html
INFO: [ app_init ] --START--
INFO: Run Behavior\BuildLiteBehavior [ RunTime:0.000017s ]
INFO: [ app_init ] --END-- [ RunTime:0.000354s ]
INFO: [ app_begin ] --START--
INFO: Run Behavior\ReadHtmlCacheBehavior [ RunTime:0.000477s ]
INFO: [ app_begin ] --END-- [ RunTime:0.000545s ]
SQL: SHOW COLUMNS FROM `jj_class` [ RunTime:0.0541s ]
SQL: SHOW COLUMNS FROM `jj_goods` [ RunTime:0.0098s ]
SQL: SHOW COLUMNS FROM `jj_banner` [ RunTime:0.0093s ]
SQL: SELECT * FROM `jj_banner` WHERE ( position='大屏' ) LIMIT 1   [ RunTime:0.0008s ]
SQL: SELECT * FROM `jj_banner` WHERE ( position='客厅' ) LIMIT 1   [ RunTime:0.0007s ]
SQL: SELECT * FROM `jj_banner` WHERE ( position='卧室' ) LIMIT 1   [ RunTime:0.0010s ]
SQL: SELECT * FROM `jj_banner` WHERE ( position='厨房' ) LIMIT 1   [ RunTime:0.0004s ]
SQL: SELECT * FROM `jj_banner` WHERE ( position='餐厅' ) LIMIT 1   [ RunTime:0.0004s ]
SQL: SELECT * FROM `jj_banner` WHERE ( position='浴室' ) LIMIT 1   [ RunTime:0.0004s ]
SQL: SELECT * FROM `jj_class`  [ RunTime:0.0013s ]
SQL: SELECT `title` FROM `jj_class` WHERE ( `id` > 44 AND `id` < 80  )  [ RunTime:0.0008s ]
SQL: SELECT * FROM `jj_goods` WHERE `title` = '布艺沙发' AND `index_show` = 1 ORDER BY id desc  [ RunTime:0.0006s ]
SQL: SELECT * FROM `jj_goods` WHERE `title` = '皮沙发和人造革沙发' AND `index_show` = 1 ORDER BY id desc  [ RunTime:0.0005s ]
SQL: SELECT * FROM `jj_goods` WHERE `title` = '沙发床' AND `index_show` = 1 ORDER BY id desc  [ RunTime:0.0005s ]
SQL: SELECT * FROM `jj_goods` WHERE `title` = '组合沙发' AND `index_show` = 1 ORDER BY id desc  [ RunTime:0.0009s ]
SQL: SELECT * FROM `jj_goods` WHERE `title` = '贵妃椅' AND `index_show` = 1 ORDER BY id desc  [ RunTime:0.0006s ]
SQL: SELECT * FROM `jj_goods` WHERE `title` = '脚蹬和矮凳' AND `index_show` = 1 ORDER BY id desc  [ RunTime:0.0009s ]
SQL: SELECT * FROM `jj_goods` WHERE `title` = '单人沙发和扶手椅' AND `index_show` = 1 ORDER BY id desc  [ RunTime:0.0006s ]
SQL: SELECT * FROM `jj_goods` WHERE `title` = '备用沙发套' AND `index_show` = 1 ORDER BY id desc  [ RunTime:0.0005s ]
SQL: SELECT * FROM `jj_goods` WHERE `title` = '书柜' AND `index_show` = 1 ORDER BY id desc  [ RunTime:0.0005s ]
SQL: SELECT * FROM `jj_goods` WHERE `title` = '储物系列' AND `index_show` = 1 ORDER BY id desc  [ RunTime:0.0006s ]
SQL: SELECT * FROM `jj_goods` WHERE `title` = '搁架单元' AND `index_show` = 1 ORDER BY id desc  [ RunTime:0.0005s ]
SQL: SELECT * FROM `jj_goods` WHERE `title` = '连壁搁板' AND `index_show` = 1 ORDER BY id desc  [ RunTime:0.0005s ]
SQL: SELECT * FROM `jj_goods` WHERE `title` = '橱柜和展示柜' AND `index_show` = 1 ORDER BY id desc  [ RunTime:0.0005s ]
SQL: SELECT * FROM `jj_goods` WHERE `title` = '储物盒和储物篮' AND `index_show` = 1 ORDER BY id desc  [ RunTime:0.0005s ]
SQL: SELECT * FROM `jj_goods` WHERE `title` = '餐边柜和长几' AND `index_show` = 1 ORDER BY id desc  [ RunTime:0.0005s ]
SQL: SELECT * FROM `jj_goods` WHERE `title` = 'LED灯具' AND `index_show` = 1 ORDER BY id desc  [ RunTime:0.0005s ]
SQL: SELECT * FROM `jj_goods` WHERE `title` = '台灯' AND `index_show` = 1 ORDER BY id desc  [ RunTime:0.0005s ]
SQL: SELECT * FROM `jj_goods` WHERE `title` = '落地灯' AND `index_show` = 1 ORDER BY id desc  [ RunTime:0.0005s ]
SQL: SELECT * FROM `jj_goods` WHERE `title` = '顶灯' AND `index_show` = 1 ORDER BY id desc  [ RunTime:0.0005s ]
SQL: SELECT * FROM `jj_goods` WHERE `title` = '内置照明' AND `index_show` = 1 ORDER BY id desc  [ RunTime:0.0005s ]
SQL: SELECT * FROM `jj_goods` WHERE `title` = '壁灯' AND `index_show` = 1 ORDER BY id desc  [ RunTime:0.0005s ]
SQL: SELECT * FROM `jj_goods` WHERE `title` = '射灯' AND `index_show` = 1 ORDER BY id desc  [ RunTime:0.0005s ]
SQL: SELECT * FROM `jj_goods` WHERE `title` = '灯罩、灯座和电线' AND `index_show` = 1 ORDER BY id desc  [ RunTime:0.0005s ]
SQL: SELECT * FROM `jj_goods` WHERE `title` = '灯泡和配件' AND `index_show` = 1 ORDER BY id desc  [ RunTime:0.0005s ]
SQL: SELECT * FROM `jj_goods` WHERE `title` = '地毯' AND `index_show` = 1 ORDER BY id desc  [ RunTime:0.0005s ]
SQL: SELECT * FROM `jj_goods` WHERE `title` = '靠垫和靠垫套' AND `index_show` = 1 ORDER BY id desc  [ RunTime:0.0005s ]
SQL: SELECT * FROM `jj_goods` WHERE `title` = '窗帘杆和轨道' AND `index_show` = 1 ORDER BY id desc  [ RunTime:0.0005s ]
SQL: SELECT * FROM `jj_goods` WHERE `title` = '窗帘和百叶帘' AND `index_show` = 1 ORDER BY id desc  [ RunTime:0.0005s ]
SQL: SELECT * FROM `jj_goods` WHERE `title` = '毯子和休闲毯' AND `index_show` = 1 ORDER BY id desc  [ RunTime:0.0006s ]
SQL: SELECT * FROM `jj_goods` WHERE `title` = '布料和缝纫用品' AND `index_show` = 1 ORDER BY id desc  [ RunTime:0.0004s ]
SQL: SELECT * FROM `jj_goods` WHERE `title` = '电视柜' AND `index_show` = 1 ORDER BY id desc  [ RunTime:0.0004s ]
SQL: SELECT * FROM `jj_goods` WHERE `title` = '电视及视听设备储物' AND `index_show` = 1 ORDER BY id desc  [ RunTime:0.0004s ]
SQL: SELECT * FROM `jj_goods` WHERE `title` = '茶几' AND `index_show` = 1 ORDER BY id desc  [ RunTime:0.0004s ]
SQL: SELECT * FROM `jj_goods` WHERE `title` = '边桌' AND `index_show` = 1 ORDER BY id desc  [ RunTime:0.0004s ]
SQL: SELECT * FROM `jj_goods` WHERE `title` = '视听用品储物台' AND `index_show` = 1 ORDER BY id desc  [ RunTime:0.0004s ]
NOTIC: [8] Undefined index: cart D:\XAMPP\htdocs\myBS\J-home\Home\Controller\IndexController.class.php 第 39 行.
INFO: [ view_parse ] --START--
INFO: [ template_filter ] --START--
INFO: Run Behavior\ContentReplaceBehavior [ RunTime:0.000221s ]
INFO: [ template_filter ] --END-- [ RunTime:0.000288s ]
INFO: Run Behavior\ParseTemplateBehavior [ RunTime:0.029111s ]
INFO: [ view_parse ] --END-- [ RunTime:0.029199s ]
INFO: [ view_filter ] --START--
INFO: Run Behavior\WriteHtmlCacheBehavior [ RunTime:0.000293s ]
INFO: [ view_filter ] --END-- [ RunTime:0.000343s ]
INFO: [ app_end ] --START--
INFO: Run Behavior\ShowPageTraceBehavior [ RunTime:0.000597s ]
INFO: [ app_end ] --END-- [ RunTime:0.000711s ]

[ 2017-03-20T23:10:46+08:00 ] ::1 /myBS/index.php/List/lglist/room/%E5%AE%A2%E5%8E%85.html
INFO: [ app_init ] --START--
INFO: Run Behavior\BuildLiteBehavior [ RunTime:0.000017s ]
INFO: [ app_init ] --END-- [ RunTime:0.000322s ]
INFO: [ app_begin ] --START--
INFO: Run Behavior\ReadHtmlCacheBehavior [ RunTime:0.000443s ]
INFO: [ app_begin ] --END-- [ RunTime:0.000504s ]
SQL: SHOW COLUMNS FROM `jj_class` [ RunTime:0.0057s ]
SQL: SELECT * FROM `jj_class` WHERE ( title='客厅' ) LIMIT 1   [ RunTime:0.0005s ]
SQL: SELECT * FROM `jj_class`  [ RunTime:0.0017s ]
NOTIC: [8] Undefined index: cart D:\XAMPP\htdocs\myBS\J-home\Home\Controller\ListController.class.php 第 24 行.
INFO: [ view_parse ] --START--
INFO: [ template_filter ] --START--
INFO: Run Behavior\ContentReplaceBehavior [ RunTime:0.000185s ]
INFO: [ template_filter ] --END-- [ RunTime:0.000297s ]
INFO: Run Behavior\ParseTemplateBehavior [ RunTime:0.078877s ]
INFO: [ view_parse ] --END-- [ RunTime:0.078987s ]
INFO: [ view_filter ] --START--
INFO: Run Behavior\WriteHtmlCacheBehavior [ RunTime:0.000279s ]
INFO: [ view_filter ] --END-- [ RunTime:0.000331s ]
INFO: [ app_end ] --START--
INFO: Run Behavior\ShowPageTraceBehavior [ RunTime:0.000572s ]
INFO: [ app_end ] --END-- [ RunTime:0.000670s ]

[ 2017-03-20T23:14:05+08:00 ] ::1 /myBS/index.php/About/about.html
INFO: [ app_init ] --START--
INFO: Run Behavior\BuildLiteBehavior [ RunTime:0.000015s ]
INFO: [ app_init ] --END-- [ RunTime:0.000357s ]
INFO: [ app_begin ] --START--
INFO: Run Behavior\ReadHtmlCacheBehavior [ RunTime:0.000522s ]
INFO: [ app_begin ] --END-- [ RunTime:0.000586s ]
NOTIC: [8] Undefined index: cart D:\XAMPP\htdocs\myBS\J-home\Home\Controller\AboutController.class.php 第 6 行.
INFO: [ view_parse ] --START--
INFO: [ template_filter ] --START--
INFO: Run Behavior\ContentReplaceBehavior [ RunTime:0.000113s ]
INFO: [ template_filter ] --END-- [ RunTime:0.000185s ]
INFO: Run Behavior\ParseTemplateBehavior [ RunTime:0.078344s ]
INFO: [ view_parse ] --END-- [ RunTime:0.078424s ]
INFO: [ view_filter ] --START--
INFO: Run Behavior\WriteHtmlCacheBehavior [ RunTime:0.000314s ]
INFO: [ view_filter ] --END-- [ RunTime:0.000374s ]
INFO: [ app_end ] --START--
INFO: Run Behavior\ShowPageTraceBehavior [ RunTime:0.000722s ]
INFO: [ app_end ] --END-- [ RunTime:0.000801s ]

[ 2017-03-20T23:14:16+08:00 ] ::1 /myBS/index.php/About/map.html
INFO: [ app_init ] --START--
INFO: Run Behavior\BuildLiteBehavior [ RunTime:0.000016s ]
INFO: [ app_init ] --END-- [ RunTime:0.000336s ]
INFO: [ app_begin ] --START--
INFO: Run Behavior\ReadHtmlCacheBehavior [ RunTime:0.000414s ]
INFO: [ app_begin ] --END-- [ RunTime:0.000475s ]
SQL: SHOW COLUMNS FROM `jj_map` [ RunTime:0.0218s ]
SQL: SELECT * FROM `jj_map`  [ RunTime:0.0010s ]
NOTIC: [8] Undefined index: cart D:\XAMPP\htdocs\myBS\J-home\Home\Controller\AboutController.class.php 第 19 行.
INFO: [ view_parse ] --START--
INFO: [ template_filter ] --START--
INFO: Run Behavior\ContentReplaceBehavior [ RunTime:0.000548s ]
INFO: [ template_filter ] --END-- [ RunTime:0.000854s ]
INFO: Run Behavior\ParseTemplateBehavior [ RunTime:0.028624s ]
INFO: [ view_parse ] --END-- [ RunTime:0.028865s ]
INFO: [ view_filter ] --START--
INFO: Run Behavior\WriteHtmlCacheBehavior [ RunTime:0.000703s ]
INFO: [ view_filter ] --END-- [ RunTime:0.000863s ]
INFO: [ app_end ] --START--
INFO: Run Behavior\ShowPageTraceBehavior [ RunTime:0.001625s ]
INFO: [ app_end ] --END-- [ RunTime:0.001815s ]

[ 2017-03-20T23:14:17+08:00 ] ::1 /myBS/index.php/About/map.html
INFO: [ app_init ] --START--
INFO: Run Behavior\BuildLiteBehavior [ RunTime:0.000024s ]
INFO: [ app_init ] --END-- [ RunTime:0.000565s ]
INFO: [ app_begin ] --START--
INFO: Run Behavior\ReadHtmlCacheBehavior [ RunTime:0.000818s ]
INFO: [ app_begin ] --END-- [ RunTime:0.000953s ]
SQL: SHOW COLUMNS FROM `jj_map` [ RunTime:0.0042s ]
SQL: SELECT * FROM `jj_map`  [ RunTime:0.0004s ]
NOTIC: [8] Undefined index: cart D:\XAMPP\htdocs\myBS\J-home\Home\Controller\AboutController.class.php 第 19 行.
INFO: [ view_parse ] --START--
INFO: [ template_filter ] --START--
INFO: Run Behavior\ContentReplaceBehavior [ RunTime:0.000130s ]
INFO: [ template_filter ] --END-- [ RunTime:0.000197s ]
INFO: Run Behavior\ParseTemplateBehavior [ RunTime:0.009624s ]
INFO: [ view_parse ] --END-- [ RunTime:0.009697s ]
INFO: [ view_filter ] --START--
INFO: Run Behavior\WriteHtmlCacheBehavior [ RunTime:0.000309s ]
INFO: [ view_filter ] --END-- [ RunTime:0.000361s ]
INFO: [ app_end ] --START--
INFO: Run Behavior\ShowPageTraceBehavior [ RunTime:0.000522s ]
INFO: [ app_end ] --END-- [ RunTime:0.000581s ]

[ 2017-03-20T23:14:18+08:00 ] ::1 /myBS/index.php/About/map.html
INFO: [ app_init ] --START--
INFO: Run Behavior\BuildLiteBehavior [ RunTime:0.000017s ]
INFO: [ app_init ] --END-- [ RunTime:0.000345s ]
INFO: [ app_begin ] --START--
INFO: Run Behavior\ReadHtmlCacheBehavior [ RunTime:0.000443s ]
INFO: [ app_begin ] --END-- [ RunTime:0.000503s ]
SQL: SHOW COLUMNS FROM `jj_map` [ RunTime:0.0097s ]
SQL: SELECT * FROM `jj_map`  [ RunTime:0.0011s ]
NOTIC: [8] Undefined index: cart D:\XAMPP\htdocs\myBS\J-home\Home\Controller\AboutController.class.php 第 19 行.
INFO: [ view_parse ] --START--
INFO: [ template_filter ] --START--
INFO: Run Behavior\ContentReplaceBehavior [ RunTime:0.000401s ]
INFO: [ template_filter ] --END-- [ RunTime:0.000631s ]
INFO: Run Behavior\ParseTemplateBehavior [ RunTime:0.029532s ]
INFO: [ view_parse ] --END-- [ RunTime:0.029737s ]
INFO: [ view_filter ] --START--
INFO: Run Behavior\WriteHtmlCacheBehavior [ RunTime:0.000719s ]
INFO: [ view_filter ] --END-- [ RunTime:0.000895s ]
INFO: [ app_end ] --START--
INFO: Run Behavior\ShowPageTraceBehavior [ RunTime:0.002552s ]
INFO: [ app_end ] --END-- [ RunTime:0.002789s ]

[ 2017-03-20T23:14:19+08:00 ] ::1 /myBS/index.php/About/map.html
INFO: [ app_init ] --START--
INFO: Run Behavior\BuildLiteBehavior [ RunTime:0.000016s ]
INFO: [ app_init ] --END-- [ RunTime:0.000326s ]
INFO: [ app_begin ] --START--
INFO: Run Behavior\ReadHtmlCacheBehavior [ RunTime:0.000451s ]
INFO: [ app_begin ] --END-- [ RunTime:0.000511s ]
SQL: SHOW COLUMNS FROM `jj_map` [ RunTime:0.0096s ]
SQL: SELECT * FROM `jj_map`  [ RunTime:0.0009s ]
NOTIC: [8] Undefined index: cart D:\XAMPP\htdocs\myBS\J-home\Home\Controller\AboutController.class.php 第 19 行.
INFO: [ view_parse ] --START--
INFO: [ template_filter ] --START--
INFO: Run Behavior\ContentReplaceBehavior [ RunTime:0.000233s ]
INFO: [ template_filter ] --END-- [ RunTime:0.000380s ]
INFO: Run Behavior\ParseTemplateBehavior [ RunTime:0.021378s ]
INFO: [ view_parse ] --END-- [ RunTime:0.021538s ]
INFO: [ view_filter ] --START--
INFO: Run Behavior\WriteHtmlCacheBehavior [ RunTime:0.000447s ]
INFO: [ view_filter ] --END-- [ RunTime:0.000547s ]
INFO: [ app_end ] --START--
INFO: Run Behavior\ShowPageTraceBehavior [ RunTime:0.000837s ]
INFO: [ app_end ] --END-- [ RunTime:0.000942s ]

[ 2017-03-20T23:14:20+08:00 ] ::1 /myBS/index.php/About/map.html
INFO: [ app_init ] --START--
INFO: Run Behavior\BuildLiteBehavior [ RunTime:0.000015s ]
INFO: [ app_init ] --END-- [ RunTime:0.000313s ]
INFO: [ app_begin ] --START--
INFO: Run Behavior\ReadHtmlCacheBehavior [ RunTime:0.000510s ]
INFO: [ app_begin ] --END-- [ RunTime:0.000578s ]
SQL: SHOW COLUMNS FROM `jj_map` [ RunTime:0.0098s ]
SQL: SELECT * FROM `jj_map`  [ RunTime:0.0009s ]
NOTIC: [8] Undefined index: cart D:\XAMPP\htdocs\myBS\J-home\Home\Controller\AboutController.class.php 第 19 行.
INFO: [ view_parse ] --START--
INFO: [ template_filter ] --START--
INFO: Run Behavior\ContentReplaceBehavior [ RunTime:0.000407s ]
INFO: [ template_filter ] --END-- [ RunTime:0.000612s ]
INFO: Run Behavior\ParseTemplateBehavior [ RunTime:0.032013s ]
INFO: [ view_parse ] --END-- [ RunTime:0.032251s ]
INFO: [ view_filter ] --START--
INFO: Run Behavior\WriteHtmlCacheBehavior [ RunTime:0.000740s ]
INFO: [ view_filter ] --END-- [ RunTime:0.000939s ]
INFO: [ app_end ] --START--
INFO: Run Behavior\ShowPageTraceBehavior [ RunTime:0.002452s ]
INFO: [ app_end ] --END-- [ RunTime:0.002710s ]

