[ 2017-04-07T00:03:15+08:00 ] ::1 /myBS/Admin/Order/order.html
INFO: [ app_init ] --START--
INFO: Run Behavior\BuildLiteBehavior [ RunTime:0.000017s ]
INFO: [ app_init ] --END-- [ RunTime:0.000389s ]
INFO: [ app_begin ] --START--
INFO: Run Behavior\ReadHtmlCacheBehavior [ RunTime:0.000577s ]
INFO: [ app_begin ] --END-- [ RunTime:0.000640s ]
SQL: SHOW COLUMNS FROM `jj_order` [ RunTime:0.0088s ]
SQL: SHOW COLUMNS FROM `jj_order_goods` [ RunTime:0.0090s ]
SQL: SELECT COUNT(*) AS tp_count FROM `jj_order` LIMIT 1   [ RunTime:0.0006s ]
SQL: SELECT * FROM `jj_order` ORDER BY id desc LIMIT 0,5   [ RunTime:0.0010s ]
SQL: SELECT * FROM `jj_order_goods` WHERE `order_id` = '04070003007994'  [ RunTime:0.0008s ]
SQL: SELECT * FROM `jj_order_goods` WHERE `order_id` = '04070002139455'  [ RunTime:0.0009s ]
SQL: SELECT * FROM `jj_order_goods` WHERE `order_id` = '04062337052488'  [ RunTime:0.0008s ]
SQL: SELECT * FROM `jj_order_goods` WHERE `order_id` = '03151430456148'  [ RunTime:0.0008s ]
SQL: SELECT * FROM `jj_order_goods` WHERE `order_id` = '03112127227270'  [ RunTime:0.0008s ]
INFO: [ view_parse ] --START--
INFO: [ template_filter ] --START--
INFO: Run Behavior\ContentReplaceBehavior [ RunTime:0.000347s ]
INFO: [ template_filter ] --END-- [ RunTime:0.000726s ]
INFO: Run Behavior\ParseTemplateBehavior [ RunTime:0.032431s ]
INFO: [ view_parse ] --END-- [ RunTime:0.032572s ]
INFO: [ view_filter ] --START--
INFO: Run Behavior\WriteHtmlCacheBehavior [ RunTime:0.000320s ]
INFO: [ view_filter ] --END-- [ RunTime:0.000384s ]
INFO: [ app_end ] --START--
INFO: Run Behavior\ShowPageTraceBehavior [ RunTime:0.000931s ]
INFO: [ app_end ] --END-- [ RunTime:0.001022s ]

[ 2017-04-07T00:07:23+08:00 ] ::1 /myBS/Admin/Order/order.html
INFO: [ app_init ] --START--
INFO: Run Behavior\BuildLiteBehavior [ RunTime:0.000016s ]
INFO: [ app_init ] --END-- [ RunTime:0.000643s ]
INFO: [ app_begin ] --START--
INFO: Run Behavior\ReadHtmlCacheBehavior [ RunTime:0.001038s ]
INFO: [ app_begin ] --END-- [ RunTime:0.001199s ]
SQL: SHOW COLUMNS FROM `jj_order` [ RunTime:0.0104s ]
SQL: SHOW COLUMNS FROM `jj_order_goods` [ RunTime:0.0099s ]
SQL: SELECT COUNT(*) AS tp_count FROM `jj_order` LIMIT 1   [ RunTime:0.0006s ]
SQL: SELECT * FROM `jj_order` ORDER BY id desc LIMIT 0,5   [ RunTime:0.0012s ]
SQL: SELECT * FROM `jj_order_goods` WHERE `order_id` = '04070003007994'  [ RunTime:0.0010s ]
SQL: SELECT * FROM `jj_order_goods` WHERE `order_id` = '04070002139455'  [ RunTime:0.0009s ]
SQL: SELECT * FROM `jj_order_goods` WHERE `order_id` = '04062337052488'  [ RunTime:0.0010s ]
SQL: SELECT * FROM `jj_order_goods` WHERE `order_id` = '03151430456148'  [ RunTime:0.0010s ]
SQL: SELECT * FROM `jj_order_goods` WHERE `order_id` = '03112127227270'  [ RunTime:0.0009s ]
INFO: [ view_parse ] --START--
INFO: [ template_filter ] --START--
INFO: Run Behavior\ContentReplaceBehavior [ RunTime:0.000340s ]
INFO: [ template_filter ] --END-- [ RunTime:0.000495s ]
INFO: Run Behavior\ParseTemplateBehavior [ RunTime:0.034960s ]
INFO: [ view_parse ] --END-- [ RunTime:0.035148s ]
INFO: [ view_filter ] --START--
INFO: Run Behavior\WriteHtmlCacheBehavior [ RunTime:0.001032s ]
INFO: [ view_filter ] --END-- [ RunTime:0.001303s ]
INFO: [ app_end ] --START--
INFO: Run Behavior\ShowPageTraceBehavior [ RunTime:0.001335s ]
INFO: [ app_end ] --END-- [ RunTime:0.001533s ]

[ 2017-04-07T00:07:26+08:00 ] ::1 /myBS/Admin/Order/order_del/id/15.html
INFO: [ app_init ] --START--
INFO: Run Behavior\BuildLiteBehavior [ RunTime:0.000022s ]
INFO: [ app_init ] --END-- [ RunTime:0.000488s ]
INFO: [ app_begin ] --START--
INFO: Run Behavior\ReadHtmlCacheBehavior [ RunTime:0.000566s ]
INFO: [ app_begin ] --END-- [ RunTime:0.000639s ]
SQL: SHOW COLUMNS FROM `jj_order` [ RunTime:0.0099s ]
SQL: SELECT `order_id` FROM `jj_order` WHERE ( id='15' ) LIMIT 1   [ RunTime:0.0007s ]
SQL: DELETE FROM `jj_order` WHERE ( id='15' ) [ RunTime:0.0645s ]
SQL: SHOW COLUMNS FROM `jj_order_goods` [ RunTime:0.0097s ]
SQL: DELETE FROM `jj_order_goods` WHERE ( order_id='04070003007994' ) [ RunTime:0.0007s ]

[ 2017-04-07T00:07:27+08:00 ] ::1 /myBS/Admin/Order/order.html
INFO: [ app_init ] --START--
INFO: Run Behavior\BuildLiteBehavior [ RunTime:0.000032s ]
INFO: [ app_init ] --END-- [ RunTime:0.000654s ]
INFO: [ app_begin ] --START--
INFO: Run Behavior\ReadHtmlCacheBehavior [ RunTime:0.000936s ]
INFO: [ app_begin ] --END-- [ RunTime:0.001077s ]
SQL: SHOW COLUMNS FROM `jj_order` [ RunTime:0.0091s ]
SQL: SHOW COLUMNS FROM `jj_order_goods` [ RunTime:0.0105s ]
SQL: SELECT COUNT(*) AS tp_count FROM `jj_order` LIMIT 1   [ RunTime:0.0006s ]
SQL: SELECT * FROM `jj_order` ORDER BY id desc LIMIT 0,5   [ RunTime:0.0010s ]
SQL: SELECT * FROM `jj_order_goods` WHERE `order_id` = '04070002139455'  [ RunTime:0.0008s ]
SQL: SELECT * FROM `jj_order_goods` WHERE `order_id` = '04062337052488'  [ RunTime:0.0008s ]
SQL: SELECT * FROM `jj_order_goods` WHERE `order_id` = '03151430456148'  [ RunTime:0.0009s ]
SQL: SELECT * FROM `jj_order_goods` WHERE `order_id` = '03112127227270'  [ RunTime:0.0009s ]
SQL: SELECT * FROM `jj_order_goods` WHERE `order_id` = '03112126578203'  [ RunTime:0.0004s ]
INFO: [ view_parse ] --START--
INFO: [ template_filter ] --START--
INFO: Run Behavior\ContentReplaceBehavior [ RunTime:0.000209s ]
INFO: [ template_filter ] --END-- [ RunTime:0.000324s ]
INFO: Run Behavior\ParseTemplateBehavior [ RunTime:0.021971s ]
INFO: [ view_parse ] --END-- [ RunTime:0.022094s ]
INFO: [ view_filter ] --START--
INFO: Run Behavior\WriteHtmlCacheBehavior [ RunTime:0.000522s ]
INFO: [ view_filter ] --END-- [ RunTime:0.000614s ]
INFO: [ app_end ] --START--
INFO: Run Behavior\ShowPageTraceBehavior [ RunTime:0.001127s ]
INFO: [ app_end ] --END-- [ RunTime:0.001325s ]

[ 2017-04-07T00:07:32+08:00 ] ::1 /myBS/Admin/Order/order_del/id/14.html
INFO: [ app_init ] --START--
INFO: Run Behavior\BuildLiteBehavior [ RunTime:0.000016s ]
INFO: [ app_init ] --END-- [ RunTime:0.000358s ]
INFO: [ app_begin ] --START--
INFO: Run Behavior\ReadHtmlCacheBehavior [ RunTime:0.000481s ]
INFO: [ app_begin ] --END-- [ RunTime:0.000553s ]
SQL: SHOW COLUMNS FROM `jj_order` [ RunTime:0.0122s ]
SQL: SELECT `order_id` FROM `jj_order` WHERE ( id='14' ) LIMIT 1   [ RunTime:0.0007s ]
SQL: DELETE FROM `jj_order` WHERE ( id='14' ) [ RunTime:0.0008s ]
SQL: SHOW COLUMNS FROM `jj_order_goods` [ RunTime:0.0108s ]
SQL: DELETE FROM `jj_order_goods` WHERE ( order_id='04070002139455' ) [ RunTime:0.0010s ]

[ 2017-04-07T00:07:33+08:00 ] ::1 /myBS/Admin/Order/order.html
INFO: [ app_init ] --START--
INFO: Run Behavior\BuildLiteBehavior [ RunTime:0.000031s ]
INFO: [ app_init ] --END-- [ RunTime:0.000637s ]
INFO: [ app_begin ] --START--
INFO: Run Behavior\ReadHtmlCacheBehavior [ RunTime:0.000834s ]
INFO: [ app_begin ] --END-- [ RunTime:0.000954s ]
SQL: SHOW COLUMNS FROM `jj_order` [ RunTime:0.0037s ]
SQL: SHOW COLUMNS FROM `jj_order_goods` [ RunTime:0.0036s ]
SQL: SELECT COUNT(*) AS tp_count FROM `jj_order` LIMIT 1   [ RunTime:0.0002s ]
SQL: SELECT * FROM `jj_order` ORDER BY id desc LIMIT 0,5   [ RunTime:0.0003s ]
SQL: SELECT * FROM `jj_order_goods` WHERE `order_id` = '04062337052488'  [ RunTime:0.0003s ]
SQL: SELECT * FROM `jj_order_goods` WHERE `order_id` = '03151430456148'  [ RunTime:0.0003s ]
SQL: SELECT * FROM `jj_order_goods` WHERE `order_id` = '03112127227270'  [ RunTime:0.0003s ]
SQL: SELECT * FROM `jj_order_goods` WHERE `order_id` = '03112126578203'  [ RunTime:0.0004s ]
INFO: [ view_parse ] --START--
INFO: [ template_filter ] --START--
INFO: Run Behavior\ContentReplaceBehavior [ RunTime:0.000124s ]
INFO: [ template_filter ] --END-- [ RunTime:0.000199s ]
INFO: Run Behavior\ParseTemplateBehavior [ RunTime:0.012049s ]
INFO: [ view_parse ] --END-- [ RunTime:0.012126s ]
INFO: [ view_filter ] --START--
INFO: Run Behavior\WriteHtmlCacheBehavior [ RunTime:0.000232s ]
INFO: [ view_filter ] --END-- [ RunTime:0.000283s ]
INFO: [ app_end ] --START--
INFO: Run Behavior\ShowPageTraceBehavior [ RunTime:0.000553s ]
INFO: [ app_end ] --END-- [ RunTime:0.000643s ]

[ 2017-04-07T00:07:36+08:00 ] ::1 /myBS/Admin/Order/order.html
INFO: [ app_init ] --START--
INFO: Run Behavior\BuildLiteBehavior [ RunTime:0.000015s ]
INFO: [ app_init ] --END-- [ RunTime:0.000313s ]
INFO: [ app_begin ] --START--
INFO: Run Behavior\ReadHtmlCacheBehavior [ RunTime:0.000415s ]
INFO: [ app_begin ] --END-- [ RunTime:0.000486s ]
SQL: SHOW COLUMNS FROM `jj_order` [ RunTime:0.0043s ]
SQL: SHOW COLUMNS FROM `jj_order_goods` [ RunTime:0.0044s ]
SQL: SELECT COUNT(*) AS tp_count FROM `jj_order` LIMIT 1   [ RunTime:0.0003s ]
SQL: SELECT * FROM `jj_order` ORDER BY id desc LIMIT 0,5   [ RunTime:0.0004s ]
SQL: SELECT * FROM `jj_order_goods` WHERE `order_id` = '04062337052488'  [ RunTime:0.0004s ]
SQL: SELECT * FROM `jj_order_goods` WHERE `order_id` = '03151430456148'  [ RunTime:0.0005s ]
SQL: SELECT * FROM `jj_order_goods` WHERE `order_id` = '03112127227270'  [ RunTime:0.0003s ]
SQL: SELECT * FROM `jj_order_goods` WHERE `order_id` = '03112126578203'  [ RunTime:0.0003s ]
INFO: [ view_parse ] --START--
INFO: [ template_filter ] --START--
INFO: Run Behavior\ContentReplaceBehavior [ RunTime:0.000120s ]
INFO: [ template_filter ] --END-- [ RunTime:0.000184s ]
INFO: Run Behavior\ParseTemplateBehavior [ RunTime:0.010964s ]
INFO: [ view_parse ] --END-- [ RunTime:0.011075s ]
INFO: [ view_filter ] --START--
INFO: Run Behavior\WriteHtmlCacheBehavior [ RunTime:0.000276s ]
INFO: [ view_filter ] --END-- [ RunTime:0.000327s ]
INFO: [ app_end ] --START--
INFO: Run Behavior\ShowPageTraceBehavior [ RunTime:0.000561s ]
INFO: [ app_end ] --END-- [ RunTime:0.000647s ]

[ 2017-04-07T00:10:15+08:00 ] ::1 /myBS/Admin/Order/order.html
INFO: [ app_init ] --START--
INFO: Run Behavior\BuildLiteBehavior [ RunTime:0.000016s ]
INFO: [ app_init ] --END-- [ RunTime:0.000324s ]
INFO: [ app_begin ] --START--
INFO: Run Behavior\ReadHtmlCacheBehavior [ RunTime:0.000424s ]
INFO: [ app_begin ] --END-- [ RunTime:0.000485s ]
SQL: SHOW COLUMNS FROM `jj_order` [ RunTime:0.0044s ]
SQL: SHOW COLUMNS FROM `jj_order_goods` [ RunTime:0.0037s ]
SQL: SELECT COUNT(*) AS tp_count FROM `jj_order` LIMIT 1   [ RunTime:0.0003s ]
SQL: SELECT * FROM `jj_order` ORDER BY id desc LIMIT 0,5   [ RunTime:0.0005s ]
SQL: SELECT * FROM `jj_order_goods` WHERE `order_id` = '04070010102799'  [ RunTime:0.0005s ]
SQL: SELECT * FROM `jj_order_goods` WHERE `order_id` = '04062337052488'  [ RunTime:0.0004s ]
SQL: SELECT * FROM `jj_order_goods` WHERE `order_id` = '03151430456148'  [ RunTime:0.0003s ]
SQL: SELECT * FROM `jj_order_goods` WHERE `order_id` = '03112127227270'  [ RunTime:0.0003s ]
SQL: SELECT * FROM `jj_order_goods` WHERE `order_id` = '03112126578203'  [ RunTime:0.0003s ]
INFO: [ view_parse ] --START--
INFO: [ template_filter ] --START--
INFO: Run Behavior\ContentReplaceBehavior [ RunTime:0.000121s ]
INFO: [ template_filter ] --END-- [ RunTime:0.000201s ]
INFO: Run Behavior\ParseTemplateBehavior [ RunTime:0.011681s ]
INFO: [ view_parse ] --END-- [ RunTime:0.011765s ]
INFO: [ view_filter ] --START--
INFO: Run Behavior\WriteHtmlCacheBehavior [ RunTime:0.000292s ]
INFO: [ view_filter ] --END-- [ RunTime:0.000351s ]
INFO: [ app_end ] --START--
INFO: Run Behavior\ShowPageTraceBehavior [ RunTime:0.000618s ]
INFO: [ app_end ] --END-- [ RunTime:0.000731s ]

[ 2017-04-07T00:10:19+08:00 ] ::1 /myBS/Admin/Order/order_del/id/16.html
INFO: [ app_init ] --START--
INFO: Run Behavior\BuildLiteBehavior [ RunTime:0.000018s ]
INFO: [ app_init ] --END-- [ RunTime:0.000379s ]
INFO: [ app_begin ] --START--
INFO: Run Behavior\ReadHtmlCacheBehavior [ RunTime:0.000505s ]
INFO: [ app_begin ] --END-- [ RunTime:0.000582s ]
SQL: SHOW COLUMNS FROM `jj_order` [ RunTime:0.0103s ]
SQL: SELECT `order_id` FROM `jj_order` WHERE ( id='16' ) LIMIT 1   [ RunTime:0.0007s ]
SQL: DELETE FROM `jj_order` WHERE ( id='16' ) [ RunTime:0.0007s ]
SQL: SHOW COLUMNS FROM `jj_order_goods` [ RunTime:0.0085s ]
SQL: DELETE FROM `jj_order_goods` WHERE ( order_id='04070010102799' ) [ RunTime:0.0009s ]

[ 2017-04-07T00:10:20+08:00 ] ::1 /myBS/Admin/Order/order.html
INFO: [ app_init ] --START--
INFO: Run Behavior\BuildLiteBehavior [ RunTime:0.000028s ]
INFO: [ app_init ] --END-- [ RunTime:0.000582s ]
INFO: [ app_begin ] --START--
INFO: Run Behavior\ReadHtmlCacheBehavior [ RunTime:0.000769s ]
INFO: [ app_begin ] --END-- [ RunTime:0.000882s ]
SQL: SHOW COLUMNS FROM `jj_order` [ RunTime:0.0094s ]
SQL: SHOW COLUMNS FROM `jj_order_goods` [ RunTime:0.0091s ]
SQL: SELECT COUNT(*) AS tp_count FROM `jj_order` LIMIT 1   [ RunTime:0.0004s ]
SQL: SELECT * FROM `jj_order` ORDER BY id desc LIMIT 0,5   [ RunTime:0.0007s ]
SQL: SELECT * FROM `jj_order_goods` WHERE `order_id` = '04062337052488'  [ RunTime:0.0006s ]
SQL: SELECT * FROM `jj_order_goods` WHERE `order_id` = '03151430456148'  [ RunTime:0.0006s ]
SQL: SELECT * FROM `jj_order_goods` WHERE `order_id` = '03112127227270'  [ RunTime:0.0006s ]
SQL: SELECT * FROM `jj_order_goods` WHERE `order_id` = '03112126578203'  [ RunTime:0.0009s ]
INFO: [ view_parse ] --START--
INFO: [ template_filter ] --START--
INFO: Run Behavior\ContentReplaceBehavior [ RunTime:0.000270s ]
INFO: [ template_filter ] --END-- [ RunTime:0.000413s ]
INFO: Run Behavior\ParseTemplateBehavior [ RunTime:0.022697s ]
INFO: [ view_parse ] --END-- [ RunTime:0.022797s ]
INFO: [ view_filter ] --START--
INFO: Run Behavior\WriteHtmlCacheBehavior [ RunTime:0.000244s ]
INFO: [ view_filter ] --END-- [ RunTime:0.000306s ]
INFO: [ app_end ] --START--
INFO: Run Behavior\ShowPageTraceBehavior [ RunTime:0.000524s ]
INFO: [ app_end ] --END-- [ RunTime:0.000611s ]

[ 2017-04-07T00:11:42+08:00 ] ::1 /myBS/Admin/Order/order.html
INFO: [ app_init ] --START--
INFO: Run Behavior\BuildLiteBehavior [ RunTime:0.000016s ]
INFO: [ app_init ] --END-- [ RunTime:0.000372s ]
INFO: [ app_begin ] --START--
INFO: Run Behavior\ReadHtmlCacheBehavior [ RunTime:0.000423s ]
INFO: [ app_begin ] --END-- [ RunTime:0.000486s ]
SQL: SHOW COLUMNS FROM `jj_order` [ RunTime:0.0100s ]
SQL: SHOW COLUMNS FROM `jj_order_goods` [ RunTime:0.0092s ]
SQL: SELECT COUNT(*) AS tp_count FROM `jj_order` LIMIT 1   [ RunTime:0.0006s ]
SQL: SELECT * FROM `jj_order` ORDER BY id desc LIMIT 0,5   [ RunTime:0.0010s ]
SQL: SELECT * FROM `jj_order_goods` WHERE `order_id` = '04070011308364'  [ RunTime:0.0009s ]
SQL: SELECT * FROM `jj_order_goods` WHERE `order_id` = '04062337052488'  [ RunTime:0.0009s ]
SQL: SELECT * FROM `jj_order_goods` WHERE `order_id` = '03151430456148'  [ RunTime:0.0005s ]
SQL: SELECT * FROM `jj_order_goods` WHERE `order_id` = '03112127227270'  [ RunTime:0.0008s ]
SQL: SELECT * FROM `jj_order_goods` WHERE `order_id` = '03112126578203'  [ RunTime:0.0006s ]
INFO: [ view_parse ] --START--
INFO: [ template_filter ] --START--
INFO: Run Behavior\ContentReplaceBehavior [ RunTime:0.000250s ]
INFO: [ template_filter ] --END-- [ RunTime:0.000384s ]
INFO: Run Behavior\ParseTemplateBehavior [ RunTime:0.023247s ]
INFO: [ view_parse ] --END-- [ RunTime:0.023403s ]
INFO: [ view_filter ] --START--
INFO: Run Behavior\WriteHtmlCacheBehavior [ RunTime:0.000640s ]
INFO: [ view_filter ] --END-- [ RunTime:0.000766s ]
INFO: [ app_end ] --START--
INFO: Run Behavior\ShowPageTraceBehavior [ RunTime:0.001541s ]
INFO: [ app_end ] --END-- [ RunTime:0.001780s ]

[ 2017-04-07T00:11:46+08:00 ] ::1 /myBS/Admin/Order/order_del/id/17.html
INFO: [ app_init ] --START--
INFO: Run Behavior\BuildLiteBehavior [ RunTime:0.000015s ]
INFO: [ app_init ] --END-- [ RunTime:0.000310s ]
INFO: [ app_begin ] --START--
INFO: Run Behavior\ReadHtmlCacheBehavior [ RunTime:0.000411s ]
INFO: [ app_begin ] --END-- [ RunTime:0.000472s ]
SQL: SHOW COLUMNS FROM `jj_order` [ RunTime:0.0091s ]
SQL: SELECT `order_id` FROM `jj_order` WHERE ( id='17' ) LIMIT 1   [ RunTime:0.0007s ]
SQL: DELETE FROM `jj_order` WHERE ( id='17' ) [ RunTime:0.0007s ]
SQL: SHOW COLUMNS FROM `jj_order_goods` [ RunTime:0.0096s ]
SQL: DELETE FROM `jj_order_goods` WHERE ( order_id='04070011308364' ) [ RunTime:0.0009s ]

[ 2017-04-07T00:11:47+08:00 ] ::1 /myBS/Admin/Order/order.html
INFO: [ app_init ] --START--
INFO: Run Behavior\BuildLiteBehavior [ RunTime:0.000025s ]
INFO: [ app_init ] --END-- [ RunTime:0.000530s ]
INFO: [ app_begin ] --START--
INFO: Run Behavior\ReadHtmlCacheBehavior [ RunTime:0.000994s ]
INFO: [ app_begin ] --END-- [ RunTime:0.001131s ]
SQL: SHOW COLUMNS FROM `jj_order` [ RunTime:0.0066s ]
SQL: SHOW COLUMNS FROM `jj_order_goods` [ RunTime:0.0068s ]
SQL: SELECT COUNT(*) AS tp_count FROM `jj_order` LIMIT 1   [ RunTime:0.0004s ]
SQL: SELECT * FROM `jj_order` ORDER BY id desc LIMIT 0,5   [ RunTime:0.0006s ]
SQL: SELECT * FROM `jj_order_goods` WHERE `order_id` = '04062337052488'  [ RunTime:0.0006s ]
SQL: SELECT * FROM `jj_order_goods` WHERE `order_id` = '03151430456148'  [ RunTime:0.0006s ]
SQL: SELECT * FROM `jj_order_goods` WHERE `order_id` = '03112127227270'  [ RunTime:0.0005s ]
SQL: SELECT * FROM `jj_order_goods` WHERE `order_id` = '03112126578203'  [ RunTime:0.0005s ]
INFO: [ view_parse ] --START--
INFO: [ template_filter ] --START--
INFO: Run Behavior\ContentReplaceBehavior [ RunTime:0.000154s ]
INFO: [ template_filter ] --END-- [ RunTime:0.000220s ]
INFO: Run Behavior\ParseTemplateBehavior [ RunTime:0.015079s ]
INFO: [ view_parse ] --END-- [ RunTime:0.015170s ]
INFO: [ view_filter ] --START--
INFO: Run Behavior\WriteHtmlCacheBehavior [ RunTime:0.000215s ]
INFO: [ view_filter ] --END-- [ RunTime:0.000265s ]
INFO: [ app_end ] --START--
INFO: Run Behavior\ShowPageTraceBehavior [ RunTime:0.000728s ]
INFO: [ app_end ] --END-- [ RunTime:0.000804s ]

[ 2017-04-07T00:14:10+08:00 ] ::1 /myBS/Admin/Order/order.html
INFO: [ app_init ] --START--
INFO: Run Behavior\BuildLiteBehavior [ RunTime:0.000033s ]
INFO: [ app_init ] --END-- [ RunTime:0.000656s ]
INFO: [ app_begin ] --START--
INFO: Run Behavior\ReadHtmlCacheBehavior [ RunTime:0.000578s ]
INFO: [ app_begin ] --END-- [ RunTime:0.000643s ]
SQL: SHOW COLUMNS FROM `jj_order` [ RunTime:0.0043s ]
SQL: SHOW COLUMNS FROM `jj_order_goods` [ RunTime:0.0034s ]
SQL: SELECT COUNT(*) AS tp_count FROM `jj_order` LIMIT 1   [ RunTime:0.0002s ]
SQL: SELECT * FROM `jj_order` ORDER BY id desc LIMIT 0,5   [ RunTime:0.0004s ]
SQL: SELECT * FROM `jj_order_goods` WHERE `order_id` = '04062337052488'  [ RunTime:0.0003s ]
SQL: SELECT * FROM `jj_order_goods` WHERE `order_id` = '03151430456148'  [ RunTime:0.0003s ]
SQL: SELECT * FROM `jj_order_goods` WHERE `order_id` = '03112127227270'  [ RunTime:0.0003s ]
SQL: SELECT * FROM `jj_order_goods` WHERE `order_id` = '03112126578203'  [ RunTime:0.0003s ]
INFO: [ view_parse ] --START--
INFO: [ template_filter ] --START--
INFO: Run Behavior\ContentReplaceBehavior [ RunTime:0.000122s ]
INFO: [ template_filter ] --END-- [ RunTime:0.000190s ]
INFO: Run Behavior\ParseTemplateBehavior [ RunTime:0.011921s ]
INFO: [ view_parse ] --END-- [ RunTime:0.011995s ]
INFO: [ view_filter ] --START--
INFO: Run Behavior\WriteHtmlCacheBehavior [ RunTime:0.000328s ]
INFO: [ view_filter ] --END-- [ RunTime:0.000378s ]
INFO: [ app_end ] --START--
INFO: Run Behavior\ShowPageTraceBehavior [ RunTime:0.000654s ]
INFO: [ app_end ] --END-- [ RunTime:0.000727s ]

